120229 210756.386|CONFIG|AWT-EventQueue-0|setFileHandlers|Now logging to C:\Users\owner\Desktop\ProgramContest\pc2-9.1.6\bin\logs directory.
120229 210756.387|INFO|AWT-EventQueue-0|info|
120229 210756.387|INFO|AWT-EventQueue-0|info|Version 9.1.6 20100929 (Wednesday, September 29th 2010 03:53 UTC) Java ver 1.7.0_03 build 2136 Windows 7 6.1 (x86) 
120229 210756.387|INFO|AWT-EventQueue-0|info|Login: board5 (aka scoreboard5)
120229 210756.387|INFO|AWT-EventQueue-0|login|Working directory is C:\Users\owner\Desktop\ProgramContest\pc2-9.1.6\bin
120229 210756.388|INFO|AWT-EventQueue-0|info|Contacting server at 140.116.82.173:50002 as SCOREBOARD5 @ site 0
120229 210756.388|INFO|AWT-EventQueue-0|info|sendLoginRequest start - sending from SCOREBOARD5 @ site 0
120229 210756.388|INFO|AWT-EventQueue-0|sendToLocalServer|Sending packet to server Packet[LOGIN_REQUEST] #2 SCOREBOARD5 @ site 0 -> SERVER0 @ site 0
120229 210756.389|INFO|AWT-EventQueue-0|sendToLocalServer|Sent    packet to server Packet[LOGIN_REQUEST] #2 SCOREBOARD5 @ site 0 -> SERVER0 @ site 0
120229 210756.389|INFO|AWT-EventQueue-0|info|sendLoginRequest end - packet sent.
120229 210756.389|INFO|Thread-6|run|send(Serializable)
120229 210756.745|INFO|Thread-1|receive|public void receive(SealedObject TransportPacket, ConnectionHandlerID connectionHandlerID)
120229 210756.747|INFO|Thread-7|info| receiveObject(S) start got Packet[LOGIN_FAILED] #6171 SERVER0 @ site 1 -> SCOREBOARD5 @ site 0
120229 210756.747|INFO|Thread-7|dumpPacket|Packet LOGIN_FAILED (Seq #6171 ) recieveObject
120229 210756.747|INFO|Thread-7|dumpPacket|  From: SERVER0 @ site 1
120229 210756.748|INFO|Thread-7|dumpPacket|    To: SCOREBOARD5 @ site 0
120229 210756.748|INFO|Thread-7|dumpPacket|   key: MESSAGE_STRING is: java.lang.String Invalid password
120229 210756.748|INFO|Thread-7|info|handlePacket start Packet[LOGIN_FAILED] #6171 SERVER0 @ site 1 -> SCOREBOARD5 @ site 0
120229 210756.748|INFO|Thread-7|dumpPacket|Packet LOGIN_FAILED (Seq #6171 ) handlePacket
120229 210756.748|INFO|Thread-7|dumpPacket|  From: SERVER0 @ site 1
120229 210756.748|INFO|Thread-7|dumpPacket|    To: SCOREBOARD5 @ site 0
120229 210756.749|INFO|Thread-7|dumpPacket|   key: MESSAGE_STRING is: java.lang.String Invalid password
120229 210756.749|INFO|Thread-7|info|handlePacket end Packet[LOGIN_FAILED] #6171 SERVER0 @ site 1 -> SCOREBOARD5 @ site 0
120229 210756.749|INFO|Thread-7|info| receiveObject(S) end   got Packet[LOGIN_FAILED] #6171 SERVER0 @ site 1 -> SCOREBOARD5 @ site 0
120229 210901.074|CONFIG|AWT-EventQueue-0|setFileHandlers|Now logging to C:\Users\owner\Desktop\ProgramContest\pc2-9.1.6\bin\logs directory.
120229 210901.074|INFO|AWT-EventQueue-0|info|
120229 210901.074|INFO|AWT-EventQueue-0|info|Version 9.1.6 20100929 (Wednesday, September 29th 2010 03:53 UTC) Java ver 1.7.0_03 build 2136 Windows 7 6.1 (x86) 
120229 210901.074|INFO|AWT-EventQueue-0|info|Login: board5 (aka scoreboard5)
120229 210901.075|INFO|AWT-EventQueue-0|login|Working directory is C:\Users\owner\Desktop\ProgramContest\pc2-9.1.6\bin
120229 210901.075|INFO|AWT-EventQueue-0|info|Contacting server at 140.116.82.173:50002 as SCOREBOARD5 @ site 0
120229 210901.075|INFO|AWT-EventQueue-0|info|sendLoginRequest start - sending from SCOREBOARD5 @ site 0
120229 210901.076|INFO|AWT-EventQueue-0|sendToLocalServer|Sending packet to server Packet[LOGIN_REQUEST] #11 SCOREBOARD5 @ site 0 -> SERVER0 @ site 0
120229 210901.076|INFO|AWT-EventQueue-0|sendToLocalServer|Sent    packet to server Packet[LOGIN_REQUEST] #11 SCOREBOARD5 @ site 0 -> SERVER0 @ site 0
120229 210901.076|INFO|AWT-EventQueue-0|info|sendLoginRequest end - packet sent.
120229 210901.076|INFO|Thread-24|run|send(Serializable)
120229 210901.461|INFO|Thread-1|receive|public void receive(SealedObject TransportPacket, ConnectionHandlerID connectionHandlerID)
120229 210901.462|INFO|Thread-25|info| receiveObject(S) start got Packet[LOGIN_FAILED] #6190 SERVER0 @ site 1 -> SCOREBOARD5 @ site 0
120229 210901.463|INFO|Thread-25|dumpPacket|Packet LOGIN_FAILED (Seq #6190 ) recieveObject
120229 210901.463|INFO|Thread-25|dumpPacket|  From: SERVER0 @ site 1
120229 210901.463|INFO|Thread-25|dumpPacket|    To: SCOREBOARD5 @ site 0
120229 210901.463|INFO|Thread-25|dumpPacket|   key: MESSAGE_STRING is: java.lang.String Invalid password
120229 210901.463|INFO|Thread-25|info|handlePacket start Packet[LOGIN_FAILED] #6190 SERVER0 @ site 1 -> SCOREBOARD5 @ site 0
120229 210901.463|INFO|Thread-25|dumpPacket|Packet LOGIN_FAILED (Seq #6190 ) handlePacket
120229 210901.464|INFO|Thread-25|dumpPacket|  From: SERVER0 @ site 1
120229 210901.464|INFO|Thread-25|dumpPacket|    To: SCOREBOARD5 @ site 0
120229 210901.464|INFO|Thread-25|dumpPacket|   key: MESSAGE_STRING is: java.lang.String Invalid password
120229 210901.465|INFO|Thread-25|info|handlePacket end Packet[LOGIN_FAILED] #6190 SERVER0 @ site 1 -> SCOREBOARD5 @ site 0
120229 210901.465|INFO|Thread-25|info| receiveObject(S) end   got Packet[LOGIN_FAILED] #6190 SERVER0 @ site 1 -> SCOREBOARD5 @ site 0
