120328 171117.027|CONFIG|AWT-EventQueue-0|setFileHandlers|Now logging to C:\Users\owner\Desktop\ProgramContest\pc2-9.1.6\bin\logs directory.
120328 171117.027|INFO|AWT-EventQueue-0|info|
120328 171117.027|INFO|AWT-EventQueue-0|info|Version 9.1.6 20100929 (Wednesday, September 29th 2010 03:53 UTC) Java ver 1.7.0_03 build 2136 Windows 7 6.1 (x86) 
120328 171117.028|INFO|AWT-EventQueue-0|info|Login: team168 (aka team168)
120328 171117.028|INFO|AWT-EventQueue-0|login|Working directory is C:\Users\owner\Desktop\ProgramContest\pc2-9.1.6\bin
120328 171117.029|INFO|AWT-EventQueue-0|info|Contacting server at 140.116.82.173:50002 as TEAM168 @ site 0
120328 171117.029|INFO|AWT-EventQueue-0|info|sendLoginRequest start - sending from TEAM168 @ site 0
120328 171117.037|INFO|AWT-EventQueue-0|sendToLocalServer|Sending packet to server Packet[LOGIN_REQUEST] #1 TEAM168 @ site 0 -> SERVER0 @ site 0
120328 171117.038|INFO|AWT-EventQueue-0|sendToLocalServer|Sent    packet to server Packet[LOGIN_REQUEST] #1 TEAM168 @ site 0 -> SERVER0 @ site 0
120328 171117.039|INFO|AWT-EventQueue-0|info|sendLoginRequest end - packet sent.
120328 171117.039|INFO|Thread-4|run|send(Serializable)
120328 171117.612|INFO|Thread-1|receive|public void receive(SealedObject TransportPacket, ConnectionHandlerID connectionHandlerID)
120328 171117.657|INFO|Thread-5|info| receiveObject(S) start got Packet[LOGIN_SUCCESS] #712 SERVER0 @ site 1 -> TEAM168 @ site 1
120328 171117.657|INFO|Thread-5|dumpPacket|Packet LOGIN_SUCCESS (Seq #712 ) recieveObject
120328 171117.657|INFO|Thread-5|dumpPacket|  From: SERVER0 @ site 1
120328 171117.657|INFO|Thread-5|dumpPacket|    To: TEAM168 @ site 1
120328 171117.658|INFO|Thread-5|dumpPacket|   key: SITE_NUMBER is: java.lang.Integer 1
120328 171117.658|INFO|Thread-5|dumpPacket|   key: JUDGEMENT_LIST is: [Ledu.csus.ecs.pc2.core.model.Judgement; [Ledu.csus.ecs.pc2.core.model.Judgement;@1098f1f
120328 171117.658|INFO|Thread-5|dumpPacket|   key: RUN_LIST is: [Ledu.csus.ecs.pc2.core.model.Run; [Ledu.csus.ecs.pc2.core.model.Run;@935352
120328 171117.658|INFO|Thread-5|dumpPacket|   key: PROBLEM_LIST is: [Ledu.csus.ecs.pc2.core.model.Problem; [Ledu.csus.ecs.pc2.core.model.Problem;@4354cb
120328 171117.658|INFO|Thread-5|dumpPacket|   key: SERVER_CLOCK_OFFSET is: java.util.GregorianCalendar java.util.GregorianCalendar[time=1332925906716,areFieldsSet=true,areAllFieldsSet=false,lenient=true,zone=sun.util.calendar.ZoneInfo[id="GMT",offset=0,dstSavings=0,useDaylight=false,transitions=0,lastRule=null],firstDayOfWeek=1,minimalDaysInFirstWeek=1,ERA=1,YEAR=2012,MONTH=2,WEEK_OF_YEAR=13,WEEK_OF_MONTH=5,DAY_OF_MONTH=28,DAY_OF_YEAR=88,DAY_OF_WEEK=4,DAY_OF_WEEK_IN_MONTH=4,AM_PM=0,HOUR=9,HOUR_OF_DAY=9,MINUTE=11,SECOND=46,MILLISECOND=716,ZONE_OFFSET=0,DST_OFFSET=0]
120328 171117.658|INFO|Thread-5|dumpPacket|   key: CLIENT_SETTINGS_LIST is: [Ledu.csus.ecs.pc2.core.model.ClientSettings; [Ledu.csus.ecs.pc2.core.model.ClientSettings;@73f11a
120328 171117.658|INFO|Thread-5|dumpPacket|   key: SITE_LIST is: [Ledu.csus.ecs.pc2.core.model.Site; [Ledu.csus.ecs.pc2.core.model.Site;@1d9f7bc
120328 171117.658|INFO|Thread-5|dumpPacket|   key: CONTEST_TIME_LIST is: [Ledu.csus.ecs.pc2.core.model.ContestTime; [Ledu.csus.ecs.pc2.core.model.ContestTime;@1176900
120328 171117.658|INFO|Thread-5|dumpPacket|   key: CLIENT_ID is: edu.csus.ecs.pc2.core.model.ClientId TEAM168 @ site 1
120328 171117.658|INFO|Thread-5|dumpPacket|   key: CONNECTION_HANDLE_ID_LIST is: [Ledu.csus.ecs.pc2.core.transport.ConnectionHandlerID; [Ledu.csus.ecs.pc2.core.transport.ConnectionHandlerID;@1eeb6f4
120328 171117.659|INFO|Thread-5|dumpPacket|   key: BALLOON_SETTINGS_LIST is: [Ledu.csus.ecs.pc2.core.model.BalloonSettings; [Ledu.csus.ecs.pc2.core.model.BalloonSettings;@12d5b7f
120328 171117.659|INFO|Thread-5|dumpPacket|   key: ACCOUNT_ARRAY is: [Ledu.csus.ecs.pc2.core.model.Account; [Ledu.csus.ecs.pc2.core.model.Account;@d21a89
120328 171117.659|INFO|Thread-5|dumpPacket|   key: CONTEST_TIME is: edu.csus.ecs.pc2.core.model.ContestTime edu.csus.ecs.pc2.core.model.ContestTime@1cc230c
120328 171117.659|INFO|Thread-5|dumpPacket|   key: GROUP_LIST is: [Ledu.csus.ecs.pc2.core.model.Group; [Ledu.csus.ecs.pc2.core.model.Group;@1112124
120328 171117.659|INFO|Thread-5|dumpPacket|   key: PROBLEM_DATA_FILES is: [Ledu.csus.ecs.pc2.core.model.ProblemDataFiles; [Ledu.csus.ecs.pc2.core.model.ProblemDataFiles;@196fe87
120328 171117.659|INFO|Thread-5|dumpPacket|   key: CONTEST_INFORMATION is: edu.csus.ecs.pc2.core.model.ContestInformation edu.csus.ecs.pc2.core.model.ContestInformation@206d94
120328 171117.659|INFO|Thread-5|dumpPacket|   key: LANGUAGE_LIST is: [Ledu.csus.ecs.pc2.core.model.Language; [Ledu.csus.ecs.pc2.core.model.Language;@fa1cf2
120328 171117.659|INFO|Thread-5|dumpPacket|   key: GENERAL_PROBLEM is: edu.csus.ecs.pc2.core.model.Problem General
120328 171117.659|INFO|Thread-5|dumpPacket|   key: LOGGED_IN_USERS is: [Ledu.csus.ecs.pc2.core.model.ClientId; [Ledu.csus.ecs.pc2.core.model.ClientId;@827845
120328 171117.659|INFO|Thread-5|dumpPacket|   key: CLARIFICATION_LIST is: [Ledu.csus.ecs.pc2.core.model.Clarification; [Ledu.csus.ecs.pc2.core.model.Clarification;@1a62247
120328 171117.659|INFO|Thread-5|info|handlePacket start Packet[LOGIN_SUCCESS] #712 SERVER0 @ site 1 -> TEAM168 @ site 1
120328 171117.659|INFO|Thread-5|dumpPacket|Packet LOGIN_SUCCESS (Seq #712 ) handlePacket
120328 171117.660|INFO|Thread-5|dumpPacket|  From: SERVER0 @ site 1
120328 171117.660|INFO|Thread-5|dumpPacket|    To: TEAM168 @ site 1
120328 171117.660|INFO|Thread-5|dumpPacket|   key: SITE_NUMBER is: java.lang.Integer 1
120328 171117.660|INFO|Thread-5|dumpPacket|   key: JUDGEMENT_LIST is: [Ledu.csus.ecs.pc2.core.model.Judgement; [Ledu.csus.ecs.pc2.core.model.Judgement;@1098f1f
120328 171117.660|INFO|Thread-5|dumpPacket|   key: RUN_LIST is: [Ledu.csus.ecs.pc2.core.model.Run; [Ledu.csus.ecs.pc2.core.model.Run;@935352
120328 171117.660|INFO|Thread-5|dumpPacket|   key: PROBLEM_LIST is: [Ledu.csus.ecs.pc2.core.model.Problem; [Ledu.csus.ecs.pc2.core.model.Problem;@4354cb
120328 171117.660|INFO|Thread-5|dumpPacket|   key: SERVER_CLOCK_OFFSET is: java.util.GregorianCalendar java.util.GregorianCalendar[time=1332925906716,areFieldsSet=true,areAllFieldsSet=false,lenient=true,zone=sun.util.calendar.ZoneInfo[id="GMT",offset=0,dstSavings=0,useDaylight=false,transitions=0,lastRule=null],firstDayOfWeek=1,minimalDaysInFirstWeek=1,ERA=1,YEAR=2012,MONTH=2,WEEK_OF_YEAR=13,WEEK_OF_MONTH=5,DAY_OF_MONTH=28,DAY_OF_YEAR=88,DAY_OF_WEEK=4,DAY_OF_WEEK_IN_MONTH=4,AM_PM=0,HOUR=9,HOUR_OF_DAY=9,MINUTE=11,SECOND=46,MILLISECOND=716,ZONE_OFFSET=0,DST_OFFSET=0]
120328 171117.660|INFO|Thread-5|dumpPacket|   key: CLIENT_SETTINGS_LIST is: [Ledu.csus.ecs.pc2.core.model.ClientSettings; [Ledu.csus.ecs.pc2.core.model.ClientSettings;@73f11a
120328 171117.660|INFO|Thread-5|dumpPacket|   key: SITE_LIST is: [Ledu.csus.ecs.pc2.core.model.Site; [Ledu.csus.ecs.pc2.core.model.Site;@1d9f7bc
120328 171117.660|INFO|Thread-5|dumpPacket|   key: CONTEST_TIME_LIST is: [Ledu.csus.ecs.pc2.core.model.ContestTime; [Ledu.csus.ecs.pc2.core.model.ContestTime;@1176900
120328 171117.660|INFO|Thread-5|dumpPacket|   key: CLIENT_ID is: edu.csus.ecs.pc2.core.model.ClientId TEAM168 @ site 1
120328 171117.660|INFO|Thread-5|dumpPacket|   key: CONNECTION_HANDLE_ID_LIST is: [Ledu.csus.ecs.pc2.core.transport.ConnectionHandlerID; [Ledu.csus.ecs.pc2.core.transport.ConnectionHandlerID;@1eeb6f4
120328 171117.661|INFO|Thread-5|dumpPacket|   key: BALLOON_SETTINGS_LIST is: [Ledu.csus.ecs.pc2.core.model.BalloonSettings; [Ledu.csus.ecs.pc2.core.model.BalloonSettings;@12d5b7f
120328 171117.661|INFO|Thread-5|dumpPacket|   key: ACCOUNT_ARRAY is: [Ledu.csus.ecs.pc2.core.model.Account; [Ledu.csus.ecs.pc2.core.model.Account;@d21a89
120328 171117.661|INFO|Thread-5|dumpPacket|   key: CONTEST_TIME is: edu.csus.ecs.pc2.core.model.ContestTime edu.csus.ecs.pc2.core.model.ContestTime@1cc230c
120328 171117.661|INFO|Thread-5|dumpPacket|   key: GROUP_LIST is: [Ledu.csus.ecs.pc2.core.model.Group; [Ledu.csus.ecs.pc2.core.model.Group;@1112124
120328 171117.661|INFO|Thread-5|dumpPacket|   key: PROBLEM_DATA_FILES is: [Ledu.csus.ecs.pc2.core.model.ProblemDataFiles; [Ledu.csus.ecs.pc2.core.model.ProblemDataFiles;@196fe87
120328 171117.661|INFO|Thread-5|dumpPacket|   key: CONTEST_INFORMATION is: edu.csus.ecs.pc2.core.model.ContestInformation edu.csus.ecs.pc2.core.model.ContestInformation@206d94
120328 171117.661|INFO|Thread-5|dumpPacket|   key: LANGUAGE_LIST is: [Ledu.csus.ecs.pc2.core.model.Language; [Ledu.csus.ecs.pc2.core.model.Language;@fa1cf2
120328 171117.661|INFO|Thread-5|dumpPacket|   key: GENERAL_PROBLEM is: edu.csus.ecs.pc2.core.model.Problem General
120328 171117.661|INFO|Thread-5|dumpPacket|   key: LOGGED_IN_USERS is: [Ledu.csus.ecs.pc2.core.model.ClientId; [Ledu.csus.ecs.pc2.core.model.ClientId;@827845
120328 171117.661|INFO|Thread-5|dumpPacket|   key: CLARIFICATION_LIST is: [Ledu.csus.ecs.pc2.core.model.Clarification; [Ledu.csus.ecs.pc2.core.model.Clarification;@1a62247
120328 171117.662|INFO|Thread-5|info| handlePacket original LOGIN_SUCCESS before 
120328 171117.663|INFO|Thread-5|info|addSitesToModel Site 1
120328 171117.671|INFO|Thread-5|info|Attempting to load UI class edu.csus.ecs.pc2.ui.team.TeamView
120328 171117.689|INFO|Thread-5|info|Loaded UI class edu.csus.ecs.pc2.ui.team.TeamView
120328 171117.932|INFO|Thread-5|info| handlePacket original LOGIN_SUCCESS after -- all settings loaded 
120328 171117.940|INFO|Thread-5|info|handlePacket end Packet[LOGIN_SUCCESS] #712 SERVER0 @ site 1 -> TEAM168 @ site 1
120328 171117.940|INFO|Thread-5|info| receiveObject(S) end   got Packet[LOGIN_SUCCESS] #712 SERVER0 @ site 1 -> TEAM168 @ site 1
120328 174951.607|CONFIG|AWT-EventQueue-0|setFileHandlers|Now logging to C:\Users\owner\Desktop\ProgramContest\pc2-9.1.6\bin\logs directory.
120328 174951.607|INFO|AWT-EventQueue-0|info|
120328 174951.608|INFO|AWT-EventQueue-0|info|Version 9.1.6 20100929 (Wednesday, September 29th 2010 03:53 UTC) Java ver 1.7.0_03 build 2136 Windows 7 6.1 (x86) 
120328 174951.608|INFO|AWT-EventQueue-0|info|Login: team168 (aka team168)
120328 174951.608|INFO|AWT-EventQueue-0|login|Working directory is C:\Users\owner\Desktop\ProgramContest\pc2-9.1.6\bin
120328 174951.608|INFO|AWT-EventQueue-0|info|Contacting server at 140.116.82.173:50002 as TEAM168 @ site 0
120328 174951.609|INFO|AWT-EventQueue-0|info|sendLoginRequest start - sending from TEAM168 @ site 0
120328 174951.617|INFO|AWT-EventQueue-0|sendToLocalServer|Sending packet to server Packet[LOGIN_REQUEST] #1 TEAM168 @ site 0 -> SERVER0 @ site 0
120328 174951.618|INFO|AWT-EventQueue-0|sendToLocalServer|Sent    packet to server Packet[LOGIN_REQUEST] #1 TEAM168 @ site 0 -> SERVER0 @ site 0
120328 174951.618|INFO|AWT-EventQueue-0|info|sendLoginRequest end - packet sent.
120328 174951.618|INFO|Thread-4|run|send(Serializable)
120328 174951.923|INFO|Thread-1|receive|public void receive(SealedObject TransportPacket, ConnectionHandlerID connectionHandlerID)
120328 174951.959|INFO|Thread-5|info| receiveObject(S) start got Packet[LOGIN_SUCCESS] #957 SERVER0 @ site 1 -> TEAM168 @ site 1
120328 174951.960|INFO|Thread-5|dumpPacket|Packet LOGIN_SUCCESS (Seq #957 ) recieveObject
120328 174951.960|INFO|Thread-5|dumpPacket|  From: SERVER0 @ site 1
120328 174951.960|INFO|Thread-5|dumpPacket|    To: TEAM168 @ site 1
120328 174951.960|INFO|Thread-5|dumpPacket|   key: SITE_NUMBER is: java.lang.Integer 1
120328 174951.960|INFO|Thread-5|dumpPacket|   key: JUDGEMENT_LIST is: [Ledu.csus.ecs.pc2.core.model.Judgement; [Ledu.csus.ecs.pc2.core.model.Judgement;@12342d9
120328 174951.960|INFO|Thread-5|dumpPacket|   key: RUN_LIST is: [Ledu.csus.ecs.pc2.core.model.Run; [Ledu.csus.ecs.pc2.core.model.Run;@1f9cfd0
120328 174951.960|INFO|Thread-5|dumpPacket|   key: PROBLEM_LIST is: [Ledu.csus.ecs.pc2.core.model.Problem; [Ledu.csus.ecs.pc2.core.model.Problem;@1ba700f
120328 174951.960|INFO|Thread-5|dumpPacket|   key: SERVER_CLOCK_OFFSET is: java.util.GregorianCalendar java.util.GregorianCalendar[time=1332928219466,areFieldsSet=true,areAllFieldsSet=false,lenient=true,zone=sun.util.calendar.ZoneInfo[id="GMT",offset=0,dstSavings=0,useDaylight=false,transitions=0,lastRule=null],firstDayOfWeek=1,minimalDaysInFirstWeek=1,ERA=1,YEAR=2012,MONTH=2,WEEK_OF_YEAR=13,WEEK_OF_MONTH=5,DAY_OF_MONTH=28,DAY_OF_YEAR=88,DAY_OF_WEEK=4,DAY_OF_WEEK_IN_MONTH=4,AM_PM=0,HOUR=9,HOUR_OF_DAY=9,MINUTE=50,SECOND=19,MILLISECOND=466,ZONE_OFFSET=0,DST_OFFSET=0]
120328 174951.961|INFO|Thread-5|dumpPacket|   key: CLIENT_SETTINGS_LIST is: [Ledu.csus.ecs.pc2.core.model.ClientSettings; [Ledu.csus.ecs.pc2.core.model.ClientSettings;@113283f
120328 174951.961|INFO|Thread-5|dumpPacket|   key: SITE_LIST is: [Ledu.csus.ecs.pc2.core.model.Site; [Ledu.csus.ecs.pc2.core.model.Site;@b746cd
120328 174951.961|INFO|Thread-5|dumpPacket|   key: CONTEST_TIME_LIST is: [Ledu.csus.ecs.pc2.core.model.ContestTime; [Ledu.csus.ecs.pc2.core.model.ContestTime;@897063
120328 174951.961|INFO|Thread-5|dumpPacket|   key: CLIENT_ID is: edu.csus.ecs.pc2.core.model.ClientId TEAM168 @ site 1
120328 174951.961|INFO|Thread-5|dumpPacket|   key: CONNECTION_HANDLE_ID_LIST is: [Ledu.csus.ecs.pc2.core.transport.ConnectionHandlerID; [Ledu.csus.ecs.pc2.core.transport.ConnectionHandlerID;@13192a1
120328 174951.961|INFO|Thread-5|dumpPacket|   key: BALLOON_SETTINGS_LIST is: [Ledu.csus.ecs.pc2.core.model.BalloonSettings; [Ledu.csus.ecs.pc2.core.model.BalloonSettings;@191bae7
120328 174951.961|INFO|Thread-5|dumpPacket|   key: ACCOUNT_ARRAY is: [Ledu.csus.ecs.pc2.core.model.Account; [Ledu.csus.ecs.pc2.core.model.Account;@85ba73
120328 174951.961|INFO|Thread-5|dumpPacket|   key: CONTEST_TIME is: edu.csus.ecs.pc2.core.model.ContestTime edu.csus.ecs.pc2.core.model.ContestTime@193fb44
120328 174951.961|INFO|Thread-5|dumpPacket|   key: GROUP_LIST is: [Ledu.csus.ecs.pc2.core.model.Group; [Ledu.csus.ecs.pc2.core.model.Group;@555e61
120328 174951.961|INFO|Thread-5|dumpPacket|   key: PROBLEM_DATA_FILES is: [Ledu.csus.ecs.pc2.core.model.ProblemDataFiles; [Ledu.csus.ecs.pc2.core.model.ProblemDataFiles;@a769d7
120328 174951.962|INFO|Thread-5|dumpPacket|   key: CONTEST_INFORMATION is: edu.csus.ecs.pc2.core.model.ContestInformation edu.csus.ecs.pc2.core.model.ContestInformation@115cfb9
120328 174951.962|INFO|Thread-5|dumpPacket|   key: LANGUAGE_LIST is: [Ledu.csus.ecs.pc2.core.model.Language; [Ledu.csus.ecs.pc2.core.model.Language;@f8a759
120328 174951.962|INFO|Thread-5|dumpPacket|   key: GENERAL_PROBLEM is: edu.csus.ecs.pc2.core.model.Problem General
120328 174951.962|INFO|Thread-5|dumpPacket|   key: LOGGED_IN_USERS is: [Ledu.csus.ecs.pc2.core.model.ClientId; [Ledu.csus.ecs.pc2.core.model.ClientId;@b2f1b1
120328 174951.962|INFO|Thread-5|dumpPacket|   key: CLARIFICATION_LIST is: [Ledu.csus.ecs.pc2.core.model.Clarification; [Ledu.csus.ecs.pc2.core.model.Clarification;@19b264
120328 174951.962|INFO|Thread-5|info|handlePacket start Packet[LOGIN_SUCCESS] #957 SERVER0 @ site 1 -> TEAM168 @ site 1
120328 174951.962|INFO|Thread-5|dumpPacket|Packet LOGIN_SUCCESS (Seq #957 ) handlePacket
120328 174951.962|INFO|Thread-5|dumpPacket|  From: SERVER0 @ site 1
120328 174951.962|INFO|Thread-5|dumpPacket|    To: TEAM168 @ site 1
120328 174951.962|INFO|Thread-5|dumpPacket|   key: SITE_NUMBER is: java.lang.Integer 1
120328 174951.962|INFO|Thread-5|dumpPacket|   key: JUDGEMENT_LIST is: [Ledu.csus.ecs.pc2.core.model.Judgement; [Ledu.csus.ecs.pc2.core.model.Judgement;@12342d9
120328 174951.962|INFO|Thread-5|dumpPacket|   key: RUN_LIST is: [Ledu.csus.ecs.pc2.core.model.Run; [Ledu.csus.ecs.pc2.core.model.Run;@1f9cfd0
120328 174951.963|INFO|Thread-5|dumpPacket|   key: PROBLEM_LIST is: [Ledu.csus.ecs.pc2.core.model.Problem; [Ledu.csus.ecs.pc2.core.model.Problem;@1ba700f
120328 174951.963|INFO|Thread-5|dumpPacket|   key: SERVER_CLOCK_OFFSET is: java.util.GregorianCalendar java.util.GregorianCalendar[time=1332928219466,areFieldsSet=true,areAllFieldsSet=false,lenient=true,zone=sun.util.calendar.ZoneInfo[id="GMT",offset=0,dstSavings=0,useDaylight=false,transitions=0,lastRule=null],firstDayOfWeek=1,minimalDaysInFirstWeek=1,ERA=1,YEAR=2012,MONTH=2,WEEK_OF_YEAR=13,WEEK_OF_MONTH=5,DAY_OF_MONTH=28,DAY_OF_YEAR=88,DAY_OF_WEEK=4,DAY_OF_WEEK_IN_MONTH=4,AM_PM=0,HOUR=9,HOUR_OF_DAY=9,MINUTE=50,SECOND=19,MILLISECOND=466,ZONE_OFFSET=0,DST_OFFSET=0]
120328 174951.963|INFO|Thread-5|dumpPacket|   key: CLIENT_SETTINGS_LIST is: [Ledu.csus.ecs.pc2.core.model.ClientSettings; [Ledu.csus.ecs.pc2.core.model.ClientSettings;@113283f
120328 174951.963|INFO|Thread-5|dumpPacket|   key: SITE_LIST is: [Ledu.csus.ecs.pc2.core.model.Site; [Ledu.csus.ecs.pc2.core.model.Site;@b746cd
120328 174951.963|INFO|Thread-5|dumpPacket|   key: CONTEST_TIME_LIST is: [Ledu.csus.ecs.pc2.core.model.ContestTime; [Ledu.csus.ecs.pc2.core.model.ContestTime;@897063
120328 174951.963|INFO|Thread-5|dumpPacket|   key: CLIENT_ID is: edu.csus.ecs.pc2.core.model.ClientId TEAM168 @ site 1
120328 174951.963|INFO|Thread-5|dumpPacket|   key: CONNECTION_HANDLE_ID_LIST is: [Ledu.csus.ecs.pc2.core.transport.ConnectionHandlerID; [Ledu.csus.ecs.pc2.core.transport.ConnectionHandlerID;@13192a1
120328 174951.963|INFO|Thread-5|dumpPacket|   key: BALLOON_SETTINGS_LIST is: [Ledu.csus.ecs.pc2.core.model.BalloonSettings; [Ledu.csus.ecs.pc2.core.model.BalloonSettings;@191bae7
120328 174951.963|INFO|Thread-5|dumpPacket|   key: ACCOUNT_ARRAY is: [Ledu.csus.ecs.pc2.core.model.Account; [Ledu.csus.ecs.pc2.core.model.Account;@85ba73
120328 174951.963|INFO|Thread-5|dumpPacket|   key: CONTEST_TIME is: edu.csus.ecs.pc2.core.model.ContestTime edu.csus.ecs.pc2.core.model.ContestTime@193fb44
120328 174951.963|INFO|Thread-5|dumpPacket|   key: GROUP_LIST is: [Ledu.csus.ecs.pc2.core.model.Group; [Ledu.csus.ecs.pc2.core.model.Group;@555e61
120328 174951.964|INFO|Thread-5|dumpPacket|   key: PROBLEM_DATA_FILES is: [Ledu.csus.ecs.pc2.core.model.ProblemDataFiles; [Ledu.csus.ecs.pc2.core.model.ProblemDataFiles;@a769d7
120328 174951.964|INFO|Thread-5|dumpPacket|   key: CONTEST_INFORMATION is: edu.csus.ecs.pc2.core.model.ContestInformation edu.csus.ecs.pc2.core.model.ContestInformation@115cfb9
120328 174951.964|INFO|Thread-5|dumpPacket|   key: LANGUAGE_LIST is: [Ledu.csus.ecs.pc2.core.model.Language; [Ledu.csus.ecs.pc2.core.model.Language;@f8a759
120328 174951.964|INFO|Thread-5|dumpPacket|   key: GENERAL_PROBLEM is: edu.csus.ecs.pc2.core.model.Problem General
120328 174951.964|INFO|Thread-5|dumpPacket|   key: LOGGED_IN_USERS is: [Ledu.csus.ecs.pc2.core.model.ClientId; [Ledu.csus.ecs.pc2.core.model.ClientId;@b2f1b1
120328 174951.964|INFO|Thread-5|dumpPacket|   key: CLARIFICATION_LIST is: [Ledu.csus.ecs.pc2.core.model.Clarification; [Ledu.csus.ecs.pc2.core.model.Clarification;@19b264
120328 174951.964|INFO|Thread-5|info| handlePacket original LOGIN_SUCCESS before 
120328 174951.966|INFO|Thread-5|info|addSitesToModel Site 1
120328 174951.975|INFO|Thread-5|info|Attempting to load UI class edu.csus.ecs.pc2.ui.team.TeamView
120328 174951.980|INFO|Thread-5|info|Loaded UI class edu.csus.ecs.pc2.ui.team.TeamView
120328 174952.140|INFO|Thread-5|info| handlePacket original LOGIN_SUCCESS after -- all settings loaded 
120328 174952.140|INFO|Thread-5|info|handlePacket end Packet[LOGIN_SUCCESS] #957 SERVER0 @ site 1 -> TEAM168 @ site 1
120328 174952.140|INFO|Thread-5|info| receiveObject(S) end   got Packet[LOGIN_SUCCESS] #957 SERVER0 @ site 1 -> TEAM168 @ site 1
120328 175926.608|INFO|Thread-1|receive|public void receive(SealedObject TransportPacket, ConnectionHandlerID connectionHandlerID)
120328 175926.612|INFO|Thread-6|info| receiveObject(S) start got Packet[CLOCK_STARTED] #1273 SERVER0 @ site 1 -> SERVER0 @ site 0
120328 175926.612|INFO|Thread-6|dumpPacket|Packet CLOCK_STARTED (Seq #1273 ) recieveObject
120328 175926.612|INFO|Thread-6|dumpPacket|  From: SERVER0 @ site 1
120328 175926.613|INFO|Thread-6|dumpPacket|    To: SERVER0 @ site 0
120328 175926.613|INFO|Thread-6|dumpPacket|   key: CLIENT_ID is: edu.csus.ecs.pc2.core.model.ClientId ADMINISTRATOR1 @ site 1
120328 175926.613|INFO|Thread-6|dumpPacket|   key: SITE_NUMBER is: java.lang.Integer 1
120328 175926.613|INFO|Thread-6|dumpPacket|   key: SERVER_CLOCK_OFFSET is: java.util.GregorianCalendar java.util.GregorianCalendar[time=1332928794201,areFieldsSet=true,areAllFieldsSet=false,lenient=true,zone=sun.util.calendar.ZoneInfo[id="GMT",offset=0,dstSavings=0,useDaylight=false,transitions=0,lastRule=null],firstDayOfWeek=1,minimalDaysInFirstWeek=1,ERA=1,YEAR=2012,MONTH=2,WEEK_OF_YEAR=13,WEEK_OF_MONTH=5,DAY_OF_MONTH=28,DAY_OF_YEAR=88,DAY_OF_WEEK=4,DAY_OF_WEEK_IN_MONTH=4,AM_PM=0,HOUR=9,HOUR_OF_DAY=9,MINUTE=59,SECOND=54,MILLISECOND=201,ZONE_OFFSET=0,DST_OFFSET=0]
120328 175926.614|INFO|Thread-6|info|handlePacket start Packet[CLOCK_STARTED] #1273 SERVER0 @ site 1 -> SERVER0 @ site 0
120328 175926.614|INFO|Thread-6|dumpPacket|Packet CLOCK_STARTED (Seq #1273 ) handlePacket
120328 175926.614|INFO|Thread-6|dumpPacket|  From: SERVER0 @ site 1
120328 175926.614|INFO|Thread-6|dumpPacket|    To: SERVER0 @ site 0
120328 175926.615|INFO|Thread-6|dumpPacket|   key: CLIENT_ID is: edu.csus.ecs.pc2.core.model.ClientId ADMINISTRATOR1 @ site 1
120328 175926.615|INFO|Thread-6|dumpPacket|   key: SITE_NUMBER is: java.lang.Integer 1
120328 175926.615|INFO|Thread-6|dumpPacket|   key: SERVER_CLOCK_OFFSET is: java.util.GregorianCalendar java.util.GregorianCalendar[time=1332928794201,areFieldsSet=true,areAllFieldsSet=false,lenient=true,zone=sun.util.calendar.ZoneInfo[id="GMT",offset=0,dstSavings=0,useDaylight=false,transitions=0,lastRule=null],firstDayOfWeek=1,minimalDaysInFirstWeek=1,ERA=1,YEAR=2012,MONTH=2,WEEK_OF_YEAR=13,WEEK_OF_MONTH=5,DAY_OF_MONTH=28,DAY_OF_YEAR=88,DAY_OF_WEEK=4,DAY_OF_WEEK_IN_MONTH=4,AM_PM=0,HOUR=9,HOUR_OF_DAY=9,MINUTE=59,SECOND=54,MILLISECOND=201,ZONE_OFFSET=0,DST_OFFSET=0]
120328 175926.616|INFO|Thread-6|contestStarted|debug ContestTime site 1 STARTED 0:00:00
120328 175926.616|INFO|Thread-6|info|Clock for site 1 started by ADMINISTRATOR1 @ site 1 elapsed 0:00:00
120328 175926.617|INFO|Thread-6|info|handlePacket end Packet[CLOCK_STARTED] #1273 SERVER0 @ site 1 -> SERVER0 @ site 0
120328 175926.617|INFO|Thread-6|info| receiveObject(S) end   got Packet[CLOCK_STARTED] #1273 SERVER0 @ site 1 -> SERVER0 @ site 0
120328 181201.032|INFO|AWT-EventQueue-0|testOrSubmitRun|submitRun for Problem 1 GNU C++ file: C:\Users\owner\Desktop\P1.cpp
120328 181201.037|INFO|AWT-EventQueue-0|sendToLocalServer|Sending packet to server Packet[RUN_SUBMISSION] #2 TEAM168 @ site 1 -> SERVER0 @ site 1
120328 181201.038|INFO|AWT-EventQueue-0|sendToLocalServer|Sent    packet to server Packet[RUN_SUBMISSION] #2 TEAM168 @ site 1 -> SERVER0 @ site 1
120328 181201.038|INFO|Thread-8|run|send(Serializable)
120328 181201.065|INFO|Thread-1|receive|public void receive(SealedObject TransportPacket, ConnectionHandlerID connectionHandlerID)
120328 181201.068|INFO|Thread-9|info| receiveObject(S) start got Packet[RUN_SUBMISSION_CONFIRM] #1736 SERVER0 @ site 1 -> TEAM168 @ site 1
120328 181201.068|INFO|Thread-9|dumpPacket|Packet RUN_SUBMISSION_CONFIRM (Seq #1736 ) recieveObject
120328 181201.068|INFO|Thread-9|dumpPacket|  From: SERVER0 @ site 1
120328 181201.068|INFO|Thread-9|dumpPacket|    To: TEAM168 @ site 1
120328 181201.069|INFO|Thread-9|dumpPacket|   key: RUN is: edu.csus.ecs.pc2.core.model.Run Run 44 NEW from TEAM168 @ site 1 id Run--3291430750685090274
120328 181201.069|INFO|Thread-9|info|handlePacket start Packet[RUN_SUBMISSION_CONFIRM] #1736 SERVER0 @ site 1 -> TEAM168 @ site 1
120328 181201.069|INFO|Thread-9|dumpPacket|Packet RUN_SUBMISSION_CONFIRM (Seq #1736 ) handlePacket
120328 181201.069|INFO|Thread-9|dumpPacket|  From: SERVER0 @ site 1
120328 181201.069|INFO|Thread-9|dumpPacket|    To: TEAM168 @ site 1
120328 181201.070|INFO|Thread-9|dumpPacket|   key: RUN is: edu.csus.ecs.pc2.core.model.Run Run 44 NEW from TEAM168 @ site 1 id Run--3291430750685090274
120328 181201.920|INFO|Thread-9|info|handlePacket end Packet[RUN_SUBMISSION_CONFIRM] #1736 SERVER0 @ site 1 -> TEAM168 @ site 1
120328 181201.921|INFO|Thread-9|info| receiveObject(S) end   got Packet[RUN_SUBMISSION_CONFIRM] #1736 SERVER0 @ site 1 -> TEAM168 @ site 1
120328 181330.975|INFO|Thread-1|receive|public void receive(SealedObject TransportPacket, ConnectionHandlerID connectionHandlerID)
120328 181330.980|INFO|Thread-10|info| receiveObject(S) start got Packet[RUN_JUDGEMENT] #1786 SERVER0 @ site 1 -> TEAM168 @ site 1
120328 181330.981|INFO|Thread-10|dumpPacket|Packet RUN_JUDGEMENT (Seq #1786 ) recieveObject
120328 181330.981|INFO|Thread-10|dumpPacket|  From: SERVER0 @ site 1
120328 181330.981|INFO|Thread-10|dumpPacket|    To: TEAM168 @ site 1
120328 181330.981|INFO|Thread-10|dumpPacket|   key: CLIENT_ID is: edu.csus.ecs.pc2.core.model.ClientId SERVER0 @ site 1
120328 181330.982|INFO|Thread-10|dumpPacket|   key: JUDGEMENT_RECORD is: edu.csus.ecs.pc2.core.model.JudgementRecord Yes by JUDGE1 @ site 1 judgement Yes-1327123688215950474 id JudgementRecord--7849696979121877688
120328 181330.982|INFO|Thread-10|dumpPacket|   key: RUN is: edu.csus.ecs.pc2.core.model.Run Run 44 JUDGED from TEAM168 @ site 1 id Run--3291430750685090274
120328 181330.982|INFO|Thread-10|info|handlePacket start Packet[RUN_JUDGEMENT] #1786 SERVER0 @ site 1 -> TEAM168 @ site 1
120328 181330.982|INFO|Thread-10|dumpPacket|Packet RUN_JUDGEMENT (Seq #1786 ) handlePacket
120328 181330.982|INFO|Thread-10|dumpPacket|  From: SERVER0 @ site 1
120328 181330.983|INFO|Thread-10|dumpPacket|    To: TEAM168 @ site 1
120328 181330.983|INFO|Thread-10|dumpPacket|   key: CLIENT_ID is: edu.csus.ecs.pc2.core.model.ClientId SERVER0 @ site 1
120328 181331.001|INFO|Thread-10|dumpPacket|   key: JUDGEMENT_RECORD is: edu.csus.ecs.pc2.core.model.JudgementRecord Yes by JUDGE1 @ site 1 judgement Yes-1327123688215950474 id JudgementRecord--7849696979121877688
120328 181331.002|INFO|Thread-10|dumpPacket|   key: RUN is: edu.csus.ecs.pc2.core.model.Run Run 44 JUDGED from TEAM168 @ site 1 id Run--3291430750685090274
120328 181332.584|INFO|Thread-10|info|handlePacket end Packet[RUN_JUDGEMENT] #1786 SERVER0 @ site 1 -> TEAM168 @ site 1
120328 181332.584|INFO|Thread-10|info| receiveObject(S) end   got Packet[RUN_JUDGEMENT] #1786 SERVER0 @ site 1 -> TEAM168 @ site 1
120328 182404.720|INFO|AWT-EventQueue-0|testOrSubmitRun|submitRun for Problem 4 GNU C++ file: C:\Users\owner\Desktop\P4.cpp
120328 182404.722|INFO|AWT-EventQueue-0|sendToLocalServer|Sending packet to server Packet[RUN_SUBMISSION] #3 TEAM168 @ site 1 -> SERVER0 @ site 1
120328 182404.723|INFO|AWT-EventQueue-0|sendToLocalServer|Sent    packet to server Packet[RUN_SUBMISSION] #3 TEAM168 @ site 1 -> SERVER0 @ site 1
120328 182404.723|INFO|Thread-11|run|send(Serializable)
120328 182404.749|INFO|Thread-1|receive|public void receive(SealedObject TransportPacket, ConnectionHandlerID connectionHandlerID)
120328 182404.751|INFO|Thread-12|info| receiveObject(S) start got Packet[RUN_SUBMISSION_CONFIRM] #2146 SERVER0 @ site 1 -> TEAM168 @ site 1
120328 182404.751|INFO|Thread-12|dumpPacket|Packet RUN_SUBMISSION_CONFIRM (Seq #2146 ) recieveObject
120328 182404.751|INFO|Thread-12|dumpPacket|  From: SERVER0 @ site 1
120328 182404.752|INFO|Thread-12|dumpPacket|    To: TEAM168 @ site 1
120328 182404.752|INFO|Thread-12|dumpPacket|   key: RUN is: edu.csus.ecs.pc2.core.model.Run Run 69 NEW from TEAM168 @ site 1 id Run--567538061491940380
120328 182404.752|INFO|Thread-12|info|handlePacket start Packet[RUN_SUBMISSION_CONFIRM] #2146 SERVER0 @ site 1 -> TEAM168 @ site 1
120328 182404.752|INFO|Thread-12|dumpPacket|Packet RUN_SUBMISSION_CONFIRM (Seq #2146 ) handlePacket
120328 182404.752|INFO|Thread-12|dumpPacket|  From: SERVER0 @ site 1
120328 182404.753|INFO|Thread-12|dumpPacket|    To: TEAM168 @ site 1
120328 182404.753|INFO|Thread-12|dumpPacket|   key: RUN is: edu.csus.ecs.pc2.core.model.Run Run 69 NEW from TEAM168 @ site 1 id Run--567538061491940380
120328 182406.296|INFO|Thread-12|info|handlePacket end Packet[RUN_SUBMISSION_CONFIRM] #2146 SERVER0 @ site 1 -> TEAM168 @ site 1
120328 182406.296|INFO|Thread-12|info| receiveObject(S) end   got Packet[RUN_SUBMISSION_CONFIRM] #2146 SERVER0 @ site 1 -> TEAM168 @ site 1
120328 182454.417|INFO|Thread-1|receive|public void receive(SealedObject TransportPacket, ConnectionHandlerID connectionHandlerID)
120328 182454.420|INFO|Thread-13|info| receiveObject(S) start got Packet[RUN_JUDGEMENT] #2163 SERVER0 @ site 1 -> TEAM168 @ site 1
120328 182454.420|INFO|Thread-13|dumpPacket|Packet RUN_JUDGEMENT (Seq #2163 ) recieveObject
120328 182454.420|INFO|Thread-13|dumpPacket|  From: SERVER0 @ site 1
120328 182454.420|INFO|Thread-13|dumpPacket|    To: TEAM168 @ site 1
120328 182454.421|INFO|Thread-13|dumpPacket|   key: CLIENT_ID is: edu.csus.ecs.pc2.core.model.ClientId SERVER0 @ site 1
120328 182454.421|INFO|Thread-13|dumpPacket|   key: JUDGEMENT_RECORD is: edu.csus.ecs.pc2.core.model.JudgementRecord Yes by JUDGE5 @ site 1 judgement Yes-1327123688215950474 id JudgementRecord-8956689709999597321
120328 182454.421|INFO|Thread-13|dumpPacket|   key: RUN is: edu.csus.ecs.pc2.core.model.Run Run 69 JUDGED from TEAM168 @ site 1 id Run--567538061491940380
120328 182454.421|INFO|Thread-13|info|handlePacket start Packet[RUN_JUDGEMENT] #2163 SERVER0 @ site 1 -> TEAM168 @ site 1
120328 182454.421|INFO|Thread-13|dumpPacket|Packet RUN_JUDGEMENT (Seq #2163 ) handlePacket
120328 182454.422|INFO|Thread-13|dumpPacket|  From: SERVER0 @ site 1
120328 182454.422|INFO|Thread-13|dumpPacket|    To: TEAM168 @ site 1
120328 182454.422|INFO|Thread-13|dumpPacket|   key: CLIENT_ID is: edu.csus.ecs.pc2.core.model.ClientId SERVER0 @ site 1
120328 182454.422|INFO|Thread-13|dumpPacket|   key: JUDGEMENT_RECORD is: edu.csus.ecs.pc2.core.model.JudgementRecord Yes by JUDGE5 @ site 1 judgement Yes-1327123688215950474 id JudgementRecord-8956689709999597321
120328 182454.423|INFO|Thread-13|dumpPacket|   key: RUN is: edu.csus.ecs.pc2.core.model.Run Run 69 JUDGED from TEAM168 @ site 1 id Run--567538061491940380
120328 182456.209|INFO|Thread-13|info|handlePacket end Packet[RUN_JUDGEMENT] #2163 SERVER0 @ site 1 -> TEAM168 @ site 1
120328 182456.209|INFO|Thread-13|info| receiveObject(S) end   got Packet[RUN_JUDGEMENT] #2163 SERVER0 @ site 1 -> TEAM168 @ site 1
120328 184242.600|INFO|AWT-EventQueue-0|testOrSubmitRun|submitRun for Problem 3 GNU C++ file: C:\Users\owner\Desktop\P3.cpp
120328 184242.602|INFO|AWT-EventQueue-0|sendToLocalServer|Sending packet to server Packet[RUN_SUBMISSION] #4 TEAM168 @ site 1 -> SERVER0 @ site 1
120328 184242.603|INFO|AWT-EventQueue-0|sendToLocalServer|Sent    packet to server Packet[RUN_SUBMISSION] #4 TEAM168 @ site 1 -> SERVER0 @ site 1
120328 184242.603|INFO|Thread-14|run|send(Serializable)
120328 184242.632|INFO|Thread-1|receive|public void receive(SealedObject TransportPacket, ConnectionHandlerID connectionHandlerID)
120328 184242.634|INFO|Thread-15|info| receiveObject(S) start got Packet[RUN_SUBMISSION_CONFIRM] #2683 SERVER0 @ site 1 -> TEAM168 @ site 1
120328 184242.635|INFO|Thread-15|dumpPacket|Packet RUN_SUBMISSION_CONFIRM (Seq #2683 ) recieveObject
120328 184242.635|INFO|Thread-15|dumpPacket|  From: SERVER0 @ site 1
120328 184242.635|INFO|Thread-15|dumpPacket|    To: TEAM168 @ site 1
120328 184242.635|INFO|Thread-15|dumpPacket|   key: RUN is: edu.csus.ecs.pc2.core.model.Run Run 116 NEW from TEAM168 @ site 1 id Run-2935860579644599629
120328 184242.635|INFO|Thread-15|info|handlePacket start Packet[RUN_SUBMISSION_CONFIRM] #2683 SERVER0 @ site 1 -> TEAM168 @ site 1
120328 184242.636|INFO|Thread-15|dumpPacket|Packet RUN_SUBMISSION_CONFIRM (Seq #2683 ) handlePacket
120328 184242.636|INFO|Thread-15|dumpPacket|  From: SERVER0 @ site 1
120328 184242.636|INFO|Thread-15|dumpPacket|    To: TEAM168 @ site 1
120328 184242.636|INFO|Thread-15|dumpPacket|   key: RUN is: edu.csus.ecs.pc2.core.model.Run Run 116 NEW from TEAM168 @ site 1 id Run-2935860579644599629
120328 184243.568|INFO|Thread-15|info|handlePacket end Packet[RUN_SUBMISSION_CONFIRM] #2683 SERVER0 @ site 1 -> TEAM168 @ site 1
120328 184243.568|INFO|Thread-15|info| receiveObject(S) end   got Packet[RUN_SUBMISSION_CONFIRM] #2683 SERVER0 @ site 1 -> TEAM168 @ site 1
120328 184255.427|INFO|Thread-1|receive|public void receive(SealedObject TransportPacket, ConnectionHandlerID connectionHandlerID)
120328 184255.431|INFO|Thread-16|info| receiveObject(S) start got Packet[RUN_JUDGEMENT] #2694 SERVER0 @ site 1 -> TEAM168 @ site 1
120328 184255.431|INFO|Thread-16|dumpPacket|Packet RUN_JUDGEMENT (Seq #2694 ) recieveObject
120328 184255.431|INFO|Thread-16|dumpPacket|  From: SERVER0 @ site 1
120328 184255.431|INFO|Thread-16|dumpPacket|    To: TEAM168 @ site 1
120328 184255.431|INFO|Thread-16|dumpPacket|   key: CLIENT_ID is: edu.csus.ecs.pc2.core.model.ClientId SERVER0 @ site 1
120328 184255.432|INFO|Thread-16|dumpPacket|   key: JUDGEMENT_RECORD is: edu.csus.ecs.pc2.core.model.JudgementRecord Yes by JUDGE1 @ site 1 judgement Yes-1327123688215950474 id JudgementRecord--2277073113042058350
120328 184255.432|INFO|Thread-16|dumpPacket|   key: RUN is: edu.csus.ecs.pc2.core.model.Run Run 116 JUDGED from TEAM168 @ site 1 id Run-2935860579644599629
120328 184255.432|INFO|Thread-16|info|handlePacket start Packet[RUN_JUDGEMENT] #2694 SERVER0 @ site 1 -> TEAM168 @ site 1
120328 184255.432|INFO|Thread-16|dumpPacket|Packet RUN_JUDGEMENT (Seq #2694 ) handlePacket
120328 184255.433|INFO|Thread-16|dumpPacket|  From: SERVER0 @ site 1
120328 184255.433|INFO|Thread-16|dumpPacket|    To: TEAM168 @ site 1
120328 184255.433|INFO|Thread-16|dumpPacket|   key: CLIENT_ID is: edu.csus.ecs.pc2.core.model.ClientId SERVER0 @ site 1
120328 184255.433|INFO|Thread-16|dumpPacket|   key: JUDGEMENT_RECORD is: edu.csus.ecs.pc2.core.model.JudgementRecord Yes by JUDGE1 @ site 1 judgement Yes-1327123688215950474 id JudgementRecord--2277073113042058350
120328 184255.433|INFO|Thread-16|dumpPacket|   key: RUN is: edu.csus.ecs.pc2.core.model.Run Run 116 JUDGED from TEAM168 @ site 1 id Run-2935860579644599629
120328 184257.208|INFO|Thread-16|info|handlePacket end Packet[RUN_JUDGEMENT] #2694 SERVER0 @ site 1 -> TEAM168 @ site 1
120328 184257.208|INFO|Thread-16|info| receiveObject(S) end   got Packet[RUN_JUDGEMENT] #2694 SERVER0 @ site 1 -> TEAM168 @ site 1
120328 190929.296|INFO|AWT-EventQueue-0|testOrSubmitRun|submitRun for Problem 5 GNU C++ file: C:\Users\owner\Desktop\P5.cpp
120328 190929.299|INFO|AWT-EventQueue-0|sendToLocalServer|Sending packet to server Packet[RUN_SUBMISSION] #5 TEAM168 @ site 1 -> SERVER0 @ site 1
120328 190929.300|INFO|AWT-EventQueue-0|sendToLocalServer|Sent    packet to server Packet[RUN_SUBMISSION] #5 TEAM168 @ site 1 -> SERVER0 @ site 1
120328 190929.300|INFO|Thread-17|run|send(Serializable)
120328 190929.740|INFO|Thread-1|receive|public void receive(SealedObject TransportPacket, ConnectionHandlerID connectionHandlerID)
120328 190929.742|INFO|Thread-18|info| receiveObject(S) start got Packet[RUN_SUBMISSION_CONFIRM] #3338 SERVER0 @ site 1 -> TEAM168 @ site 1
120328 190929.743|INFO|Thread-18|dumpPacket|Packet RUN_SUBMISSION_CONFIRM (Seq #3338 ) recieveObject
120328 190929.743|INFO|Thread-18|dumpPacket|  From: SERVER0 @ site 1
120328 190929.743|INFO|Thread-18|dumpPacket|    To: TEAM168 @ site 1
120328 190929.743|INFO|Thread-18|dumpPacket|   key: RUN is: edu.csus.ecs.pc2.core.model.Run Run 194 NEW from TEAM168 @ site 1 id Run--7243031142438914732
120328 190929.744|INFO|Thread-18|info|handlePacket start Packet[RUN_SUBMISSION_CONFIRM] #3338 SERVER0 @ site 1 -> TEAM168 @ site 1
120328 190929.744|INFO|Thread-18|dumpPacket|Packet RUN_SUBMISSION_CONFIRM (Seq #3338 ) handlePacket
120328 190929.744|INFO|Thread-18|dumpPacket|  From: SERVER0 @ site 1
120328 190929.744|INFO|Thread-18|dumpPacket|    To: TEAM168 @ site 1
120328 190929.744|INFO|Thread-18|dumpPacket|   key: RUN is: edu.csus.ecs.pc2.core.model.Run Run 194 NEW from TEAM168 @ site 1 id Run--7243031142438914732
120328 190930.724|INFO|Thread-18|info|handlePacket end Packet[RUN_SUBMISSION_CONFIRM] #3338 SERVER0 @ site 1 -> TEAM168 @ site 1
120328 190930.724|INFO|Thread-18|info| receiveObject(S) end   got Packet[RUN_SUBMISSION_CONFIRM] #3338 SERVER0 @ site 1 -> TEAM168 @ site 1
120328 190936.722|INFO|Thread-1|receive|public void receive(SealedObject TransportPacket, ConnectionHandlerID connectionHandlerID)
120328 190936.724|INFO|Thread-19|info| receiveObject(S) start got Packet[RUN_JUDGEMENT] #3342 SERVER0 @ site 1 -> TEAM168 @ site 1
120328 190936.724|INFO|Thread-19|dumpPacket|Packet RUN_JUDGEMENT (Seq #3342 ) recieveObject
120328 190936.724|INFO|Thread-19|dumpPacket|  From: SERVER0 @ site 1
120328 190936.725|INFO|Thread-19|dumpPacket|    To: TEAM168 @ site 1
120328 190936.725|INFO|Thread-19|dumpPacket|   key: CLIENT_ID is: edu.csus.ecs.pc2.core.model.ClientId SERVER0 @ site 1
120328 190936.725|INFO|Thread-19|dumpPacket|   key: JUDGEMENT_RECORD is: edu.csus.ecs.pc2.core.model.JudgementRecord Yes by JUDGE3 @ site 1 judgement Yes-1327123688215950474 id JudgementRecord-6166906501249920896
120328 190936.725|INFO|Thread-19|dumpPacket|   key: RUN is: edu.csus.ecs.pc2.core.model.Run Run 194 JUDGED from TEAM168 @ site 1 id Run--7243031142438914732
120328 190936.725|INFO|Thread-19|info|handlePacket start Packet[RUN_JUDGEMENT] #3342 SERVER0 @ site 1 -> TEAM168 @ site 1
120328 190936.725|INFO|Thread-19|dumpPacket|Packet RUN_JUDGEMENT (Seq #3342 ) handlePacket
120328 190936.725|INFO|Thread-19|dumpPacket|  From: SERVER0 @ site 1
120328 190936.726|INFO|Thread-19|dumpPacket|    To: TEAM168 @ site 1
120328 190936.726|INFO|Thread-19|dumpPacket|   key: CLIENT_ID is: edu.csus.ecs.pc2.core.model.ClientId SERVER0 @ site 1
120328 190936.726|INFO|Thread-19|dumpPacket|   key: JUDGEMENT_RECORD is: edu.csus.ecs.pc2.core.model.JudgementRecord Yes by JUDGE3 @ site 1 judgement Yes-1327123688215950474 id JudgementRecord-6166906501249920896
120328 190936.726|INFO|Thread-19|dumpPacket|   key: RUN is: edu.csus.ecs.pc2.core.model.Run Run 194 JUDGED from TEAM168 @ site 1 id Run--7243031142438914732
120328 190938.060|INFO|Thread-19|info|handlePacket end Packet[RUN_JUDGEMENT] #3342 SERVER0 @ site 1 -> TEAM168 @ site 1
120328 190938.060|INFO|Thread-19|info| receiveObject(S) end   got Packet[RUN_JUDGEMENT] #3342 SERVER0 @ site 1 -> TEAM168 @ site 1
120328 192002.436|INFO|AWT-EventQueue-0|testOrSubmitRun|submitRun for Problem 2 GNU C++ file: C:\Users\owner\Desktop\P2.cpp
120328 192002.439|INFO|AWT-EventQueue-0|sendToLocalServer|Sending packet to server Packet[RUN_SUBMISSION] #6 TEAM168 @ site 1 -> SERVER0 @ site 1
120328 192002.439|INFO|AWT-EventQueue-0|sendToLocalServer|Sent    packet to server Packet[RUN_SUBMISSION] #6 TEAM168 @ site 1 -> SERVER0 @ site 1
120328 192002.439|INFO|Thread-20|run|send(Serializable)
120328 192002.481|INFO|Thread-1|receive|public void receive(SealedObject TransportPacket, ConnectionHandlerID connectionHandlerID)
120328 192002.483|INFO|Thread-21|info| receiveObject(S) start got Packet[RUN_SUBMISSION_CONFIRM] #3625 SERVER0 @ site 1 -> TEAM168 @ site 1
120328 192002.483|INFO|Thread-21|dumpPacket|Packet RUN_SUBMISSION_CONFIRM (Seq #3625 ) recieveObject
120328 192002.483|INFO|Thread-21|dumpPacket|  From: SERVER0 @ site 1
120328 192002.483|INFO|Thread-21|dumpPacket|    To: TEAM168 @ site 1
120328 192002.483|INFO|Thread-21|dumpPacket|   key: RUN is: edu.csus.ecs.pc2.core.model.Run Run 229 NEW from TEAM168 @ site 1 id Run--4825394867571968915
120328 192002.483|INFO|Thread-21|info|handlePacket start Packet[RUN_SUBMISSION_CONFIRM] #3625 SERVER0 @ site 1 -> TEAM168 @ site 1
120328 192002.483|INFO|Thread-21|dumpPacket|Packet RUN_SUBMISSION_CONFIRM (Seq #3625 ) handlePacket
120328 192002.483|INFO|Thread-21|dumpPacket|  From: SERVER0 @ site 1
120328 192002.483|INFO|Thread-21|dumpPacket|    To: TEAM168 @ site 1
120328 192002.484|INFO|Thread-21|dumpPacket|   key: RUN is: edu.csus.ecs.pc2.core.model.Run Run 229 NEW from TEAM168 @ site 1 id Run--4825394867571968915
120328 192003.368|INFO|Thread-21|info|handlePacket end Packet[RUN_SUBMISSION_CONFIRM] #3625 SERVER0 @ site 1 -> TEAM168 @ site 1
120328 192003.368|INFO|Thread-21|info| receiveObject(S) end   got Packet[RUN_SUBMISSION_CONFIRM] #3625 SERVER0 @ site 1 -> TEAM168 @ site 1
120328 192020.198|INFO|Thread-1|receive|public void receive(SealedObject TransportPacket, ConnectionHandlerID connectionHandlerID)
120328 192020.201|INFO|Thread-22|info| receiveObject(S) start got Packet[RUN_JUDGEMENT] #3634 SERVER0 @ site 1 -> TEAM168 @ site 1
120328 192020.201|INFO|Thread-22|dumpPacket|Packet RUN_JUDGEMENT (Seq #3634 ) recieveObject
120328 192020.201|INFO|Thread-22|dumpPacket|  From: SERVER0 @ site 1
120328 192020.201|INFO|Thread-22|dumpPacket|    To: TEAM168 @ site 1
120328 192020.202|INFO|Thread-22|dumpPacket|   key: CLIENT_ID is: edu.csus.ecs.pc2.core.model.ClientId SERVER0 @ site 1
120328 192020.202|INFO|Thread-22|dumpPacket|   key: JUDGEMENT_RECORD is: edu.csus.ecs.pc2.core.model.JudgementRecord Yes by JUDGE6 @ site 1 judgement Yes-1327123688215950474 id JudgementRecord-3238991053005183677
120328 192020.202|INFO|Thread-22|dumpPacket|   key: RUN is: edu.csus.ecs.pc2.core.model.Run Run 229 JUDGED from TEAM168 @ site 1 id Run--4825394867571968915
120328 192020.202|INFO|Thread-22|info|handlePacket start Packet[RUN_JUDGEMENT] #3634 SERVER0 @ site 1 -> TEAM168 @ site 1
120328 192020.202|INFO|Thread-22|dumpPacket|Packet RUN_JUDGEMENT (Seq #3634 ) handlePacket
120328 192020.202|INFO|Thread-22|dumpPacket|  From: SERVER0 @ site 1
120328 192020.203|INFO|Thread-22|dumpPacket|    To: TEAM168 @ site 1
120328 192020.203|INFO|Thread-22|dumpPacket|   key: CLIENT_ID is: edu.csus.ecs.pc2.core.model.ClientId SERVER0 @ site 1
120328 192020.203|INFO|Thread-22|dumpPacket|   key: JUDGEMENT_RECORD is: edu.csus.ecs.pc2.core.model.JudgementRecord Yes by JUDGE6 @ site 1 judgement Yes-1327123688215950474 id JudgementRecord-3238991053005183677
120328 192020.203|INFO|Thread-22|dumpPacket|   key: RUN is: edu.csus.ecs.pc2.core.model.Run Run 229 JUDGED from TEAM168 @ site 1 id Run--4825394867571968915
120328 192024.224|INFO|Thread-22|info|handlePacket end Packet[RUN_JUDGEMENT] #3634 SERVER0 @ site 1 -> TEAM168 @ site 1
120328 192024.224|INFO|Thread-22|info| receiveObject(S) end   got Packet[RUN_JUDGEMENT] #3634 SERVER0 @ site 1 -> TEAM168 @ site 1
