120926 164247.432|CONFIG|AWT-EventQueue-0|setFileHandlers|Now logging to C:\Users\owner\Desktop\ProgramContest\pc2-9.1.6\bin\logs directory.
120926 164247.432|INFO|AWT-EventQueue-0|info|
120926 164247.432|INFO|AWT-EventQueue-0|info|Version 9.1.6 20100929 (Wednesday, September 29th 2010 03:53 UTC) Java ver 1.7.0_03 build 2136 Windows 7 6.1 (x86) 
120926 164247.433|INFO|AWT-EventQueue-0|info|Login: team20 (aka team20)
120926 164247.433|INFO|AWT-EventQueue-0|login|Working directory is C:\Users\owner\Desktop\ProgramContest\pc2-9.1.6\bin
120926 164247.434|INFO|AWT-EventQueue-0|info|Contacting server at 140.116.82.173:50002 as TEAM20 @ site 0
120926 164247.434|INFO|AWT-EventQueue-0|info|sendLoginRequest start - sending from TEAM20 @ site 0
120926 164247.434|INFO|AWT-EventQueue-0|sendToLocalServer|Sending packet to server Packet[LOGIN_REQUEST] #2 TEAM20 @ site 0 -> SERVER0 @ site 0
120926 164247.435|INFO|AWT-EventQueue-0|sendToLocalServer|Sent    packet to server Packet[LOGIN_REQUEST] #2 TEAM20 @ site 0 -> SERVER0 @ site 0
120926 164247.435|INFO|Thread-6|run|send(Serializable)
120926 164247.435|INFO|AWT-EventQueue-0|info|sendLoginRequest end - packet sent.
120926 164247.612|INFO|Thread-1|receive|public void receive(SealedObject TransportPacket, ConnectionHandlerID connectionHandlerID)
120926 164247.712|INFO|Thread-7|info| receiveObject(S) start got Packet[LOGIN_SUCCESS] #527 SERVER0 @ site 1 -> TEAM20 @ site 1
120926 164247.712|INFO|Thread-7|dumpPacket|Packet LOGIN_SUCCESS (Seq #527 ) recieveObject
120926 164247.712|INFO|Thread-7|dumpPacket|  From: SERVER0 @ site 1
120926 164247.712|INFO|Thread-7|dumpPacket|    To: TEAM20 @ site 1
120926 164247.712|INFO|Thread-7|dumpPacket|   key: SITE_NUMBER is: java.lang.Integer 1
120926 164247.712|INFO|Thread-7|dumpPacket|   key: JUDGEMENT_LIST is: [Ledu.csus.ecs.pc2.core.model.Judgement; [Ledu.csus.ecs.pc2.core.model.Judgement;@b14efc
120926 164247.712|INFO|Thread-7|dumpPacket|   key: RUN_LIST is: [Ledu.csus.ecs.pc2.core.model.Run; [Ledu.csus.ecs.pc2.core.model.Run;@b8a28b
120926 164247.712|INFO|Thread-7|dumpPacket|   key: PROBLEM_LIST is: [Ledu.csus.ecs.pc2.core.model.Problem; [Ledu.csus.ecs.pc2.core.model.Problem;@1b78a69
120926 164247.713|INFO|Thread-7|dumpPacket|   key: SERVER_CLOCK_OFFSET is: java.util.GregorianCalendar java.util.GregorianCalendar[time=1348648973284,areFieldsSet=true,areAllFieldsSet=false,lenient=true,zone=sun.util.calendar.ZoneInfo[id="GMT",offset=0,dstSavings=0,useDaylight=false,transitions=0,lastRule=null],firstDayOfWeek=1,minimalDaysInFirstWeek=1,ERA=1,YEAR=2012,MONTH=8,WEEK_OF_YEAR=39,WEEK_OF_MONTH=5,DAY_OF_MONTH=26,DAY_OF_YEAR=270,DAY_OF_WEEK=4,DAY_OF_WEEK_IN_MONTH=4,AM_PM=0,HOUR=8,HOUR_OF_DAY=8,MINUTE=42,SECOND=53,MILLISECOND=284,ZONE_OFFSET=0,DST_OFFSET=0]
120926 164247.713|INFO|Thread-7|dumpPacket|   key: CLIENT_SETTINGS_LIST is: [Ledu.csus.ecs.pc2.core.model.ClientSettings; [Ledu.csus.ecs.pc2.core.model.ClientSettings;@e03500
120926 164247.713|INFO|Thread-7|dumpPacket|   key: SITE_LIST is: [Ledu.csus.ecs.pc2.core.model.Site; [Ledu.csus.ecs.pc2.core.model.Site;@1b7c9d1
120926 164247.713|INFO|Thread-7|dumpPacket|   key: CONTEST_TIME_LIST is: [Ledu.csus.ecs.pc2.core.model.ContestTime; [Ledu.csus.ecs.pc2.core.model.ContestTime;@122cbaf
120926 164247.713|INFO|Thread-7|dumpPacket|   key: CLIENT_ID is: edu.csus.ecs.pc2.core.model.ClientId TEAM20 @ site 1
120926 164247.713|INFO|Thread-7|dumpPacket|   key: CONNECTION_HANDLE_ID_LIST is: [Ledu.csus.ecs.pc2.core.transport.ConnectionHandlerID; [Ledu.csus.ecs.pc2.core.transport.ConnectionHandlerID;@16a719e
120926 164247.713|INFO|Thread-7|dumpPacket|   key: BALLOON_SETTINGS_LIST is: [Ledu.csus.ecs.pc2.core.model.BalloonSettings; [Ledu.csus.ecs.pc2.core.model.BalloonSettings;@1497537
120926 164247.713|INFO|Thread-7|dumpPacket|   key: ACCOUNT_ARRAY is: [Ledu.csus.ecs.pc2.core.model.Account; [Ledu.csus.ecs.pc2.core.model.Account;@1ae8935
120926 164247.713|INFO|Thread-7|dumpPacket|   key: CONTEST_TIME is: edu.csus.ecs.pc2.core.model.ContestTime edu.csus.ecs.pc2.core.model.ContestTime@1b22cc7
120926 164247.713|INFO|Thread-7|dumpPacket|   key: GROUP_LIST is: [Ledu.csus.ecs.pc2.core.model.Group; [Ledu.csus.ecs.pc2.core.model.Group;@99de83
120926 164247.717|INFO|Thread-7|dumpPacket|   key: PROBLEM_DATA_FILES is: [Ledu.csus.ecs.pc2.core.model.ProblemDataFiles; [Ledu.csus.ecs.pc2.core.model.ProblemDataFiles;@1df7713
120926 164247.717|INFO|Thread-7|dumpPacket|   key: CONTEST_INFORMATION is: edu.csus.ecs.pc2.core.model.ContestInformation edu.csus.ecs.pc2.core.model.ContestInformation@28fb7
120926 164247.717|INFO|Thread-7|dumpPacket|   key: LANGUAGE_LIST is: [Ledu.csus.ecs.pc2.core.model.Language; [Ledu.csus.ecs.pc2.core.model.Language;@295521
120926 164247.717|INFO|Thread-7|dumpPacket|   key: GENERAL_PROBLEM is: edu.csus.ecs.pc2.core.model.Problem General
120926 164247.718|INFO|Thread-7|dumpPacket|   key: LOGGED_IN_USERS is: [Ledu.csus.ecs.pc2.core.model.ClientId; [Ledu.csus.ecs.pc2.core.model.ClientId;@1942a3c
120926 164247.718|INFO|Thread-7|dumpPacket|   key: CLARIFICATION_LIST is: [Ledu.csus.ecs.pc2.core.model.Clarification; [Ledu.csus.ecs.pc2.core.model.Clarification;@60efe7
120926 164247.718|INFO|Thread-7|info|handlePacket start Packet[LOGIN_SUCCESS] #527 SERVER0 @ site 1 -> TEAM20 @ site 1
120926 164247.718|INFO|Thread-7|dumpPacket|Packet LOGIN_SUCCESS (Seq #527 ) handlePacket
120926 164247.718|INFO|Thread-7|dumpPacket|  From: SERVER0 @ site 1
120926 164247.718|INFO|Thread-7|dumpPacket|    To: TEAM20 @ site 1
120926 164247.718|INFO|Thread-7|dumpPacket|   key: SITE_NUMBER is: java.lang.Integer 1
120926 164247.718|INFO|Thread-7|dumpPacket|   key: JUDGEMENT_LIST is: [Ledu.csus.ecs.pc2.core.model.Judgement; [Ledu.csus.ecs.pc2.core.model.Judgement;@b14efc
120926 164247.718|INFO|Thread-7|dumpPacket|   key: RUN_LIST is: [Ledu.csus.ecs.pc2.core.model.Run; [Ledu.csus.ecs.pc2.core.model.Run;@b8a28b
120926 164247.718|INFO|Thread-7|dumpPacket|   key: PROBLEM_LIST is: [Ledu.csus.ecs.pc2.core.model.Problem; [Ledu.csus.ecs.pc2.core.model.Problem;@1b78a69
120926 164247.718|INFO|Thread-7|dumpPacket|   key: SERVER_CLOCK_OFFSET is: java.util.GregorianCalendar java.util.GregorianCalendar[time=1348648973284,areFieldsSet=true,areAllFieldsSet=false,lenient=true,zone=sun.util.calendar.ZoneInfo[id="GMT",offset=0,dstSavings=0,useDaylight=false,transitions=0,lastRule=null],firstDayOfWeek=1,minimalDaysInFirstWeek=1,ERA=1,YEAR=2012,MONTH=8,WEEK_OF_YEAR=39,WEEK_OF_MONTH=5,DAY_OF_MONTH=26,DAY_OF_YEAR=270,DAY_OF_WEEK=4,DAY_OF_WEEK_IN_MONTH=4,AM_PM=0,HOUR=8,HOUR_OF_DAY=8,MINUTE=42,SECOND=53,MILLISECOND=284,ZONE_OFFSET=0,DST_OFFSET=0]
120926 164247.719|INFO|Thread-7|dumpPacket|   key: CLIENT_SETTINGS_LIST is: [Ledu.csus.ecs.pc2.core.model.ClientSettings; [Ledu.csus.ecs.pc2.core.model.ClientSettings;@e03500
120926 164247.719|INFO|Thread-7|dumpPacket|   key: SITE_LIST is: [Ledu.csus.ecs.pc2.core.model.Site; [Ledu.csus.ecs.pc2.core.model.Site;@1b7c9d1
120926 164247.719|INFO|Thread-7|dumpPacket|   key: CONTEST_TIME_LIST is: [Ledu.csus.ecs.pc2.core.model.ContestTime; [Ledu.csus.ecs.pc2.core.model.ContestTime;@122cbaf
120926 164247.719|INFO|Thread-7|dumpPacket|   key: CLIENT_ID is: edu.csus.ecs.pc2.core.model.ClientId TEAM20 @ site 1
120926 164247.719|INFO|Thread-7|dumpPacket|   key: CONNECTION_HANDLE_ID_LIST is: [Ledu.csus.ecs.pc2.core.transport.ConnectionHandlerID; [Ledu.csus.ecs.pc2.core.transport.ConnectionHandlerID;@16a719e
120926 164247.719|INFO|Thread-7|dumpPacket|   key: BALLOON_SETTINGS_LIST is: [Ledu.csus.ecs.pc2.core.model.BalloonSettings; [Ledu.csus.ecs.pc2.core.model.BalloonSettings;@1497537
120926 164247.719|INFO|Thread-7|dumpPacket|   key: ACCOUNT_ARRAY is: [Ledu.csus.ecs.pc2.core.model.Account; [Ledu.csus.ecs.pc2.core.model.Account;@1ae8935
120926 164247.719|INFO|Thread-7|dumpPacket|   key: CONTEST_TIME is: edu.csus.ecs.pc2.core.model.ContestTime edu.csus.ecs.pc2.core.model.ContestTime@1b22cc7
120926 164247.719|INFO|Thread-7|dumpPacket|   key: GROUP_LIST is: [Ledu.csus.ecs.pc2.core.model.Group; [Ledu.csus.ecs.pc2.core.model.Group;@99de83
120926 164247.719|INFO|Thread-7|dumpPacket|   key: PROBLEM_DATA_FILES is: [Ledu.csus.ecs.pc2.core.model.ProblemDataFiles; [Ledu.csus.ecs.pc2.core.model.ProblemDataFiles;@1df7713
120926 164247.719|INFO|Thread-7|dumpPacket|   key: CONTEST_INFORMATION is: edu.csus.ecs.pc2.core.model.ContestInformation edu.csus.ecs.pc2.core.model.ContestInformation@28fb7
120926 164247.719|INFO|Thread-7|dumpPacket|   key: LANGUAGE_LIST is: [Ledu.csus.ecs.pc2.core.model.Language; [Ledu.csus.ecs.pc2.core.model.Language;@295521
120926 164247.720|INFO|Thread-7|dumpPacket|   key: GENERAL_PROBLEM is: edu.csus.ecs.pc2.core.model.Problem General
120926 164247.720|INFO|Thread-7|dumpPacket|   key: LOGGED_IN_USERS is: [Ledu.csus.ecs.pc2.core.model.ClientId; [Ledu.csus.ecs.pc2.core.model.ClientId;@1942a3c
120926 164247.720|INFO|Thread-7|dumpPacket|   key: CLARIFICATION_LIST is: [Ledu.csus.ecs.pc2.core.model.Clarification; [Ledu.csus.ecs.pc2.core.model.Clarification;@60efe7
120926 164247.720|INFO|Thread-7|info| handlePacket original LOGIN_SUCCESS before 
120926 164247.722|INFO|Thread-7|info|addSitesToModel Site 1
120926 164247.740|INFO|Thread-7|info|Attempting to load UI class edu.csus.ecs.pc2.ui.team.TeamView
120926 164247.866|INFO|Thread-7|info|Loaded UI class edu.csus.ecs.pc2.ui.team.TeamView
120926 164248.095|INFO|Thread-7|info| handlePacket original LOGIN_SUCCESS after -- all settings loaded 
120926 164248.095|INFO|Thread-7|info|handlePacket end Packet[LOGIN_SUCCESS] #527 SERVER0 @ site 1 -> TEAM20 @ site 1
120926 164248.095|INFO|Thread-7|info| receiveObject(S) end   got Packet[LOGIN_SUCCESS] #527 SERVER0 @ site 1 -> TEAM20 @ site 1
