121128 204316.616|CONFIG|AWT-EventQueue-0|setFileHandlers|Now logging to C:\Users\owner\Desktop\ProgramContest\pc2-9.1.6\bin\logs directory.
121128 204316.617|INFO|AWT-EventQueue-0|info|
121128 204316.617|INFO|AWT-EventQueue-0|info|Version 9.1.6 20100929 (Wednesday, September 29th 2010 03:53 UTC) Java ver 1.7.0_03 build 2136 Windows 7 6.1 (x86) 
121128 204316.617|INFO|AWT-EventQueue-0|info|Login: team231 (aka team231)
121128 204316.617|INFO|AWT-EventQueue-0|login|Working directory is C:\Users\owner\Desktop\ProgramContest\pc2-9.1.6\bin
121128 204316.618|INFO|AWT-EventQueue-0|info|Contacting server at 140.116.82.173:50002 as TEAM231 @ site 0
121128 204316.618|INFO|AWT-EventQueue-0|info|sendLoginRequest start - sending from TEAM231 @ site 0
121128 204316.626|INFO|AWT-EventQueue-0|sendToLocalServer|Sending packet to server Packet[LOGIN_REQUEST] #1 TEAM231 @ site 0 -> SERVER0 @ site 0
121128 204316.627|INFO|AWT-EventQueue-0|sendToLocalServer|Sent    packet to server Packet[LOGIN_REQUEST] #1 TEAM231 @ site 0 -> SERVER0 @ site 0
121128 204316.627|INFO|AWT-EventQueue-0|info|sendLoginRequest end - packet sent.
121128 204316.627|INFO|Thread-4|run|send(Serializable)
121128 204317.001|INFO|Thread-1|receive|public void receive(SealedObject TransportPacket, ConnectionHandlerID connectionHandlerID)
121128 204317.065|INFO|Thread-5|info| receiveObject(S) start got Packet[LOGIN_SUCCESS] #14641 SERVER0 @ site 1 -> TEAM231 @ site 1
121128 204317.065|INFO|Thread-5|dumpPacket|Packet LOGIN_SUCCESS (Seq #14641 ) recieveObject
121128 204317.065|INFO|Thread-5|dumpPacket|  From: SERVER0 @ site 1
121128 204317.065|INFO|Thread-5|dumpPacket|    To: TEAM231 @ site 1
121128 204317.065|INFO|Thread-5|dumpPacket|   key: SITE_NUMBER is: java.lang.Integer 1
121128 204317.065|INFO|Thread-5|dumpPacket|   key: JUDGEMENT_LIST is: [Ledu.csus.ecs.pc2.core.model.Judgement; [Ledu.csus.ecs.pc2.core.model.Judgement;@f01f4d
121128 204317.066|INFO|Thread-5|dumpPacket|   key: RUN_LIST is: [Ledu.csus.ecs.pc2.core.model.Run; [Ledu.csus.ecs.pc2.core.model.Run;@96fdd7
121128 204317.066|INFO|Thread-5|dumpPacket|   key: PROBLEM_LIST is: [Ledu.csus.ecs.pc2.core.model.Problem; [Ledu.csus.ecs.pc2.core.model.Problem;@f33be4
121128 204317.066|INFO|Thread-5|dumpPacket|   key: SERVER_CLOCK_OFFSET is: java.util.GregorianCalendar java.util.GregorianCalendar[time=1354106602906,areFieldsSet=true,areAllFieldsSet=false,lenient=true,zone=sun.util.calendar.ZoneInfo[id="GMT",offset=0,dstSavings=0,useDaylight=false,transitions=0,lastRule=null],firstDayOfWeek=1,minimalDaysInFirstWeek=1,ERA=1,YEAR=2012,MONTH=10,WEEK_OF_YEAR=48,WEEK_OF_MONTH=5,DAY_OF_MONTH=28,DAY_OF_YEAR=333,DAY_OF_WEEK=4,DAY_OF_WEEK_IN_MONTH=4,AM_PM=1,HOUR=0,HOUR_OF_DAY=12,MINUTE=43,SECOND=22,MILLISECOND=906,ZONE_OFFSET=0,DST_OFFSET=0]
121128 204317.066|INFO|Thread-5|dumpPacket|   key: CLIENT_SETTINGS_LIST is: [Ledu.csus.ecs.pc2.core.model.ClientSettings; [Ledu.csus.ecs.pc2.core.model.ClientSettings;@e10dd0
121128 204317.066|INFO|Thread-5|dumpPacket|   key: SITE_LIST is: [Ledu.csus.ecs.pc2.core.model.Site; [Ledu.csus.ecs.pc2.core.model.Site;@1520567
121128 204317.066|INFO|Thread-5|dumpPacket|   key: CONTEST_TIME_LIST is: [Ledu.csus.ecs.pc2.core.model.ContestTime; [Ledu.csus.ecs.pc2.core.model.ContestTime;@1e0c055
121128 204317.066|INFO|Thread-5|dumpPacket|   key: CLIENT_ID is: edu.csus.ecs.pc2.core.model.ClientId TEAM231 @ site 1
121128 204317.066|INFO|Thread-5|dumpPacket|   key: CONNECTION_HANDLE_ID_LIST is: [Ledu.csus.ecs.pc2.core.transport.ConnectionHandlerID; [Ledu.csus.ecs.pc2.core.transport.ConnectionHandlerID;@7322f4
121128 204317.066|INFO|Thread-5|dumpPacket|   key: BALLOON_SETTINGS_LIST is: [Ledu.csus.ecs.pc2.core.model.BalloonSettings; [Ledu.csus.ecs.pc2.core.model.BalloonSettings;@fbda05
121128 204317.066|INFO|Thread-5|dumpPacket|   key: ACCOUNT_ARRAY is: [Ledu.csus.ecs.pc2.core.model.Account; [Ledu.csus.ecs.pc2.core.model.Account;@a6aae0
121128 204317.066|INFO|Thread-5|dumpPacket|   key: CONTEST_TIME is: edu.csus.ecs.pc2.core.model.ContestTime edu.csus.ecs.pc2.core.model.ContestTime@1c7114
121128 204317.067|INFO|Thread-5|dumpPacket|   key: GROUP_LIST is: [Ledu.csus.ecs.pc2.core.model.Group; [Ledu.csus.ecs.pc2.core.model.Group;@143df48
121128 204317.067|INFO|Thread-5|dumpPacket|   key: PROBLEM_DATA_FILES is: [Ledu.csus.ecs.pc2.core.model.ProblemDataFiles; [Ledu.csus.ecs.pc2.core.model.ProblemDataFiles;@f82803
121128 204317.067|INFO|Thread-5|dumpPacket|   key: CONTEST_INFORMATION is: edu.csus.ecs.pc2.core.model.ContestInformation edu.csus.ecs.pc2.core.model.ContestInformation@ade7a
121128 204317.067|INFO|Thread-5|dumpPacket|   key: LANGUAGE_LIST is: [Ledu.csus.ecs.pc2.core.model.Language; [Ledu.csus.ecs.pc2.core.model.Language;@1945614
121128 204317.067|INFO|Thread-5|dumpPacket|   key: GENERAL_PROBLEM is: edu.csus.ecs.pc2.core.model.Problem General
121128 204317.067|INFO|Thread-5|dumpPacket|   key: LOGGED_IN_USERS is: [Ledu.csus.ecs.pc2.core.model.ClientId; [Ledu.csus.ecs.pc2.core.model.ClientId;@19f4f58
121128 204317.067|INFO|Thread-5|dumpPacket|   key: CLARIFICATION_LIST is: [Ledu.csus.ecs.pc2.core.model.Clarification; [Ledu.csus.ecs.pc2.core.model.Clarification;@1259d0
121128 204317.067|INFO|Thread-5|info|handlePacket start Packet[LOGIN_SUCCESS] #14641 SERVER0 @ site 1 -> TEAM231 @ site 1
121128 204317.067|INFO|Thread-5|dumpPacket|Packet LOGIN_SUCCESS (Seq #14641 ) handlePacket
121128 204317.067|INFO|Thread-5|dumpPacket|  From: SERVER0 @ site 1
121128 204317.067|INFO|Thread-5|dumpPacket|    To: TEAM231 @ site 1
121128 204317.068|INFO|Thread-5|dumpPacket|   key: SITE_NUMBER is: java.lang.Integer 1
121128 204317.068|INFO|Thread-5|dumpPacket|   key: JUDGEMENT_LIST is: [Ledu.csus.ecs.pc2.core.model.Judgement; [Ledu.csus.ecs.pc2.core.model.Judgement;@f01f4d
121128 204317.068|INFO|Thread-5|dumpPacket|   key: RUN_LIST is: [Ledu.csus.ecs.pc2.core.model.Run; [Ledu.csus.ecs.pc2.core.model.Run;@96fdd7
121128 204317.068|INFO|Thread-5|dumpPacket|   key: PROBLEM_LIST is: [Ledu.csus.ecs.pc2.core.model.Problem; [Ledu.csus.ecs.pc2.core.model.Problem;@f33be4
121128 204317.068|INFO|Thread-5|dumpPacket|   key: SERVER_CLOCK_OFFSET is: java.util.GregorianCalendar java.util.GregorianCalendar[time=1354106602906,areFieldsSet=true,areAllFieldsSet=false,lenient=true,zone=sun.util.calendar.ZoneInfo[id="GMT",offset=0,dstSavings=0,useDaylight=false,transitions=0,lastRule=null],firstDayOfWeek=1,minimalDaysInFirstWeek=1,ERA=1,YEAR=2012,MONTH=10,WEEK_OF_YEAR=48,WEEK_OF_MONTH=5,DAY_OF_MONTH=28,DAY_OF_YEAR=333,DAY_OF_WEEK=4,DAY_OF_WEEK_IN_MONTH=4,AM_PM=1,HOUR=0,HOUR_OF_DAY=12,MINUTE=43,SECOND=22,MILLISECOND=906,ZONE_OFFSET=0,DST_OFFSET=0]
121128 204317.068|INFO|Thread-5|dumpPacket|   key: CLIENT_SETTINGS_LIST is: [Ledu.csus.ecs.pc2.core.model.ClientSettings; [Ledu.csus.ecs.pc2.core.model.ClientSettings;@e10dd0
121128 204317.068|INFO|Thread-5|dumpPacket|   key: SITE_LIST is: [Ledu.csus.ecs.pc2.core.model.Site; [Ledu.csus.ecs.pc2.core.model.Site;@1520567
121128 204317.068|INFO|Thread-5|dumpPacket|   key: CONTEST_TIME_LIST is: [Ledu.csus.ecs.pc2.core.model.ContestTime; [Ledu.csus.ecs.pc2.core.model.ContestTime;@1e0c055
121128 204317.068|INFO|Thread-5|dumpPacket|   key: CLIENT_ID is: edu.csus.ecs.pc2.core.model.ClientId TEAM231 @ site 1
121128 204317.068|INFO|Thread-5|dumpPacket|   key: CONNECTION_HANDLE_ID_LIST is: [Ledu.csus.ecs.pc2.core.transport.ConnectionHandlerID; [Ledu.csus.ecs.pc2.core.transport.ConnectionHandlerID;@7322f4
121128 204317.068|INFO|Thread-5|dumpPacket|   key: BALLOON_SETTINGS_LIST is: [Ledu.csus.ecs.pc2.core.model.BalloonSettings; [Ledu.csus.ecs.pc2.core.model.BalloonSettings;@fbda05
121128 204317.068|INFO|Thread-5|dumpPacket|   key: ACCOUNT_ARRAY is: [Ledu.csus.ecs.pc2.core.model.Account; [Ledu.csus.ecs.pc2.core.model.Account;@a6aae0
121128 204317.069|INFO|Thread-5|dumpPacket|   key: CONTEST_TIME is: edu.csus.ecs.pc2.core.model.ContestTime edu.csus.ecs.pc2.core.model.ContestTime@1c7114
121128 204317.069|INFO|Thread-5|dumpPacket|   key: GROUP_LIST is: [Ledu.csus.ecs.pc2.core.model.Group; [Ledu.csus.ecs.pc2.core.model.Group;@143df48
121128 204317.069|INFO|Thread-5|dumpPacket|   key: PROBLEM_DATA_FILES is: [Ledu.csus.ecs.pc2.core.model.ProblemDataFiles; [Ledu.csus.ecs.pc2.core.model.ProblemDataFiles;@f82803
121128 204317.069|INFO|Thread-5|dumpPacket|   key: CONTEST_INFORMATION is: edu.csus.ecs.pc2.core.model.ContestInformation edu.csus.ecs.pc2.core.model.ContestInformation@ade7a
121128 204317.069|INFO|Thread-5|dumpPacket|   key: LANGUAGE_LIST is: [Ledu.csus.ecs.pc2.core.model.Language; [Ledu.csus.ecs.pc2.core.model.Language;@1945614
121128 204317.069|INFO|Thread-5|dumpPacket|   key: GENERAL_PROBLEM is: edu.csus.ecs.pc2.core.model.Problem General
121128 204317.069|INFO|Thread-5|dumpPacket|   key: LOGGED_IN_USERS is: [Ledu.csus.ecs.pc2.core.model.ClientId; [Ledu.csus.ecs.pc2.core.model.ClientId;@19f4f58
121128 204317.069|INFO|Thread-5|dumpPacket|   key: CLARIFICATION_LIST is: [Ledu.csus.ecs.pc2.core.model.Clarification; [Ledu.csus.ecs.pc2.core.model.Clarification;@1259d0
121128 204317.069|INFO|Thread-5|info| handlePacket original LOGIN_SUCCESS before 
121128 204317.071|INFO|Thread-5|info|addSitesToModel Site 1
121128 204317.084|INFO|Thread-5|info|Attempting to load UI class edu.csus.ecs.pc2.ui.team.TeamView
121128 204317.090|INFO|Thread-5|info|Loaded UI class edu.csus.ecs.pc2.ui.team.TeamView
121128 204317.293|INFO|Thread-5|info| handlePacket original LOGIN_SUCCESS after -- all settings loaded 
121128 204317.293|INFO|Thread-5|info|handlePacket end Packet[LOGIN_SUCCESS] #14641 SERVER0 @ site 1 -> TEAM231 @ site 1
121128 204317.293|INFO|Thread-5|info| receiveObject(S) end   got Packet[LOGIN_SUCCESS] #14641 SERVER0 @ site 1 -> TEAM231 @ site 1
