121128 175037.499|CONFIG|AWT-EventQueue-0|setFileHandlers|Now logging to C:\Users\owner\Desktop\ProgramContest\pc2-9.1.6\bin\logs directory.
121128 175037.499|INFO|AWT-EventQueue-0|info|
121128 175037.499|INFO|AWT-EventQueue-0|info|Version 9.1.6 20100929 (Wednesday, September 29th 2010 03:53 UTC) Java ver 1.7.0_03 build 2136 Windows 7 6.1 (x86) 
121128 175037.499|INFO|AWT-EventQueue-0|info|Login: team135 (aka team135)
121128 175037.499|INFO|AWT-EventQueue-0|login|Working directory is C:\Users\owner\Desktop\ProgramContest\pc2-9.1.6\bin
121128 175037.499|INFO|AWT-EventQueue-0|info|Contacting server at 140.116.82.173:50002 as TEAM135 @ site 0
121128 175037.499|INFO|AWT-EventQueue-0|info|sendLoginRequest start - sending from TEAM135 @ site 0
121128 175037.499|INFO|AWT-EventQueue-0|sendToLocalServer|Sending packet to server Packet[LOGIN_REQUEST] #1 TEAM135 @ site 0 -> SERVER0 @ site 0
121128 175037.509|INFO|AWT-EventQueue-0|sendToLocalServer|Sent    packet to server Packet[LOGIN_REQUEST] #1 TEAM135 @ site 0 -> SERVER0 @ site 0
121128 175037.509|INFO|AWT-EventQueue-0|info|sendLoginRequest end - packet sent.
121128 175037.509|INFO|Thread-4|run|send(Serializable)
121128 175037.949|INFO|Thread-1|receive|public void receive(SealedObject TransportPacket, ConnectionHandlerID connectionHandlerID)
121128 175037.999|INFO|Thread-5|info| receiveObject(S) start got Packet[LOGIN_SUCCESS] #375 SERVER0 @ site 1 -> TEAM135 @ site 1
121128 175037.999|INFO|Thread-5|dumpPacket|Packet LOGIN_SUCCESS (Seq #375 ) recieveObject
121128 175037.999|INFO|Thread-5|dumpPacket|  From: SERVER0 @ site 1
121128 175037.999|INFO|Thread-5|dumpPacket|    To: TEAM135 @ site 1
121128 175037.999|INFO|Thread-5|dumpPacket|   key: SITE_NUMBER is: java.lang.Integer 1
121128 175037.999|INFO|Thread-5|dumpPacket|   key: JUDGEMENT_LIST is: [Ledu.csus.ecs.pc2.core.model.Judgement; [Ledu.csus.ecs.pc2.core.model.Judgement;@1d9bf04
121128 175037.999|INFO|Thread-5|dumpPacket|   key: RUN_LIST is: [Ledu.csus.ecs.pc2.core.model.Run; [Ledu.csus.ecs.pc2.core.model.Run;@8bb0f8
121128 175037.999|INFO|Thread-5|dumpPacket|   key: PROBLEM_LIST is: [Ledu.csus.ecs.pc2.core.model.Problem; [Ledu.csus.ecs.pc2.core.model.Problem;@10f9a46
121128 175038.009|INFO|Thread-5|dumpPacket|   key: SERVER_CLOCK_OFFSET is: java.util.GregorianCalendar java.util.GregorianCalendar[time=1354096240796,areFieldsSet=true,areAllFieldsSet=false,lenient=true,zone=sun.util.calendar.ZoneInfo[id="GMT",offset=0,dstSavings=0,useDaylight=false,transitions=0,lastRule=null],firstDayOfWeek=1,minimalDaysInFirstWeek=1,ERA=1,YEAR=2012,MONTH=10,WEEK_OF_YEAR=48,WEEK_OF_MONTH=5,DAY_OF_MONTH=28,DAY_OF_YEAR=333,DAY_OF_WEEK=4,DAY_OF_WEEK_IN_MONTH=4,AM_PM=0,HOUR=9,HOUR_OF_DAY=9,MINUTE=50,SECOND=40,MILLISECOND=796,ZONE_OFFSET=0,DST_OFFSET=0]
121128 175038.009|INFO|Thread-5|dumpPacket|   key: CLIENT_SETTINGS_LIST is: [Ledu.csus.ecs.pc2.core.model.ClientSettings; [Ledu.csus.ecs.pc2.core.model.ClientSettings;@1597cac
121128 175038.009|INFO|Thread-5|dumpPacket|   key: SITE_LIST is: [Ledu.csus.ecs.pc2.core.model.Site; [Ledu.csus.ecs.pc2.core.model.Site;@81255
121128 175038.009|INFO|Thread-5|dumpPacket|   key: CONTEST_TIME_LIST is: [Ledu.csus.ecs.pc2.core.model.ContestTime; [Ledu.csus.ecs.pc2.core.model.ContestTime;@1ebaf65
121128 175038.009|INFO|Thread-5|dumpPacket|   key: CLIENT_ID is: edu.csus.ecs.pc2.core.model.ClientId TEAM135 @ site 1
121128 175038.009|INFO|Thread-5|dumpPacket|   key: CONNECTION_HANDLE_ID_LIST is: [Ledu.csus.ecs.pc2.core.transport.ConnectionHandlerID; [Ledu.csus.ecs.pc2.core.transport.ConnectionHandlerID;@4814f9
121128 175038.009|INFO|Thread-5|dumpPacket|   key: BALLOON_SETTINGS_LIST is: [Ledu.csus.ecs.pc2.core.model.BalloonSettings; [Ledu.csus.ecs.pc2.core.model.BalloonSettings;@59109c
121128 175038.009|INFO|Thread-5|dumpPacket|   key: ACCOUNT_ARRAY is: [Ledu.csus.ecs.pc2.core.model.Account; [Ledu.csus.ecs.pc2.core.model.Account;@1518883
121128 175038.009|INFO|Thread-5|dumpPacket|   key: CONTEST_TIME is: edu.csus.ecs.pc2.core.model.ContestTime edu.csus.ecs.pc2.core.model.ContestTime@1d95643
121128 175038.009|INFO|Thread-5|dumpPacket|   key: GROUP_LIST is: [Ledu.csus.ecs.pc2.core.model.Group; [Ledu.csus.ecs.pc2.core.model.Group;@1ae53e9
121128 175038.009|INFO|Thread-5|dumpPacket|   key: PROBLEM_DATA_FILES is: [Ledu.csus.ecs.pc2.core.model.ProblemDataFiles; [Ledu.csus.ecs.pc2.core.model.ProblemDataFiles;@71f47
121128 175038.009|INFO|Thread-5|dumpPacket|   key: CONTEST_INFORMATION is: edu.csus.ecs.pc2.core.model.ContestInformation edu.csus.ecs.pc2.core.model.ContestInformation@1967db7
121128 175038.009|INFO|Thread-5|dumpPacket|   key: LANGUAGE_LIST is: [Ledu.csus.ecs.pc2.core.model.Language; [Ledu.csus.ecs.pc2.core.model.Language;@117ad7b
121128 175038.009|INFO|Thread-5|dumpPacket|   key: GENERAL_PROBLEM is: edu.csus.ecs.pc2.core.model.Problem General
121128 175038.009|INFO|Thread-5|dumpPacket|   key: LOGGED_IN_USERS is: [Ledu.csus.ecs.pc2.core.model.ClientId; [Ledu.csus.ecs.pc2.core.model.ClientId;@17ea55f
121128 175038.009|INFO|Thread-5|dumpPacket|   key: CLARIFICATION_LIST is: [Ledu.csus.ecs.pc2.core.model.Clarification; [Ledu.csus.ecs.pc2.core.model.Clarification;@19b28bf
121128 175038.009|INFO|Thread-5|info|handlePacket start Packet[LOGIN_SUCCESS] #375 SERVER0 @ site 1 -> TEAM135 @ site 1
121128 175038.009|INFO|Thread-5|dumpPacket|Packet LOGIN_SUCCESS (Seq #375 ) handlePacket
121128 175038.009|INFO|Thread-5|dumpPacket|  From: SERVER0 @ site 1
121128 175038.009|INFO|Thread-5|dumpPacket|    To: TEAM135 @ site 1
121128 175038.009|INFO|Thread-5|dumpPacket|   key: SITE_NUMBER is: java.lang.Integer 1
121128 175038.009|INFO|Thread-5|dumpPacket|   key: JUDGEMENT_LIST is: [Ledu.csus.ecs.pc2.core.model.Judgement; [Ledu.csus.ecs.pc2.core.model.Judgement;@1d9bf04
121128 175038.009|INFO|Thread-5|dumpPacket|   key: RUN_LIST is: [Ledu.csus.ecs.pc2.core.model.Run; [Ledu.csus.ecs.pc2.core.model.Run;@8bb0f8
121128 175038.009|INFO|Thread-5|dumpPacket|   key: PROBLEM_LIST is: [Ledu.csus.ecs.pc2.core.model.Problem; [Ledu.csus.ecs.pc2.core.model.Problem;@10f9a46
121128 175038.009|INFO|Thread-5|dumpPacket|   key: SERVER_CLOCK_OFFSET is: java.util.GregorianCalendar java.util.GregorianCalendar[time=1354096240796,areFieldsSet=true,areAllFieldsSet=false,lenient=true,zone=sun.util.calendar.ZoneInfo[id="GMT",offset=0,dstSavings=0,useDaylight=false,transitions=0,lastRule=null],firstDayOfWeek=1,minimalDaysInFirstWeek=1,ERA=1,YEAR=2012,MONTH=10,WEEK_OF_YEAR=48,WEEK_OF_MONTH=5,DAY_OF_MONTH=28,DAY_OF_YEAR=333,DAY_OF_WEEK=4,DAY_OF_WEEK_IN_MONTH=4,AM_PM=0,HOUR=9,HOUR_OF_DAY=9,MINUTE=50,SECOND=40,MILLISECOND=796,ZONE_OFFSET=0,DST_OFFSET=0]
121128 175038.009|INFO|Thread-5|dumpPacket|   key: CLIENT_SETTINGS_LIST is: [Ledu.csus.ecs.pc2.core.model.ClientSettings; [Ledu.csus.ecs.pc2.core.model.ClientSettings;@1597cac
121128 175038.009|INFO|Thread-5|dumpPacket|   key: SITE_LIST is: [Ledu.csus.ecs.pc2.core.model.Site; [Ledu.csus.ecs.pc2.core.model.Site;@81255
121128 175038.009|INFO|Thread-5|dumpPacket|   key: CONTEST_TIME_LIST is: [Ledu.csus.ecs.pc2.core.model.ContestTime; [Ledu.csus.ecs.pc2.core.model.ContestTime;@1ebaf65
121128 175038.009|INFO|Thread-5|dumpPacket|   key: CLIENT_ID is: edu.csus.ecs.pc2.core.model.ClientId TEAM135 @ site 1
121128 175038.009|INFO|Thread-5|dumpPacket|   key: CONNECTION_HANDLE_ID_LIST is: [Ledu.csus.ecs.pc2.core.transport.ConnectionHandlerID; [Ledu.csus.ecs.pc2.core.transport.ConnectionHandlerID;@4814f9
121128 175038.009|INFO|Thread-5|dumpPacket|   key: BALLOON_SETTINGS_LIST is: [Ledu.csus.ecs.pc2.core.model.BalloonSettings; [Ledu.csus.ecs.pc2.core.model.BalloonSettings;@59109c
121128 175038.009|INFO|Thread-5|dumpPacket|   key: ACCOUNT_ARRAY is: [Ledu.csus.ecs.pc2.core.model.Account; [Ledu.csus.ecs.pc2.core.model.Account;@1518883
121128 175038.009|INFO|Thread-5|dumpPacket|   key: CONTEST_TIME is: edu.csus.ecs.pc2.core.model.ContestTime edu.csus.ecs.pc2.core.model.ContestTime@1d95643
121128 175038.009|INFO|Thread-5|dumpPacket|   key: GROUP_LIST is: [Ledu.csus.ecs.pc2.core.model.Group; [Ledu.csus.ecs.pc2.core.model.Group;@1ae53e9
121128 175038.009|INFO|Thread-5|dumpPacket|   key: PROBLEM_DATA_FILES is: [Ledu.csus.ecs.pc2.core.model.ProblemDataFiles; [Ledu.csus.ecs.pc2.core.model.ProblemDataFiles;@71f47
121128 175038.009|INFO|Thread-5|dumpPacket|   key: CONTEST_INFORMATION is: edu.csus.ecs.pc2.core.model.ContestInformation edu.csus.ecs.pc2.core.model.ContestInformation@1967db7
121128 175038.009|INFO|Thread-5|dumpPacket|   key: LANGUAGE_LIST is: [Ledu.csus.ecs.pc2.core.model.Language; [Ledu.csus.ecs.pc2.core.model.Language;@117ad7b
121128 175038.009|INFO|Thread-5|dumpPacket|   key: GENERAL_PROBLEM is: edu.csus.ecs.pc2.core.model.Problem General
121128 175038.009|INFO|Thread-5|dumpPacket|   key: LOGGED_IN_USERS is: [Ledu.csus.ecs.pc2.core.model.ClientId; [Ledu.csus.ecs.pc2.core.model.ClientId;@17ea55f
121128 175038.009|INFO|Thread-5|dumpPacket|   key: CLARIFICATION_LIST is: [Ledu.csus.ecs.pc2.core.model.Clarification; [Ledu.csus.ecs.pc2.core.model.Clarification;@19b28bf
121128 175038.009|INFO|Thread-5|info| handlePacket original LOGIN_SUCCESS before 
121128 175038.009|INFO|Thread-5|info|addSitesToModel Site 1
121128 175038.029|INFO|Thread-5|info|Attempting to load UI class edu.csus.ecs.pc2.ui.team.TeamView
121128 175038.049|INFO|Thread-5|info|Loaded UI class edu.csus.ecs.pc2.ui.team.TeamView
121128 175038.249|INFO|Thread-5|info| handlePacket original LOGIN_SUCCESS after -- all settings loaded 
121128 175038.249|INFO|Thread-5|info|handlePacket end Packet[LOGIN_SUCCESS] #375 SERVER0 @ site 1 -> TEAM135 @ site 1
121128 175038.249|INFO|Thread-5|info| receiveObject(S) end   got Packet[LOGIN_SUCCESS] #375 SERVER0 @ site 1 -> TEAM135 @ site 1
121128 175957.789|INFO|Thread-1|receive|public void receive(SealedObject TransportPacket, ConnectionHandlerID connectionHandlerID)
121128 175957.789|INFO|Thread-6|info| receiveObject(S) start got Packet[CLOCK_STARTED] #1222 SERVER0 @ site 1 -> SERVER0 @ site 0
121128 175957.789|INFO|Thread-6|dumpPacket|Packet CLOCK_STARTED (Seq #1222 ) recieveObject
121128 175957.789|INFO|Thread-6|dumpPacket|  From: SERVER0 @ site 1
121128 175957.789|INFO|Thread-6|dumpPacket|    To: SERVER0 @ site 0
121128 175957.789|INFO|Thread-6|dumpPacket|   key: CLIENT_ID is: edu.csus.ecs.pc2.core.model.ClientId ADMINISTRATOR1 @ site 1
121128 175957.789|INFO|Thread-6|dumpPacket|   key: SITE_NUMBER is: java.lang.Integer 1
121128 175957.789|INFO|Thread-6|dumpPacket|   key: SERVER_CLOCK_OFFSET is: java.util.GregorianCalendar java.util.GregorianCalendar[time=1354096800671,areFieldsSet=true,areAllFieldsSet=false,lenient=true,zone=sun.util.calendar.ZoneInfo[id="GMT",offset=0,dstSavings=0,useDaylight=false,transitions=0,lastRule=null],firstDayOfWeek=1,minimalDaysInFirstWeek=1,ERA=1,YEAR=2012,MONTH=10,WEEK_OF_YEAR=48,WEEK_OF_MONTH=5,DAY_OF_MONTH=28,DAY_OF_YEAR=333,DAY_OF_WEEK=4,DAY_OF_WEEK_IN_MONTH=4,AM_PM=0,HOUR=10,HOUR_OF_DAY=10,MINUTE=0,SECOND=0,MILLISECOND=671,ZONE_OFFSET=0,DST_OFFSET=0]
121128 175957.789|INFO|Thread-6|info|handlePacket start Packet[CLOCK_STARTED] #1222 SERVER0 @ site 1 -> SERVER0 @ site 0
121128 175957.789|INFO|Thread-6|dumpPacket|Packet CLOCK_STARTED (Seq #1222 ) handlePacket
121128 175957.789|INFO|Thread-6|dumpPacket|  From: SERVER0 @ site 1
121128 175957.799|INFO|Thread-6|dumpPacket|    To: SERVER0 @ site 0
121128 175957.799|INFO|Thread-6|dumpPacket|   key: CLIENT_ID is: edu.csus.ecs.pc2.core.model.ClientId ADMINISTRATOR1 @ site 1
121128 175957.799|INFO|Thread-6|dumpPacket|   key: SITE_NUMBER is: java.lang.Integer 1
121128 175957.799|INFO|Thread-6|dumpPacket|   key: SERVER_CLOCK_OFFSET is: java.util.GregorianCalendar java.util.GregorianCalendar[time=1354096800671,areFieldsSet=true,areAllFieldsSet=false,lenient=true,zone=sun.util.calendar.ZoneInfo[id="GMT",offset=0,dstSavings=0,useDaylight=false,transitions=0,lastRule=null],firstDayOfWeek=1,minimalDaysInFirstWeek=1,ERA=1,YEAR=2012,MONTH=10,WEEK_OF_YEAR=48,WEEK_OF_MONTH=5,DAY_OF_MONTH=28,DAY_OF_YEAR=333,DAY_OF_WEEK=4,DAY_OF_WEEK_IN_MONTH=4,AM_PM=0,HOUR=10,HOUR_OF_DAY=10,MINUTE=0,SECOND=0,MILLISECOND=671,ZONE_OFFSET=0,DST_OFFSET=0]
121128 175957.799|INFO|Thread-6|contestStarted|debug ContestTime site 1 STARTED 0:00:00
121128 175957.799|INFO|Thread-6|info|Clock for site 1 started by ADMINISTRATOR1 @ site 1 elapsed 0:00:00
121128 175957.799|INFO|Thread-6|info|handlePacket end Packet[CLOCK_STARTED] #1222 SERVER0 @ site 1 -> SERVER0 @ site 0
121128 175957.799|INFO|Thread-6|info| receiveObject(S) end   got Packet[CLOCK_STARTED] #1222 SERVER0 @ site 1 -> SERVER0 @ site 0
121128 181002.160|INFO|AWT-EventQueue-0|testOrSubmitRun|submitRun for Problem1 GNU C++ file: C:\Users\owner\Desktop\pa.cpp
121128 181002.160|INFO|AWT-EventQueue-0|sendToLocalServer|Sending packet to server Packet[RUN_SUBMISSION] #2 TEAM135 @ site 1 -> SERVER0 @ site 1
121128 181002.160|INFO|AWT-EventQueue-0|sendToLocalServer|Sent    packet to server Packet[RUN_SUBMISSION] #2 TEAM135 @ site 1 -> SERVER0 @ site 1
121128 181002.160|INFO|Thread-8|run|send(Serializable)
121128 181002.180|INFO|Thread-1|receive|public void receive(SealedObject TransportPacket, ConnectionHandlerID connectionHandlerID)
121128 181002.180|INFO|Thread-9|info| receiveObject(S) start got Packet[RUN_SUBMISSION_CONFIRM] #1797 SERVER0 @ site 1 -> TEAM135 @ site 1
121128 181002.180|INFO|Thread-9|dumpPacket|Packet RUN_SUBMISSION_CONFIRM (Seq #1797 ) recieveObject
121128 181002.180|INFO|Thread-9|dumpPacket|  From: SERVER0 @ site 1
121128 181002.190|INFO|Thread-9|dumpPacket|    To: TEAM135 @ site 1
121128 181002.190|INFO|Thread-9|dumpPacket|   key: RUN is: edu.csus.ecs.pc2.core.model.Run Run 28 NEW from TEAM135 @ site 1 id Run-6991529972825450932
121128 181002.190|INFO|Thread-9|info|handlePacket start Packet[RUN_SUBMISSION_CONFIRM] #1797 SERVER0 @ site 1 -> TEAM135 @ site 1
121128 181002.190|INFO|Thread-9|dumpPacket|Packet RUN_SUBMISSION_CONFIRM (Seq #1797 ) handlePacket
121128 181002.190|INFO|Thread-9|dumpPacket|  From: SERVER0 @ site 1
121128 181002.190|INFO|Thread-9|dumpPacket|    To: TEAM135 @ site 1
121128 181002.190|INFO|Thread-9|dumpPacket|   key: RUN is: edu.csus.ecs.pc2.core.model.Run Run 28 NEW from TEAM135 @ site 1 id Run-6991529972825450932
121128 181002.960|INFO|Thread-9|info|handlePacket end Packet[RUN_SUBMISSION_CONFIRM] #1797 SERVER0 @ site 1 -> TEAM135 @ site 1
121128 181002.960|INFO|Thread-9|info| receiveObject(S) end   got Packet[RUN_SUBMISSION_CONFIRM] #1797 SERVER0 @ site 1 -> TEAM135 @ site 1
121128 181110.320|INFO|Thread-1|receive|public void receive(SealedObject TransportPacket, ConnectionHandlerID connectionHandlerID)
121128 181110.330|INFO|Thread-10|info| receiveObject(S) start got Packet[RUN_JUDGEMENT] #1866 SERVER0 @ site 1 -> TEAM135 @ site 1
121128 181110.330|INFO|Thread-10|dumpPacket|Packet RUN_JUDGEMENT (Seq #1866 ) recieveObject
121128 181110.330|INFO|Thread-10|dumpPacket|  From: SERVER0 @ site 1
121128 181110.330|INFO|Thread-10|dumpPacket|    To: TEAM135 @ site 1
121128 181110.330|INFO|Thread-10|dumpPacket|   key: CLIENT_ID is: edu.csus.ecs.pc2.core.model.ClientId SERVER0 @ site 1
121128 181110.330|INFO|Thread-10|dumpPacket|   key: JUDGEMENT_RECORD is: edu.csus.ecs.pc2.core.model.JudgementRecord No by JUDGE2 @ site 1 judgement No - Wrong Answer-5846793662907817031 id JudgementRecord--2653730033285313610
121128 181110.330|INFO|Thread-10|dumpPacket|   key: RUN is: edu.csus.ecs.pc2.core.model.Run Run 28 JUDGED from TEAM135 @ site 1 id Run-6991529972825450932
121128 181110.330|INFO|Thread-10|info|handlePacket start Packet[RUN_JUDGEMENT] #1866 SERVER0 @ site 1 -> TEAM135 @ site 1
121128 181110.330|INFO|Thread-10|dumpPacket|Packet RUN_JUDGEMENT (Seq #1866 ) handlePacket
121128 181110.330|INFO|Thread-10|dumpPacket|  From: SERVER0 @ site 1
121128 181110.330|INFO|Thread-10|dumpPacket|    To: TEAM135 @ site 1
121128 181110.330|INFO|Thread-10|dumpPacket|   key: CLIENT_ID is: edu.csus.ecs.pc2.core.model.ClientId SERVER0 @ site 1
121128 181110.330|INFO|Thread-10|dumpPacket|   key: JUDGEMENT_RECORD is: edu.csus.ecs.pc2.core.model.JudgementRecord No by JUDGE2 @ site 1 judgement No - Wrong Answer-5846793662907817031 id JudgementRecord--2653730033285313610
121128 181110.330|INFO|Thread-10|dumpPacket|   key: RUN is: edu.csus.ecs.pc2.core.model.Run Run 28 JUDGED from TEAM135 @ site 1 id Run-6991529972825450932
121128 181112.560|INFO|Thread-10|info|handlePacket end Packet[RUN_JUDGEMENT] #1866 SERVER0 @ site 1 -> TEAM135 @ site 1
121128 181112.560|INFO|Thread-10|info| receiveObject(S) end   got Packet[RUN_JUDGEMENT] #1866 SERVER0 @ site 1 -> TEAM135 @ site 1
121128 181636.411|INFO|Thread-1|receive|public void receive(SealedObject TransportPacket, ConnectionHandlerID connectionHandlerID)
121128 181636.431|INFO|Thread-11|info| receiveObject(S) start got Packet[CLARIFICATION_ANSWER_UPDATE] #2177 SERVER0 @ site 1 -> SERVER0 @ site 0
121128 181636.431|INFO|Thread-11|dumpPacket|Packet CLARIFICATION_ANSWER_UPDATE (Seq #2177 ) recieveObject
121128 181636.431|INFO|Thread-11|dumpPacket|  From: SERVER0 @ site 1
121128 181636.431|INFO|Thread-11|dumpPacket|    To: SERVER0 @ site 0
121128 181636.431|INFO|Thread-11|dumpPacket|   key: CLARIFICATION is: edu.csus.ecs.pc2.core.model.Clarification Clarification 2 ANSWERED from TEAM292 @ site 1 at 10 id=Clarification-8076316949563229915
121128 181636.431|INFO|Thread-11|dumpPacket|   key: CLIENT_ID is: edu.csus.ecs.pc2.core.model.ClientId JUDGE3 @ site 1
121128 181636.431|INFO|Thread-11|dumpPacket|   key: CLARIFICATION_ANSWER is: java.lang.String 倒數第二個才是1 不好意思   output為 
0 1 0 0 0 0 0
0 0 4 0 2 1 0
75
121128 181636.431|INFO|Thread-11|info|handlePacket start Packet[CLARIFICATION_ANSWER_UPDATE] #2177 SERVER0 @ site 1 -> SERVER0 @ site 0
121128 181636.431|INFO|Thread-11|dumpPacket|Packet CLARIFICATION_ANSWER_UPDATE (Seq #2177 ) handlePacket
121128 181636.431|INFO|Thread-11|dumpPacket|  From: SERVER0 @ site 1
121128 181636.431|INFO|Thread-11|dumpPacket|    To: SERVER0 @ site 0
121128 181636.431|INFO|Thread-11|dumpPacket|   key: CLARIFICATION is: edu.csus.ecs.pc2.core.model.Clarification Clarification 2 ANSWERED from TEAM292 @ site 1 at 10 id=Clarification-8076316949563229915
121128 181636.431|INFO|Thread-11|dumpPacket|   key: CLIENT_ID is: edu.csus.ecs.pc2.core.model.ClientId JUDGE3 @ site 1
121128 181636.431|INFO|Thread-11|dumpPacket|   key: CLARIFICATION_ANSWER is: java.lang.String 倒數第二個才是1 不好意思   output為 
0 1 0 0 0 0 0
0 0 4 0 2 1 0
75
121128 181649.281|INFO|Thread-11|info|handlePacket end Packet[CLARIFICATION_ANSWER_UPDATE] #2177 SERVER0 @ site 1 -> SERVER0 @ site 0
121128 181649.281|INFO|Thread-11|info| receiveObject(S) end   got Packet[CLARIFICATION_ANSWER_UPDATE] #2177 SERVER0 @ site 1 -> SERVER0 @ site 0
121128 181726.751|INFO|Thread-1|receive|public void receive(SealedObject TransportPacket, ConnectionHandlerID connectionHandlerID)
121128 181726.751|INFO|Thread-12|info| receiveObject(S) start got Packet[CLARIFICATION_ANSWER_UPDATE] #2254 SERVER0 @ site 1 -> SERVER0 @ site 0
121128 181726.751|INFO|Thread-12|dumpPacket|Packet CLARIFICATION_ANSWER_UPDATE (Seq #2254 ) recieveObject
121128 181726.751|INFO|Thread-12|dumpPacket|  From: SERVER0 @ site 1
121128 181726.761|INFO|Thread-12|dumpPacket|    To: SERVER0 @ site 0
121128 181726.761|INFO|Thread-12|dumpPacket|   key: CLARIFICATION is: edu.csus.ecs.pc2.core.model.Clarification Clarification 3 ANSWERED from TEAM178 @ site 1 at 14 id=Clarification-3267447782571553362
121128 181726.761|INFO|Thread-12|dumpPacket|   key: CLIENT_ID is: edu.csus.ecs.pc2.core.model.ClientId JUDGE3 @ site 1
121128 181726.761|INFO|Thread-12|dumpPacket|   key: CLARIFICATION_ANSWER is: java.lang.String 更正 
output 
0 1 0 0 0 0 0
0 0 4 0 2 1 0 
121128 181726.761|INFO|Thread-12|info|handlePacket start Packet[CLARIFICATION_ANSWER_UPDATE] #2254 SERVER0 @ site 1 -> SERVER0 @ site 0
121128 181726.761|INFO|Thread-12|dumpPacket|Packet CLARIFICATION_ANSWER_UPDATE (Seq #2254 ) handlePacket
121128 181726.761|INFO|Thread-12|dumpPacket|  From: SERVER0 @ site 1
121128 181726.761|INFO|Thread-12|dumpPacket|    To: SERVER0 @ site 0
121128 181726.761|INFO|Thread-12|dumpPacket|   key: CLARIFICATION is: edu.csus.ecs.pc2.core.model.Clarification Clarification 3 ANSWERED from TEAM178 @ site 1 at 14 id=Clarification-3267447782571553362
121128 181726.761|INFO|Thread-12|dumpPacket|   key: CLIENT_ID is: edu.csus.ecs.pc2.core.model.ClientId JUDGE3 @ site 1
121128 181726.761|INFO|Thread-12|dumpPacket|   key: CLARIFICATION_ANSWER is: java.lang.String 更正 
output 
0 1 0 0 0 0 0
0 0 4 0 2 1 0 
121128 181732.401|INFO|Thread-12|info|handlePacket end Packet[CLARIFICATION_ANSWER_UPDATE] #2254 SERVER0 @ site 1 -> SERVER0 @ site 0
121128 181732.401|INFO|Thread-12|info| receiveObject(S) end   got Packet[CLARIFICATION_ANSWER_UPDATE] #2254 SERVER0 @ site 1 -> SERVER0 @ site 0
121128 181734.211|INFO|Thread-1|receive|public void receive(SealedObject TransportPacket, ConnectionHandlerID connectionHandlerID)
121128 181734.211|INFO|Thread-13|info| receiveObject(S) start got Packet[CLARIFICATION_ANSWER_UPDATE] #2267 SERVER0 @ site 1 -> SERVER0 @ site 0
121128 181734.211|INFO|Thread-13|dumpPacket|Packet CLARIFICATION_ANSWER_UPDATE (Seq #2267 ) recieveObject
121128 181734.211|INFO|Thread-13|dumpPacket|  From: SERVER0 @ site 1
121128 181734.211|INFO|Thread-13|dumpPacket|    To: SERVER0 @ site 0
121128 181734.211|INFO|Thread-13|dumpPacket|   key: CLARIFICATION is: edu.csus.ecs.pc2.core.model.Clarification Clarification 4 ANSWERED from TEAM300 @ site 1 at 16 id=Clarification-3780112453465736131
121128 181734.211|INFO|Thread-13|dumpPacket|   key: CLIENT_ID is: edu.csus.ecs.pc2.core.model.ClientId JUDGE3 @ site 1
121128 181734.211|INFO|Thread-13|dumpPacket|   key: CLARIFICATION_ANSWER is: java.lang.String output 
0 1 0 0 0 0 0
0 0 4 0 2 1 0 
121128 181734.211|INFO|Thread-13|info|handlePacket start Packet[CLARIFICATION_ANSWER_UPDATE] #2267 SERVER0 @ site 1 -> SERVER0 @ site 0
121128 181734.211|INFO|Thread-13|dumpPacket|Packet CLARIFICATION_ANSWER_UPDATE (Seq #2267 ) handlePacket
121128 181734.211|INFO|Thread-13|dumpPacket|  From: SERVER0 @ site 1
121128 181734.211|INFO|Thread-13|dumpPacket|    To: SERVER0 @ site 0
121128 181734.211|INFO|Thread-13|dumpPacket|   key: CLARIFICATION is: edu.csus.ecs.pc2.core.model.Clarification Clarification 4 ANSWERED from TEAM300 @ site 1 at 16 id=Clarification-3780112453465736131
121128 181734.211|INFO|Thread-13|dumpPacket|   key: CLIENT_ID is: edu.csus.ecs.pc2.core.model.ClientId JUDGE3 @ site 1
121128 181734.211|INFO|Thread-13|dumpPacket|   key: CLARIFICATION_ANSWER is: java.lang.String output 
0 1 0 0 0 0 0
0 0 4 0 2 1 0 
121128 181736.211|INFO|Thread-13|info|handlePacket end Packet[CLARIFICATION_ANSWER_UPDATE] #2267 SERVER0 @ site 1 -> SERVER0 @ site 0
121128 181736.211|INFO|Thread-13|info| receiveObject(S) end   got Packet[CLARIFICATION_ANSWER_UPDATE] #2267 SERVER0 @ site 1 -> SERVER0 @ site 0
121128 181848.221|INFO|AWT-EventQueue-0|testOrSubmitRun|submitRun for Problem5 GNU C++ file: C:\Users\owner\Desktop\p5.cpp
121128 181848.221|INFO|AWT-EventQueue-0|sendToLocalServer|Sending packet to server Packet[RUN_SUBMISSION] #3 TEAM135 @ site 1 -> SERVER0 @ site 1
121128 181848.221|INFO|AWT-EventQueue-0|sendToLocalServer|Sent    packet to server Packet[RUN_SUBMISSION] #3 TEAM135 @ site 1 -> SERVER0 @ site 1
121128 181848.221|INFO|Thread-14|run|send(Serializable)
121128 181848.241|INFO|Thread-1|receive|public void receive(SealedObject TransportPacket, ConnectionHandlerID connectionHandlerID)
121128 181848.251|INFO|Thread-15|info| receiveObject(S) start got Packet[RUN_SUBMISSION_CONFIRM] #2339 SERVER0 @ site 1 -> TEAM135 @ site 1
121128 181848.251|INFO|Thread-15|dumpPacket|Packet RUN_SUBMISSION_CONFIRM (Seq #2339 ) recieveObject
121128 181848.251|INFO|Thread-15|dumpPacket|  From: SERVER0 @ site 1
121128 181848.251|INFO|Thread-15|dumpPacket|    To: TEAM135 @ site 1
121128 181848.251|INFO|Thread-15|dumpPacket|   key: RUN is: edu.csus.ecs.pc2.core.model.Run Run 34 NEW from TEAM135 @ site 1 id Run-6687943732357808616
121128 181848.251|INFO|Thread-15|info|handlePacket start Packet[RUN_SUBMISSION_CONFIRM] #2339 SERVER0 @ site 1 -> TEAM135 @ site 1
121128 181848.251|INFO|Thread-15|dumpPacket|Packet RUN_SUBMISSION_CONFIRM (Seq #2339 ) handlePacket
121128 181848.251|INFO|Thread-15|dumpPacket|  From: SERVER0 @ site 1
121128 181848.251|INFO|Thread-15|dumpPacket|    To: TEAM135 @ site 1
121128 181848.251|INFO|Thread-15|dumpPacket|   key: RUN is: edu.csus.ecs.pc2.core.model.Run Run 34 NEW from TEAM135 @ site 1 id Run-6687943732357808616
121128 181849.581|INFO|Thread-15|info|handlePacket end Packet[RUN_SUBMISSION_CONFIRM] #2339 SERVER0 @ site 1 -> TEAM135 @ site 1
121128 181849.581|INFO|Thread-15|info| receiveObject(S) end   got Packet[RUN_SUBMISSION_CONFIRM] #2339 SERVER0 @ site 1 -> TEAM135 @ site 1
121128 181939.851|INFO|Thread-1|receive|public void receive(SealedObject TransportPacket, ConnectionHandlerID connectionHandlerID)
121128 181939.851|INFO|Thread-16|info| receiveObject(S) start got Packet[RUN_JUDGEMENT] #2394 SERVER0 @ site 1 -> TEAM135 @ site 1
121128 181939.851|INFO|Thread-16|dumpPacket|Packet RUN_JUDGEMENT (Seq #2394 ) recieveObject
121128 181939.851|INFO|Thread-16|dumpPacket|  From: SERVER0 @ site 1
121128 181939.851|INFO|Thread-16|dumpPacket|    To: TEAM135 @ site 1
121128 181939.851|INFO|Thread-16|dumpPacket|   key: CLIENT_ID is: edu.csus.ecs.pc2.core.model.ClientId SERVER0 @ site 1
121128 181939.851|INFO|Thread-16|dumpPacket|   key: JUDGEMENT_RECORD is: edu.csus.ecs.pc2.core.model.JudgementRecord Yes by JUDGE2 @ site 1 judgement Yes-5113088299114819198 id JudgementRecord-2206670221466620273
121128 181939.851|INFO|Thread-16|dumpPacket|   key: RUN is: edu.csus.ecs.pc2.core.model.Run Run 34 JUDGED from TEAM135 @ site 1 id Run-6687943732357808616
121128 181939.851|INFO|Thread-16|info|handlePacket start Packet[RUN_JUDGEMENT] #2394 SERVER0 @ site 1 -> TEAM135 @ site 1
121128 181939.851|INFO|Thread-16|dumpPacket|Packet RUN_JUDGEMENT (Seq #2394 ) handlePacket
121128 181939.851|INFO|Thread-16|dumpPacket|  From: SERVER0 @ site 1
121128 181939.851|INFO|Thread-16|dumpPacket|    To: TEAM135 @ site 1
121128 181939.851|INFO|Thread-16|dumpPacket|   key: CLIENT_ID is: edu.csus.ecs.pc2.core.model.ClientId SERVER0 @ site 1
121128 181939.851|INFO|Thread-16|dumpPacket|   key: JUDGEMENT_RECORD is: edu.csus.ecs.pc2.core.model.JudgementRecord Yes by JUDGE2 @ site 1 judgement Yes-5113088299114819198 id JudgementRecord-2206670221466620273
121128 181939.851|INFO|Thread-16|dumpPacket|   key: RUN is: edu.csus.ecs.pc2.core.model.Run Run 34 JUDGED from TEAM135 @ site 1 id Run-6687943732357808616
121128 181941.581|INFO|Thread-16|info|handlePacket end Packet[RUN_JUDGEMENT] #2394 SERVER0 @ site 1 -> TEAM135 @ site 1
121128 181941.581|INFO|Thread-16|info| receiveObject(S) end   got Packet[RUN_JUDGEMENT] #2394 SERVER0 @ site 1 -> TEAM135 @ site 1
121128 182622.772|INFO|AWT-EventQueue-0|testOrSubmitRun|submitRun for Problem4 GNU C++ file: C:\Users\owner\Desktop\p4.cpp
121128 182622.772|INFO|AWT-EventQueue-0|sendToLocalServer|Sending packet to server Packet[RUN_SUBMISSION] #4 TEAM135 @ site 1 -> SERVER0 @ site 1
121128 182622.772|INFO|AWT-EventQueue-0|sendToLocalServer|Sent    packet to server Packet[RUN_SUBMISSION] #4 TEAM135 @ site 1 -> SERVER0 @ site 1
121128 182622.772|INFO|Thread-17|run|send(Serializable)
121128 182622.802|INFO|Thread-1|receive|public void receive(SealedObject TransportPacket, ConnectionHandlerID connectionHandlerID)
121128 182622.802|INFO|Thread-18|info| receiveObject(S) start got Packet[RUN_SUBMISSION_CONFIRM] #2808 SERVER0 @ site 1 -> TEAM135 @ site 1
121128 182622.802|INFO|Thread-18|dumpPacket|Packet RUN_SUBMISSION_CONFIRM (Seq #2808 ) recieveObject
121128 182622.802|INFO|Thread-18|dumpPacket|  From: SERVER0 @ site 1
121128 182622.802|INFO|Thread-18|dumpPacket|    To: TEAM135 @ site 1
121128 182622.802|INFO|Thread-18|dumpPacket|   key: RUN is: edu.csus.ecs.pc2.core.model.Run Run 61 NEW from TEAM135 @ site 1 id Run--5969440699949566024
121128 182622.802|INFO|Thread-18|info|handlePacket start Packet[RUN_SUBMISSION_CONFIRM] #2808 SERVER0 @ site 1 -> TEAM135 @ site 1
121128 182622.802|INFO|Thread-18|dumpPacket|Packet RUN_SUBMISSION_CONFIRM (Seq #2808 ) handlePacket
121128 182622.802|INFO|Thread-18|dumpPacket|  From: SERVER0 @ site 1
121128 182622.802|INFO|Thread-18|dumpPacket|    To: TEAM135 @ site 1
121128 182622.802|INFO|Thread-18|dumpPacket|   key: RUN is: edu.csus.ecs.pc2.core.model.Run Run 61 NEW from TEAM135 @ site 1 id Run--5969440699949566024
121128 182623.872|INFO|Thread-18|info|handlePacket end Packet[RUN_SUBMISSION_CONFIRM] #2808 SERVER0 @ site 1 -> TEAM135 @ site 1
121128 182623.882|INFO|Thread-18|info| receiveObject(S) end   got Packet[RUN_SUBMISSION_CONFIRM] #2808 SERVER0 @ site 1 -> TEAM135 @ site 1
121128 182719.802|INFO|Thread-1|receive|public void receive(SealedObject TransportPacket, ConnectionHandlerID connectionHandlerID)
121128 182719.802|INFO|Thread-19|info| receiveObject(S) start got Packet[RUN_JUDGEMENT] #2856 SERVER0 @ site 1 -> TEAM135 @ site 1
121128 182719.802|INFO|Thread-19|dumpPacket|Packet RUN_JUDGEMENT (Seq #2856 ) recieveObject
121128 182719.802|INFO|Thread-19|dumpPacket|  From: SERVER0 @ site 1
121128 182719.802|INFO|Thread-19|dumpPacket|    To: TEAM135 @ site 1
121128 182719.802|INFO|Thread-19|dumpPacket|   key: CLIENT_ID is: edu.csus.ecs.pc2.core.model.ClientId SERVER0 @ site 1
121128 182719.802|INFO|Thread-19|dumpPacket|   key: JUDGEMENT_RECORD is: edu.csus.ecs.pc2.core.model.JudgementRecord No by JUDGE2 @ site 1 judgement No - Wrong Answer-5846793662907817031 id JudgementRecord--5502150564663629431
121128 182719.802|INFO|Thread-19|dumpPacket|   key: RUN is: edu.csus.ecs.pc2.core.model.Run Run 61 JUDGED from TEAM135 @ site 1 id Run--5969440699949566024
121128 182719.802|INFO|Thread-19|info|handlePacket start Packet[RUN_JUDGEMENT] #2856 SERVER0 @ site 1 -> TEAM135 @ site 1
121128 182719.802|INFO|Thread-19|dumpPacket|Packet RUN_JUDGEMENT (Seq #2856 ) handlePacket
121128 182719.802|INFO|Thread-19|dumpPacket|  From: SERVER0 @ site 1
121128 182719.802|INFO|Thread-19|dumpPacket|    To: TEAM135 @ site 1
121128 182719.802|INFO|Thread-19|dumpPacket|   key: CLIENT_ID is: edu.csus.ecs.pc2.core.model.ClientId SERVER0 @ site 1
121128 182719.802|INFO|Thread-19|dumpPacket|   key: JUDGEMENT_RECORD is: edu.csus.ecs.pc2.core.model.JudgementRecord No by JUDGE2 @ site 1 judgement No - Wrong Answer-5846793662907817031 id JudgementRecord--5502150564663629431
121128 182719.802|INFO|Thread-19|dumpPacket|   key: RUN is: edu.csus.ecs.pc2.core.model.Run Run 61 JUDGED from TEAM135 @ site 1 id Run--5969440699949566024
121128 182722.202|INFO|Thread-19|info|handlePacket end Packet[RUN_JUDGEMENT] #2856 SERVER0 @ site 1 -> TEAM135 @ site 1
121128 182722.202|INFO|Thread-19|info| receiveObject(S) end   got Packet[RUN_JUDGEMENT] #2856 SERVER0 @ site 1 -> TEAM135 @ site 1
121128 183143.092|INFO|Thread-1|receive|public void receive(SealedObject TransportPacket, ConnectionHandlerID connectionHandlerID)
121128 183143.092|INFO|Thread-20|info| receiveObject(S) start got Packet[CLARIFICATION_ANSWER_UPDATE] #2972 SERVER0 @ site 1 -> SERVER0 @ site 0
121128 183143.092|INFO|Thread-20|dumpPacket|Packet CLARIFICATION_ANSWER_UPDATE (Seq #2972 ) recieveObject
121128 183143.092|INFO|Thread-20|dumpPacket|  From: SERVER0 @ site 1
121128 183143.092|INFO|Thread-20|dumpPacket|    To: SERVER0 @ site 0
121128 183143.092|INFO|Thread-20|dumpPacket|   key: CLARIFICATION is: edu.csus.ecs.pc2.core.model.Clarification Clarification 7 ANSWERED from TEAM465 @ site 1 at 28 id=Clarification--4588393834422772062
121128 183143.092|INFO|Thread-20|dumpPacket|   key: CLIENT_ID is: edu.csus.ecs.pc2.core.model.ClientId JUDGE3 @ site 1
121128 183143.092|INFO|Thread-20|dumpPacket|   key: CLARIFICATION_ANSWER is: java.lang.String output 
0 1 0 0 0 0 0
0 0 4 0 2 1 0 
121128 183143.092|INFO|Thread-20|info|handlePacket start Packet[CLARIFICATION_ANSWER_UPDATE] #2972 SERVER0 @ site 1 -> SERVER0 @ site 0
121128 183143.092|INFO|Thread-20|dumpPacket|Packet CLARIFICATION_ANSWER_UPDATE (Seq #2972 ) handlePacket
121128 183143.092|INFO|Thread-20|dumpPacket|  From: SERVER0 @ site 1
121128 183143.092|INFO|Thread-20|dumpPacket|    To: SERVER0 @ site 0
121128 183143.092|INFO|Thread-20|dumpPacket|   key: CLARIFICATION is: edu.csus.ecs.pc2.core.model.Clarification Clarification 7 ANSWERED from TEAM465 @ site 1 at 28 id=Clarification--4588393834422772062
121128 183143.092|INFO|Thread-20|dumpPacket|   key: CLIENT_ID is: edu.csus.ecs.pc2.core.model.ClientId JUDGE3 @ site 1
121128 183143.092|INFO|Thread-20|dumpPacket|   key: CLARIFICATION_ANSWER is: java.lang.String output 
0 1 0 0 0 0 0
0 0 4 0 2 1 0 
121128 183151.992|INFO|Thread-20|info|handlePacket end Packet[CLARIFICATION_ANSWER_UPDATE] #2972 SERVER0 @ site 1 -> SERVER0 @ site 0
121128 183151.992|INFO|Thread-20|info| receiveObject(S) end   got Packet[CLARIFICATION_ANSWER_UPDATE] #2972 SERVER0 @ site 1 -> SERVER0 @ site 0
121128 183303.132|INFO|Thread-1|receive|public void receive(SealedObject TransportPacket, ConnectionHandlerID connectionHandlerID)
121128 183303.132|INFO|Thread-21|info| receiveObject(S) start got Packet[CLARIFICATION_ANSWER_UPDATE] #3106 SERVER0 @ site 1 -> SERVER0 @ site 0
121128 183303.132|INFO|Thread-21|dumpPacket|Packet CLARIFICATION_ANSWER_UPDATE (Seq #3106 ) recieveObject
121128 183303.132|INFO|Thread-21|dumpPacket|  From: SERVER0 @ site 1
121128 183303.132|INFO|Thread-21|dumpPacket|    To: SERVER0 @ site 0
121128 183303.132|INFO|Thread-21|dumpPacket|   key: CLARIFICATION is: edu.csus.ecs.pc2.core.model.Clarification Clarification 5 ANSWERED from TEAM231 @ site 1 at 24 id=Clarification-5484418947410125425
121128 183303.132|INFO|Thread-21|dumpPacket|   key: CLIENT_ID is: edu.csus.ecs.pc2.core.model.ClientId JUDGE3 @ site 1
121128 183303.142|INFO|Thread-21|dumpPacket|   key: CLARIFICATION_ANSWER is: java.lang.String 小數第一位四捨五入至整數
121128 183303.142|INFO|Thread-21|info|handlePacket start Packet[CLARIFICATION_ANSWER_UPDATE] #3106 SERVER0 @ site 1 -> SERVER0 @ site 0
121128 183303.142|INFO|Thread-21|dumpPacket|Packet CLARIFICATION_ANSWER_UPDATE (Seq #3106 ) handlePacket
121128 183303.142|INFO|Thread-21|dumpPacket|  From: SERVER0 @ site 1
121128 183303.142|INFO|Thread-21|dumpPacket|    To: SERVER0 @ site 0
121128 183303.142|INFO|Thread-21|dumpPacket|   key: CLARIFICATION is: edu.csus.ecs.pc2.core.model.Clarification Clarification 5 ANSWERED from TEAM231 @ site 1 at 24 id=Clarification-5484418947410125425
121128 183303.142|INFO|Thread-21|dumpPacket|   key: CLIENT_ID is: edu.csus.ecs.pc2.core.model.ClientId JUDGE3 @ site 1
121128 183303.142|INFO|Thread-21|dumpPacket|   key: CLARIFICATION_ANSWER is: java.lang.String 小數第一位四捨五入至整數
121128 183306.072|INFO|Thread-21|info|handlePacket end Packet[CLARIFICATION_ANSWER_UPDATE] #3106 SERVER0 @ site 1 -> SERVER0 @ site 0
121128 183306.072|INFO|Thread-21|info| receiveObject(S) end   got Packet[CLARIFICATION_ANSWER_UPDATE] #3106 SERVER0 @ site 1 -> SERVER0 @ site 0
121128 184007.563|INFO|AWT-EventQueue-0|testOrSubmitRun|submitRun for Problem2 GNU C++ file: C:\Users\owner\Desktop\p2.cpp
121128 184007.563|INFO|AWT-EventQueue-0|sendToLocalServer|Sending packet to server Packet[RUN_SUBMISSION] #5 TEAM135 @ site 1 -> SERVER0 @ site 1
121128 184007.563|INFO|AWT-EventQueue-0|sendToLocalServer|Sent    packet to server Packet[RUN_SUBMISSION] #5 TEAM135 @ site 1 -> SERVER0 @ site 1
121128 184007.563|INFO|Thread-22|run|send(Serializable)
121128 184007.593|INFO|Thread-1|receive|public void receive(SealedObject TransportPacket, ConnectionHandlerID connectionHandlerID)
121128 184007.593|INFO|Thread-23|info| receiveObject(S) start got Packet[RUN_SUBMISSION_CONFIRM] #3422 SERVER0 @ site 1 -> TEAM135 @ site 1
121128 184007.593|INFO|Thread-23|dumpPacket|Packet RUN_SUBMISSION_CONFIRM (Seq #3422 ) recieveObject
121128 184007.593|INFO|Thread-23|dumpPacket|  From: SERVER0 @ site 1
121128 184007.593|INFO|Thread-23|dumpPacket|    To: TEAM135 @ site 1
121128 184007.593|INFO|Thread-23|dumpPacket|   key: RUN is: edu.csus.ecs.pc2.core.model.Run Run 99 NEW from TEAM135 @ site 1 id Run-449785384883516114
121128 184007.593|INFO|Thread-23|info|handlePacket start Packet[RUN_SUBMISSION_CONFIRM] #3422 SERVER0 @ site 1 -> TEAM135 @ site 1
121128 184007.593|INFO|Thread-23|dumpPacket|Packet RUN_SUBMISSION_CONFIRM (Seq #3422 ) handlePacket
121128 184007.603|INFO|Thread-23|dumpPacket|  From: SERVER0 @ site 1
121128 184007.603|INFO|Thread-23|dumpPacket|    To: TEAM135 @ site 1
121128 184007.603|INFO|Thread-23|dumpPacket|   key: RUN is: edu.csus.ecs.pc2.core.model.Run Run 99 NEW from TEAM135 @ site 1 id Run-449785384883516114
121128 184008.363|INFO|Thread-23|info|handlePacket end Packet[RUN_SUBMISSION_CONFIRM] #3422 SERVER0 @ site 1 -> TEAM135 @ site 1
121128 184008.363|INFO|Thread-23|info| receiveObject(S) end   got Packet[RUN_SUBMISSION_CONFIRM] #3422 SERVER0 @ site 1 -> TEAM135 @ site 1
121128 184129.823|INFO|Thread-1|receive|public void receive(SealedObject TransportPacket, ConnectionHandlerID connectionHandlerID)
121128 184129.823|INFO|Thread-24|info| receiveObject(S) start got Packet[RUN_JUDGEMENT] #3509 SERVER0 @ site 1 -> TEAM135 @ site 1
121128 184129.823|INFO|Thread-24|dumpPacket|Packet RUN_JUDGEMENT (Seq #3509 ) recieveObject
121128 184129.833|INFO|Thread-24|dumpPacket|  From: SERVER0 @ site 1
121128 184129.833|INFO|Thread-24|dumpPacket|    To: TEAM135 @ site 1
121128 184129.833|INFO|Thread-24|dumpPacket|   key: CLIENT_ID is: edu.csus.ecs.pc2.core.model.ClientId SERVER0 @ site 1
121128 184129.833|INFO|Thread-24|dumpPacket|   key: JUDGEMENT_RECORD is: edu.csus.ecs.pc2.core.model.JudgementRecord Yes by JUDGE1 @ site 1 judgement Yes-5113088299114819198 id JudgementRecord-1208974215334264591
121128 184129.833|INFO|Thread-24|dumpPacket|   key: RUN is: edu.csus.ecs.pc2.core.model.Run Run 99 JUDGED from TEAM135 @ site 1 id Run-449785384883516114
121128 184129.833|INFO|Thread-24|info|handlePacket start Packet[RUN_JUDGEMENT] #3509 SERVER0 @ site 1 -> TEAM135 @ site 1
121128 184129.833|INFO|Thread-24|dumpPacket|Packet RUN_JUDGEMENT (Seq #3509 ) handlePacket
121128 184129.833|INFO|Thread-24|dumpPacket|  From: SERVER0 @ site 1
121128 184129.833|INFO|Thread-24|dumpPacket|    To: TEAM135 @ site 1
121128 184129.833|INFO|Thread-24|dumpPacket|   key: CLIENT_ID is: edu.csus.ecs.pc2.core.model.ClientId SERVER0 @ site 1
121128 184129.833|INFO|Thread-24|dumpPacket|   key: JUDGEMENT_RECORD is: edu.csus.ecs.pc2.core.model.JudgementRecord Yes by JUDGE1 @ site 1 judgement Yes-5113088299114819198 id JudgementRecord-1208974215334264591
121128 184129.833|INFO|Thread-24|dumpPacket|   key: RUN is: edu.csus.ecs.pc2.core.model.Run Run 99 JUDGED from TEAM135 @ site 1 id Run-449785384883516114
121128 184131.123|INFO|Thread-24|info|handlePacket end Packet[RUN_JUDGEMENT] #3509 SERVER0 @ site 1 -> TEAM135 @ site 1
121128 184131.123|INFO|Thread-24|info| receiveObject(S) end   got Packet[RUN_JUDGEMENT] #3509 SERVER0 @ site 1 -> TEAM135 @ site 1
121128 184612.833|INFO|AWT-EventQueue-0|testOrSubmitRun|submitRun for Problem4 GNU C++ file: C:\Users\owner\Desktop\tmp.cpp
121128 184612.833|INFO|AWT-EventQueue-0|sendToLocalServer|Sending packet to server Packet[RUN_SUBMISSION] #6 TEAM135 @ site 1 -> SERVER0 @ site 1
121128 184612.833|INFO|AWT-EventQueue-0|sendToLocalServer|Sent    packet to server Packet[RUN_SUBMISSION] #6 TEAM135 @ site 1 -> SERVER0 @ site 1
121128 184612.833|INFO|Thread-25|run|send(Serializable)
121128 184612.873|INFO|Thread-1|receive|public void receive(SealedObject TransportPacket, ConnectionHandlerID connectionHandlerID)
121128 184612.873|INFO|Thread-26|info| receiveObject(S) start got Packet[RUN_SUBMISSION_CONFIRM] #3862 SERVER0 @ site 1 -> TEAM135 @ site 1
121128 184612.873|INFO|Thread-26|dumpPacket|Packet RUN_SUBMISSION_CONFIRM (Seq #3862 ) recieveObject
121128 184612.873|INFO|Thread-26|dumpPacket|  From: SERVER0 @ site 1
121128 184612.873|INFO|Thread-26|dumpPacket|    To: TEAM135 @ site 1
121128 184612.873|INFO|Thread-26|dumpPacket|   key: RUN is: edu.csus.ecs.pc2.core.model.Run Run 150 NEW from TEAM135 @ site 1 id Run--4024090508427113472
121128 184612.873|INFO|Thread-26|info|handlePacket start Packet[RUN_SUBMISSION_CONFIRM] #3862 SERVER0 @ site 1 -> TEAM135 @ site 1
121128 184612.873|INFO|Thread-26|dumpPacket|Packet RUN_SUBMISSION_CONFIRM (Seq #3862 ) handlePacket
121128 184612.873|INFO|Thread-26|dumpPacket|  From: SERVER0 @ site 1
121128 184612.873|INFO|Thread-26|dumpPacket|    To: TEAM135 @ site 1
121128 184612.873|INFO|Thread-26|dumpPacket|   key: RUN is: edu.csus.ecs.pc2.core.model.Run Run 150 NEW from TEAM135 @ site 1 id Run--4024090508427113472
121128 184613.693|INFO|Thread-26|info|handlePacket end Packet[RUN_SUBMISSION_CONFIRM] #3862 SERVER0 @ site 1 -> TEAM135 @ site 1
121128 184613.693|INFO|Thread-26|info| receiveObject(S) end   got Packet[RUN_SUBMISSION_CONFIRM] #3862 SERVER0 @ site 1 -> TEAM135 @ site 1
121128 184641.043|INFO|Thread-1|receive|public void receive(SealedObject TransportPacket, ConnectionHandlerID connectionHandlerID)
121128 184641.053|INFO|Thread-27|info| receiveObject(S) start got Packet[RUN_JUDGEMENT] #3892 SERVER0 @ site 1 -> TEAM135 @ site 1
121128 184641.053|INFO|Thread-27|dumpPacket|Packet RUN_JUDGEMENT (Seq #3892 ) recieveObject
121128 184641.053|INFO|Thread-27|dumpPacket|  From: SERVER0 @ site 1
121128 184641.053|INFO|Thread-27|dumpPacket|    To: TEAM135 @ site 1
121128 184641.053|INFO|Thread-27|dumpPacket|   key: CLIENT_ID is: edu.csus.ecs.pc2.core.model.ClientId SERVER0 @ site 1
121128 184641.053|INFO|Thread-27|dumpPacket|   key: JUDGEMENT_RECORD is: edu.csus.ecs.pc2.core.model.JudgementRecord No by JUDGE2 @ site 1 judgement No - Wrong Answer-5846793662907817031 id JudgementRecord-1745843789842701393
121128 184641.053|INFO|Thread-27|dumpPacket|   key: RUN is: edu.csus.ecs.pc2.core.model.Run Run 150 JUDGED from TEAM135 @ site 1 id Run--4024090508427113472
121128 184641.053|INFO|Thread-27|info|handlePacket start Packet[RUN_JUDGEMENT] #3892 SERVER0 @ site 1 -> TEAM135 @ site 1
121128 184641.053|INFO|Thread-27|dumpPacket|Packet RUN_JUDGEMENT (Seq #3892 ) handlePacket
121128 184641.053|INFO|Thread-27|dumpPacket|  From: SERVER0 @ site 1
121128 184641.053|INFO|Thread-27|dumpPacket|    To: TEAM135 @ site 1
121128 184641.053|INFO|Thread-27|dumpPacket|   key: CLIENT_ID is: edu.csus.ecs.pc2.core.model.ClientId SERVER0 @ site 1
121128 184641.053|INFO|Thread-27|dumpPacket|   key: JUDGEMENT_RECORD is: edu.csus.ecs.pc2.core.model.JudgementRecord No by JUDGE2 @ site 1 judgement No - Wrong Answer-5846793662907817031 id JudgementRecord-1745843789842701393
121128 184641.053|INFO|Thread-27|dumpPacket|   key: RUN is: edu.csus.ecs.pc2.core.model.Run Run 150 JUDGED from TEAM135 @ site 1 id Run--4024090508427113472
121128 184642.873|INFO|Thread-27|info|handlePacket end Packet[RUN_JUDGEMENT] #3892 SERVER0 @ site 1 -> TEAM135 @ site 1
121128 184642.873|INFO|Thread-27|info| receiveObject(S) end   got Packet[RUN_JUDGEMENT] #3892 SERVER0 @ site 1 -> TEAM135 @ site 1
121128 184912.280|INFO|Thread-1|receive|public void receive(SealedObject TransportPacket, ConnectionHandlerID connectionHandlerID)
121128 184912.280|INFO|Thread-28|info| receiveObject(S) start got Packet[UPDATE_SETTING] #4073 SERVER0 @ site 1 -> SERVER0 @ site 0
121128 184912.280|INFO|Thread-28|dumpPacket|Packet UPDATE_SETTING (Seq #4073 ) recieveObject
121128 184912.280|INFO|Thread-28|dumpPacket|  From: SERVER0 @ site 1
121128 184912.280|INFO|Thread-28|dumpPacket|    To: SERVER0 @ site 0
121128 184912.280|INFO|Thread-28|dumpPacket|   key: PROBLEM is: edu.csus.ecs.pc2.core.model.Problem Problem4
121128 184912.290|INFO|Thread-28|info|handlePacket start Packet[UPDATE_SETTING] #4073 SERVER0 @ site 1 -> SERVER0 @ site 0
121128 184912.290|INFO|Thread-28|dumpPacket|Packet UPDATE_SETTING (Seq #4073 ) handlePacket
121128 184912.290|INFO|Thread-28|dumpPacket|  From: SERVER0 @ site 1
121128 184912.290|INFO|Thread-28|dumpPacket|    To: SERVER0 @ site 0
121128 184912.290|INFO|Thread-28|dumpPacket|   key: PROBLEM is: edu.csus.ecs.pc2.core.model.Problem Problem4
121128 184912.290|INFO|Thread-28|info|handlePacket end Packet[UPDATE_SETTING] #4073 SERVER0 @ site 1 -> SERVER0 @ site 0
121128 184912.290|INFO|Thread-28|info| receiveObject(S) end   got Packet[UPDATE_SETTING] #4073 SERVER0 @ site 1 -> SERVER0 @ site 0
121128 184922.670|INFO|Thread-1|receive|public void receive(SealedObject TransportPacket, ConnectionHandlerID connectionHandlerID)
121128 184922.670|INFO|Thread-29|info| receiveObject(S) start got Packet[UPDATE_SETTING] #4089 SERVER0 @ site 1 -> SERVER0 @ site 0
121128 184922.670|INFO|Thread-29|dumpPacket|Packet UPDATE_SETTING (Seq #4089 ) recieveObject
121128 184922.670|INFO|Thread-29|dumpPacket|  From: SERVER0 @ site 1
121128 184922.670|INFO|Thread-29|dumpPacket|    To: SERVER0 @ site 0
121128 184922.670|INFO|Thread-29|dumpPacket|   key: PROBLEM is: edu.csus.ecs.pc2.core.model.Problem Problem4
121128 184922.670|INFO|Thread-29|info|handlePacket start Packet[UPDATE_SETTING] #4089 SERVER0 @ site 1 -> SERVER0 @ site 0
121128 184922.670|INFO|Thread-29|dumpPacket|Packet UPDATE_SETTING (Seq #4089 ) handlePacket
121128 184922.670|INFO|Thread-29|dumpPacket|  From: SERVER0 @ site 1
121128 184922.670|INFO|Thread-29|dumpPacket|    To: SERVER0 @ site 0
121128 184922.670|INFO|Thread-29|dumpPacket|   key: PROBLEM is: edu.csus.ecs.pc2.core.model.Problem Problem4
121128 184922.670|INFO|Thread-29|info|handlePacket end Packet[UPDATE_SETTING] #4089 SERVER0 @ site 1 -> SERVER0 @ site 0
121128 184922.670|INFO|Thread-29|info| receiveObject(S) end   got Packet[UPDATE_SETTING] #4089 SERVER0 @ site 1 -> SERVER0 @ site 0
121128 185015.580|INFO|Thread-1|receive|public void receive(SealedObject TransportPacket, ConnectionHandlerID connectionHandlerID)
121128 185015.580|INFO|Thread-30|info| receiveObject(S) start got Packet[CLARIFICATION_ANSWER_UPDATE] #4172 SERVER0 @ site 1 -> SERVER0 @ site 0
121128 185015.580|INFO|Thread-30|dumpPacket|Packet CLARIFICATION_ANSWER_UPDATE (Seq #4172 ) recieveObject
121128 185015.580|INFO|Thread-30|dumpPacket|  From: SERVER0 @ site 1
121128 185015.580|INFO|Thread-30|dumpPacket|    To: SERVER0 @ site 0
121128 185015.590|INFO|Thread-30|dumpPacket|   key: CLARIFICATION is: edu.csus.ecs.pc2.core.model.Clarification Clarification 12 ANSWERED from TEAM178 @ site 1 at 45 id=Clarification--1394200464706118868
121128 185015.590|INFO|Thread-30|dumpPacket|   key: CLIENT_ID is: edu.csus.ecs.pc2.core.model.ClientId JUDGE3 @ site 1
121128 185015.590|INFO|Thread-30|dumpPacket|   key: CLARIFICATION_ANSWER is: java.lang.String 測資已修正 請重新上傳
121128 185015.590|INFO|Thread-30|info|handlePacket start Packet[CLARIFICATION_ANSWER_UPDATE] #4172 SERVER0 @ site 1 -> SERVER0 @ site 0
121128 185015.590|INFO|Thread-30|dumpPacket|Packet CLARIFICATION_ANSWER_UPDATE (Seq #4172 ) handlePacket
121128 185015.590|INFO|Thread-30|dumpPacket|  From: SERVER0 @ site 1
121128 185015.590|INFO|Thread-30|dumpPacket|    To: SERVER0 @ site 0
121128 185015.590|INFO|Thread-30|dumpPacket|   key: CLARIFICATION is: edu.csus.ecs.pc2.core.model.Clarification Clarification 12 ANSWERED from TEAM178 @ site 1 at 45 id=Clarification--1394200464706118868
121128 185015.590|INFO|Thread-30|dumpPacket|   key: CLIENT_ID is: edu.csus.ecs.pc2.core.model.ClientId JUDGE3 @ site 1
121128 185015.590|INFO|Thread-30|dumpPacket|   key: CLARIFICATION_ANSWER is: java.lang.String 測資已修正 請重新上傳
121128 185021.710|INFO|Thread-30|info|handlePacket end Packet[CLARIFICATION_ANSWER_UPDATE] #4172 SERVER0 @ site 1 -> SERVER0 @ site 0
121128 185021.710|INFO|Thread-30|info| receiveObject(S) end   got Packet[CLARIFICATION_ANSWER_UPDATE] #4172 SERVER0 @ site 1 -> SERVER0 @ site 0
121128 185025.290|INFO|AWT-EventQueue-0|testOrSubmitRun|submitRun for Problem4 GNU C++ file: C:\Users\owner\Desktop\tmp.cpp
121128 185025.290|INFO|AWT-EventQueue-0|sendToLocalServer|Sending packet to server Packet[RUN_SUBMISSION] #7 TEAM135 @ site 1 -> SERVER0 @ site 1
121128 185025.290|INFO|AWT-EventQueue-0|sendToLocalServer|Sent    packet to server Packet[RUN_SUBMISSION] #7 TEAM135 @ site 1 -> SERVER0 @ site 1
121128 185025.290|INFO|Thread-31|run|send(Serializable)
121128 185025.330|INFO|Thread-1|receive|public void receive(SealedObject TransportPacket, ConnectionHandlerID connectionHandlerID)
121128 185025.340|INFO|Thread-32|info| receiveObject(S) start got Packet[RUN_SUBMISSION_CONFIRM] #4185 SERVER0 @ site 1 -> TEAM135 @ site 1
121128 185025.340|INFO|Thread-32|dumpPacket|Packet RUN_SUBMISSION_CONFIRM (Seq #4185 ) recieveObject
121128 185025.340|INFO|Thread-32|dumpPacket|  From: SERVER0 @ site 1
121128 185025.340|INFO|Thread-32|dumpPacket|    To: TEAM135 @ site 1
121128 185025.340|INFO|Thread-32|dumpPacket|   key: RUN is: edu.csus.ecs.pc2.core.model.Run Run 186 NEW from TEAM135 @ site 1 id Run-5063746382004509794
121128 185025.340|INFO|Thread-32|info|handlePacket start Packet[RUN_SUBMISSION_CONFIRM] #4185 SERVER0 @ site 1 -> TEAM135 @ site 1
121128 185025.340|INFO|Thread-32|dumpPacket|Packet RUN_SUBMISSION_CONFIRM (Seq #4185 ) handlePacket
121128 185025.340|INFO|Thread-32|dumpPacket|  From: SERVER0 @ site 1
121128 185025.340|INFO|Thread-32|dumpPacket|    To: TEAM135 @ site 1
121128 185025.340|INFO|Thread-32|dumpPacket|   key: RUN is: edu.csus.ecs.pc2.core.model.Run Run 186 NEW from TEAM135 @ site 1 id Run-5063746382004509794
121128 185026.160|INFO|Thread-32|info|handlePacket end Packet[RUN_SUBMISSION_CONFIRM] #4185 SERVER0 @ site 1 -> TEAM135 @ site 1
121128 185026.170|INFO|Thread-32|info| receiveObject(S) end   got Packet[RUN_SUBMISSION_CONFIRM] #4185 SERVER0 @ site 1 -> TEAM135 @ site 1
121128 185031.020|INFO|Thread-1|receive|public void receive(SealedObject TransportPacket, ConnectionHandlerID connectionHandlerID)
121128 185031.020|INFO|Thread-33|info| receiveObject(S) start got Packet[RUN_JUDGEMENT] #4197 SERVER0 @ site 1 -> TEAM135 @ site 1
121128 185031.020|INFO|Thread-33|dumpPacket|Packet RUN_JUDGEMENT (Seq #4197 ) recieveObject
121128 185031.020|INFO|Thread-33|dumpPacket|  From: SERVER0 @ site 1
121128 185031.020|INFO|Thread-33|dumpPacket|    To: TEAM135 @ site 1
121128 185031.020|INFO|Thread-33|dumpPacket|   key: CLIENT_ID is: edu.csus.ecs.pc2.core.model.ClientId SERVER0 @ site 1
121128 185031.020|INFO|Thread-33|dumpPacket|   key: JUDGEMENT_RECORD is: edu.csus.ecs.pc2.core.model.JudgementRecord No by JUDGE1 @ site 1 judgement No - Wrong Answer-5846793662907817031 id JudgementRecord--7003038889980317679
121128 185031.020|INFO|Thread-33|dumpPacket|   key: RUN is: edu.csus.ecs.pc2.core.model.Run Run 186 JUDGED from TEAM135 @ site 1 id Run-5063746382004509794
121128 185031.020|INFO|Thread-33|info|handlePacket start Packet[RUN_JUDGEMENT] #4197 SERVER0 @ site 1 -> TEAM135 @ site 1
121128 185031.020|INFO|Thread-33|dumpPacket|Packet RUN_JUDGEMENT (Seq #4197 ) handlePacket
121128 185031.020|INFO|Thread-33|dumpPacket|  From: SERVER0 @ site 1
121128 185031.020|INFO|Thread-33|dumpPacket|    To: TEAM135 @ site 1
121128 185031.020|INFO|Thread-33|dumpPacket|   key: CLIENT_ID is: edu.csus.ecs.pc2.core.model.ClientId SERVER0 @ site 1
121128 185031.020|INFO|Thread-33|dumpPacket|   key: JUDGEMENT_RECORD is: edu.csus.ecs.pc2.core.model.JudgementRecord No by JUDGE1 @ site 1 judgement No - Wrong Answer-5846793662907817031 id JudgementRecord--7003038889980317679
121128 185031.020|INFO|Thread-33|dumpPacket|   key: RUN is: edu.csus.ecs.pc2.core.model.Run Run 186 JUDGED from TEAM135 @ site 1 id Run-5063746382004509794
121128 185033.140|INFO|Thread-33|info|handlePacket end Packet[RUN_JUDGEMENT] #4197 SERVER0 @ site 1 -> TEAM135 @ site 1
121128 185033.140|INFO|Thread-33|info| receiveObject(S) end   got Packet[RUN_JUDGEMENT] #4197 SERVER0 @ site 1 -> TEAM135 @ site 1
121128 185044.920|INFO|AWT-EventQueue-0|testOrSubmitRun|submitRun for Problem4 GNU C++ file: C:\Users\owner\Desktop\p4.cpp
121128 185044.920|INFO|AWT-EventQueue-0|sendToLocalServer|Sending packet to server Packet[RUN_SUBMISSION] #8 TEAM135 @ site 1 -> SERVER0 @ site 1
121128 185044.920|INFO|AWT-EventQueue-0|sendToLocalServer|Sent    packet to server Packet[RUN_SUBMISSION] #8 TEAM135 @ site 1 -> SERVER0 @ site 1
121128 185044.920|INFO|Thread-34|run|send(Serializable)
121128 185044.950|INFO|Thread-1|receive|public void receive(SealedObject TransportPacket, ConnectionHandlerID connectionHandlerID)
121128 185044.960|INFO|Thread-35|info| receiveObject(S) start got Packet[RUN_SUBMISSION_CONFIRM] #4225 SERVER0 @ site 1 -> TEAM135 @ site 1
121128 185044.960|INFO|Thread-35|dumpPacket|Packet RUN_SUBMISSION_CONFIRM (Seq #4225 ) recieveObject
121128 185044.960|INFO|Thread-35|dumpPacket|  From: SERVER0 @ site 1
121128 185044.960|INFO|Thread-35|dumpPacket|    To: TEAM135 @ site 1
121128 185044.960|INFO|Thread-35|dumpPacket|   key: RUN is: edu.csus.ecs.pc2.core.model.Run Run 190 NEW from TEAM135 @ site 1 id Run-918348438028568368
121128 185044.960|INFO|Thread-35|info|handlePacket start Packet[RUN_SUBMISSION_CONFIRM] #4225 SERVER0 @ site 1 -> TEAM135 @ site 1
121128 185044.960|INFO|Thread-35|dumpPacket|Packet RUN_SUBMISSION_CONFIRM (Seq #4225 ) handlePacket
121128 185044.960|INFO|Thread-35|dumpPacket|  From: SERVER0 @ site 1
121128 185044.960|INFO|Thread-35|dumpPacket|    To: TEAM135 @ site 1
121128 185044.960|INFO|Thread-35|dumpPacket|   key: RUN is: edu.csus.ecs.pc2.core.model.Run Run 190 NEW from TEAM135 @ site 1 id Run-918348438028568368
121128 185045.730|INFO|Thread-35|info|handlePacket end Packet[RUN_SUBMISSION_CONFIRM] #4225 SERVER0 @ site 1 -> TEAM135 @ site 1
121128 185045.730|INFO|Thread-35|info| receiveObject(S) end   got Packet[RUN_SUBMISSION_CONFIRM] #4225 SERVER0 @ site 1 -> TEAM135 @ site 1
121128 185057.850|INFO|Thread-1|receive|public void receive(SealedObject TransportPacket, ConnectionHandlerID connectionHandlerID)
121128 185057.850|INFO|Thread-36|info| receiveObject(S) start got Packet[RUN_JUDGEMENT] #4241 SERVER0 @ site 1 -> TEAM135 @ site 1
121128 185057.850|INFO|Thread-36|dumpPacket|Packet RUN_JUDGEMENT (Seq #4241 ) recieveObject
121128 185057.850|INFO|Thread-36|dumpPacket|  From: SERVER0 @ site 1
121128 185057.850|INFO|Thread-36|dumpPacket|    To: TEAM135 @ site 1
121128 185057.850|INFO|Thread-36|dumpPacket|   key: CLIENT_ID is: edu.csus.ecs.pc2.core.model.ClientId SERVER0 @ site 1
121128 185057.850|INFO|Thread-36|dumpPacket|   key: JUDGEMENT_RECORD is: edu.csus.ecs.pc2.core.model.JudgementRecord Yes by JUDGE2 @ site 1 judgement Yes-5113088299114819198 id JudgementRecord-6229552735783070375
121128 185057.850|INFO|Thread-36|dumpPacket|   key: RUN is: edu.csus.ecs.pc2.core.model.Run Run 190 JUDGED from TEAM135 @ site 1 id Run-918348438028568368
121128 185057.850|INFO|Thread-36|info|handlePacket start Packet[RUN_JUDGEMENT] #4241 SERVER0 @ site 1 -> TEAM135 @ site 1
121128 185057.860|INFO|Thread-36|dumpPacket|Packet RUN_JUDGEMENT (Seq #4241 ) handlePacket
121128 185057.860|INFO|Thread-36|dumpPacket|  From: SERVER0 @ site 1
121128 185057.860|INFO|Thread-36|dumpPacket|    To: TEAM135 @ site 1
121128 185057.860|INFO|Thread-36|dumpPacket|   key: CLIENT_ID is: edu.csus.ecs.pc2.core.model.ClientId SERVER0 @ site 1
121128 185057.860|INFO|Thread-36|dumpPacket|   key: JUDGEMENT_RECORD is: edu.csus.ecs.pc2.core.model.JudgementRecord Yes by JUDGE2 @ site 1 judgement Yes-5113088299114819198 id JudgementRecord-6229552735783070375
121128 185057.860|INFO|Thread-36|dumpPacket|   key: RUN is: edu.csus.ecs.pc2.core.model.Run Run 190 JUDGED from TEAM135 @ site 1 id Run-918348438028568368
121128 185059.060|INFO|Thread-36|info|handlePacket end Packet[RUN_JUDGEMENT] #4241 SERVER0 @ site 1 -> TEAM135 @ site 1
121128 185059.060|INFO|Thread-36|info| receiveObject(S) end   got Packet[RUN_JUDGEMENT] #4241 SERVER0 @ site 1 -> TEAM135 @ site 1
121128 190814.634|INFO|AWT-EventQueue-0|testOrSubmitRun|submitRun for Problem3 GNU C++ file: C:\Users\owner\Desktop\p3.cpp
121128 190814.634|INFO|AWT-EventQueue-0|sendToLocalServer|Sending packet to server Packet[RUN_SUBMISSION] #9 TEAM135 @ site 1 -> SERVER0 @ site 1
121128 190814.634|INFO|AWT-EventQueue-0|sendToLocalServer|Sent    packet to server Packet[RUN_SUBMISSION] #9 TEAM135 @ site 1 -> SERVER0 @ site 1
121128 190814.634|INFO|Thread-37|run|send(Serializable)
121128 190814.714|INFO|Thread-1|receive|public void receive(SealedObject TransportPacket, ConnectionHandlerID connectionHandlerID)
121128 190814.714|INFO|Thread-38|info| receiveObject(S) start got Packet[RUN_SUBMISSION_CONFIRM] #5448 SERVER0 @ site 1 -> TEAM135 @ site 1
121128 190814.714|INFO|Thread-38|dumpPacket|Packet RUN_SUBMISSION_CONFIRM (Seq #5448 ) recieveObject
121128 190814.714|INFO|Thread-38|dumpPacket|  From: SERVER0 @ site 1
121128 190814.714|INFO|Thread-38|dumpPacket|    To: TEAM135 @ site 1
121128 190814.714|INFO|Thread-38|dumpPacket|   key: RUN is: edu.csus.ecs.pc2.core.model.Run Run 349 NEW from TEAM135 @ site 1 id Run--3505320164015237821
121128 190814.714|INFO|Thread-38|info|handlePacket start Packet[RUN_SUBMISSION_CONFIRM] #5448 SERVER0 @ site 1 -> TEAM135 @ site 1
121128 190814.714|INFO|Thread-38|dumpPacket|Packet RUN_SUBMISSION_CONFIRM (Seq #5448 ) handlePacket
121128 190814.714|INFO|Thread-38|dumpPacket|  From: SERVER0 @ site 1
121128 190814.714|INFO|Thread-38|dumpPacket|    To: TEAM135 @ site 1
121128 190814.714|INFO|Thread-38|dumpPacket|   key: RUN is: edu.csus.ecs.pc2.core.model.Run Run 349 NEW from TEAM135 @ site 1 id Run--3505320164015237821
121128 190815.504|INFO|Thread-38|info|handlePacket end Packet[RUN_SUBMISSION_CONFIRM] #5448 SERVER0 @ site 1 -> TEAM135 @ site 1
121128 190815.504|INFO|Thread-38|info| receiveObject(S) end   got Packet[RUN_SUBMISSION_CONFIRM] #5448 SERVER0 @ site 1 -> TEAM135 @ site 1
121128 190824.004|INFO|Thread-1|receive|public void receive(SealedObject TransportPacket, ConnectionHandlerID connectionHandlerID)
121128 190824.004|INFO|Thread-39|info| receiveObject(S) start got Packet[RUN_JUDGEMENT] #5462 SERVER0 @ site 1 -> TEAM135 @ site 1
121128 190824.004|INFO|Thread-39|dumpPacket|Packet RUN_JUDGEMENT (Seq #5462 ) recieveObject
121128 190824.004|INFO|Thread-39|dumpPacket|  From: SERVER0 @ site 1
121128 190824.004|INFO|Thread-39|dumpPacket|    To: TEAM135 @ site 1
121128 190824.004|INFO|Thread-39|dumpPacket|   key: CLIENT_ID is: edu.csus.ecs.pc2.core.model.ClientId SERVER0 @ site 1
121128 190824.004|INFO|Thread-39|dumpPacket|   key: JUDGEMENT_RECORD is: edu.csus.ecs.pc2.core.model.JudgementRecord No by JUDGE2 @ site 1 judgement No - Wrong Answer-5846793662907817031 id JudgementRecord-163072137738630016
121128 190824.004|INFO|Thread-39|dumpPacket|   key: RUN is: edu.csus.ecs.pc2.core.model.Run Run 349 JUDGED from TEAM135 @ site 1 id Run--3505320164015237821
121128 190824.004|INFO|Thread-39|info|handlePacket start Packet[RUN_JUDGEMENT] #5462 SERVER0 @ site 1 -> TEAM135 @ site 1
121128 190824.004|INFO|Thread-39|dumpPacket|Packet RUN_JUDGEMENT (Seq #5462 ) handlePacket
121128 190824.004|INFO|Thread-39|dumpPacket|  From: SERVER0 @ site 1
121128 190824.004|INFO|Thread-39|dumpPacket|    To: TEAM135 @ site 1
121128 190824.014|INFO|Thread-39|dumpPacket|   key: CLIENT_ID is: edu.csus.ecs.pc2.core.model.ClientId SERVER0 @ site 1
121128 190824.014|INFO|Thread-39|dumpPacket|   key: JUDGEMENT_RECORD is: edu.csus.ecs.pc2.core.model.JudgementRecord No by JUDGE2 @ site 1 judgement No - Wrong Answer-5846793662907817031 id JudgementRecord-163072137738630016
121128 190824.014|INFO|Thread-39|dumpPacket|   key: RUN is: edu.csus.ecs.pc2.core.model.Run Run 349 JUDGED from TEAM135 @ site 1 id Run--3505320164015237821
121128 190826.744|INFO|Thread-39|info|handlePacket end Packet[RUN_JUDGEMENT] #5462 SERVER0 @ site 1 -> TEAM135 @ site 1
121128 190826.744|INFO|Thread-39|info| receiveObject(S) end   got Packet[RUN_JUDGEMENT] #5462 SERVER0 @ site 1 -> TEAM135 @ site 1
121128 191420.875|INFO|AWT-EventQueue-0|testOrSubmitRun|submitRun for Problem3 GNU C++ file: C:\Users\owner\Desktop\p3.cpp
121128 191420.875|INFO|AWT-EventQueue-0|sendToLocalServer|Sending packet to server Packet[RUN_SUBMISSION] #10 TEAM135 @ site 1 -> SERVER0 @ site 1
121128 191420.875|INFO|AWT-EventQueue-0|sendToLocalServer|Sent    packet to server Packet[RUN_SUBMISSION] #10 TEAM135 @ site 1 -> SERVER0 @ site 1
121128 191420.875|INFO|Thread-40|run|send(Serializable)
121128 191420.955|INFO|Thread-1|receive|public void receive(SealedObject TransportPacket, ConnectionHandlerID connectionHandlerID)
121128 191420.955|INFO|Thread-41|info| receiveObject(S) start got Packet[RUN_SUBMISSION_CONFIRM] #5920 SERVER0 @ site 1 -> TEAM135 @ site 1
121128 191420.955|INFO|Thread-41|dumpPacket|Packet RUN_SUBMISSION_CONFIRM (Seq #5920 ) recieveObject
121128 191420.955|INFO|Thread-41|dumpPacket|  From: SERVER0 @ site 1
121128 191420.955|INFO|Thread-41|dumpPacket|    To: TEAM135 @ site 1
121128 191420.955|INFO|Thread-41|dumpPacket|   key: RUN is: edu.csus.ecs.pc2.core.model.Run Run 409 NEW from TEAM135 @ site 1 id Run-5570648023133024421
121128 191420.955|INFO|Thread-41|info|handlePacket start Packet[RUN_SUBMISSION_CONFIRM] #5920 SERVER0 @ site 1 -> TEAM135 @ site 1
121128 191420.955|INFO|Thread-41|dumpPacket|Packet RUN_SUBMISSION_CONFIRM (Seq #5920 ) handlePacket
121128 191420.955|INFO|Thread-41|dumpPacket|  From: SERVER0 @ site 1
121128 191420.955|INFO|Thread-41|dumpPacket|    To: TEAM135 @ site 1
121128 191420.955|INFO|Thread-41|dumpPacket|   key: RUN is: edu.csus.ecs.pc2.core.model.Run Run 409 NEW from TEAM135 @ site 1 id Run-5570648023133024421
121128 191421.635|INFO|Thread-41|info|handlePacket end Packet[RUN_SUBMISSION_CONFIRM] #5920 SERVER0 @ site 1 -> TEAM135 @ site 1
121128 191421.635|INFO|Thread-41|info| receiveObject(S) end   got Packet[RUN_SUBMISSION_CONFIRM] #5920 SERVER0 @ site 1 -> TEAM135 @ site 1
121128 191447.155|INFO|Thread-1|receive|public void receive(SealedObject TransportPacket, ConnectionHandlerID connectionHandlerID)
121128 191447.155|INFO|Thread-42|info| receiveObject(S) start got Packet[RUN_JUDGEMENT] #5965 SERVER0 @ site 1 -> TEAM135 @ site 1
121128 191447.155|INFO|Thread-42|dumpPacket|Packet RUN_JUDGEMENT (Seq #5965 ) recieveObject
121128 191447.165|INFO|Thread-42|dumpPacket|  From: SERVER0 @ site 1
121128 191447.165|INFO|Thread-42|dumpPacket|    To: TEAM135 @ site 1
121128 191447.165|INFO|Thread-42|dumpPacket|   key: CLIENT_ID is: edu.csus.ecs.pc2.core.model.ClientId SERVER0 @ site 1
121128 191447.165|INFO|Thread-42|dumpPacket|   key: JUDGEMENT_RECORD is: edu.csus.ecs.pc2.core.model.JudgementRecord No by JUDGE4 @ site 1 judgement No - Wrong Answer-5846793662907817031 id JudgementRecord--4115144025726739
121128 191447.165|INFO|Thread-42|dumpPacket|   key: RUN is: edu.csus.ecs.pc2.core.model.Run Run 409 JUDGED from TEAM135 @ site 1 id Run-5570648023133024421
121128 191447.165|INFO|Thread-42|info|handlePacket start Packet[RUN_JUDGEMENT] #5965 SERVER0 @ site 1 -> TEAM135 @ site 1
121128 191447.165|INFO|Thread-42|dumpPacket|Packet RUN_JUDGEMENT (Seq #5965 ) handlePacket
121128 191447.165|INFO|Thread-42|dumpPacket|  From: SERVER0 @ site 1
121128 191447.165|INFO|Thread-42|dumpPacket|    To: TEAM135 @ site 1
121128 191447.165|INFO|Thread-42|dumpPacket|   key: CLIENT_ID is: edu.csus.ecs.pc2.core.model.ClientId SERVER0 @ site 1
121128 191447.165|INFO|Thread-42|dumpPacket|   key: JUDGEMENT_RECORD is: edu.csus.ecs.pc2.core.model.JudgementRecord No by JUDGE4 @ site 1 judgement No - Wrong Answer-5846793662907817031 id JudgementRecord--4115144025726739
121128 191447.165|INFO|Thread-42|dumpPacket|   key: RUN is: edu.csus.ecs.pc2.core.model.Run Run 409 JUDGED from TEAM135 @ site 1 id Run-5570648023133024421
121128 191449.465|INFO|Thread-42|info|handlePacket end Packet[RUN_JUDGEMENT] #5965 SERVER0 @ site 1 -> TEAM135 @ site 1
121128 191449.465|INFO|Thread-42|info| receiveObject(S) end   got Packet[RUN_JUDGEMENT] #5965 SERVER0 @ site 1 -> TEAM135 @ site 1
121128 191542.855|INFO|AWT-EventQueue-0|testOrSubmitRun|submitRun for Problem3 GNU C++ file: C:\Users\owner\Desktop\p3.cpp
121128 191542.855|INFO|AWT-EventQueue-0|sendToLocalServer|Sending packet to server Packet[RUN_SUBMISSION] #11 TEAM135 @ site 1 -> SERVER0 @ site 1
121128 191542.855|INFO|AWT-EventQueue-0|sendToLocalServer|Sent    packet to server Packet[RUN_SUBMISSION] #11 TEAM135 @ site 1 -> SERVER0 @ site 1
121128 191542.855|INFO|Thread-43|run|send(Serializable)
121128 191542.915|INFO|Thread-1|receive|public void receive(SealedObject TransportPacket, ConnectionHandlerID connectionHandlerID)
121128 191542.915|INFO|Thread-44|info| receiveObject(S) start got Packet[RUN_SUBMISSION_CONFIRM] #6050 SERVER0 @ site 1 -> TEAM135 @ site 1
121128 191542.915|INFO|Thread-44|dumpPacket|Packet RUN_SUBMISSION_CONFIRM (Seq #6050 ) recieveObject
121128 191542.915|INFO|Thread-44|dumpPacket|  From: SERVER0 @ site 1
121128 191542.915|INFO|Thread-44|dumpPacket|    To: TEAM135 @ site 1
121128 191542.915|INFO|Thread-44|dumpPacket|   key: RUN is: edu.csus.ecs.pc2.core.model.Run Run 431 NEW from TEAM135 @ site 1 id Run--4520209688992939088
121128 191542.915|INFO|Thread-44|info|handlePacket start Packet[RUN_SUBMISSION_CONFIRM] #6050 SERVER0 @ site 1 -> TEAM135 @ site 1
121128 191542.915|INFO|Thread-44|dumpPacket|Packet RUN_SUBMISSION_CONFIRM (Seq #6050 ) handlePacket
121128 191542.915|INFO|Thread-44|dumpPacket|  From: SERVER0 @ site 1
121128 191542.915|INFO|Thread-44|dumpPacket|    To: TEAM135 @ site 1
121128 191542.915|INFO|Thread-44|dumpPacket|   key: RUN is: edu.csus.ecs.pc2.core.model.Run Run 431 NEW from TEAM135 @ site 1 id Run--4520209688992939088
121128 191543.665|INFO|Thread-44|info|handlePacket end Packet[RUN_SUBMISSION_CONFIRM] #6050 SERVER0 @ site 1 -> TEAM135 @ site 1
121128 191543.665|INFO|Thread-44|info| receiveObject(S) end   got Packet[RUN_SUBMISSION_CONFIRM] #6050 SERVER0 @ site 1 -> TEAM135 @ site 1
121128 191559.625|INFO|AWT-EventQueue-0|testOrSubmitRun|submitRun for Problem3 GNU C++ file: C:\Users\owner\Desktop\p3.cpp
121128 191559.635|INFO|AWT-EventQueue-0|sendToLocalServer|Sending packet to server Packet[RUN_SUBMISSION] #12 TEAM135 @ site 1 -> SERVER0 @ site 1
121128 191559.635|INFO|AWT-EventQueue-0|sendToLocalServer|Sent    packet to server Packet[RUN_SUBMISSION] #12 TEAM135 @ site 1 -> SERVER0 @ site 1
121128 191559.635|INFO|Thread-45|run|send(Serializable)
121128 191559.705|INFO|Thread-1|receive|public void receive(SealedObject TransportPacket, ConnectionHandlerID connectionHandlerID)
121128 191559.705|INFO|Thread-46|info| receiveObject(S) start got Packet[RUN_SUBMISSION_CONFIRM] #6067 SERVER0 @ site 1 -> TEAM135 @ site 1
121128 191559.705|INFO|Thread-46|dumpPacket|Packet RUN_SUBMISSION_CONFIRM (Seq #6067 ) recieveObject
121128 191559.705|INFO|Thread-46|dumpPacket|  From: SERVER0 @ site 1
121128 191559.705|INFO|Thread-46|dumpPacket|    To: TEAM135 @ site 1
121128 191559.705|INFO|Thread-46|dumpPacket|   key: RUN is: edu.csus.ecs.pc2.core.model.Run Run 435 NEW from TEAM135 @ site 1 id Run--7745192467880646024
121128 191559.705|INFO|Thread-46|info|handlePacket start Packet[RUN_SUBMISSION_CONFIRM] #6067 SERVER0 @ site 1 -> TEAM135 @ site 1
121128 191559.705|INFO|Thread-46|dumpPacket|Packet RUN_SUBMISSION_CONFIRM (Seq #6067 ) handlePacket
121128 191559.705|INFO|Thread-46|dumpPacket|  From: SERVER0 @ site 1
121128 191559.705|INFO|Thread-46|dumpPacket|    To: TEAM135 @ site 1
121128 191559.705|INFO|Thread-46|dumpPacket|   key: RUN is: edu.csus.ecs.pc2.core.model.Run Run 435 NEW from TEAM135 @ site 1 id Run--7745192467880646024
121128 191600.385|INFO|Thread-46|info|handlePacket end Packet[RUN_SUBMISSION_CONFIRM] #6067 SERVER0 @ site 1 -> TEAM135 @ site 1
121128 191600.385|INFO|Thread-46|info| receiveObject(S) end   got Packet[RUN_SUBMISSION_CONFIRM] #6067 SERVER0 @ site 1 -> TEAM135 @ site 1
121128 191614.845|INFO|Thread-1|receive|public void receive(SealedObject TransportPacket, ConnectionHandlerID connectionHandlerID)
121128 191614.845|INFO|Thread-47|info| receiveObject(S) start got Packet[RUN_JUDGEMENT] #6087 SERVER0 @ site 1 -> TEAM135 @ site 1
121128 191614.845|INFO|Thread-47|dumpPacket|Packet RUN_JUDGEMENT (Seq #6087 ) recieveObject
121128 191614.845|INFO|Thread-47|dumpPacket|  From: SERVER0 @ site 1
121128 191614.845|INFO|Thread-47|dumpPacket|    To: TEAM135 @ site 1
121128 191614.845|INFO|Thread-47|dumpPacket|   key: CLIENT_ID is: edu.csus.ecs.pc2.core.model.ClientId SERVER0 @ site 1
121128 191614.845|INFO|Thread-47|dumpPacket|   key: JUDGEMENT_RECORD is: edu.csus.ecs.pc2.core.model.JudgementRecord No by JUDGE4 @ site 1 judgement No - Wrong Answer-5846793662907817031 id JudgementRecord-755652942104100050
121128 191614.845|INFO|Thread-47|dumpPacket|   key: RUN is: edu.csus.ecs.pc2.core.model.Run Run 431 JUDGED from TEAM135 @ site 1 id Run--4520209688992939088
121128 191614.845|INFO|Thread-47|info|handlePacket start Packet[RUN_JUDGEMENT] #6087 SERVER0 @ site 1 -> TEAM135 @ site 1
121128 191614.845|INFO|Thread-47|dumpPacket|Packet RUN_JUDGEMENT (Seq #6087 ) handlePacket
121128 191614.845|INFO|Thread-47|dumpPacket|  From: SERVER0 @ site 1
121128 191614.845|INFO|Thread-47|dumpPacket|    To: TEAM135 @ site 1
121128 191614.845|INFO|Thread-47|dumpPacket|   key: CLIENT_ID is: edu.csus.ecs.pc2.core.model.ClientId SERVER0 @ site 1
121128 191614.845|INFO|Thread-47|dumpPacket|   key: JUDGEMENT_RECORD is: edu.csus.ecs.pc2.core.model.JudgementRecord No by JUDGE4 @ site 1 judgement No - Wrong Answer-5846793662907817031 id JudgementRecord-755652942104100050
121128 191614.845|INFO|Thread-47|dumpPacket|   key: RUN is: edu.csus.ecs.pc2.core.model.Run Run 431 JUDGED from TEAM135 @ site 1 id Run--4520209688992939088
121128 191616.345|INFO|Thread-47|info|handlePacket end Packet[RUN_JUDGEMENT] #6087 SERVER0 @ site 1 -> TEAM135 @ site 1
121128 191616.345|INFO|Thread-47|info| receiveObject(S) end   got Packet[RUN_JUDGEMENT] #6087 SERVER0 @ site 1 -> TEAM135 @ site 1
121128 191629.085|INFO|Thread-1|receive|public void receive(SealedObject TransportPacket, ConnectionHandlerID connectionHandlerID)
121128 191629.085|INFO|Thread-48|info| receiveObject(S) start got Packet[RUN_JUDGEMENT] #6111 SERVER0 @ site 1 -> TEAM135 @ site 1
121128 191629.095|INFO|Thread-48|dumpPacket|Packet RUN_JUDGEMENT (Seq #6111 ) recieveObject
121128 191629.095|INFO|Thread-48|dumpPacket|  From: SERVER0 @ site 1
121128 191629.095|INFO|Thread-48|dumpPacket|    To: TEAM135 @ site 1
121128 191629.095|INFO|Thread-48|dumpPacket|   key: CLIENT_ID is: edu.csus.ecs.pc2.core.model.ClientId SERVER0 @ site 1
121128 191629.095|INFO|Thread-48|dumpPacket|   key: JUDGEMENT_RECORD is: edu.csus.ecs.pc2.core.model.JudgementRecord No by JUDGE2 @ site 1 judgement No - Wrong Answer-5846793662907817031 id JudgementRecord--2937813961856061553
121128 191629.095|INFO|Thread-48|dumpPacket|   key: RUN is: edu.csus.ecs.pc2.core.model.Run Run 435 JUDGED from TEAM135 @ site 1 id Run--7745192467880646024
121128 191629.095|INFO|Thread-48|info|handlePacket start Packet[RUN_JUDGEMENT] #6111 SERVER0 @ site 1 -> TEAM135 @ site 1
121128 191629.095|INFO|Thread-48|dumpPacket|Packet RUN_JUDGEMENT (Seq #6111 ) handlePacket
121128 191629.095|INFO|Thread-48|dumpPacket|  From: SERVER0 @ site 1
121128 191629.095|INFO|Thread-48|dumpPacket|    To: TEAM135 @ site 1
121128 191629.095|INFO|Thread-48|dumpPacket|   key: CLIENT_ID is: edu.csus.ecs.pc2.core.model.ClientId SERVER0 @ site 1
121128 191629.095|INFO|Thread-48|dumpPacket|   key: JUDGEMENT_RECORD is: edu.csus.ecs.pc2.core.model.JudgementRecord No by JUDGE2 @ site 1 judgement No - Wrong Answer-5846793662907817031 id JudgementRecord--2937813961856061553
121128 191629.095|INFO|Thread-48|dumpPacket|   key: RUN is: edu.csus.ecs.pc2.core.model.Run Run 435 JUDGED from TEAM135 @ site 1 id Run--7745192467880646024
121128 191630.665|INFO|Thread-48|info|handlePacket end Packet[RUN_JUDGEMENT] #6111 SERVER0 @ site 1 -> TEAM135 @ site 1
121128 191630.665|INFO|Thread-48|info| receiveObject(S) end   got Packet[RUN_JUDGEMENT] #6111 SERVER0 @ site 1 -> TEAM135 @ site 1
121128 192124.375|INFO|AWT-EventQueue-0|testOrSubmitRun|submitRun for Problem3 GNU C++ file: C:\Users\owner\Desktop\p3.cpp
121128 192124.375|INFO|AWT-EventQueue-0|sendToLocalServer|Sending packet to server Packet[RUN_SUBMISSION] #13 TEAM135 @ site 1 -> SERVER0 @ site 1
121128 192124.375|INFO|AWT-EventQueue-0|sendToLocalServer|Sent    packet to server Packet[RUN_SUBMISSION] #13 TEAM135 @ site 1 -> SERVER0 @ site 1
121128 192124.375|INFO|Thread-49|run|send(Serializable)
121128 192124.475|INFO|Thread-1|receive|public void receive(SealedObject TransportPacket, ConnectionHandlerID connectionHandlerID)
121128 192124.475|INFO|Thread-50|info| receiveObject(S) start got Packet[RUN_SUBMISSION_CONFIRM] #6423 SERVER0 @ site 1 -> TEAM135 @ site 1
121128 192124.475|INFO|Thread-50|dumpPacket|Packet RUN_SUBMISSION_CONFIRM (Seq #6423 ) recieveObject
121128 192124.475|INFO|Thread-50|dumpPacket|  From: SERVER0 @ site 1
121128 192124.475|INFO|Thread-50|dumpPacket|    To: TEAM135 @ site 1
121128 192124.475|INFO|Thread-50|dumpPacket|   key: RUN is: edu.csus.ecs.pc2.core.model.Run Run 482 NEW from TEAM135 @ site 1 id Run--3098426757990725751
121128 192124.475|INFO|Thread-50|info|handlePacket start Packet[RUN_SUBMISSION_CONFIRM] #6423 SERVER0 @ site 1 -> TEAM135 @ site 1
121128 192124.475|INFO|Thread-50|dumpPacket|Packet RUN_SUBMISSION_CONFIRM (Seq #6423 ) handlePacket
121128 192124.475|INFO|Thread-50|dumpPacket|  From: SERVER0 @ site 1
121128 192124.475|INFO|Thread-50|dumpPacket|    To: TEAM135 @ site 1
121128 192124.475|INFO|Thread-50|dumpPacket|   key: RUN is: edu.csus.ecs.pc2.core.model.Run Run 482 NEW from TEAM135 @ site 1 id Run--3098426757990725751
121128 192125.225|INFO|Thread-50|info|handlePacket end Packet[RUN_SUBMISSION_CONFIRM] #6423 SERVER0 @ site 1 -> TEAM135 @ site 1
121128 192125.225|INFO|Thread-50|info| receiveObject(S) end   got Packet[RUN_SUBMISSION_CONFIRM] #6423 SERVER0 @ site 1 -> TEAM135 @ site 1
121128 192138.385|INFO|Thread-1|receive|public void receive(SealedObject TransportPacket, ConnectionHandlerID connectionHandlerID)
121128 192138.385|INFO|Thread-51|info| receiveObject(S) start got Packet[RUN_JUDGEMENT] #6445 SERVER0 @ site 1 -> TEAM135 @ site 1
121128 192138.385|INFO|Thread-51|dumpPacket|Packet RUN_JUDGEMENT (Seq #6445 ) recieveObject
121128 192138.385|INFO|Thread-51|dumpPacket|  From: SERVER0 @ site 1
121128 192138.385|INFO|Thread-51|dumpPacket|    To: TEAM135 @ site 1
121128 192138.385|INFO|Thread-51|dumpPacket|   key: CLIENT_ID is: edu.csus.ecs.pc2.core.model.ClientId SERVER0 @ site 1
121128 192138.385|INFO|Thread-51|dumpPacket|   key: JUDGEMENT_RECORD is: edu.csus.ecs.pc2.core.model.JudgementRecord Yes by JUDGE4 @ site 1 judgement Yes-5113088299114819198 id JudgementRecord-1728399057367057256
121128 192138.385|INFO|Thread-51|dumpPacket|   key: RUN is: edu.csus.ecs.pc2.core.model.Run Run 482 JUDGED from TEAM135 @ site 1 id Run--3098426757990725751
121128 192138.385|INFO|Thread-51|info|handlePacket start Packet[RUN_JUDGEMENT] #6445 SERVER0 @ site 1 -> TEAM135 @ site 1
121128 192138.385|INFO|Thread-51|dumpPacket|Packet RUN_JUDGEMENT (Seq #6445 ) handlePacket
121128 192138.385|INFO|Thread-51|dumpPacket|  From: SERVER0 @ site 1
121128 192138.385|INFO|Thread-51|dumpPacket|    To: TEAM135 @ site 1
121128 192138.385|INFO|Thread-51|dumpPacket|   key: CLIENT_ID is: edu.csus.ecs.pc2.core.model.ClientId SERVER0 @ site 1
121128 192138.385|INFO|Thread-51|dumpPacket|   key: JUDGEMENT_RECORD is: edu.csus.ecs.pc2.core.model.JudgementRecord Yes by JUDGE4 @ site 1 judgement Yes-5113088299114819198 id JudgementRecord-1728399057367057256
121128 192138.385|INFO|Thread-51|dumpPacket|   key: RUN is: edu.csus.ecs.pc2.core.model.Run Run 482 JUDGED from TEAM135 @ site 1 id Run--3098426757990725751
121128 192139.805|INFO|Thread-51|info|handlePacket end Packet[RUN_JUDGEMENT] #6445 SERVER0 @ site 1 -> TEAM135 @ site 1
121128 192139.805|INFO|Thread-51|info| receiveObject(S) end   got Packet[RUN_JUDGEMENT] #6445 SERVER0 @ site 1 -> TEAM135 @ site 1
121128 192900.296|INFO|AWT-EventQueue-0|testOrSubmitRun|submitRun for Problem1 GNU C++ file: C:\Users\owner\Desktop\pa.cpp
121128 192900.296|INFO|AWT-EventQueue-0|sendToLocalServer|Sending packet to server Packet[RUN_SUBMISSION] #14 TEAM135 @ site 1 -> SERVER0 @ site 1
121128 192900.296|INFO|AWT-EventQueue-0|sendToLocalServer|Sent    packet to server Packet[RUN_SUBMISSION] #14 TEAM135 @ site 1 -> SERVER0 @ site 1
121128 192900.296|INFO|Thread-52|run|send(Serializable)
121128 192900.396|INFO|Thread-1|receive|public void receive(SealedObject TransportPacket, ConnectionHandlerID connectionHandlerID)
121128 192900.396|INFO|Thread-53|info| receiveObject(S) start got Packet[RUN_SUBMISSION_CONFIRM] #7023 SERVER0 @ site 1 -> TEAM135 @ site 1
121128 192900.396|INFO|Thread-53|dumpPacket|Packet RUN_SUBMISSION_CONFIRM (Seq #7023 ) recieveObject
121128 192900.396|INFO|Thread-53|dumpPacket|  From: SERVER0 @ site 1
121128 192900.396|INFO|Thread-53|dumpPacket|    To: TEAM135 @ site 1
121128 192900.396|INFO|Thread-53|dumpPacket|   key: RUN is: edu.csus.ecs.pc2.core.model.Run Run 574 NEW from TEAM135 @ site 1 id Run--7038069799559794734
121128 192900.396|INFO|Thread-53|info|handlePacket start Packet[RUN_SUBMISSION_CONFIRM] #7023 SERVER0 @ site 1 -> TEAM135 @ site 1
121128 192900.396|INFO|Thread-53|dumpPacket|Packet RUN_SUBMISSION_CONFIRM (Seq #7023 ) handlePacket
121128 192900.396|INFO|Thread-53|dumpPacket|  From: SERVER0 @ site 1
121128 192900.396|INFO|Thread-53|dumpPacket|    To: TEAM135 @ site 1
121128 192900.396|INFO|Thread-53|dumpPacket|   key: RUN is: edu.csus.ecs.pc2.core.model.Run Run 574 NEW from TEAM135 @ site 1 id Run--7038069799559794734
121128 192901.906|INFO|Thread-53|info|handlePacket end Packet[RUN_SUBMISSION_CONFIRM] #7023 SERVER0 @ site 1 -> TEAM135 @ site 1
121128 192901.906|INFO|Thread-53|info| receiveObject(S) end   got Packet[RUN_SUBMISSION_CONFIRM] #7023 SERVER0 @ site 1 -> TEAM135 @ site 1
121128 192928.276|INFO|AWT-EventQueue-0|testOrSubmitRun|submitRun for Problem1 GNU C++ file: C:\Users\owner\Desktop\pa.cpp
121128 192928.276|INFO|AWT-EventQueue-0|sendToLocalServer|Sending packet to server Packet[RUN_SUBMISSION] #15 TEAM135 @ site 1 -> SERVER0 @ site 1
121128 192928.276|INFO|AWT-EventQueue-0|sendToLocalServer|Sent    packet to server Packet[RUN_SUBMISSION] #15 TEAM135 @ site 1 -> SERVER0 @ site 1
121128 192928.276|INFO|Thread-54|run|send(Serializable)
121128 192928.346|INFO|Thread-1|receive|public void receive(SealedObject TransportPacket, ConnectionHandlerID connectionHandlerID)
121128 192928.346|INFO|Thread-55|info| receiveObject(S) start got Packet[RUN_SUBMISSION_CONFIRM] #7067 SERVER0 @ site 1 -> TEAM135 @ site 1
121128 192928.346|INFO|Thread-55|dumpPacket|Packet RUN_SUBMISSION_CONFIRM (Seq #7067 ) recieveObject
121128 192928.346|INFO|Thread-55|dumpPacket|  From: SERVER0 @ site 1
121128 192928.346|INFO|Thread-55|dumpPacket|    To: TEAM135 @ site 1
121128 192928.346|INFO|Thread-55|dumpPacket|   key: RUN is: edu.csus.ecs.pc2.core.model.Run Run 578 NEW from TEAM135 @ site 1 id Run-3777491193161408991
121128 192928.346|INFO|Thread-55|info|handlePacket start Packet[RUN_SUBMISSION_CONFIRM] #7067 SERVER0 @ site 1 -> TEAM135 @ site 1
121128 192928.346|INFO|Thread-55|dumpPacket|Packet RUN_SUBMISSION_CONFIRM (Seq #7067 ) handlePacket
121128 192928.346|INFO|Thread-55|dumpPacket|  From: SERVER0 @ site 1
121128 192928.346|INFO|Thread-55|dumpPacket|    To: TEAM135 @ site 1
121128 192928.346|INFO|Thread-55|dumpPacket|   key: RUN is: edu.csus.ecs.pc2.core.model.Run Run 578 NEW from TEAM135 @ site 1 id Run-3777491193161408991
121128 192929.056|INFO|Thread-55|info|handlePacket end Packet[RUN_SUBMISSION_CONFIRM] #7067 SERVER0 @ site 1 -> TEAM135 @ site 1
121128 192929.056|INFO|Thread-55|info| receiveObject(S) end   got Packet[RUN_SUBMISSION_CONFIRM] #7067 SERVER0 @ site 1 -> TEAM135 @ site 1
121128 193001.256|INFO|Thread-1|receive|public void receive(SealedObject TransportPacket, ConnectionHandlerID connectionHandlerID)
121128 193001.256|INFO|Thread-56|info| receiveObject(S) start got Packet[RUN_JUDGEMENT] #7127 SERVER0 @ site 1 -> TEAM135 @ site 1
121128 193001.256|INFO|Thread-56|dumpPacket|Packet RUN_JUDGEMENT (Seq #7127 ) recieveObject
121128 193001.256|INFO|Thread-56|dumpPacket|  From: SERVER0 @ site 1
121128 193001.256|INFO|Thread-56|dumpPacket|    To: TEAM135 @ site 1
121128 193001.256|INFO|Thread-56|dumpPacket|   key: CLIENT_ID is: edu.csus.ecs.pc2.core.model.ClientId SERVER0 @ site 1
121128 193001.256|INFO|Thread-56|dumpPacket|   key: JUDGEMENT_RECORD is: edu.csus.ecs.pc2.core.model.JudgementRecord No by JUDGE3 @ site 1 judgement No - Compilation Error--7935835029594655802 id JudgementRecord-4568274643875847974
121128 193001.256|INFO|Thread-56|dumpPacket|   key: RUN is: edu.csus.ecs.pc2.core.model.Run Run 574 JUDGED from TEAM135 @ site 1 id Run--7038069799559794734
121128 193001.256|INFO|Thread-56|info|handlePacket start Packet[RUN_JUDGEMENT] #7127 SERVER0 @ site 1 -> TEAM135 @ site 1
121128 193001.256|INFO|Thread-56|dumpPacket|Packet RUN_JUDGEMENT (Seq #7127 ) handlePacket
121128 193001.256|INFO|Thread-56|dumpPacket|  From: SERVER0 @ site 1
121128 193001.256|INFO|Thread-56|dumpPacket|    To: TEAM135 @ site 1
121128 193001.256|INFO|Thread-56|dumpPacket|   key: CLIENT_ID is: edu.csus.ecs.pc2.core.model.ClientId SERVER0 @ site 1
121128 193001.256|INFO|Thread-56|dumpPacket|   key: JUDGEMENT_RECORD is: edu.csus.ecs.pc2.core.model.JudgementRecord No by JUDGE3 @ site 1 judgement No - Compilation Error--7935835029594655802 id JudgementRecord-4568274643875847974
121128 193001.256|INFO|Thread-56|dumpPacket|   key: RUN is: edu.csus.ecs.pc2.core.model.Run Run 574 JUDGED from TEAM135 @ site 1 id Run--7038069799559794734
121128 193002.816|INFO|Thread-56|info|handlePacket end Packet[RUN_JUDGEMENT] #7127 SERVER0 @ site 1 -> TEAM135 @ site 1
121128 193002.816|INFO|Thread-56|info| receiveObject(S) end   got Packet[RUN_JUDGEMENT] #7127 SERVER0 @ site 1 -> TEAM135 @ site 1
121128 193046.096|INFO|Thread-1|receive|public void receive(SealedObject TransportPacket, ConnectionHandlerID connectionHandlerID)
121128 193046.096|INFO|Thread-57|info| receiveObject(S) start got Packet[RUN_JUDGEMENT] #7195 SERVER0 @ site 1 -> TEAM135 @ site 1
121128 193046.096|INFO|Thread-57|dumpPacket|Packet RUN_JUDGEMENT (Seq #7195 ) recieveObject
121128 193046.096|INFO|Thread-57|dumpPacket|  From: SERVER0 @ site 1
121128 193046.096|INFO|Thread-57|dumpPacket|    To: TEAM135 @ site 1
121128 193046.096|INFO|Thread-57|dumpPacket|   key: CLIENT_ID is: edu.csus.ecs.pc2.core.model.ClientId SERVER0 @ site 1
121128 193046.096|INFO|Thread-57|dumpPacket|   key: JUDGEMENT_RECORD is: edu.csus.ecs.pc2.core.model.JudgementRecord Yes by JUDGE3 @ site 1 judgement Yes-5113088299114819198 id JudgementRecord-7785861037274617101
121128 193046.096|INFO|Thread-57|dumpPacket|   key: RUN is: edu.csus.ecs.pc2.core.model.Run Run 578 JUDGED from TEAM135 @ site 1 id Run-3777491193161408991
121128 193046.096|INFO|Thread-57|info|handlePacket start Packet[RUN_JUDGEMENT] #7195 SERVER0 @ site 1 -> TEAM135 @ site 1
121128 193046.096|INFO|Thread-57|dumpPacket|Packet RUN_JUDGEMENT (Seq #7195 ) handlePacket
121128 193046.096|INFO|Thread-57|dumpPacket|  From: SERVER0 @ site 1
121128 193046.096|INFO|Thread-57|dumpPacket|    To: TEAM135 @ site 1
121128 193046.096|INFO|Thread-57|dumpPacket|   key: CLIENT_ID is: edu.csus.ecs.pc2.core.model.ClientId SERVER0 @ site 1
121128 193046.096|INFO|Thread-57|dumpPacket|   key: JUDGEMENT_RECORD is: edu.csus.ecs.pc2.core.model.JudgementRecord Yes by JUDGE3 @ site 1 judgement Yes-5113088299114819198 id JudgementRecord-7785861037274617101
121128 193046.096|INFO|Thread-57|dumpPacket|   key: RUN is: edu.csus.ecs.pc2.core.model.Run Run 578 JUDGED from TEAM135 @ site 1 id Run-3777491193161408991
121128 193047.556|INFO|Thread-57|info|handlePacket end Packet[RUN_JUDGEMENT] #7195 SERVER0 @ site 1 -> TEAM135 @ site 1
121128 193047.556|INFO|Thread-57|info| receiveObject(S) end   got Packet[RUN_JUDGEMENT] #7195 SERVER0 @ site 1 -> TEAM135 @ site 1
121128 205422.272|CONFIG|AWT-EventQueue-0|setFileHandlers|Now logging to C:\Users\owner\Desktop\ProgramContest\pc2-9.1.6\bin\logs directory.
121128 205422.272|INFO|AWT-EventQueue-0|info|
121128 205422.273|INFO|AWT-EventQueue-0|info|Version 9.1.6 20100929 (Wednesday, September 29th 2010 03:53 UTC) Java ver 1.7.0_03 build 2136 Windows 7 6.1 (x86) 
121128 205422.273|INFO|AWT-EventQueue-0|info|Login: team135 (aka team135)
121128 205422.273|INFO|AWT-EventQueue-0|login|Working directory is C:\Users\owner\Desktop\ProgramContest\pc2-9.1.6\bin
121128 205422.273|INFO|AWT-EventQueue-0|info|Contacting server at 140.116.82.173:50002 as TEAM135 @ site 0
121128 205422.274|INFO|AWT-EventQueue-0|info|sendLoginRequest start - sending from TEAM135 @ site 0
121128 205422.280|INFO|AWT-EventQueue-0|sendToLocalServer|Sending packet to server Packet[LOGIN_REQUEST] #1 TEAM135 @ site 0 -> SERVER0 @ site 0
121128 205422.281|INFO|AWT-EventQueue-0|sendToLocalServer|Sent    packet to server Packet[LOGIN_REQUEST] #1 TEAM135 @ site 0 -> SERVER0 @ site 0
121128 205422.281|INFO|AWT-EventQueue-0|info|sendLoginRequest end - packet sent.
121128 205422.281|INFO|Thread-4|run|send(Serializable)
121128 205422.606|INFO|Thread-1|receive|public void receive(SealedObject TransportPacket, ConnectionHandlerID connectionHandlerID)
121128 205422.662|INFO|Thread-5|info| receiveObject(S) start got Packet[LOGIN_SUCCESS] #16298 SERVER0 @ site 1 -> TEAM135 @ site 1
121128 205422.663|INFO|Thread-5|dumpPacket|Packet LOGIN_SUCCESS (Seq #16298 ) recieveObject
121128 205422.663|INFO|Thread-5|dumpPacket|  From: SERVER0 @ site 1
121128 205422.663|INFO|Thread-5|dumpPacket|    To: TEAM135 @ site 1
121128 205422.663|INFO|Thread-5|dumpPacket|   key: SITE_NUMBER is: java.lang.Integer 1
121128 205422.663|INFO|Thread-5|dumpPacket|   key: JUDGEMENT_LIST is: [Ledu.csus.ecs.pc2.core.model.Judgement; [Ledu.csus.ecs.pc2.core.model.Judgement;@1449d75
121128 205422.663|INFO|Thread-5|dumpPacket|   key: RUN_LIST is: [Ledu.csus.ecs.pc2.core.model.Run; [Ledu.csus.ecs.pc2.core.model.Run;@1bd9f3d
121128 205422.663|INFO|Thread-5|dumpPacket|   key: PROBLEM_LIST is: [Ledu.csus.ecs.pc2.core.model.Problem; [Ledu.csus.ecs.pc2.core.model.Problem;@217540
121128 205422.664|INFO|Thread-5|dumpPacket|   key: SERVER_CLOCK_OFFSET is: java.util.GregorianCalendar java.util.GregorianCalendar[time=1354107268546,areFieldsSet=true,areAllFieldsSet=false,lenient=true,zone=sun.util.calendar.ZoneInfo[id="GMT",offset=0,dstSavings=0,useDaylight=false,transitions=0,lastRule=null],firstDayOfWeek=1,minimalDaysInFirstWeek=1,ERA=1,YEAR=2012,MONTH=10,WEEK_OF_YEAR=48,WEEK_OF_MONTH=5,DAY_OF_MONTH=28,DAY_OF_YEAR=333,DAY_OF_WEEK=4,DAY_OF_WEEK_IN_MONTH=4,AM_PM=1,HOUR=0,HOUR_OF_DAY=12,MINUTE=54,SECOND=28,MILLISECOND=546,ZONE_OFFSET=0,DST_OFFSET=0]
121128 205422.664|INFO|Thread-5|dumpPacket|   key: CLIENT_SETTINGS_LIST is: [Ledu.csus.ecs.pc2.core.model.ClientSettings; [Ledu.csus.ecs.pc2.core.model.ClientSettings;@98fc6a
121128 205422.664|INFO|Thread-5|dumpPacket|   key: SITE_LIST is: [Ledu.csus.ecs.pc2.core.model.Site; [Ledu.csus.ecs.pc2.core.model.Site;@1e3d101
121128 205422.664|INFO|Thread-5|dumpPacket|   key: CONTEST_TIME_LIST is: [Ledu.csus.ecs.pc2.core.model.ContestTime; [Ledu.csus.ecs.pc2.core.model.ContestTime;@1ae9aa5
121128 205422.664|INFO|Thread-5|dumpPacket|   key: CLIENT_ID is: edu.csus.ecs.pc2.core.model.ClientId TEAM135 @ site 1
121128 205422.664|INFO|Thread-5|dumpPacket|   key: CONNECTION_HANDLE_ID_LIST is: [Ledu.csus.ecs.pc2.core.transport.ConnectionHandlerID; [Ledu.csus.ecs.pc2.core.transport.ConnectionHandlerID;@2af8bd
121128 205422.664|INFO|Thread-5|dumpPacket|   key: BALLOON_SETTINGS_LIST is: [Ledu.csus.ecs.pc2.core.model.BalloonSettings; [Ledu.csus.ecs.pc2.core.model.BalloonSettings;@130478f
121128 205422.664|INFO|Thread-5|dumpPacket|   key: ACCOUNT_ARRAY is: [Ledu.csus.ecs.pc2.core.model.Account; [Ledu.csus.ecs.pc2.core.model.Account;@aa1162
121128 205422.664|INFO|Thread-5|dumpPacket|   key: CONTEST_TIME is: edu.csus.ecs.pc2.core.model.ContestTime edu.csus.ecs.pc2.core.model.ContestTime@15b6354
121128 205422.664|INFO|Thread-5|dumpPacket|   key: GROUP_LIST is: [Ledu.csus.ecs.pc2.core.model.Group; [Ledu.csus.ecs.pc2.core.model.Group;@d62dd4
121128 205422.664|INFO|Thread-5|dumpPacket|   key: PROBLEM_DATA_FILES is: [Ledu.csus.ecs.pc2.core.model.ProblemDataFiles; [Ledu.csus.ecs.pc2.core.model.ProblemDataFiles;@15abfe1
121128 205422.664|INFO|Thread-5|dumpPacket|   key: CONTEST_INFORMATION is: edu.csus.ecs.pc2.core.model.ContestInformation edu.csus.ecs.pc2.core.model.ContestInformation@eb6e4c
121128 205422.665|INFO|Thread-5|dumpPacket|   key: LANGUAGE_LIST is: [Ledu.csus.ecs.pc2.core.model.Language; [Ledu.csus.ecs.pc2.core.model.Language;@96569e
121128 205422.665|INFO|Thread-5|dumpPacket|   key: GENERAL_PROBLEM is: edu.csus.ecs.pc2.core.model.Problem General
121128 205422.665|INFO|Thread-5|dumpPacket|   key: LOGGED_IN_USERS is: [Ledu.csus.ecs.pc2.core.model.ClientId; [Ledu.csus.ecs.pc2.core.model.ClientId;@10a9a1
121128 205422.665|INFO|Thread-5|dumpPacket|   key: CLARIFICATION_LIST is: [Ledu.csus.ecs.pc2.core.model.Clarification; [Ledu.csus.ecs.pc2.core.model.Clarification;@1f09665
121128 205422.665|INFO|Thread-5|info|handlePacket start Packet[LOGIN_SUCCESS] #16298 SERVER0 @ site 1 -> TEAM135 @ site 1
121128 205422.665|INFO|Thread-5|dumpPacket|Packet LOGIN_SUCCESS (Seq #16298 ) handlePacket
121128 205422.665|INFO|Thread-5|dumpPacket|  From: SERVER0 @ site 1
121128 205422.665|INFO|Thread-5|dumpPacket|    To: TEAM135 @ site 1
121128 205422.665|INFO|Thread-5|dumpPacket|   key: SITE_NUMBER is: java.lang.Integer 1
121128 205422.665|INFO|Thread-5|dumpPacket|   key: JUDGEMENT_LIST is: [Ledu.csus.ecs.pc2.core.model.Judgement; [Ledu.csus.ecs.pc2.core.model.Judgement;@1449d75
121128 205422.666|INFO|Thread-5|dumpPacket|   key: RUN_LIST is: [Ledu.csus.ecs.pc2.core.model.Run; [Ledu.csus.ecs.pc2.core.model.Run;@1bd9f3d
121128 205422.666|INFO|Thread-5|dumpPacket|   key: PROBLEM_LIST is: [Ledu.csus.ecs.pc2.core.model.Problem; [Ledu.csus.ecs.pc2.core.model.Problem;@217540
121128 205422.666|INFO|Thread-5|dumpPacket|   key: SERVER_CLOCK_OFFSET is: java.util.GregorianCalendar java.util.GregorianCalendar[time=1354107268546,areFieldsSet=true,areAllFieldsSet=false,lenient=true,zone=sun.util.calendar.ZoneInfo[id="GMT",offset=0,dstSavings=0,useDaylight=false,transitions=0,lastRule=null],firstDayOfWeek=1,minimalDaysInFirstWeek=1,ERA=1,YEAR=2012,MONTH=10,WEEK_OF_YEAR=48,WEEK_OF_MONTH=5,DAY_OF_MONTH=28,DAY_OF_YEAR=333,DAY_OF_WEEK=4,DAY_OF_WEEK_IN_MONTH=4,AM_PM=1,HOUR=0,HOUR_OF_DAY=12,MINUTE=54,SECOND=28,MILLISECOND=546,ZONE_OFFSET=0,DST_OFFSET=0]
121128 205422.666|INFO|Thread-5|dumpPacket|   key: CLIENT_SETTINGS_LIST is: [Ledu.csus.ecs.pc2.core.model.ClientSettings; [Ledu.csus.ecs.pc2.core.model.ClientSettings;@98fc6a
121128 205422.666|INFO|Thread-5|dumpPacket|   key: SITE_LIST is: [Ledu.csus.ecs.pc2.core.model.Site; [Ledu.csus.ecs.pc2.core.model.Site;@1e3d101
121128 205422.666|INFO|Thread-5|dumpPacket|   key: CONTEST_TIME_LIST is: [Ledu.csus.ecs.pc2.core.model.ContestTime; [Ledu.csus.ecs.pc2.core.model.ContestTime;@1ae9aa5
121128 205422.666|INFO|Thread-5|dumpPacket|   key: CLIENT_ID is: edu.csus.ecs.pc2.core.model.ClientId TEAM135 @ site 1
121128 205422.666|INFO|Thread-5|dumpPacket|   key: CONNECTION_HANDLE_ID_LIST is: [Ledu.csus.ecs.pc2.core.transport.ConnectionHandlerID; [Ledu.csus.ecs.pc2.core.transport.ConnectionHandlerID;@2af8bd
121128 205422.666|INFO|Thread-5|dumpPacket|   key: BALLOON_SETTINGS_LIST is: [Ledu.csus.ecs.pc2.core.model.BalloonSettings; [Ledu.csus.ecs.pc2.core.model.BalloonSettings;@130478f
121128 205422.666|INFO|Thread-5|dumpPacket|   key: ACCOUNT_ARRAY is: [Ledu.csus.ecs.pc2.core.model.Account; [Ledu.csus.ecs.pc2.core.model.Account;@aa1162
121128 205422.666|INFO|Thread-5|dumpPacket|   key: CONTEST_TIME is: edu.csus.ecs.pc2.core.model.ContestTime edu.csus.ecs.pc2.core.model.ContestTime@15b6354
121128 205422.667|INFO|Thread-5|dumpPacket|   key: GROUP_LIST is: [Ledu.csus.ecs.pc2.core.model.Group; [Ledu.csus.ecs.pc2.core.model.Group;@d62dd4
121128 205422.667|INFO|Thread-5|dumpPacket|   key: PROBLEM_DATA_FILES is: [Ledu.csus.ecs.pc2.core.model.ProblemDataFiles; [Ledu.csus.ecs.pc2.core.model.ProblemDataFiles;@15abfe1
121128 205422.667|INFO|Thread-5|dumpPacket|   key: CONTEST_INFORMATION is: edu.csus.ecs.pc2.core.model.ContestInformation edu.csus.ecs.pc2.core.model.ContestInformation@eb6e4c
121128 205422.667|INFO|Thread-5|dumpPacket|   key: LANGUAGE_LIST is: [Ledu.csus.ecs.pc2.core.model.Language; [Ledu.csus.ecs.pc2.core.model.Language;@96569e
121128 205422.667|INFO|Thread-5|dumpPacket|   key: GENERAL_PROBLEM is: edu.csus.ecs.pc2.core.model.Problem General
121128 205422.667|INFO|Thread-5|dumpPacket|   key: LOGGED_IN_USERS is: [Ledu.csus.ecs.pc2.core.model.ClientId; [Ledu.csus.ecs.pc2.core.model.ClientId;@10a9a1
121128 205422.667|INFO|Thread-5|dumpPacket|   key: CLARIFICATION_LIST is: [Ledu.csus.ecs.pc2.core.model.Clarification; [Ledu.csus.ecs.pc2.core.model.Clarification;@1f09665
121128 205422.667|INFO|Thread-5|info| handlePacket original LOGIN_SUCCESS before 
121128 205422.670|INFO|Thread-5|info|addSitesToModel Site 1
121128 205422.681|INFO|Thread-5|info|Attempting to load UI class edu.csus.ecs.pc2.ui.team.TeamView
121128 205422.688|INFO|Thread-5|info|Loaded UI class edu.csus.ecs.pc2.ui.team.TeamView
121128 205422.850|INFO|Thread-5|info| handlePacket original LOGIN_SUCCESS after -- all settings loaded 
121128 205422.851|INFO|Thread-5|info|handlePacket end Packet[LOGIN_SUCCESS] #16298 SERVER0 @ site 1 -> TEAM135 @ site 1
121128 205422.851|INFO|Thread-5|info| receiveObject(S) end   got Packet[LOGIN_SUCCESS] #16298 SERVER0 @ site 1 -> TEAM135 @ site 1
