120529 151709.546|CONFIG|AWT-EventQueue-0|setFileHandlers|Now logging to C:\Users\owner\Desktop\ProgramContest\pc2-9.1.6\bin\logs directory.
120529 151709.547|INFO|AWT-EventQueue-0|info|
120529 151709.547|INFO|AWT-EventQueue-0|info|Version 9.1.6 20100929 (Wednesday, September 29th 2010 03:53 UTC) Java ver 1.7.0_03 build 2136 Windows 7 6.1 (x86) 
120529 151709.547|INFO|AWT-EventQueue-0|info|Login: team243 (aka team243)
120529 151709.547|INFO|AWT-EventQueue-0|login|Working directory is C:\Users\owner\Desktop\ProgramContest\pc2-9.1.6\bin
120529 151709.548|INFO|AWT-EventQueue-0|info|Contacting server at 140.116.82.173:50002 as TEAM243 @ site 0
120529 151709.548|INFO|AWT-EventQueue-0|info|sendLoginRequest start - sending from TEAM243 @ site 0
120529 151709.556|INFO|AWT-EventQueue-0|sendToLocalServer|Sending packet to server Packet[LOGIN_REQUEST] #1 TEAM243 @ site 0 -> SERVER0 @ site 0
120529 151709.558|INFO|AWT-EventQueue-0|sendToLocalServer|Sent    packet to server Packet[LOGIN_REQUEST] #1 TEAM243 @ site 0 -> SERVER0 @ site 0
120529 151709.558|INFO|AWT-EventQueue-0|info|sendLoginRequest end - packet sent.
120529 151709.558|INFO|Thread-4|run|send(Serializable)
120529 151709.932|INFO|Thread-1|receive|public void receive(SealedObject TransportPacket, ConnectionHandlerID connectionHandlerID)
120529 151709.987|INFO|Thread-5|info| receiveObject(S) start got Packet[LOGIN_SUCCESS] #273 SERVER0 @ site 1 -> TEAM243 @ site 1
120529 151709.987|INFO|Thread-5|dumpPacket|Packet LOGIN_SUCCESS (Seq #273 ) recieveObject
120529 151709.987|INFO|Thread-5|dumpPacket|  From: SERVER0 @ site 1
120529 151709.988|INFO|Thread-5|dumpPacket|    To: TEAM243 @ site 1
120529 151709.988|INFO|Thread-5|dumpPacket|   key: SITE_NUMBER is: java.lang.Integer 1
120529 151709.988|INFO|Thread-5|dumpPacket|   key: JUDGEMENT_LIST is: [Ledu.csus.ecs.pc2.core.model.Judgement; [Ledu.csus.ecs.pc2.core.model.Judgement;@e68f59
120529 151709.988|INFO|Thread-5|dumpPacket|   key: RUN_LIST is: [Ledu.csus.ecs.pc2.core.model.Run; [Ledu.csus.ecs.pc2.core.model.Run;@cd590b
120529 151709.988|INFO|Thread-5|dumpPacket|   key: PROBLEM_LIST is: [Ledu.csus.ecs.pc2.core.model.Problem; [Ledu.csus.ecs.pc2.core.model.Problem;@190eeec
120529 151709.988|INFO|Thread-5|dumpPacket|   key: SERVER_CLOCK_OFFSET is: java.util.GregorianCalendar java.util.GregorianCalendar[time=1338275761375,areFieldsSet=true,areAllFieldsSet=false,lenient=true,zone=sun.util.calendar.ZoneInfo[id="GMT",offset=0,dstSavings=0,useDaylight=false,transitions=0,lastRule=null],firstDayOfWeek=1,minimalDaysInFirstWeek=1,ERA=1,YEAR=2012,MONTH=4,WEEK_OF_YEAR=22,WEEK_OF_MONTH=5,DAY_OF_MONTH=29,DAY_OF_YEAR=150,DAY_OF_WEEK=3,DAY_OF_WEEK_IN_MONTH=5,AM_PM=0,HOUR=7,HOUR_OF_DAY=7,MINUTE=16,SECOND=1,MILLISECOND=375,ZONE_OFFSET=0,DST_OFFSET=0]
120529 151709.988|INFO|Thread-5|dumpPacket|   key: CLIENT_SETTINGS_LIST is: [Ledu.csus.ecs.pc2.core.model.ClientSettings; [Ledu.csus.ecs.pc2.core.model.ClientSettings;@35d824
120529 151709.989|INFO|Thread-5|dumpPacket|   key: SITE_LIST is: [Ledu.csus.ecs.pc2.core.model.Site; [Ledu.csus.ecs.pc2.core.model.Site;@10156e2
120529 151709.989|INFO|Thread-5|dumpPacket|   key: CONTEST_TIME_LIST is: [Ledu.csus.ecs.pc2.core.model.ContestTime; [Ledu.csus.ecs.pc2.core.model.ContestTime;@ef1513
120529 151709.989|INFO|Thread-5|dumpPacket|   key: CLIENT_ID is: edu.csus.ecs.pc2.core.model.ClientId TEAM243 @ site 1
120529 151709.989|INFO|Thread-5|dumpPacket|   key: CONNECTION_HANDLE_ID_LIST is: [Ledu.csus.ecs.pc2.core.transport.ConnectionHandlerID; [Ledu.csus.ecs.pc2.core.transport.ConnectionHandlerID;@5094ec
120529 151709.989|INFO|Thread-5|dumpPacket|   key: BALLOON_SETTINGS_LIST is: [Ledu.csus.ecs.pc2.core.model.BalloonSettings; [Ledu.csus.ecs.pc2.core.model.BalloonSettings;@614982
120529 151709.989|INFO|Thread-5|dumpPacket|   key: ACCOUNT_ARRAY is: [Ledu.csus.ecs.pc2.core.model.Account; [Ledu.csus.ecs.pc2.core.model.Account;@1210563
120529 151709.989|INFO|Thread-5|dumpPacket|   key: CONTEST_TIME is: edu.csus.ecs.pc2.core.model.ContestTime edu.csus.ecs.pc2.core.model.ContestTime@e8a936
120529 151709.989|INFO|Thread-5|dumpPacket|   key: GROUP_LIST is: [Ledu.csus.ecs.pc2.core.model.Group; [Ledu.csus.ecs.pc2.core.model.Group;@bd3671
120529 151709.990|INFO|Thread-5|dumpPacket|   key: PROBLEM_DATA_FILES is: [Ledu.csus.ecs.pc2.core.model.ProblemDataFiles; [Ledu.csus.ecs.pc2.core.model.ProblemDataFiles;@413518
120529 151709.990|INFO|Thread-5|dumpPacket|   key: CONTEST_INFORMATION is: edu.csus.ecs.pc2.core.model.ContestInformation edu.csus.ecs.pc2.core.model.ContestInformation@104bddd
120529 151709.990|INFO|Thread-5|dumpPacket|   key: LANGUAGE_LIST is: [Ledu.csus.ecs.pc2.core.model.Language; [Ledu.csus.ecs.pc2.core.model.Language;@4d0a21
120529 151709.990|INFO|Thread-5|dumpPacket|   key: GENERAL_PROBLEM is: edu.csus.ecs.pc2.core.model.Problem General
120529 151709.990|INFO|Thread-5|dumpPacket|   key: LOGGED_IN_USERS is: [Ledu.csus.ecs.pc2.core.model.ClientId; [Ledu.csus.ecs.pc2.core.model.ClientId;@1d402d6
120529 151709.990|INFO|Thread-5|dumpPacket|   key: CLARIFICATION_LIST is: [Ledu.csus.ecs.pc2.core.model.Clarification; [Ledu.csus.ecs.pc2.core.model.Clarification;@63acc
120529 151709.990|INFO|Thread-5|info|handlePacket start Packet[LOGIN_SUCCESS] #273 SERVER0 @ site 1 -> TEAM243 @ site 1
120529 151709.990|INFO|Thread-5|dumpPacket|Packet LOGIN_SUCCESS (Seq #273 ) handlePacket
120529 151709.991|INFO|Thread-5|dumpPacket|  From: SERVER0 @ site 1
120529 151709.991|INFO|Thread-5|dumpPacket|    To: TEAM243 @ site 1
120529 151709.991|INFO|Thread-5|dumpPacket|   key: SITE_NUMBER is: java.lang.Integer 1
120529 151709.991|INFO|Thread-5|dumpPacket|   key: JUDGEMENT_LIST is: [Ledu.csus.ecs.pc2.core.model.Judgement; [Ledu.csus.ecs.pc2.core.model.Judgement;@e68f59
120529 151709.991|INFO|Thread-5|dumpPacket|   key: RUN_LIST is: [Ledu.csus.ecs.pc2.core.model.Run; [Ledu.csus.ecs.pc2.core.model.Run;@cd590b
120529 151709.991|INFO|Thread-5|dumpPacket|   key: PROBLEM_LIST is: [Ledu.csus.ecs.pc2.core.model.Problem; [Ledu.csus.ecs.pc2.core.model.Problem;@190eeec
120529 151709.991|INFO|Thread-5|dumpPacket|   key: SERVER_CLOCK_OFFSET is: java.util.GregorianCalendar java.util.GregorianCalendar[time=1338275761375,areFieldsSet=true,areAllFieldsSet=false,lenient=true,zone=sun.util.calendar.ZoneInfo[id="GMT",offset=0,dstSavings=0,useDaylight=false,transitions=0,lastRule=null],firstDayOfWeek=1,minimalDaysInFirstWeek=1,ERA=1,YEAR=2012,MONTH=4,WEEK_OF_YEAR=22,WEEK_OF_MONTH=5,DAY_OF_MONTH=29,DAY_OF_YEAR=150,DAY_OF_WEEK=3,DAY_OF_WEEK_IN_MONTH=5,AM_PM=0,HOUR=7,HOUR_OF_DAY=7,MINUTE=16,SECOND=1,MILLISECOND=375,ZONE_OFFSET=0,DST_OFFSET=0]
120529 151709.991|INFO|Thread-5|dumpPacket|   key: CLIENT_SETTINGS_LIST is: [Ledu.csus.ecs.pc2.core.model.ClientSettings; [Ledu.csus.ecs.pc2.core.model.ClientSettings;@35d824
120529 151709.992|INFO|Thread-5|dumpPacket|   key: SITE_LIST is: [Ledu.csus.ecs.pc2.core.model.Site; [Ledu.csus.ecs.pc2.core.model.Site;@10156e2
120529 151709.992|INFO|Thread-5|dumpPacket|   key: CONTEST_TIME_LIST is: [Ledu.csus.ecs.pc2.core.model.ContestTime; [Ledu.csus.ecs.pc2.core.model.ContestTime;@ef1513
120529 151709.992|INFO|Thread-5|dumpPacket|   key: CLIENT_ID is: edu.csus.ecs.pc2.core.model.ClientId TEAM243 @ site 1
120529 151709.992|INFO|Thread-5|dumpPacket|   key: CONNECTION_HANDLE_ID_LIST is: [Ledu.csus.ecs.pc2.core.transport.ConnectionHandlerID; [Ledu.csus.ecs.pc2.core.transport.ConnectionHandlerID;@5094ec
120529 151709.992|INFO|Thread-5|dumpPacket|   key: BALLOON_SETTINGS_LIST is: [Ledu.csus.ecs.pc2.core.model.BalloonSettings; [Ledu.csus.ecs.pc2.core.model.BalloonSettings;@614982
120529 151709.992|INFO|Thread-5|dumpPacket|   key: ACCOUNT_ARRAY is: [Ledu.csus.ecs.pc2.core.model.Account; [Ledu.csus.ecs.pc2.core.model.Account;@1210563
120529 151709.992|INFO|Thread-5|dumpPacket|   key: CONTEST_TIME is: edu.csus.ecs.pc2.core.model.ContestTime edu.csus.ecs.pc2.core.model.ContestTime@e8a936
120529 151709.992|INFO|Thread-5|dumpPacket|   key: GROUP_LIST is: [Ledu.csus.ecs.pc2.core.model.Group; [Ledu.csus.ecs.pc2.core.model.Group;@bd3671
120529 151709.993|INFO|Thread-5|dumpPacket|   key: PROBLEM_DATA_FILES is: [Ledu.csus.ecs.pc2.core.model.ProblemDataFiles; [Ledu.csus.ecs.pc2.core.model.ProblemDataFiles;@413518
120529 151709.993|INFO|Thread-5|dumpPacket|   key: CONTEST_INFORMATION is: edu.csus.ecs.pc2.core.model.ContestInformation edu.csus.ecs.pc2.core.model.ContestInformation@104bddd
120529 151709.993|INFO|Thread-5|dumpPacket|   key: LANGUAGE_LIST is: [Ledu.csus.ecs.pc2.core.model.Language; [Ledu.csus.ecs.pc2.core.model.Language;@4d0a21
120529 151709.993|INFO|Thread-5|dumpPacket|   key: GENERAL_PROBLEM is: edu.csus.ecs.pc2.core.model.Problem General
120529 151709.993|INFO|Thread-5|dumpPacket|   key: LOGGED_IN_USERS is: [Ledu.csus.ecs.pc2.core.model.ClientId; [Ledu.csus.ecs.pc2.core.model.ClientId;@1d402d6
120529 151709.993|INFO|Thread-5|dumpPacket|   key: CLARIFICATION_LIST is: [Ledu.csus.ecs.pc2.core.model.Clarification; [Ledu.csus.ecs.pc2.core.model.Clarification;@63acc
120529 151709.993|INFO|Thread-5|info| handlePacket original LOGIN_SUCCESS before 
120529 151710.003|INFO|Thread-5|info|addSitesToModel Site 1
120529 151710.025|INFO|Thread-5|info|Attempting to load UI class edu.csus.ecs.pc2.ui.team.TeamView
120529 151710.035|INFO|Thread-5|info|Loaded UI class edu.csus.ecs.pc2.ui.team.TeamView
120529 151710.268|INFO|Thread-5|info| handlePacket original LOGIN_SUCCESS after -- all settings loaded 
120529 151710.269|INFO|Thread-5|info|handlePacket end Packet[LOGIN_SUCCESS] #273 SERVER0 @ site 1 -> TEAM243 @ site 1
120529 151710.269|INFO|Thread-5|info| receiveObject(S) end   got Packet[LOGIN_SUCCESS] #273 SERVER0 @ site 1 -> TEAM243 @ site 1
120529 151731.430|INFO|AWT-EventQueue-0|sendToLocalServer|Sending packet to server Packet[PASSWORD_CHANGE_REQUEST] #2 TEAM243 @ site 1 -> SERVER0 @ site 1
120529 151731.431|INFO|AWT-EventQueue-0|sendToLocalServer|Sent    packet to server Packet[PASSWORD_CHANGE_REQUEST] #2 TEAM243 @ site 1 -> SERVER0 @ site 1
120529 151731.431|INFO|Thread-6|run|send(Serializable)
120529 151731.827|INFO|Thread-1|receive|public void receive(SealedObject TransportPacket, ConnectionHandlerID connectionHandlerID)
120529 151731.830|INFO|Thread-7|info| receiveObject(S) start got Packet[PASSWORD_CHANGE_RESULTS] #275 TEAM243 @ site 1 -> TEAM243 @ site 1
120529 151731.830|INFO|Thread-7|dumpPacket|Packet PASSWORD_CHANGE_RESULTS (Seq #275 ) recieveObject
120529 151731.830|INFO|Thread-7|dumpPacket|  From: TEAM243 @ site 1
120529 151731.831|INFO|Thread-7|dumpPacket|    To: TEAM243 @ site 1
120529 151731.831|INFO|Thread-7|dumpPacket|   key: PASSWORD_CHANGED is: java.lang.Boolean true
120529 151731.831|INFO|Thread-7|dumpPacket|   key: CLIENT_ID is: edu.csus.ecs.pc2.core.model.ClientId TEAM243 @ site 1
120529 151731.831|INFO|Thread-7|dumpPacket|   key: MESSAGE_STRING is: java.lang.String Password changed
120529 151731.832|INFO|Thread-7|info|handlePacket start Packet[PASSWORD_CHANGE_RESULTS] #275 TEAM243 @ site 1 -> TEAM243 @ site 1
120529 151731.832|INFO|Thread-7|dumpPacket|Packet PASSWORD_CHANGE_RESULTS (Seq #275 ) handlePacket
120529 151731.832|INFO|Thread-7|dumpPacket|  From: TEAM243 @ site 1
120529 151731.833|INFO|Thread-7|dumpPacket|    To: TEAM243 @ site 1
120529 151731.833|INFO|Thread-7|dumpPacket|   key: PASSWORD_CHANGED is: java.lang.Boolean true
120529 151731.833|INFO|Thread-7|dumpPacket|   key: CLIENT_ID is: edu.csus.ecs.pc2.core.model.ClientId TEAM243 @ site 1
120529 151731.833|INFO|Thread-7|dumpPacket|   key: MESSAGE_STRING is: java.lang.String Password changed
120529 151731.834|INFO|Thread-7|handlePasswordChangeResults|Password changed Password changed
120529 151731.835|INFO|Thread-7|info|handlePacket end Packet[PASSWORD_CHANGE_RESULTS] #275 TEAM243 @ site 1 -> TEAM243 @ site 1
120529 151731.836|INFO|Thread-7|info| receiveObject(S) end   got Packet[PASSWORD_CHANGE_RESULTS] #275 TEAM243 @ site 1 -> TEAM243 @ site 1
120530 155617.636|CONFIG|AWT-EventQueue-0|setFileHandlers|Now logging to C:\Users\owner\Desktop\ProgramContest\pc2-9.1.6\bin\logs directory.
120530 155617.647|INFO|AWT-EventQueue-0|info|
120530 155617.647|INFO|AWT-EventQueue-0|info|Version 9.1.6 20100929 (Wednesday, September 29th 2010 03:53 UTC) Java ver 1.7.0_03 build 2136 Windows 7 6.1 (x86) 
120530 155617.647|INFO|AWT-EventQueue-0|info|Login: team243 (aka team243)
120530 155617.647|INFO|AWT-EventQueue-0|login|Working directory is C:\Users\owner\Desktop\ProgramContest\pc2-9.1.6\bin
120530 155617.647|INFO|AWT-EventQueue-0|info|Contacting server at 140.116.82.173:50002 as TEAM243 @ site 0
120530 155617.648|INFO|AWT-EventQueue-0|info|sendLoginRequest start - sending from TEAM243 @ site 0
120530 155617.656|INFO|AWT-EventQueue-0|sendToLocalServer|Sending packet to server Packet[LOGIN_REQUEST] #1 TEAM243 @ site 0 -> SERVER0 @ site 0
120530 155617.657|INFO|AWT-EventQueue-0|sendToLocalServer|Sent    packet to server Packet[LOGIN_REQUEST] #1 TEAM243 @ site 0 -> SERVER0 @ site 0
120530 155617.658|INFO|AWT-EventQueue-0|info|sendLoginRequest end - packet sent.
120530 155617.657|INFO|Thread-4|run|send(Serializable)
120530 155619.926|INFO|Thread-1|receive|public void receive(SealedObject TransportPacket, ConnectionHandlerID connectionHandlerID)
120530 155619.997|INFO|Thread-5|info| receiveObject(S) start got Packet[LOGIN_SUCCESS] #865 SERVER0 @ site 1 -> TEAM243 @ site 1
120530 155619.997|INFO|Thread-5|dumpPacket|Packet LOGIN_SUCCESS (Seq #865 ) recieveObject
120530 155619.997|INFO|Thread-5|dumpPacket|  From: SERVER0 @ site 1
120530 155619.997|INFO|Thread-5|dumpPacket|    To: TEAM243 @ site 1
120530 155619.998|INFO|Thread-5|dumpPacket|   key: SITE_NUMBER is: java.lang.Integer 1
120530 155619.998|INFO|Thread-5|dumpPacket|   key: JUDGEMENT_LIST is: [Ledu.csus.ecs.pc2.core.model.Judgement; [Ledu.csus.ecs.pc2.core.model.Judgement;@5e29e5
120530 155619.998|INFO|Thread-5|dumpPacket|   key: RUN_LIST is: [Ledu.csus.ecs.pc2.core.model.Run; [Ledu.csus.ecs.pc2.core.model.Run;@107a99
120530 155619.998|INFO|Thread-5|dumpPacket|   key: PROBLEM_LIST is: [Ledu.csus.ecs.pc2.core.model.Problem; [Ledu.csus.ecs.pc2.core.model.Problem;@1e10e56
120530 155619.998|INFO|Thread-5|dumpPacket|   key: SERVER_CLOCK_OFFSET is: java.util.GregorianCalendar java.util.GregorianCalendar[time=1338364646639,areFieldsSet=true,areAllFieldsSet=false,lenient=true,zone=sun.util.calendar.ZoneInfo[id="GMT",offset=0,dstSavings=0,useDaylight=false,transitions=0,lastRule=null],firstDayOfWeek=1,minimalDaysInFirstWeek=1,ERA=1,YEAR=2012,MONTH=4,WEEK_OF_YEAR=22,WEEK_OF_MONTH=5,DAY_OF_MONTH=30,DAY_OF_YEAR=151,DAY_OF_WEEK=4,DAY_OF_WEEK_IN_MONTH=5,AM_PM=0,HOUR=7,HOUR_OF_DAY=7,MINUTE=57,SECOND=26,MILLISECOND=639,ZONE_OFFSET=0,DST_OFFSET=0]
120530 155619.999|INFO|Thread-5|dumpPacket|   key: CLIENT_SETTINGS_LIST is: [Ledu.csus.ecs.pc2.core.model.ClientSettings; [Ledu.csus.ecs.pc2.core.model.ClientSettings;@74645b
120530 155619.999|INFO|Thread-5|dumpPacket|   key: SITE_LIST is: [Ledu.csus.ecs.pc2.core.model.Site; [Ledu.csus.ecs.pc2.core.model.Site;@1689fee
120530 155619.999|INFO|Thread-5|dumpPacket|   key: CONTEST_TIME_LIST is: [Ledu.csus.ecs.pc2.core.model.ContestTime; [Ledu.csus.ecs.pc2.core.model.ContestTime;@1dbeafc
120530 155619.999|INFO|Thread-5|dumpPacket|   key: CLIENT_ID is: edu.csus.ecs.pc2.core.model.ClientId TEAM243 @ site 1
120530 155619.999|INFO|Thread-5|dumpPacket|   key: CONNECTION_HANDLE_ID_LIST is: [Ledu.csus.ecs.pc2.core.transport.ConnectionHandlerID; [Ledu.csus.ecs.pc2.core.transport.ConnectionHandlerID;@1207688
120530 155619.999|INFO|Thread-5|dumpPacket|   key: BALLOON_SETTINGS_LIST is: [Ledu.csus.ecs.pc2.core.model.BalloonSettings; [Ledu.csus.ecs.pc2.core.model.BalloonSettings;@45e380
120530 155620.000|INFO|Thread-5|dumpPacket|   key: ACCOUNT_ARRAY is: [Ledu.csus.ecs.pc2.core.model.Account; [Ledu.csus.ecs.pc2.core.model.Account;@5b1f02
120530 155620.000|INFO|Thread-5|dumpPacket|   key: CONTEST_TIME is: edu.csus.ecs.pc2.core.model.ContestTime edu.csus.ecs.pc2.core.model.ContestTime@50c5b8
120530 155620.000|INFO|Thread-5|dumpPacket|   key: GROUP_LIST is: [Ledu.csus.ecs.pc2.core.model.Group; [Ledu.csus.ecs.pc2.core.model.Group;@e4c18d
120530 155620.000|INFO|Thread-5|dumpPacket|   key: PROBLEM_DATA_FILES is: [Ledu.csus.ecs.pc2.core.model.ProblemDataFiles; [Ledu.csus.ecs.pc2.core.model.ProblemDataFiles;@5f4f03
120530 155620.000|INFO|Thread-5|dumpPacket|   key: CONTEST_INFORMATION is: edu.csus.ecs.pc2.core.model.ContestInformation edu.csus.ecs.pc2.core.model.ContestInformation@13c6ef9
120530 155620.001|INFO|Thread-5|dumpPacket|   key: LANGUAGE_LIST is: [Ledu.csus.ecs.pc2.core.model.Language; [Ledu.csus.ecs.pc2.core.model.Language;@99b6af
120530 155620.001|INFO|Thread-5|dumpPacket|   key: GENERAL_PROBLEM is: edu.csus.ecs.pc2.core.model.Problem General
120530 155620.001|INFO|Thread-5|dumpPacket|   key: LOGGED_IN_USERS is: [Ledu.csus.ecs.pc2.core.model.ClientId; [Ledu.csus.ecs.pc2.core.model.ClientId;@1a8d7fd
120530 155620.001|INFO|Thread-5|dumpPacket|   key: CLARIFICATION_LIST is: [Ledu.csus.ecs.pc2.core.model.Clarification; [Ledu.csus.ecs.pc2.core.model.Clarification;@1fc572f
120530 155620.001|INFO|Thread-5|info|handlePacket start Packet[LOGIN_SUCCESS] #865 SERVER0 @ site 1 -> TEAM243 @ site 1
120530 155620.001|INFO|Thread-5|dumpPacket|Packet LOGIN_SUCCESS (Seq #865 ) handlePacket
120530 155620.002|INFO|Thread-5|dumpPacket|  From: SERVER0 @ site 1
120530 155620.002|INFO|Thread-5|dumpPacket|    To: TEAM243 @ site 1
120530 155620.002|INFO|Thread-5|dumpPacket|   key: SITE_NUMBER is: java.lang.Integer 1
120530 155620.002|INFO|Thread-5|dumpPacket|   key: JUDGEMENT_LIST is: [Ledu.csus.ecs.pc2.core.model.Judgement; [Ledu.csus.ecs.pc2.core.model.Judgement;@5e29e5
120530 155620.002|INFO|Thread-5|dumpPacket|   key: RUN_LIST is: [Ledu.csus.ecs.pc2.core.model.Run; [Ledu.csus.ecs.pc2.core.model.Run;@107a99
120530 155620.002|INFO|Thread-5|dumpPacket|   key: PROBLEM_LIST is: [Ledu.csus.ecs.pc2.core.model.Problem; [Ledu.csus.ecs.pc2.core.model.Problem;@1e10e56
120530 155620.003|INFO|Thread-5|dumpPacket|   key: SERVER_CLOCK_OFFSET is: java.util.GregorianCalendar java.util.GregorianCalendar[time=1338364646639,areFieldsSet=true,areAllFieldsSet=false,lenient=true,zone=sun.util.calendar.ZoneInfo[id="GMT",offset=0,dstSavings=0,useDaylight=false,transitions=0,lastRule=null],firstDayOfWeek=1,minimalDaysInFirstWeek=1,ERA=1,YEAR=2012,MONTH=4,WEEK_OF_YEAR=22,WEEK_OF_MONTH=5,DAY_OF_MONTH=30,DAY_OF_YEAR=151,DAY_OF_WEEK=4,DAY_OF_WEEK_IN_MONTH=5,AM_PM=0,HOUR=7,HOUR_OF_DAY=7,MINUTE=57,SECOND=26,MILLISECOND=639,ZONE_OFFSET=0,DST_OFFSET=0]
120530 155620.003|INFO|Thread-5|dumpPacket|   key: CLIENT_SETTINGS_LIST is: [Ledu.csus.ecs.pc2.core.model.ClientSettings; [Ledu.csus.ecs.pc2.core.model.ClientSettings;@74645b
120530 155620.003|INFO|Thread-5|dumpPacket|   key: SITE_LIST is: [Ledu.csus.ecs.pc2.core.model.Site; [Ledu.csus.ecs.pc2.core.model.Site;@1689fee
120530 155620.003|INFO|Thread-5|dumpPacket|   key: CONTEST_TIME_LIST is: [Ledu.csus.ecs.pc2.core.model.ContestTime; [Ledu.csus.ecs.pc2.core.model.ContestTime;@1dbeafc
120530 155620.003|INFO|Thread-5|dumpPacket|   key: CLIENT_ID is: edu.csus.ecs.pc2.core.model.ClientId TEAM243 @ site 1
120530 155620.004|INFO|Thread-5|dumpPacket|   key: CONNECTION_HANDLE_ID_LIST is: [Ledu.csus.ecs.pc2.core.transport.ConnectionHandlerID; [Ledu.csus.ecs.pc2.core.transport.ConnectionHandlerID;@1207688
120530 155620.004|INFO|Thread-5|dumpPacket|   key: BALLOON_SETTINGS_LIST is: [Ledu.csus.ecs.pc2.core.model.BalloonSettings; [Ledu.csus.ecs.pc2.core.model.BalloonSettings;@45e380
120530 155620.004|INFO|Thread-5|dumpPacket|   key: ACCOUNT_ARRAY is: [Ledu.csus.ecs.pc2.core.model.Account; [Ledu.csus.ecs.pc2.core.model.Account;@5b1f02
120530 155620.004|INFO|Thread-5|dumpPacket|   key: CONTEST_TIME is: edu.csus.ecs.pc2.core.model.ContestTime edu.csus.ecs.pc2.core.model.ContestTime@50c5b8
120530 155620.004|INFO|Thread-5|dumpPacket|   key: GROUP_LIST is: [Ledu.csus.ecs.pc2.core.model.Group; [Ledu.csus.ecs.pc2.core.model.Group;@e4c18d
120530 155620.004|INFO|Thread-5|dumpPacket|   key: PROBLEM_DATA_FILES is: [Ledu.csus.ecs.pc2.core.model.ProblemDataFiles; [Ledu.csus.ecs.pc2.core.model.ProblemDataFiles;@5f4f03
120530 155620.005|INFO|Thread-5|dumpPacket|   key: CONTEST_INFORMATION is: edu.csus.ecs.pc2.core.model.ContestInformation edu.csus.ecs.pc2.core.model.ContestInformation@13c6ef9
120530 155620.005|INFO|Thread-5|dumpPacket|   key: LANGUAGE_LIST is: [Ledu.csus.ecs.pc2.core.model.Language; [Ledu.csus.ecs.pc2.core.model.Language;@99b6af
120530 155620.005|INFO|Thread-5|dumpPacket|   key: GENERAL_PROBLEM is: edu.csus.ecs.pc2.core.model.Problem General
120530 155620.005|INFO|Thread-5|dumpPacket|   key: LOGGED_IN_USERS is: [Ledu.csus.ecs.pc2.core.model.ClientId; [Ledu.csus.ecs.pc2.core.model.ClientId;@1a8d7fd
120530 155620.005|INFO|Thread-5|dumpPacket|   key: CLARIFICATION_LIST is: [Ledu.csus.ecs.pc2.core.model.Clarification; [Ledu.csus.ecs.pc2.core.model.Clarification;@1fc572f
120530 155620.006|INFO|Thread-5|info| handlePacket original LOGIN_SUCCESS before 
120530 155620.009|INFO|Thread-5|info|addSitesToModel Site 1
120530 155620.030|INFO|Thread-5|info|Attempting to load UI class edu.csus.ecs.pc2.ui.team.TeamView
120530 155620.040|INFO|Thread-5|info|Loaded UI class edu.csus.ecs.pc2.ui.team.TeamView
120530 155620.247|INFO|Thread-5|info| handlePacket original LOGIN_SUCCESS after -- all settings loaded 
120530 155620.253|INFO|Thread-5|info|handlePacket end Packet[LOGIN_SUCCESS] #865 SERVER0 @ site 1 -> TEAM243 @ site 1
120530 155620.254|INFO|Thread-5|info| receiveObject(S) end   got Packet[LOGIN_SUCCESS] #865 SERVER0 @ site 1 -> TEAM243 @ site 1
120530 161823.287|CONFIG|AWT-EventQueue-0|setFileHandlers|Now logging to C:\Users\owner\Desktop\ProgramContest\pc2-9.1.6\bin\logs directory.
120530 161823.288|INFO|AWT-EventQueue-0|info|
120530 161823.288|INFO|AWT-EventQueue-0|info|Version 9.1.6 20100929 (Wednesday, September 29th 2010 03:53 UTC) Java ver 1.7.0_03 build 2136 Windows 7 6.1 (x86) 
120530 161823.288|INFO|AWT-EventQueue-0|info|Login: team243 (aka team243)
120530 161823.288|INFO|AWT-EventQueue-0|login|Working directory is C:\Users\owner\Desktop\ProgramContest\pc2-9.1.6\bin
120530 161823.289|INFO|AWT-EventQueue-0|info|Contacting server at 140.116.82.173:50002 as TEAM243 @ site 0
120530 161823.289|INFO|AWT-EventQueue-0|info|sendLoginRequest start - sending from TEAM243 @ site 0
120530 161823.297|INFO|AWT-EventQueue-0|sendToLocalServer|Sending packet to server Packet[LOGIN_REQUEST] #1 TEAM243 @ site 0 -> SERVER0 @ site 0
120530 161823.299|INFO|AWT-EventQueue-0|sendToLocalServer|Sent    packet to server Packet[LOGIN_REQUEST] #1 TEAM243 @ site 0 -> SERVER0 @ site 0
120530 161823.299|INFO|Thread-4|run|send(Serializable)
120530 161823.299|INFO|AWT-EventQueue-0|info|sendLoginRequest end - packet sent.
120530 161823.736|INFO|Thread-1|receive|public void receive(SealedObject TransportPacket, ConnectionHandlerID connectionHandlerID)
120530 161823.790|INFO|Thread-5|info| receiveObject(S) start got Packet[LOGIN_SUCCESS] #10 SERVER0 @ site 1 -> TEAM243 @ site 1
120530 161823.791|INFO|Thread-5|dumpPacket|Packet LOGIN_SUCCESS (Seq #10 ) recieveObject
120530 161823.791|INFO|Thread-5|dumpPacket|  From: SERVER0 @ site 1
120530 161823.791|INFO|Thread-5|dumpPacket|    To: TEAM243 @ site 1
120530 161823.791|INFO|Thread-5|dumpPacket|   key: SITE_NUMBER is: java.lang.Integer 1
120530 161823.791|INFO|Thread-5|dumpPacket|   key: JUDGEMENT_LIST is: [Ledu.csus.ecs.pc2.core.model.Judgement; [Ledu.csus.ecs.pc2.core.model.Judgement;@15054f0
120530 161823.791|INFO|Thread-5|dumpPacket|   key: RUN_LIST is: [Ledu.csus.ecs.pc2.core.model.Run; [Ledu.csus.ecs.pc2.core.model.Run;@f8637e
120530 161823.792|INFO|Thread-5|dumpPacket|   key: PROBLEM_LIST is: [Ledu.csus.ecs.pc2.core.model.Problem; [Ledu.csus.ecs.pc2.core.model.Problem;@14c0cac
120530 161823.792|INFO|Thread-5|dumpPacket|   key: SERVER_CLOCK_OFFSET is: java.util.GregorianCalendar java.util.GregorianCalendar[time=1338365970686,areFieldsSet=true,areAllFieldsSet=false,lenient=true,zone=sun.util.calendar.ZoneInfo[id="GMT",offset=0,dstSavings=0,useDaylight=false,transitions=0,lastRule=null],firstDayOfWeek=1,minimalDaysInFirstWeek=1,ERA=1,YEAR=2012,MONTH=4,WEEK_OF_YEAR=22,WEEK_OF_MONTH=5,DAY_OF_MONTH=30,DAY_OF_YEAR=151,DAY_OF_WEEK=4,DAY_OF_WEEK_IN_MONTH=5,AM_PM=0,HOUR=8,HOUR_OF_DAY=8,MINUTE=19,SECOND=30,MILLISECOND=686,ZONE_OFFSET=0,DST_OFFSET=0]
120530 161823.792|INFO|Thread-5|dumpPacket|   key: CLIENT_SETTINGS_LIST is: [Ledu.csus.ecs.pc2.core.model.ClientSettings; [Ledu.csus.ecs.pc2.core.model.ClientSettings;@1d414c5
120530 161823.792|INFO|Thread-5|dumpPacket|   key: SITE_LIST is: [Ledu.csus.ecs.pc2.core.model.Site; [Ledu.csus.ecs.pc2.core.model.Site;@9fbb7b
120530 161823.792|INFO|Thread-5|dumpPacket|   key: CONTEST_TIME_LIST is: [Ledu.csus.ecs.pc2.core.model.ContestTime; [Ledu.csus.ecs.pc2.core.model.ContestTime;@cda64e
120530 161823.792|INFO|Thread-5|dumpPacket|   key: CLIENT_ID is: edu.csus.ecs.pc2.core.model.ClientId TEAM243 @ site 1
120530 161823.792|INFO|Thread-5|dumpPacket|   key: CONNECTION_HANDLE_ID_LIST is: [Ledu.csus.ecs.pc2.core.transport.ConnectionHandlerID; [Ledu.csus.ecs.pc2.core.transport.ConnectionHandlerID;@1617246
120530 161823.793|INFO|Thread-5|dumpPacket|   key: BALLOON_SETTINGS_LIST is: [Ledu.csus.ecs.pc2.core.model.BalloonSettings; [Ledu.csus.ecs.pc2.core.model.BalloonSettings;@957b67
120530 161823.793|INFO|Thread-5|dumpPacket|   key: ACCOUNT_ARRAY is: [Ledu.csus.ecs.pc2.core.model.Account; [Ledu.csus.ecs.pc2.core.model.Account;@1d8d293
120530 161823.793|INFO|Thread-5|dumpPacket|   key: CONTEST_TIME is: edu.csus.ecs.pc2.core.model.ContestTime edu.csus.ecs.pc2.core.model.ContestTime@1e8c241
120530 161823.793|INFO|Thread-5|dumpPacket|   key: GROUP_LIST is: [Ledu.csus.ecs.pc2.core.model.Group; [Ledu.csus.ecs.pc2.core.model.Group;@294acb
120530 161823.793|INFO|Thread-5|dumpPacket|   key: PROBLEM_DATA_FILES is: [Ledu.csus.ecs.pc2.core.model.ProblemDataFiles; [Ledu.csus.ecs.pc2.core.model.ProblemDataFiles;@ed723b
120530 161823.793|INFO|Thread-5|dumpPacket|   key: CONTEST_INFORMATION is: edu.csus.ecs.pc2.core.model.ContestInformation edu.csus.ecs.pc2.core.model.ContestInformation@e68f59
120530 161823.793|INFO|Thread-5|dumpPacket|   key: LANGUAGE_LIST is: [Ledu.csus.ecs.pc2.core.model.Language; [Ledu.csus.ecs.pc2.core.model.Language;@cd590b
120530 161823.793|INFO|Thread-5|dumpPacket|   key: GENERAL_PROBLEM is: edu.csus.ecs.pc2.core.model.Problem General
120530 161823.793|INFO|Thread-5|dumpPacket|   key: LOGGED_IN_USERS is: [Ledu.csus.ecs.pc2.core.model.ClientId; [Ledu.csus.ecs.pc2.core.model.ClientId;@190eeec
120530 161823.794|INFO|Thread-5|dumpPacket|   key: CLARIFICATION_LIST is: [Ledu.csus.ecs.pc2.core.model.Clarification; [Ledu.csus.ecs.pc2.core.model.Clarification;@35d824
120530 161823.794|INFO|Thread-5|info|handlePacket start Packet[LOGIN_SUCCESS] #10 SERVER0 @ site 1 -> TEAM243 @ site 1
120530 161823.794|INFO|Thread-5|dumpPacket|Packet LOGIN_SUCCESS (Seq #10 ) handlePacket
120530 161823.794|INFO|Thread-5|dumpPacket|  From: SERVER0 @ site 1
120530 161823.794|INFO|Thread-5|dumpPacket|    To: TEAM243 @ site 1
120530 161823.794|INFO|Thread-5|dumpPacket|   key: SITE_NUMBER is: java.lang.Integer 1
120530 161823.794|INFO|Thread-5|dumpPacket|   key: JUDGEMENT_LIST is: [Ledu.csus.ecs.pc2.core.model.Judgement; [Ledu.csus.ecs.pc2.core.model.Judgement;@15054f0
120530 161823.794|INFO|Thread-5|dumpPacket|   key: RUN_LIST is: [Ledu.csus.ecs.pc2.core.model.Run; [Ledu.csus.ecs.pc2.core.model.Run;@f8637e
120530 161823.795|INFO|Thread-5|dumpPacket|   key: PROBLEM_LIST is: [Ledu.csus.ecs.pc2.core.model.Problem; [Ledu.csus.ecs.pc2.core.model.Problem;@14c0cac
120530 161823.795|INFO|Thread-5|dumpPacket|   key: SERVER_CLOCK_OFFSET is: java.util.GregorianCalendar java.util.GregorianCalendar[time=1338365970686,areFieldsSet=true,areAllFieldsSet=false,lenient=true,zone=sun.util.calendar.ZoneInfo[id="GMT",offset=0,dstSavings=0,useDaylight=false,transitions=0,lastRule=null],firstDayOfWeek=1,minimalDaysInFirstWeek=1,ERA=1,YEAR=2012,MONTH=4,WEEK_OF_YEAR=22,WEEK_OF_MONTH=5,DAY_OF_MONTH=30,DAY_OF_YEAR=151,DAY_OF_WEEK=4,DAY_OF_WEEK_IN_MONTH=5,AM_PM=0,HOUR=8,HOUR_OF_DAY=8,MINUTE=19,SECOND=30,MILLISECOND=686,ZONE_OFFSET=0,DST_OFFSET=0]
120530 161823.795|INFO|Thread-5|dumpPacket|   key: CLIENT_SETTINGS_LIST is: [Ledu.csus.ecs.pc2.core.model.ClientSettings; [Ledu.csus.ecs.pc2.core.model.ClientSettings;@1d414c5
120530 161823.795|INFO|Thread-5|dumpPacket|   key: SITE_LIST is: [Ledu.csus.ecs.pc2.core.model.Site; [Ledu.csus.ecs.pc2.core.model.Site;@9fbb7b
120530 161823.795|INFO|Thread-5|dumpPacket|   key: CONTEST_TIME_LIST is: [Ledu.csus.ecs.pc2.core.model.ContestTime; [Ledu.csus.ecs.pc2.core.model.ContestTime;@cda64e
120530 161823.795|INFO|Thread-5|dumpPacket|   key: CLIENT_ID is: edu.csus.ecs.pc2.core.model.ClientId TEAM243 @ site 1
120530 161823.795|INFO|Thread-5|dumpPacket|   key: CONNECTION_HANDLE_ID_LIST is: [Ledu.csus.ecs.pc2.core.transport.ConnectionHandlerID; [Ledu.csus.ecs.pc2.core.transport.ConnectionHandlerID;@1617246
120530 161823.795|INFO|Thread-5|dumpPacket|   key: BALLOON_SETTINGS_LIST is: [Ledu.csus.ecs.pc2.core.model.BalloonSettings; [Ledu.csus.ecs.pc2.core.model.BalloonSettings;@957b67
120530 161823.796|INFO|Thread-5|dumpPacket|   key: ACCOUNT_ARRAY is: [Ledu.csus.ecs.pc2.core.model.Account; [Ledu.csus.ecs.pc2.core.model.Account;@1d8d293
120530 161823.796|INFO|Thread-5|dumpPacket|   key: CONTEST_TIME is: edu.csus.ecs.pc2.core.model.ContestTime edu.csus.ecs.pc2.core.model.ContestTime@1e8c241
120530 161823.796|INFO|Thread-5|dumpPacket|   key: GROUP_LIST is: [Ledu.csus.ecs.pc2.core.model.Group; [Ledu.csus.ecs.pc2.core.model.Group;@294acb
120530 161823.796|INFO|Thread-5|dumpPacket|   key: PROBLEM_DATA_FILES is: [Ledu.csus.ecs.pc2.core.model.ProblemDataFiles; [Ledu.csus.ecs.pc2.core.model.ProblemDataFiles;@ed723b
120530 161823.796|INFO|Thread-5|dumpPacket|   key: CONTEST_INFORMATION is: edu.csus.ecs.pc2.core.model.ContestInformation edu.csus.ecs.pc2.core.model.ContestInformation@e68f59
120530 161823.796|INFO|Thread-5|dumpPacket|   key: LANGUAGE_LIST is: [Ledu.csus.ecs.pc2.core.model.Language; [Ledu.csus.ecs.pc2.core.model.Language;@cd590b
120530 161823.796|INFO|Thread-5|dumpPacket|   key: GENERAL_PROBLEM is: edu.csus.ecs.pc2.core.model.Problem General
120530 161823.796|INFO|Thread-5|dumpPacket|   key: LOGGED_IN_USERS is: [Ledu.csus.ecs.pc2.core.model.ClientId; [Ledu.csus.ecs.pc2.core.model.ClientId;@190eeec
120530 161823.796|INFO|Thread-5|dumpPacket|   key: CLARIFICATION_LIST is: [Ledu.csus.ecs.pc2.core.model.Clarification; [Ledu.csus.ecs.pc2.core.model.Clarification;@35d824
120530 161823.797|INFO|Thread-5|info| handlePacket original LOGIN_SUCCESS before 
120530 161823.799|INFO|Thread-5|info|addSitesToModel Site 1
120530 161823.821|INFO|Thread-5|info|Attempting to load UI class edu.csus.ecs.pc2.ui.team.TeamView
120530 161823.847|INFO|Thread-5|info|Loaded UI class edu.csus.ecs.pc2.ui.team.TeamView
120530 161824.104|INFO|Thread-5|info| handlePacket original LOGIN_SUCCESS after -- all settings loaded 
120530 161824.104|INFO|Thread-5|info|handlePacket end Packet[LOGIN_SUCCESS] #10 SERVER0 @ site 1 -> TEAM243 @ site 1
120530 161824.104|INFO|Thread-5|info| receiveObject(S) end   got Packet[LOGIN_SUCCESS] #10 SERVER0 @ site 1 -> TEAM243 @ site 1
120530 161834.200|INFO|Thread-1|receive|public void receive(SealedObject TransportPacket, ConnectionHandlerID connectionHandlerID)
120530 161834.203|INFO|Thread-6|info| receiveObject(S) start got Packet[CLOCK_STARTED] #12 SERVER0 @ site 1 -> SERVER0 @ site 0
120530 161834.203|INFO|Thread-6|dumpPacket|Packet CLOCK_STARTED (Seq #12 ) recieveObject
120530 161834.203|INFO|Thread-6|dumpPacket|  From: SERVER0 @ site 1
120530 161834.204|INFO|Thread-6|dumpPacket|    To: SERVER0 @ site 0
120530 161834.204|INFO|Thread-6|dumpPacket|   key: CLIENT_ID is: edu.csus.ecs.pc2.core.model.ClientId ADMINISTRATOR1 @ site 1
120530 161834.204|INFO|Thread-6|dumpPacket|   key: SITE_NUMBER is: java.lang.Integer 1
120530 161834.204|INFO|Thread-6|dumpPacket|   key: SERVER_CLOCK_OFFSET is: java.util.GregorianCalendar java.util.GregorianCalendar[time=1338365981155,areFieldsSet=true,areAllFieldsSet=false,lenient=true,zone=sun.util.calendar.ZoneInfo[id="GMT",offset=0,dstSavings=0,useDaylight=false,transitions=0,lastRule=null],firstDayOfWeek=1,minimalDaysInFirstWeek=1,ERA=1,YEAR=2012,MONTH=4,WEEK_OF_YEAR=22,WEEK_OF_MONTH=5,DAY_OF_MONTH=30,DAY_OF_YEAR=151,DAY_OF_WEEK=4,DAY_OF_WEEK_IN_MONTH=5,AM_PM=0,HOUR=8,HOUR_OF_DAY=8,MINUTE=19,SECOND=41,MILLISECOND=155,ZONE_OFFSET=0,DST_OFFSET=0]
120530 161834.205|INFO|Thread-6|info|handlePacket start Packet[CLOCK_STARTED] #12 SERVER0 @ site 1 -> SERVER0 @ site 0
120530 161834.205|INFO|Thread-6|dumpPacket|Packet CLOCK_STARTED (Seq #12 ) handlePacket
120530 161834.205|INFO|Thread-6|dumpPacket|  From: SERVER0 @ site 1
120530 161834.205|INFO|Thread-6|dumpPacket|    To: SERVER0 @ site 0
120530 161834.206|INFO|Thread-6|dumpPacket|   key: CLIENT_ID is: edu.csus.ecs.pc2.core.model.ClientId ADMINISTRATOR1 @ site 1
120530 161834.206|INFO|Thread-6|dumpPacket|   key: SITE_NUMBER is: java.lang.Integer 1
120530 161834.206|INFO|Thread-6|dumpPacket|   key: SERVER_CLOCK_OFFSET is: java.util.GregorianCalendar java.util.GregorianCalendar[time=1338365981155,areFieldsSet=true,areAllFieldsSet=false,lenient=true,zone=sun.util.calendar.ZoneInfo[id="GMT",offset=0,dstSavings=0,useDaylight=false,transitions=0,lastRule=null],firstDayOfWeek=1,minimalDaysInFirstWeek=1,ERA=1,YEAR=2012,MONTH=4,WEEK_OF_YEAR=22,WEEK_OF_MONTH=5,DAY_OF_MONTH=30,DAY_OF_YEAR=151,DAY_OF_WEEK=4,DAY_OF_WEEK_IN_MONTH=5,AM_PM=0,HOUR=8,HOUR_OF_DAY=8,MINUTE=19,SECOND=41,MILLISECOND=155,ZONE_OFFSET=0,DST_OFFSET=0]
120530 161834.207|INFO|Thread-6|contestStarted|debug ContestTime site 1 STARTED 0:00:00
120530 161834.207|INFO|Thread-6|info|Clock for site 1 started by ADMINISTRATOR1 @ site 1 elapsed 0:00:00
120530 161834.208|INFO|Thread-6|info|handlePacket end Packet[CLOCK_STARTED] #12 SERVER0 @ site 1 -> SERVER0 @ site 0
120530 161834.208|INFO|Thread-6|info| receiveObject(S) end   got Packet[CLOCK_STARTED] #12 SERVER0 @ site 1 -> SERVER0 @ site 0
120530 161836.975|INFO|Thread-1|receive|public void receive(SealedObject TransportPacket, ConnectionHandlerID connectionHandlerID)
120530 161836.976|INFO|Thread-7|info| receiveObject(S) start got Packet[CLOCK_STOPPED] #13 SERVER0 @ site 1 -> SERVER0 @ site 0
120530 161836.977|INFO|Thread-7|dumpPacket|Packet CLOCK_STOPPED (Seq #13 ) recieveObject
120530 161836.977|INFO|Thread-7|dumpPacket|  From: SERVER0 @ site 1
120530 161836.977|INFO|Thread-7|dumpPacket|    To: SERVER0 @ site 0
120530 161836.977|INFO|Thread-7|dumpPacket|   key: SITE_NUMBER is: java.lang.Integer 1
120530 161836.977|INFO|Thread-7|dumpPacket|   key: CLIENT_ID is: edu.csus.ecs.pc2.core.model.ClientId ADMINISTRATOR1 @ site 1
120530 161836.977|INFO|Thread-7|info|handlePacket start Packet[CLOCK_STOPPED] #13 SERVER0 @ site 1 -> SERVER0 @ site 0
120530 161836.977|INFO|Thread-7|dumpPacket|Packet CLOCK_STOPPED (Seq #13 ) handlePacket
120530 161836.977|INFO|Thread-7|dumpPacket|  From: SERVER0 @ site 1
120530 161836.977|INFO|Thread-7|dumpPacket|    To: SERVER0 @ site 0
120530 161836.978|INFO|Thread-7|dumpPacket|   key: SITE_NUMBER is: java.lang.Integer 1
120530 161836.978|INFO|Thread-7|dumpPacket|   key: CLIENT_ID is: edu.csus.ecs.pc2.core.model.ClientId ADMINISTRATOR1 @ site 1
120530 161836.978|INFO|Thread-7|contestStopped|debug ContestTime site 1 STOPPED 0:00:02
120530 161836.978|INFO|Thread-7|info|Clock for site 1 stopped by ADMINISTRATOR1 @ site 1 elapsed 0:00:02
120530 161836.979|INFO|Thread-7|info|handlePacket end Packet[CLOCK_STOPPED] #13 SERVER0 @ site 1 -> SERVER0 @ site 0
120530 161836.979|INFO|Thread-7|info| receiveObject(S) end   got Packet[CLOCK_STOPPED] #13 SERVER0 @ site 1 -> SERVER0 @ site 0
120530 161847.720|INFO|Thread-1|receive|public void receive(SealedObject TransportPacket, ConnectionHandlerID connectionHandlerID)
120530 161847.723|INFO|Thread-8|info| receiveObject(S) start got Packet[UPDATE_SETTING] #14 SERVER0 @ site 1 -> SERVER0 @ site 0
120530 161847.723|INFO|Thread-8|dumpPacket|Packet UPDATE_SETTING (Seq #14 ) recieveObject
120530 161847.723|INFO|Thread-8|dumpPacket|  From: SERVER0 @ site 1
120530 161847.724|INFO|Thread-8|dumpPacket|    To: SERVER0 @ site 0
120530 161847.724|INFO|Thread-8|dumpPacket|   key: CONTEST_TIME is: edu.csus.ecs.pc2.core.model.ContestTime edu.csus.ecs.pc2.core.model.ContestTime@1e19410
120530 161847.724|INFO|Thread-8|info|handlePacket start Packet[UPDATE_SETTING] #14 SERVER0 @ site 1 -> SERVER0 @ site 0
120530 161847.724|INFO|Thread-8|dumpPacket|Packet UPDATE_SETTING (Seq #14 ) handlePacket
120530 161847.725|INFO|Thread-8|dumpPacket|  From: SERVER0 @ site 1
120530 161847.725|INFO|Thread-8|dumpPacket|    To: SERVER0 @ site 0
120530 161847.725|INFO|Thread-8|dumpPacket|   key: CONTEST_TIME is: edu.csus.ecs.pc2.core.model.ContestTime edu.csus.ecs.pc2.core.model.ContestTime@1e19410
120530 161847.725|INFO|Thread-8|contestTimeChanged|debug ContestTime site 1 CHANGED 
120530 161847.726|INFO|Thread-8|info|handlePacket end Packet[UPDATE_SETTING] #14 SERVER0 @ site 1 -> SERVER0 @ site 0
120530 161847.726|INFO|Thread-8|info| receiveObject(S) end   got Packet[UPDATE_SETTING] #14 SERVER0 @ site 1 -> SERVER0 @ site 0
120530 161931.768|INFO|Thread-1|receive|public void receive(SealedObject TransportPacket, ConnectionHandlerID connectionHandlerID)
120530 161931.770|INFO|Thread-9|info| receiveObject(S) start got Packet[UPDATE_SETTING] #16 SERVER0 @ site 1 -> SERVER0 @ site 0
120530 161931.771|INFO|Thread-9|dumpPacket|Packet UPDATE_SETTING (Seq #16 ) recieveObject
120530 161931.771|INFO|Thread-9|dumpPacket|  From: SERVER0 @ site 1
120530 161931.771|INFO|Thread-9|dumpPacket|    To: SERVER0 @ site 0
120530 161931.771|INFO|Thread-9|dumpPacket|   key: PROBLEM is: edu.csus.ecs.pc2.core.model.Problem Problem 1
120530 161931.772|INFO|Thread-9|info|handlePacket start Packet[UPDATE_SETTING] #16 SERVER0 @ site 1 -> SERVER0 @ site 0
120530 161931.772|INFO|Thread-9|dumpPacket|Packet UPDATE_SETTING (Seq #16 ) handlePacket
120530 161931.772|INFO|Thread-9|dumpPacket|  From: SERVER0 @ site 1
120530 161931.772|INFO|Thread-9|dumpPacket|    To: SERVER0 @ site 0
120530 161931.772|INFO|Thread-9|dumpPacket|   key: PROBLEM is: edu.csus.ecs.pc2.core.model.Problem Problem 1
120530 161931.775|INFO|Thread-9|info|handlePacket end Packet[UPDATE_SETTING] #16 SERVER0 @ site 1 -> SERVER0 @ site 0
120530 161931.775|INFO|Thread-9|info| receiveObject(S) end   got Packet[UPDATE_SETTING] #16 SERVER0 @ site 1 -> SERVER0 @ site 0
120530 161940.497|INFO|Thread-1|receive|public void receive(SealedObject TransportPacket, ConnectionHandlerID connectionHandlerID)
120530 161940.499|INFO|Thread-10|info| receiveObject(S) start got Packet[UPDATE_SETTING] #18 SERVER0 @ site 1 -> SERVER0 @ site 0
120530 161940.499|INFO|Thread-10|dumpPacket|Packet UPDATE_SETTING (Seq #18 ) recieveObject
120530 161940.499|INFO|Thread-10|dumpPacket|  From: SERVER0 @ site 1
120530 161940.500|INFO|Thread-10|dumpPacket|    To: SERVER0 @ site 0
120530 161940.500|INFO|Thread-10|dumpPacket|   key: PROBLEM is: edu.csus.ecs.pc2.core.model.Problem Problem 1
120530 161940.500|INFO|Thread-10|info|handlePacket start Packet[UPDATE_SETTING] #18 SERVER0 @ site 1 -> SERVER0 @ site 0
120530 161940.500|INFO|Thread-10|dumpPacket|Packet UPDATE_SETTING (Seq #18 ) handlePacket
120530 161940.500|INFO|Thread-10|dumpPacket|  From: SERVER0 @ site 1
120530 161940.501|INFO|Thread-10|dumpPacket|    To: SERVER0 @ site 0
120530 161940.501|INFO|Thread-10|dumpPacket|   key: PROBLEM is: edu.csus.ecs.pc2.core.model.Problem Problem 1
120530 161940.501|INFO|Thread-10|info|handlePacket end Packet[UPDATE_SETTING] #18 SERVER0 @ site 1 -> SERVER0 @ site 0
120530 161940.501|INFO|Thread-10|info| receiveObject(S) end   got Packet[UPDATE_SETTING] #18 SERVER0 @ site 1 -> SERVER0 @ site 0
120530 162010.513|INFO|Thread-1|receive|public void receive(SealedObject TransportPacket, ConnectionHandlerID connectionHandlerID)
120530 162010.515|INFO|Thread-11|info| receiveObject(S) start got Packet[UPDATE_SETTING] #20 SERVER0 @ site 1 -> SERVER0 @ site 0
120530 162010.515|INFO|Thread-11|dumpPacket|Packet UPDATE_SETTING (Seq #20 ) recieveObject
120530 162010.515|INFO|Thread-11|dumpPacket|  From: SERVER0 @ site 1
120530 162010.516|INFO|Thread-11|dumpPacket|    To: SERVER0 @ site 0
120530 162010.516|INFO|Thread-11|dumpPacket|   key: PROBLEM is: edu.csus.ecs.pc2.core.model.Problem Problem 2
120530 162010.516|INFO|Thread-11|info|handlePacket start Packet[UPDATE_SETTING] #20 SERVER0 @ site 1 -> SERVER0 @ site 0
120530 162010.516|INFO|Thread-11|dumpPacket|Packet UPDATE_SETTING (Seq #20 ) handlePacket
120530 162010.516|INFO|Thread-11|dumpPacket|  From: SERVER0 @ site 1
120530 162010.517|INFO|Thread-11|dumpPacket|    To: SERVER0 @ site 0
120530 162010.517|INFO|Thread-11|dumpPacket|   key: PROBLEM is: edu.csus.ecs.pc2.core.model.Problem Problem 2
120530 162010.517|INFO|Thread-11|info|handlePacket end Packet[UPDATE_SETTING] #20 SERVER0 @ site 1 -> SERVER0 @ site 0
120530 162010.517|INFO|Thread-11|info| receiveObject(S) end   got Packet[UPDATE_SETTING] #20 SERVER0 @ site 1 -> SERVER0 @ site 0
120530 162018.311|INFO|Thread-1|receive|public void receive(SealedObject TransportPacket, ConnectionHandlerID connectionHandlerID)
120530 162018.314|INFO|Thread-12|info| receiveObject(S) start got Packet[UPDATE_SETTING] #22 SERVER0 @ site 1 -> SERVER0 @ site 0
120530 162018.314|INFO|Thread-12|dumpPacket|Packet UPDATE_SETTING (Seq #22 ) recieveObject
120530 162018.314|INFO|Thread-12|dumpPacket|  From: SERVER0 @ site 1
120530 162018.314|INFO|Thread-12|dumpPacket|    To: SERVER0 @ site 0
120530 162018.315|INFO|Thread-12|dumpPacket|   key: PROBLEM is: edu.csus.ecs.pc2.core.model.Problem Problem 2
120530 162018.315|INFO|Thread-12|info|handlePacket start Packet[UPDATE_SETTING] #22 SERVER0 @ site 1 -> SERVER0 @ site 0
120530 162018.315|INFO|Thread-12|dumpPacket|Packet UPDATE_SETTING (Seq #22 ) handlePacket
120530 162018.315|INFO|Thread-12|dumpPacket|  From: SERVER0 @ site 1
120530 162018.315|INFO|Thread-12|dumpPacket|    To: SERVER0 @ site 0
120530 162018.316|INFO|Thread-12|dumpPacket|   key: PROBLEM is: edu.csus.ecs.pc2.core.model.Problem Problem 2
120530 162018.316|INFO|Thread-12|info|handlePacket end Packet[UPDATE_SETTING] #22 SERVER0 @ site 1 -> SERVER0 @ site 0
120530 162018.316|INFO|Thread-12|info| receiveObject(S) end   got Packet[UPDATE_SETTING] #22 SERVER0 @ site 1 -> SERVER0 @ site 0
120530 162041.964|INFO|Thread-1|receive|public void receive(SealedObject TransportPacket, ConnectionHandlerID connectionHandlerID)
120530 162041.966|INFO|Thread-13|info| receiveObject(S) start got Packet[UPDATE_SETTING] #24 SERVER0 @ site 1 -> SERVER0 @ site 0
120530 162041.967|INFO|Thread-13|dumpPacket|Packet UPDATE_SETTING (Seq #24 ) recieveObject
120530 162041.967|INFO|Thread-13|dumpPacket|  From: SERVER0 @ site 1
120530 162041.967|INFO|Thread-13|dumpPacket|    To: SERVER0 @ site 0
120530 162041.967|INFO|Thread-13|dumpPacket|   key: PROBLEM is: edu.csus.ecs.pc2.core.model.Problem Problem 3
120530 162041.968|INFO|Thread-13|info|handlePacket start Packet[UPDATE_SETTING] #24 SERVER0 @ site 1 -> SERVER0 @ site 0
120530 162041.968|INFO|Thread-13|dumpPacket|Packet UPDATE_SETTING (Seq #24 ) handlePacket
120530 162041.968|INFO|Thread-13|dumpPacket|  From: SERVER0 @ site 1
120530 162041.968|INFO|Thread-13|dumpPacket|    To: SERVER0 @ site 0
120530 162041.968|INFO|Thread-13|dumpPacket|   key: PROBLEM is: edu.csus.ecs.pc2.core.model.Problem Problem 3
120530 162041.969|INFO|Thread-13|info|handlePacket end Packet[UPDATE_SETTING] #24 SERVER0 @ site 1 -> SERVER0 @ site 0
120530 162041.969|INFO|Thread-13|info| receiveObject(S) end   got Packet[UPDATE_SETTING] #24 SERVER0 @ site 1 -> SERVER0 @ site 0
120530 162056.247|INFO|Thread-1|receive|public void receive(SealedObject TransportPacket, ConnectionHandlerID connectionHandlerID)
120530 162056.249|INFO|Thread-14|info| receiveObject(S) start got Packet[UPDATE_SETTING] #26 SERVER0 @ site 1 -> SERVER0 @ site 0
120530 162056.249|INFO|Thread-14|dumpPacket|Packet UPDATE_SETTING (Seq #26 ) recieveObject
120530 162056.250|INFO|Thread-14|dumpPacket|  From: SERVER0 @ site 1
120530 162056.250|INFO|Thread-14|dumpPacket|    To: SERVER0 @ site 0
120530 162056.250|INFO|Thread-14|dumpPacket|   key: PROBLEM is: edu.csus.ecs.pc2.core.model.Problem Problem 4
120530 162056.250|INFO|Thread-14|info|handlePacket start Packet[UPDATE_SETTING] #26 SERVER0 @ site 1 -> SERVER0 @ site 0
120530 162056.250|INFO|Thread-14|dumpPacket|Packet UPDATE_SETTING (Seq #26 ) handlePacket
120530 162056.251|INFO|Thread-14|dumpPacket|  From: SERVER0 @ site 1
120530 162056.251|INFO|Thread-14|dumpPacket|    To: SERVER0 @ site 0
120530 162056.251|INFO|Thread-14|dumpPacket|   key: PROBLEM is: edu.csus.ecs.pc2.core.model.Problem Problem 4
120530 162056.251|INFO|Thread-14|info|handlePacket end Packet[UPDATE_SETTING] #26 SERVER0 @ site 1 -> SERVER0 @ site 0
120530 162056.251|INFO|Thread-14|info| receiveObject(S) end   got Packet[UPDATE_SETTING] #26 SERVER0 @ site 1 -> SERVER0 @ site 0
120530 162133.186|INFO|Thread-1|receive|public void receive(SealedObject TransportPacket, ConnectionHandlerID connectionHandlerID)
120530 162133.188|INFO|Thread-15|info| receiveObject(S) start got Packet[UPDATE_SETTING] #28 SERVER0 @ site 1 -> SERVER0 @ site 0
120530 162133.189|INFO|Thread-15|dumpPacket|Packet UPDATE_SETTING (Seq #28 ) recieveObject
120530 162133.189|INFO|Thread-15|dumpPacket|  From: SERVER0 @ site 1
120530 162133.189|INFO|Thread-15|dumpPacket|    To: SERVER0 @ site 0
120530 162133.189|INFO|Thread-15|dumpPacket|   key: PROBLEM is: edu.csus.ecs.pc2.core.model.Problem Problem 5
120530 162133.189|INFO|Thread-15|info|handlePacket start Packet[UPDATE_SETTING] #28 SERVER0 @ site 1 -> SERVER0 @ site 0
120530 162133.190|INFO|Thread-15|dumpPacket|Packet UPDATE_SETTING (Seq #28 ) handlePacket
120530 162133.190|INFO|Thread-15|dumpPacket|  From: SERVER0 @ site 1
120530 162133.190|INFO|Thread-15|dumpPacket|    To: SERVER0 @ site 0
120530 162133.190|INFO|Thread-15|dumpPacket|   key: PROBLEM is: edu.csus.ecs.pc2.core.model.Problem Problem 5
120530 162133.190|INFO|Thread-15|info|handlePacket end Packet[UPDATE_SETTING] #28 SERVER0 @ site 1 -> SERVER0 @ site 0
120530 162133.191|INFO|Thread-15|info| receiveObject(S) end   got Packet[UPDATE_SETTING] #28 SERVER0 @ site 1 -> SERVER0 @ site 0
120530 175856.226|INFO|Thread-1|receive|public void receive(SealedObject TransportPacket, ConnectionHandlerID connectionHandlerID)
120530 175856.229|INFO|Thread-16|info| receiveObject(S) start got Packet[CLOCK_STARTED] #946 SERVER0 @ site 1 -> SERVER0 @ site 0
120530 175856.229|INFO|Thread-16|dumpPacket|Packet CLOCK_STARTED (Seq #946 ) recieveObject
120530 175856.230|INFO|Thread-16|dumpPacket|  From: SERVER0 @ site 1
120530 175856.230|INFO|Thread-16|dumpPacket|    To: SERVER0 @ site 0
120530 175856.230|INFO|Thread-16|dumpPacket|   key: CLIENT_ID is: edu.csus.ecs.pc2.core.model.ClientId ADMINISTRATOR1 @ site 1
120530 175856.230|INFO|Thread-16|dumpPacket|   key: SITE_NUMBER is: java.lang.Integer 1
120530 175856.230|INFO|Thread-16|dumpPacket|   key: SERVER_CLOCK_OFFSET is: java.util.GregorianCalendar java.util.GregorianCalendar[time=1338372002545,areFieldsSet=true,areAllFieldsSet=false,lenient=true,zone=sun.util.calendar.ZoneInfo[id="GMT",offset=0,dstSavings=0,useDaylight=false,transitions=0,lastRule=null],firstDayOfWeek=1,minimalDaysInFirstWeek=1,ERA=1,YEAR=2012,MONTH=4,WEEK_OF_YEAR=22,WEEK_OF_MONTH=5,DAY_OF_MONTH=30,DAY_OF_YEAR=151,DAY_OF_WEEK=4,DAY_OF_WEEK_IN_MONTH=5,AM_PM=0,HOUR=10,HOUR_OF_DAY=10,MINUTE=0,SECOND=2,MILLISECOND=545,ZONE_OFFSET=0,DST_OFFSET=0]
120530 175856.231|INFO|Thread-16|info|handlePacket start Packet[CLOCK_STARTED] #946 SERVER0 @ site 1 -> SERVER0 @ site 0
120530 175856.231|INFO|Thread-16|dumpPacket|Packet CLOCK_STARTED (Seq #946 ) handlePacket
120530 175856.231|INFO|Thread-16|dumpPacket|  From: SERVER0 @ site 1
120530 175856.231|INFO|Thread-16|dumpPacket|    To: SERVER0 @ site 0
120530 175856.231|INFO|Thread-16|dumpPacket|   key: CLIENT_ID is: edu.csus.ecs.pc2.core.model.ClientId ADMINISTRATOR1 @ site 1
120530 175856.232|INFO|Thread-16|dumpPacket|   key: SITE_NUMBER is: java.lang.Integer 1
120530 175856.232|INFO|Thread-16|dumpPacket|   key: SERVER_CLOCK_OFFSET is: java.util.GregorianCalendar java.util.GregorianCalendar[time=1338372002545,areFieldsSet=true,areAllFieldsSet=false,lenient=true,zone=sun.util.calendar.ZoneInfo[id="GMT",offset=0,dstSavings=0,useDaylight=false,transitions=0,lastRule=null],firstDayOfWeek=1,minimalDaysInFirstWeek=1,ERA=1,YEAR=2012,MONTH=4,WEEK_OF_YEAR=22,WEEK_OF_MONTH=5,DAY_OF_MONTH=30,DAY_OF_YEAR=151,DAY_OF_WEEK=4,DAY_OF_WEEK_IN_MONTH=5,AM_PM=0,HOUR=10,HOUR_OF_DAY=10,MINUTE=0,SECOND=2,MILLISECOND=545,ZONE_OFFSET=0,DST_OFFSET=0]
120530 175856.233|INFO|Thread-16|contestStarted|debug ContestTime site 1 STARTED 0:00:00
120530 175856.233|INFO|Thread-16|info|Clock for site 1 started by ADMINISTRATOR1 @ site 1 elapsed 0:00:00
120530 175856.233|INFO|Thread-16|info|handlePacket end Packet[CLOCK_STARTED] #946 SERVER0 @ site 1 -> SERVER0 @ site 0
120530 175856.233|INFO|Thread-16|info| receiveObject(S) end   got Packet[CLOCK_STARTED] #946 SERVER0 @ site 1 -> SERVER0 @ site 0
120530 181149.863|INFO|AWT-EventQueue-0|testOrSubmitRun|submitRun for Problem 5 GNU C++ file: C:\Users\owner\Desktop\p5.cpp
120530 181149.868|INFO|AWT-EventQueue-0|sendToLocalServer|Sending packet to server Packet[RUN_SUBMISSION] #2 TEAM243 @ site 1 -> SERVER0 @ site 1
120530 181149.869|INFO|AWT-EventQueue-0|sendToLocalServer|Sent    packet to server Packet[RUN_SUBMISSION] #2 TEAM243 @ site 1 -> SERVER0 @ site 1
120530 181149.869|INFO|Thread-18|run|send(Serializable)
120530 181149.929|INFO|Thread-1|receive|public void receive(SealedObject TransportPacket, ConnectionHandlerID connectionHandlerID)
120530 181149.931|INFO|Thread-19|info| receiveObject(S) start got Packet[RUN_SUBMISSION_CONFIRM] #1564 SERVER0 @ site 1 -> TEAM243 @ site 1
120530 181149.931|INFO|Thread-19|dumpPacket|Packet RUN_SUBMISSION_CONFIRM (Seq #1564 ) recieveObject
120530 181149.931|INFO|Thread-19|dumpPacket|  From: SERVER0 @ site 1
120530 181149.932|INFO|Thread-19|dumpPacket|    To: TEAM243 @ site 1
120530 181149.932|INFO|Thread-19|dumpPacket|   key: RUN is: edu.csus.ecs.pc2.core.model.Run Run 34 NEW from TEAM243 @ site 1 id Run--1294041716020345569
120530 181149.932|INFO|Thread-19|info|handlePacket start Packet[RUN_SUBMISSION_CONFIRM] #1564 SERVER0 @ site 1 -> TEAM243 @ site 1
120530 181149.932|INFO|Thread-19|dumpPacket|Packet RUN_SUBMISSION_CONFIRM (Seq #1564 ) handlePacket
120530 181149.932|INFO|Thread-19|dumpPacket|  From: SERVER0 @ site 1
120530 181149.932|INFO|Thread-19|dumpPacket|    To: TEAM243 @ site 1
120530 181149.933|INFO|Thread-19|dumpPacket|   key: RUN is: edu.csus.ecs.pc2.core.model.Run Run 34 NEW from TEAM243 @ site 1 id Run--1294041716020345569
120530 181151.346|INFO|Thread-19|info|handlePacket end Packet[RUN_SUBMISSION_CONFIRM] #1564 SERVER0 @ site 1 -> TEAM243 @ site 1
120530 181151.346|INFO|Thread-19|info| receiveObject(S) end   got Packet[RUN_SUBMISSION_CONFIRM] #1564 SERVER0 @ site 1 -> TEAM243 @ site 1
120530 181316.304|INFO|Thread-1|receive|public void receive(SealedObject TransportPacket, ConnectionHandlerID connectionHandlerID)
120530 181316.309|INFO|Thread-20|info| receiveObject(S) start got Packet[RUN_JUDGEMENT] #1636 SERVER0 @ site 1 -> TEAM243 @ site 1
120530 181316.310|INFO|Thread-20|dumpPacket|Packet RUN_JUDGEMENT (Seq #1636 ) recieveObject
120530 181316.310|INFO|Thread-20|dumpPacket|  From: SERVER0 @ site 1
120530 181316.310|INFO|Thread-20|dumpPacket|    To: TEAM243 @ site 1
120530 181316.310|INFO|Thread-20|dumpPacket|   key: CLIENT_ID is: edu.csus.ecs.pc2.core.model.ClientId SERVER0 @ site 1
120530 181316.310|INFO|Thread-20|dumpPacket|   key: JUDGEMENT_RECORD is: edu.csus.ecs.pc2.core.model.JudgementRecord Yes by JUDGE1 @ site 1 judgement Yes-1327123688215950474 id JudgementRecord-3600730344433665591
120530 181316.311|INFO|Thread-20|dumpPacket|   key: RUN is: edu.csus.ecs.pc2.core.model.Run Run 34 JUDGED from TEAM243 @ site 1 id Run--1294041716020345569
120530 181316.311|INFO|Thread-20|info|handlePacket start Packet[RUN_JUDGEMENT] #1636 SERVER0 @ site 1 -> TEAM243 @ site 1
120530 181316.311|INFO|Thread-20|dumpPacket|Packet RUN_JUDGEMENT (Seq #1636 ) handlePacket
120530 181316.311|INFO|Thread-20|dumpPacket|  From: SERVER0 @ site 1
120530 181316.311|INFO|Thread-20|dumpPacket|    To: TEAM243 @ site 1
120530 181316.311|INFO|Thread-20|dumpPacket|   key: CLIENT_ID is: edu.csus.ecs.pc2.core.model.ClientId SERVER0 @ site 1
120530 181316.312|INFO|Thread-20|dumpPacket|   key: JUDGEMENT_RECORD is: edu.csus.ecs.pc2.core.model.JudgementRecord Yes by JUDGE1 @ site 1 judgement Yes-1327123688215950474 id JudgementRecord-3600730344433665591
120530 181316.312|INFO|Thread-20|dumpPacket|   key: RUN is: edu.csus.ecs.pc2.core.model.Run Run 34 JUDGED from TEAM243 @ site 1 id Run--1294041716020345569
120530 181319.446|INFO|Thread-20|info|handlePacket end Packet[RUN_JUDGEMENT] #1636 SERVER0 @ site 1 -> TEAM243 @ site 1
120530 181319.446|INFO|Thread-20|info| receiveObject(S) end   got Packet[RUN_JUDGEMENT] #1636 SERVER0 @ site 1 -> TEAM243 @ site 1
120530 181649.279|INFO|AWT-EventQueue-0|testOrSubmitRun|submitRun for Problem 2 GNU C++ file: C:\Users\owner\Desktop\p2.cpp
120530 181649.293|INFO|AWT-EventQueue-0|sendToLocalServer|Sending packet to server Packet[RUN_SUBMISSION] #3 TEAM243 @ site 1 -> SERVER0 @ site 1
120530 181649.293|INFO|AWT-EventQueue-0|sendToLocalServer|Sent    packet to server Packet[RUN_SUBMISSION] #3 TEAM243 @ site 1 -> SERVER0 @ site 1
120530 181649.294|INFO|Thread-21|run|send(Serializable)
120530 181649.328|INFO|Thread-1|receive|public void receive(SealedObject TransportPacket, ConnectionHandlerID connectionHandlerID)
120530 181649.330|INFO|Thread-22|info| receiveObject(S) start got Packet[RUN_SUBMISSION_CONFIRM] #1794 SERVER0 @ site 1 -> TEAM243 @ site 1
120530 181649.330|INFO|Thread-22|dumpPacket|Packet RUN_SUBMISSION_CONFIRM (Seq #1794 ) recieveObject
120530 181649.331|INFO|Thread-22|dumpPacket|  From: SERVER0 @ site 1
120530 181649.331|INFO|Thread-22|dumpPacket|    To: TEAM243 @ site 1
120530 181649.331|INFO|Thread-22|dumpPacket|   key: RUN is: edu.csus.ecs.pc2.core.model.Run Run 40 NEW from TEAM243 @ site 1 id Run--4334548339174184250
120530 181649.331|INFO|Thread-22|info|handlePacket start Packet[RUN_SUBMISSION_CONFIRM] #1794 SERVER0 @ site 1 -> TEAM243 @ site 1
120530 181649.331|INFO|Thread-22|dumpPacket|Packet RUN_SUBMISSION_CONFIRM (Seq #1794 ) handlePacket
120530 181649.331|INFO|Thread-22|dumpPacket|  From: SERVER0 @ site 1
120530 181649.332|INFO|Thread-22|dumpPacket|    To: TEAM243 @ site 1
120530 181649.332|INFO|Thread-22|dumpPacket|   key: RUN is: edu.csus.ecs.pc2.core.model.Run Run 40 NEW from TEAM243 @ site 1 id Run--4334548339174184250
120530 181650.447|INFO|Thread-22|info|handlePacket end Packet[RUN_SUBMISSION_CONFIRM] #1794 SERVER0 @ site 1 -> TEAM243 @ site 1
120530 181650.447|INFO|Thread-22|info| receiveObject(S) end   got Packet[RUN_SUBMISSION_CONFIRM] #1794 SERVER0 @ site 1 -> TEAM243 @ site 1
120530 181724.346|INFO|Thread-1|receive|public void receive(SealedObject TransportPacket, ConnectionHandlerID connectionHandlerID)
120530 181724.347|INFO|Thread-23|info| receiveObject(S) start got Packet[RUN_JUDGEMENT] #1806 SERVER0 @ site 1 -> TEAM243 @ site 1
120530 181724.347|INFO|Thread-23|dumpPacket|Packet RUN_JUDGEMENT (Seq #1806 ) recieveObject
120530 181724.348|INFO|Thread-23|dumpPacket|  From: SERVER0 @ site 1
120530 181724.348|INFO|Thread-23|dumpPacket|    To: TEAM243 @ site 1
120530 181724.348|INFO|Thread-23|dumpPacket|   key: CLIENT_ID is: edu.csus.ecs.pc2.core.model.ClientId SERVER0 @ site 1
120530 181724.348|INFO|Thread-23|dumpPacket|   key: JUDGEMENT_RECORD is: edu.csus.ecs.pc2.core.model.JudgementRecord Yes by JUDGE1 @ site 1 judgement Yes-1327123688215950474 id JudgementRecord-401647040541046684
120530 181724.348|INFO|Thread-23|dumpPacket|   key: RUN is: edu.csus.ecs.pc2.core.model.Run Run 40 JUDGED from TEAM243 @ site 1 id Run--4334548339174184250
120530 181724.348|INFO|Thread-23|info|handlePacket start Packet[RUN_JUDGEMENT] #1806 SERVER0 @ site 1 -> TEAM243 @ site 1
120530 181724.348|INFO|Thread-23|dumpPacket|Packet RUN_JUDGEMENT (Seq #1806 ) handlePacket
120530 181724.348|INFO|Thread-23|dumpPacket|  From: SERVER0 @ site 1
120530 181724.348|INFO|Thread-23|dumpPacket|    To: TEAM243 @ site 1
120530 181724.348|INFO|Thread-23|dumpPacket|   key: CLIENT_ID is: edu.csus.ecs.pc2.core.model.ClientId SERVER0 @ site 1
120530 181724.348|INFO|Thread-23|dumpPacket|   key: JUDGEMENT_RECORD is: edu.csus.ecs.pc2.core.model.JudgementRecord Yes by JUDGE1 @ site 1 judgement Yes-1327123688215950474 id JudgementRecord-401647040541046684
120530 181724.349|INFO|Thread-23|dumpPacket|   key: RUN is: edu.csus.ecs.pc2.core.model.Run Run 40 JUDGED from TEAM243 @ site 1 id Run--4334548339174184250
120530 181726.647|INFO|Thread-23|info|handlePacket end Packet[RUN_JUDGEMENT] #1806 SERVER0 @ site 1 -> TEAM243 @ site 1
120530 181726.648|INFO|Thread-23|info| receiveObject(S) end   got Packet[RUN_JUDGEMENT] #1806 SERVER0 @ site 1 -> TEAM243 @ site 1
120530 182514.823|INFO|AWT-EventQueue-0|testOrSubmitRun|submitRun for Problem 1 GNU C++ file: C:\Users\owner\Desktop\p1.cpp
120530 182514.825|INFO|AWT-EventQueue-0|sendToLocalServer|Sending packet to server Packet[RUN_SUBMISSION] #4 TEAM243 @ site 1 -> SERVER0 @ site 1
120530 182514.825|INFO|AWT-EventQueue-0|sendToLocalServer|Sent    packet to server Packet[RUN_SUBMISSION] #4 TEAM243 @ site 1 -> SERVER0 @ site 1
120530 182514.826|INFO|Thread-24|run|send(Serializable)
120530 182514.844|INFO|Thread-1|receive|public void receive(SealedObject TransportPacket, ConnectionHandlerID connectionHandlerID)
120530 182514.846|INFO|Thread-25|info| receiveObject(S) start got Packet[RUN_SUBMISSION_CONFIRM] #2051 SERVER0 @ site 1 -> TEAM243 @ site 1
120530 182514.846|INFO|Thread-25|dumpPacket|Packet RUN_SUBMISSION_CONFIRM (Seq #2051 ) recieveObject
120530 182514.846|INFO|Thread-25|dumpPacket|  From: SERVER0 @ site 1
120530 182514.846|INFO|Thread-25|dumpPacket|    To: TEAM243 @ site 1
120530 182514.846|INFO|Thread-25|dumpPacket|   key: RUN is: edu.csus.ecs.pc2.core.model.Run Run 52 NEW from TEAM243 @ site 1 id Run--3384030184525325208
120530 182514.846|INFO|Thread-25|info|handlePacket start Packet[RUN_SUBMISSION_CONFIRM] #2051 SERVER0 @ site 1 -> TEAM243 @ site 1
120530 182514.847|INFO|Thread-25|dumpPacket|Packet RUN_SUBMISSION_CONFIRM (Seq #2051 ) handlePacket
120530 182514.847|INFO|Thread-25|dumpPacket|  From: SERVER0 @ site 1
120530 182514.847|INFO|Thread-25|dumpPacket|    To: TEAM243 @ site 1
120530 182514.847|INFO|Thread-25|dumpPacket|   key: RUN is: edu.csus.ecs.pc2.core.model.Run Run 52 NEW from TEAM243 @ site 1 id Run--3384030184525325208
120530 182515.647|INFO|Thread-25|info|handlePacket end Packet[RUN_SUBMISSION_CONFIRM] #2051 SERVER0 @ site 1 -> TEAM243 @ site 1
120530 182515.648|INFO|Thread-25|info| receiveObject(S) end   got Packet[RUN_SUBMISSION_CONFIRM] #2051 SERVER0 @ site 1 -> TEAM243 @ site 1
120530 182542.222|INFO|Thread-1|receive|public void receive(SealedObject TransportPacket, ConnectionHandlerID connectionHandlerID)
120530 182542.223|INFO|Thread-26|info| receiveObject(S) start got Packet[RUN_JUDGEMENT] #2059 SERVER0 @ site 1 -> TEAM243 @ site 1
120530 182542.224|INFO|Thread-26|dumpPacket|Packet RUN_JUDGEMENT (Seq #2059 ) recieveObject
120530 182542.224|INFO|Thread-26|dumpPacket|  From: SERVER0 @ site 1
120530 182542.224|INFO|Thread-26|dumpPacket|    To: TEAM243 @ site 1
120530 182542.224|INFO|Thread-26|dumpPacket|   key: CLIENT_ID is: edu.csus.ecs.pc2.core.model.ClientId SERVER0 @ site 1
120530 182542.224|INFO|Thread-26|dumpPacket|   key: JUDGEMENT_RECORD is: edu.csus.ecs.pc2.core.model.JudgementRecord Yes by JUDGE2 @ site 1 judgement Yes-1327123688215950474 id JudgementRecord--6308424681960656572
120530 182542.224|INFO|Thread-26|dumpPacket|   key: RUN is: edu.csus.ecs.pc2.core.model.Run Run 52 JUDGED from TEAM243 @ site 1 id Run--3384030184525325208
120530 182542.224|INFO|Thread-26|info|handlePacket start Packet[RUN_JUDGEMENT] #2059 SERVER0 @ site 1 -> TEAM243 @ site 1
120530 182542.224|INFO|Thread-26|dumpPacket|Packet RUN_JUDGEMENT (Seq #2059 ) handlePacket
120530 182542.224|INFO|Thread-26|dumpPacket|  From: SERVER0 @ site 1
120530 182542.225|INFO|Thread-26|dumpPacket|    To: TEAM243 @ site 1
120530 182542.225|INFO|Thread-26|dumpPacket|   key: CLIENT_ID is: edu.csus.ecs.pc2.core.model.ClientId SERVER0 @ site 1
120530 182542.225|INFO|Thread-26|dumpPacket|   key: JUDGEMENT_RECORD is: edu.csus.ecs.pc2.core.model.JudgementRecord Yes by JUDGE2 @ site 1 judgement Yes-1327123688215950474 id JudgementRecord--6308424681960656572
120530 182542.225|INFO|Thread-26|dumpPacket|   key: RUN is: edu.csus.ecs.pc2.core.model.Run Run 52 JUDGED from TEAM243 @ site 1 id Run--3384030184525325208
120530 182543.728|INFO|Thread-26|info|handlePacket end Packet[RUN_JUDGEMENT] #2059 SERVER0 @ site 1 -> TEAM243 @ site 1
120530 182543.728|INFO|Thread-26|info| receiveObject(S) end   got Packet[RUN_JUDGEMENT] #2059 SERVER0 @ site 1 -> TEAM243 @ site 1
120530 184321.225|INFO|AWT-EventQueue-0|testOrSubmitRun|submitRun for Problem 3 GNU C++ file: C:\Users\owner\Desktop\p3.cpp
120530 184321.227|INFO|AWT-EventQueue-0|sendToLocalServer|Sending packet to server Packet[RUN_SUBMISSION] #5 TEAM243 @ site 1 -> SERVER0 @ site 1
120530 184321.228|INFO|AWT-EventQueue-0|sendToLocalServer|Sent    packet to server Packet[RUN_SUBMISSION] #5 TEAM243 @ site 1 -> SERVER0 @ site 1
120530 184321.228|INFO|Thread-27|run|send(Serializable)
120530 184321.249|INFO|Thread-1|receive|public void receive(SealedObject TransportPacket, ConnectionHandlerID connectionHandlerID)
120530 184321.251|INFO|Thread-28|info| receiveObject(S) start got Packet[RUN_SUBMISSION_CONFIRM] #2420 SERVER0 @ site 1 -> TEAM243 @ site 1
120530 184321.252|INFO|Thread-28|dumpPacket|Packet RUN_SUBMISSION_CONFIRM (Seq #2420 ) recieveObject
120530 184321.252|INFO|Thread-28|dumpPacket|  From: SERVER0 @ site 1
120530 184321.252|INFO|Thread-28|dumpPacket|    To: TEAM243 @ site 1
120530 184321.252|INFO|Thread-28|dumpPacket|   key: RUN is: edu.csus.ecs.pc2.core.model.Run Run 72 NEW from TEAM243 @ site 1 id Run-3833899735956022225
120530 184321.252|INFO|Thread-28|info|handlePacket start Packet[RUN_SUBMISSION_CONFIRM] #2420 SERVER0 @ site 1 -> TEAM243 @ site 1
120530 184321.252|INFO|Thread-28|dumpPacket|Packet RUN_SUBMISSION_CONFIRM (Seq #2420 ) handlePacket
120530 184321.252|INFO|Thread-28|dumpPacket|  From: SERVER0 @ site 1
120530 184321.253|INFO|Thread-28|dumpPacket|    To: TEAM243 @ site 1
120530 184321.253|INFO|Thread-28|dumpPacket|   key: RUN is: edu.csus.ecs.pc2.core.model.Run Run 72 NEW from TEAM243 @ site 1 id Run-3833899735956022225
120530 184322.071|INFO|Thread-28|info|handlePacket end Packet[RUN_SUBMISSION_CONFIRM] #2420 SERVER0 @ site 1 -> TEAM243 @ site 1
120530 184322.072|INFO|Thread-28|info| receiveObject(S) end   got Packet[RUN_SUBMISSION_CONFIRM] #2420 SERVER0 @ site 1 -> TEAM243 @ site 1
120530 184345.652|INFO|Thread-1|receive|public void receive(SealedObject TransportPacket, ConnectionHandlerID connectionHandlerID)
120530 184345.655|INFO|Thread-29|info| receiveObject(S) start got Packet[RUN_JUDGEMENT] #2437 SERVER0 @ site 1 -> TEAM243 @ site 1
120530 184345.655|INFO|Thread-29|dumpPacket|Packet RUN_JUDGEMENT (Seq #2437 ) recieveObject
120530 184345.655|INFO|Thread-29|dumpPacket|  From: SERVER0 @ site 1
120530 184345.655|INFO|Thread-29|dumpPacket|    To: TEAM243 @ site 1
120530 184345.655|INFO|Thread-29|dumpPacket|   key: CLIENT_ID is: edu.csus.ecs.pc2.core.model.ClientId SERVER0 @ site 1
120530 184345.656|INFO|Thread-29|dumpPacket|   key: JUDGEMENT_RECORD is: edu.csus.ecs.pc2.core.model.JudgementRecord Yes by JUDGE5 @ site 1 judgement Yes-1327123688215950474 id JudgementRecord--5138362159020538428
120530 184345.656|INFO|Thread-29|dumpPacket|   key: RUN is: edu.csus.ecs.pc2.core.model.Run Run 72 JUDGED from TEAM243 @ site 1 id Run-3833899735956022225
120530 184345.656|INFO|Thread-29|info|handlePacket start Packet[RUN_JUDGEMENT] #2437 SERVER0 @ site 1 -> TEAM243 @ site 1
120530 184345.656|INFO|Thread-29|dumpPacket|Packet RUN_JUDGEMENT (Seq #2437 ) handlePacket
120530 184345.656|INFO|Thread-29|dumpPacket|  From: SERVER0 @ site 1
120530 184345.656|INFO|Thread-29|dumpPacket|    To: TEAM243 @ site 1
120530 184345.657|INFO|Thread-29|dumpPacket|   key: CLIENT_ID is: edu.csus.ecs.pc2.core.model.ClientId SERVER0 @ site 1
120530 184345.657|INFO|Thread-29|dumpPacket|   key: JUDGEMENT_RECORD is: edu.csus.ecs.pc2.core.model.JudgementRecord Yes by JUDGE5 @ site 1 judgement Yes-1327123688215950474 id JudgementRecord--5138362159020538428
120530 184345.657|INFO|Thread-29|dumpPacket|   key: RUN is: edu.csus.ecs.pc2.core.model.Run Run 72 JUDGED from TEAM243 @ site 1 id Run-3833899735956022225
120530 184347.408|INFO|Thread-29|info|handlePacket end Packet[RUN_JUDGEMENT] #2437 SERVER0 @ site 1 -> TEAM243 @ site 1
120530 184347.408|INFO|Thread-29|info| receiveObject(S) end   got Packet[RUN_JUDGEMENT] #2437 SERVER0 @ site 1 -> TEAM243 @ site 1
120530 185609.103|INFO|AWT-EventQueue-0|testOrSubmitRun|submitRun for Problem 4 GNU C++ file: C:\Users\owner\Desktop\p4.cpp
120530 185609.109|INFO|AWT-EventQueue-0|sendToLocalServer|Sending packet to server Packet[RUN_SUBMISSION] #6 TEAM243 @ site 1 -> SERVER0 @ site 1
120530 185609.109|INFO|AWT-EventQueue-0|sendToLocalServer|Sent    packet to server Packet[RUN_SUBMISSION] #6 TEAM243 @ site 1 -> SERVER0 @ site 1
120530 185609.110|INFO|Thread-30|run|send(Serializable)
120530 185609.147|INFO|Thread-1|receive|public void receive(SealedObject TransportPacket, ConnectionHandlerID connectionHandlerID)
120530 185609.148|INFO|Thread-31|info| receiveObject(S) start got Packet[RUN_SUBMISSION_CONFIRM] #2810 SERVER0 @ site 1 -> TEAM243 @ site 1
120530 185609.149|INFO|Thread-31|dumpPacket|Packet RUN_SUBMISSION_CONFIRM (Seq #2810 ) recieveObject
120530 185609.149|INFO|Thread-31|dumpPacket|  From: SERVER0 @ site 1
120530 185609.149|INFO|Thread-31|dumpPacket|    To: TEAM243 @ site 1
120530 185609.149|INFO|Thread-31|dumpPacket|   key: RUN is: edu.csus.ecs.pc2.core.model.Run Run 104 NEW from TEAM243 @ site 1 id Run-1112267678508533875
120530 185609.149|INFO|Thread-31|info|handlePacket start Packet[RUN_SUBMISSION_CONFIRM] #2810 SERVER0 @ site 1 -> TEAM243 @ site 1
120530 185609.149|INFO|Thread-31|dumpPacket|Packet RUN_SUBMISSION_CONFIRM (Seq #2810 ) handlePacket
120530 185609.149|INFO|Thread-31|dumpPacket|  From: SERVER0 @ site 1
120530 185609.149|INFO|Thread-31|dumpPacket|    To: TEAM243 @ site 1
120530 185609.149|INFO|Thread-31|dumpPacket|   key: RUN is: edu.csus.ecs.pc2.core.model.Run Run 104 NEW from TEAM243 @ site 1 id Run-1112267678508533875
120530 185609.999|INFO|Thread-31|info|handlePacket end Packet[RUN_SUBMISSION_CONFIRM] #2810 SERVER0 @ site 1 -> TEAM243 @ site 1
120530 185610.000|INFO|Thread-31|info| receiveObject(S) end   got Packet[RUN_SUBMISSION_CONFIRM] #2810 SERVER0 @ site 1 -> TEAM243 @ site 1
120530 185622.437|INFO|Thread-1|receive|public void receive(SealedObject TransportPacket, ConnectionHandlerID connectionHandlerID)
120530 185622.440|INFO|Thread-32|info| receiveObject(S) start got Packet[RUN_JUDGEMENT] #2818 SERVER0 @ site 1 -> TEAM243 @ site 1
120530 185622.440|INFO|Thread-32|dumpPacket|Packet RUN_JUDGEMENT (Seq #2818 ) recieveObject
120530 185622.441|INFO|Thread-32|dumpPacket|  From: SERVER0 @ site 1
120530 185622.441|INFO|Thread-32|dumpPacket|    To: TEAM243 @ site 1
120530 185622.441|INFO|Thread-32|dumpPacket|   key: CLIENT_ID is: edu.csus.ecs.pc2.core.model.ClientId SERVER0 @ site 1
120530 185622.441|INFO|Thread-32|dumpPacket|   key: JUDGEMENT_RECORD is: edu.csus.ecs.pc2.core.model.JudgementRecord No by JUDGE2 @ site 1 judgement No - Compilation Error--667496027491804461 id JudgementRecord-6218177265322476478
120530 185622.441|INFO|Thread-32|dumpPacket|   key: RUN is: edu.csus.ecs.pc2.core.model.Run Run 104 JUDGED from TEAM243 @ site 1 id Run-1112267678508533875
120530 185622.442|INFO|Thread-32|info|handlePacket start Packet[RUN_JUDGEMENT] #2818 SERVER0 @ site 1 -> TEAM243 @ site 1
120530 185622.442|INFO|Thread-32|dumpPacket|Packet RUN_JUDGEMENT (Seq #2818 ) handlePacket
120530 185622.442|INFO|Thread-32|dumpPacket|  From: SERVER0 @ site 1
120530 185622.442|INFO|Thread-32|dumpPacket|    To: TEAM243 @ site 1
120530 185622.442|INFO|Thread-32|dumpPacket|   key: CLIENT_ID is: edu.csus.ecs.pc2.core.model.ClientId SERVER0 @ site 1
120530 185622.442|INFO|Thread-32|dumpPacket|   key: JUDGEMENT_RECORD is: edu.csus.ecs.pc2.core.model.JudgementRecord No by JUDGE2 @ site 1 judgement No - Compilation Error--667496027491804461 id JudgementRecord-6218177265322476478
120530 185622.443|INFO|Thread-32|dumpPacket|   key: RUN is: edu.csus.ecs.pc2.core.model.Run Run 104 JUDGED from TEAM243 @ site 1 id Run-1112267678508533875
120530 185623.816|INFO|Thread-32|info|handlePacket end Packet[RUN_JUDGEMENT] #2818 SERVER0 @ site 1 -> TEAM243 @ site 1
120530 185623.816|INFO|Thread-32|info| receiveObject(S) end   got Packet[RUN_JUDGEMENT] #2818 SERVER0 @ site 1 -> TEAM243 @ site 1
120530 190153.987|INFO|AWT-EventQueue-0|testOrSubmitRun|submitRun for Problem 4 GNU C++ file: C:\Users\owner\Desktop\p4.cpp
120530 190153.992|INFO|AWT-EventQueue-0|sendToLocalServer|Sending packet to server Packet[RUN_SUBMISSION] #7 TEAM243 @ site 1 -> SERVER0 @ site 1
120530 190153.993|INFO|AWT-EventQueue-0|sendToLocalServer|Sent    packet to server Packet[RUN_SUBMISSION] #7 TEAM243 @ site 1 -> SERVER0 @ site 1
120530 190153.993|INFO|Thread-33|run|send(Serializable)
120530 190154.060|INFO|Thread-1|receive|public void receive(SealedObject TransportPacket, ConnectionHandlerID connectionHandlerID)
120530 190154.062|INFO|Thread-34|info| receiveObject(S) start got Packet[RUN_SUBMISSION_CONFIRM] #2999 SERVER0 @ site 1 -> TEAM243 @ site 1
120530 190154.062|INFO|Thread-34|dumpPacket|Packet RUN_SUBMISSION_CONFIRM (Seq #2999 ) recieveObject
120530 190154.062|INFO|Thread-34|dumpPacket|  From: SERVER0 @ site 1
120530 190154.063|INFO|Thread-34|dumpPacket|    To: TEAM243 @ site 1
120530 190154.063|INFO|Thread-34|dumpPacket|   key: RUN is: edu.csus.ecs.pc2.core.model.Run Run 120 NEW from TEAM243 @ site 1 id Run--7385310238709834868
120530 190154.063|INFO|Thread-34|info|handlePacket start Packet[RUN_SUBMISSION_CONFIRM] #2999 SERVER0 @ site 1 -> TEAM243 @ site 1
120530 190154.063|INFO|Thread-34|dumpPacket|Packet RUN_SUBMISSION_CONFIRM (Seq #2999 ) handlePacket
120530 190154.063|INFO|Thread-34|dumpPacket|  From: SERVER0 @ site 1
120530 190154.063|INFO|Thread-34|dumpPacket|    To: TEAM243 @ site 1
120530 190154.063|INFO|Thread-34|dumpPacket|   key: RUN is: edu.csus.ecs.pc2.core.model.Run Run 120 NEW from TEAM243 @ site 1 id Run--7385310238709834868
120530 190154.783|INFO|Thread-34|info|handlePacket end Packet[RUN_SUBMISSION_CONFIRM] #2999 SERVER0 @ site 1 -> TEAM243 @ site 1
120530 190154.784|INFO|Thread-34|info| receiveObject(S) end   got Packet[RUN_SUBMISSION_CONFIRM] #2999 SERVER0 @ site 1 -> TEAM243 @ site 1
120530 190256.817|INFO|Thread-1|receive|public void receive(SealedObject TransportPacket, ConnectionHandlerID connectionHandlerID)
120530 190256.820|INFO|Thread-35|info| receiveObject(S) start got Packet[RUN_JUDGEMENT] #3043 SERVER0 @ site 1 -> TEAM243 @ site 1
120530 190256.820|INFO|Thread-35|dumpPacket|Packet RUN_JUDGEMENT (Seq #3043 ) recieveObject
120530 190256.820|INFO|Thread-35|dumpPacket|  From: SERVER0 @ site 1
120530 190256.820|INFO|Thread-35|dumpPacket|    To: TEAM243 @ site 1
120530 190256.820|INFO|Thread-35|dumpPacket|   key: CLIENT_ID is: edu.csus.ecs.pc2.core.model.ClientId SERVER0 @ site 1
120530 190256.821|INFO|Thread-35|dumpPacket|   key: JUDGEMENT_RECORD is: edu.csus.ecs.pc2.core.model.JudgementRecord No by JUDGE2 @ site 1 judgement No - Compilation Error--667496027491804461 id JudgementRecord--6629039796676540088
120530 190256.821|INFO|Thread-35|dumpPacket|   key: RUN is: edu.csus.ecs.pc2.core.model.Run Run 120 JUDGED from TEAM243 @ site 1 id Run--7385310238709834868
120530 190256.821|INFO|Thread-35|info|handlePacket start Packet[RUN_JUDGEMENT] #3043 SERVER0 @ site 1 -> TEAM243 @ site 1
120530 190256.821|INFO|Thread-35|dumpPacket|Packet RUN_JUDGEMENT (Seq #3043 ) handlePacket
120530 190256.821|INFO|Thread-35|dumpPacket|  From: SERVER0 @ site 1
120530 190256.822|INFO|Thread-35|dumpPacket|    To: TEAM243 @ site 1
120530 190256.822|INFO|Thread-35|dumpPacket|   key: CLIENT_ID is: edu.csus.ecs.pc2.core.model.ClientId SERVER0 @ site 1
120530 190256.822|INFO|Thread-35|dumpPacket|   key: JUDGEMENT_RECORD is: edu.csus.ecs.pc2.core.model.JudgementRecord No by JUDGE2 @ site 1 judgement No - Compilation Error--667496027491804461 id JudgementRecord--6629039796676540088
120530 190256.822|INFO|Thread-35|dumpPacket|   key: RUN is: edu.csus.ecs.pc2.core.model.Run Run 120 JUDGED from TEAM243 @ site 1 id Run--7385310238709834868
120530 190259.974|INFO|Thread-35|info|handlePacket end Packet[RUN_JUDGEMENT] #3043 SERVER0 @ site 1 -> TEAM243 @ site 1
120530 190259.974|INFO|Thread-35|info| receiveObject(S) end   got Packet[RUN_JUDGEMENT] #3043 SERVER0 @ site 1 -> TEAM243 @ site 1
120530 191109.312|INFO|AWT-EventQueue-0|testOrSubmitRun|submitRun for Problem 4 GNU C++ file: C:\Users\owner\Desktop\p4.cpp
120530 191109.317|INFO|AWT-EventQueue-0|sendToLocalServer|Sending packet to server Packet[RUN_SUBMISSION] #8 TEAM243 @ site 1 -> SERVER0 @ site 1
120530 191109.318|INFO|AWT-EventQueue-0|sendToLocalServer|Sent    packet to server Packet[RUN_SUBMISSION] #8 TEAM243 @ site 1 -> SERVER0 @ site 1
120530 191109.318|INFO|Thread-36|run|send(Serializable)
120530 191109.720|INFO|Thread-1|receive|public void receive(SealedObject TransportPacket, ConnectionHandlerID connectionHandlerID)
120530 191109.722|INFO|Thread-37|info| receiveObject(S) start got Packet[RUN_SUBMISSION_CONFIRM] #3390 SERVER0 @ site 1 -> TEAM243 @ site 1
120530 191109.723|INFO|Thread-37|dumpPacket|Packet RUN_SUBMISSION_CONFIRM (Seq #3390 ) recieveObject
120530 191109.723|INFO|Thread-37|dumpPacket|  From: SERVER0 @ site 1
120530 191109.723|INFO|Thread-37|dumpPacket|    To: TEAM243 @ site 1
120530 191109.723|INFO|Thread-37|dumpPacket|   key: RUN is: edu.csus.ecs.pc2.core.model.Run Run 168 NEW from TEAM243 @ site 1 id Run-1925575822139859592
120530 191109.723|INFO|Thread-37|info|handlePacket start Packet[RUN_SUBMISSION_CONFIRM] #3390 SERVER0 @ site 1 -> TEAM243 @ site 1
120530 191109.723|INFO|Thread-37|dumpPacket|Packet RUN_SUBMISSION_CONFIRM (Seq #3390 ) handlePacket
120530 191109.724|INFO|Thread-37|dumpPacket|  From: SERVER0 @ site 1
120530 191109.724|INFO|Thread-37|dumpPacket|    To: TEAM243 @ site 1
120530 191109.724|INFO|Thread-37|dumpPacket|   key: RUN is: edu.csus.ecs.pc2.core.model.Run Run 168 NEW from TEAM243 @ site 1 id Run-1925575822139859592
120530 191110.942|INFO|Thread-37|info|handlePacket end Packet[RUN_SUBMISSION_CONFIRM] #3390 SERVER0 @ site 1 -> TEAM243 @ site 1
120530 191110.943|INFO|Thread-37|info| receiveObject(S) end   got Packet[RUN_SUBMISSION_CONFIRM] #3390 SERVER0 @ site 1 -> TEAM243 @ site 1
120530 191120.401|INFO|Thread-1|receive|public void receive(SealedObject TransportPacket, ConnectionHandlerID connectionHandlerID)
120530 191120.403|INFO|Thread-38|info| receiveObject(S) start got Packet[RUN_JUDGEMENT] #3399 SERVER0 @ site 1 -> TEAM243 @ site 1
120530 191120.403|INFO|Thread-38|dumpPacket|Packet RUN_JUDGEMENT (Seq #3399 ) recieveObject
120530 191120.404|INFO|Thread-38|dumpPacket|  From: SERVER0 @ site 1
120530 191120.404|INFO|Thread-38|dumpPacket|    To: TEAM243 @ site 1
120530 191120.404|INFO|Thread-38|dumpPacket|   key: CLIENT_ID is: edu.csus.ecs.pc2.core.model.ClientId SERVER0 @ site 1
120530 191120.404|INFO|Thread-38|dumpPacket|   key: JUDGEMENT_RECORD is: edu.csus.ecs.pc2.core.model.JudgementRecord Yes by JUDGE4 @ site 1 judgement Yes-1327123688215950474 id JudgementRecord-6924807256895786631
120530 191120.404|INFO|Thread-38|dumpPacket|   key: RUN is: edu.csus.ecs.pc2.core.model.Run Run 168 JUDGED from TEAM243 @ site 1 id Run-1925575822139859592
120530 191120.405|INFO|Thread-38|info|handlePacket start Packet[RUN_JUDGEMENT] #3399 SERVER0 @ site 1 -> TEAM243 @ site 1
120530 191120.405|INFO|Thread-38|dumpPacket|Packet RUN_JUDGEMENT (Seq #3399 ) handlePacket
120530 191120.405|INFO|Thread-38|dumpPacket|  From: SERVER0 @ site 1
120530 191120.405|INFO|Thread-38|dumpPacket|    To: TEAM243 @ site 1
120530 191120.405|INFO|Thread-38|dumpPacket|   key: CLIENT_ID is: edu.csus.ecs.pc2.core.model.ClientId SERVER0 @ site 1
120530 191120.405|INFO|Thread-38|dumpPacket|   key: JUDGEMENT_RECORD is: edu.csus.ecs.pc2.core.model.JudgementRecord Yes by JUDGE4 @ site 1 judgement Yes-1327123688215950474 id JudgementRecord-6924807256895786631
120530 191120.406|INFO|Thread-38|dumpPacket|   key: RUN is: edu.csus.ecs.pc2.core.model.Run Run 168 JUDGED from TEAM243 @ site 1 id Run-1925575822139859592
120530 191130.455|INFO|Thread-38|info|handlePacket end Packet[RUN_JUDGEMENT] #3399 SERVER0 @ site 1 -> TEAM243 @ site 1
120530 191130.455|INFO|Thread-38|info| receiveObject(S) end   got Packet[RUN_JUDGEMENT] #3399 SERVER0 @ site 1 -> TEAM243 @ site 1
