120926 164142.529|CONFIG|AWT-EventQueue-0|setFileHandlers|Now logging to C:\Users\owner\Desktop\ProgramContest\pc2-9.1.6\bin\logs directory.
120926 164142.530|INFO|AWT-EventQueue-0|info|
120926 164142.530|INFO|AWT-EventQueue-0|info|Version 9.1.6 20100929 (Wednesday, September 29th 2010 03:53 UTC) Java ver 1.7.0_03 build 2136 Windows 7 6.1 (x86) 
120926 164142.530|INFO|AWT-EventQueue-0|info|Login: team41 (aka team41)
120926 164142.530|INFO|AWT-EventQueue-0|login|Working directory is C:\Users\owner\Desktop\ProgramContest\pc2-9.1.6\bin
120926 164142.531|INFO|AWT-EventQueue-0|info|Contacting server at 140.116.82.173:50002 as TEAM41 @ site 0
120926 164142.531|INFO|AWT-EventQueue-0|info|sendLoginRequest start - sending from TEAM41 @ site 0
120926 164142.539|INFO|AWT-EventQueue-0|sendToLocalServer|Sending packet to server Packet[LOGIN_REQUEST] #1 TEAM41 @ site 0 -> SERVER0 @ site 0
120926 164142.540|INFO|AWT-EventQueue-0|sendToLocalServer|Sent    packet to server Packet[LOGIN_REQUEST] #1 TEAM41 @ site 0 -> SERVER0 @ site 0
120926 164142.541|INFO|AWT-EventQueue-0|info|sendLoginRequest end - packet sent.
120926 164142.541|INFO|Thread-4|run|send(Serializable)
120926 164143.198|INFO|Thread-1|receive|public void receive(SealedObject TransportPacket, ConnectionHandlerID connectionHandlerID)
120926 164143.202|INFO|Thread-5|info| receiveObject(S) start got Packet[LOGIN_FAILED] #520 SERVER0 @ site 1 -> TEAM41 @ site 0
120926 164143.202|INFO|Thread-5|dumpPacket|Packet LOGIN_FAILED (Seq #520 ) recieveObject
120926 164143.202|INFO|Thread-5|dumpPacket|  From: SERVER0 @ site 1
120926 164143.202|INFO|Thread-5|dumpPacket|    To: TEAM41 @ site 0
120926 164143.203|INFO|Thread-5|dumpPacket|   key: MESSAGE_STRING is: java.lang.String Invalid password
120926 164143.203|INFO|Thread-5|info|handlePacket start Packet[LOGIN_FAILED] #520 SERVER0 @ site 1 -> TEAM41 @ site 0
120926 164143.203|INFO|Thread-5|dumpPacket|Packet LOGIN_FAILED (Seq #520 ) handlePacket
120926 164143.203|INFO|Thread-5|dumpPacket|  From: SERVER0 @ site 1
120926 164143.203|INFO|Thread-5|dumpPacket|    To: TEAM41 @ site 0
120926 164143.204|INFO|Thread-5|dumpPacket|   key: MESSAGE_STRING is: java.lang.String Invalid password
120926 164143.212|INFO|Thread-5|info|handlePacket end Packet[LOGIN_FAILED] #520 SERVER0 @ site 1 -> TEAM41 @ site 0
120926 164143.212|INFO|Thread-5|info| receiveObject(S) end   got Packet[LOGIN_FAILED] #520 SERVER0 @ site 1 -> TEAM41 @ site 0
120926 164240.857|CONFIG|AWT-EventQueue-0|setFileHandlers|Now logging to C:\Users\owner\Desktop\ProgramContest\pc2-9.1.6\bin\logs directory.
120926 164240.857|INFO|AWT-EventQueue-0|info|
120926 164240.857|INFO|AWT-EventQueue-0|info|Version 9.1.6 20100929 (Wednesday, September 29th 2010 03:53 UTC) Java ver 1.7.0_03 build 2136 Windows 7 6.1 (x86) 
120926 164240.858|INFO|AWT-EventQueue-0|info|Login: team41 (aka team41)
120926 164240.858|INFO|AWT-EventQueue-0|login|Working directory is C:\Users\owner\Desktop\ProgramContest\pc2-9.1.6\bin
120926 164240.858|INFO|AWT-EventQueue-0|info|Contacting server at 140.116.82.173:50002 as TEAM41 @ site 0
120926 164240.858|INFO|AWT-EventQueue-0|info|sendLoginRequest start - sending from TEAM41 @ site 0
120926 164240.867|INFO|AWT-EventQueue-0|sendToLocalServer|Sending packet to server Packet[LOGIN_REQUEST] #1 TEAM41 @ site 0 -> SERVER0 @ site 0
120926 164240.868|INFO|AWT-EventQueue-0|sendToLocalServer|Sent    packet to server Packet[LOGIN_REQUEST] #1 TEAM41 @ site 0 -> SERVER0 @ site 0
120926 164240.868|INFO|Thread-4|run|send(Serializable)
120926 164240.868|INFO|AWT-EventQueue-0|info|sendLoginRequest end - packet sent.
120926 164241.358|INFO|Thread-1|receive|public void receive(SealedObject TransportPacket, ConnectionHandlerID connectionHandlerID)
120926 164241.362|INFO|Thread-5|info| receiveObject(S) start got Packet[LOGIN_FAILED] #526 SERVER0 @ site 1 -> TEAM41 @ site 0
120926 164241.362|INFO|Thread-5|dumpPacket|Packet LOGIN_FAILED (Seq #526 ) recieveObject
120926 164241.362|INFO|Thread-5|dumpPacket|  From: SERVER0 @ site 1
120926 164241.363|INFO|Thread-5|dumpPacket|    To: TEAM41 @ site 0
120926 164241.363|INFO|Thread-5|dumpPacket|   key: MESSAGE_STRING is: java.lang.String Invalid password
120926 164241.363|INFO|Thread-5|info|handlePacket start Packet[LOGIN_FAILED] #526 SERVER0 @ site 1 -> TEAM41 @ site 0
120926 164241.363|INFO|Thread-5|dumpPacket|Packet LOGIN_FAILED (Seq #526 ) handlePacket
120926 164241.364|INFO|Thread-5|dumpPacket|  From: SERVER0 @ site 1
120926 164241.364|INFO|Thread-5|dumpPacket|    To: TEAM41 @ site 0
120926 164241.364|INFO|Thread-5|dumpPacket|   key: MESSAGE_STRING is: java.lang.String Invalid password
120926 164241.366|INFO|Thread-5|info|handlePacket end Packet[LOGIN_FAILED] #526 SERVER0 @ site 1 -> TEAM41 @ site 0
120926 164241.366|INFO|Thread-5|info| receiveObject(S) end   got Packet[LOGIN_FAILED] #526 SERVER0 @ site 1 -> TEAM41 @ site 0
120926 164311.242|CONFIG|AWT-EventQueue-0|setFileHandlers|Now logging to C:\Users\owner\Desktop\ProgramContest\pc2-9.1.6\bin\logs directory.
120926 164311.242|INFO|AWT-EventQueue-0|info|
120926 164311.242|INFO|AWT-EventQueue-0|info|Version 9.1.6 20100929 (Wednesday, September 29th 2010 03:53 UTC) Java ver 1.7.0_03 build 2136 Windows 7 6.1 (x86) 
120926 164311.242|INFO|AWT-EventQueue-0|info|Login: team41 (aka team41)
120926 164311.243|INFO|AWT-EventQueue-0|login|Working directory is C:\Users\owner\Desktop\ProgramContest\pc2-9.1.6\bin
120926 164311.243|INFO|AWT-EventQueue-0|info|Contacting server at 140.116.82.173:50002 as TEAM41 @ site 0
120926 164311.243|INFO|AWT-EventQueue-0|info|sendLoginRequest start - sending from TEAM41 @ site 0
120926 164311.251|INFO|AWT-EventQueue-0|sendToLocalServer|Sending packet to server Packet[LOGIN_REQUEST] #1 TEAM41 @ site 0 -> SERVER0 @ site 0
120926 164311.252|INFO|AWT-EventQueue-0|sendToLocalServer|Sent    packet to server Packet[LOGIN_REQUEST] #1 TEAM41 @ site 0 -> SERVER0 @ site 0
120926 164311.253|INFO|Thread-4|run|send(Serializable)
120926 164311.253|INFO|AWT-EventQueue-0|info|sendLoginRequest end - packet sent.
120926 164311.746|INFO|Thread-1|receive|public void receive(SealedObject TransportPacket, ConnectionHandlerID connectionHandlerID)
120926 164311.749|INFO|Thread-5|info| receiveObject(S) start got Packet[LOGIN_FAILED] #532 SERVER0 @ site 1 -> TEAM41 @ site 0
120926 164311.749|INFO|Thread-5|dumpPacket|Packet LOGIN_FAILED (Seq #532 ) recieveObject
120926 164311.749|INFO|Thread-5|dumpPacket|  From: SERVER0 @ site 1
120926 164311.750|INFO|Thread-5|dumpPacket|    To: TEAM41 @ site 0
120926 164311.750|INFO|Thread-5|dumpPacket|   key: MESSAGE_STRING is: java.lang.String Invalid password
120926 164311.750|INFO|Thread-5|info|handlePacket start Packet[LOGIN_FAILED] #532 SERVER0 @ site 1 -> TEAM41 @ site 0
120926 164311.750|INFO|Thread-5|dumpPacket|Packet LOGIN_FAILED (Seq #532 ) handlePacket
120926 164311.751|INFO|Thread-5|dumpPacket|  From: SERVER0 @ site 1
120926 164311.751|INFO|Thread-5|dumpPacket|    To: TEAM41 @ site 0
120926 164311.751|INFO|Thread-5|dumpPacket|   key: MESSAGE_STRING is: java.lang.String Invalid password
120926 164311.757|INFO|Thread-5|info|handlePacket end Packet[LOGIN_FAILED] #532 SERVER0 @ site 1 -> TEAM41 @ site 0
120926 164311.757|INFO|Thread-5|info| receiveObject(S) end   got Packet[LOGIN_FAILED] #532 SERVER0 @ site 1 -> TEAM41 @ site 0
120926 164653.177|CONFIG|AWT-EventQueue-0|setFileHandlers|Now logging to C:\Users\owner\Desktop\ProgramContest\pc2-9.1.6\bin\logs directory.
120926 164653.177|INFO|AWT-EventQueue-0|info|
120926 164653.178|INFO|AWT-EventQueue-0|info|Version 9.1.6 20100929 (Wednesday, September 29th 2010 03:53 UTC) Java ver 1.7.0_03 build 2136 Windows 7 6.1 (x86) 
120926 164653.178|INFO|AWT-EventQueue-0|info|Login: team41 (aka team41)
120926 164653.178|INFO|AWT-EventQueue-0|login|Working directory is C:\Users\owner\Desktop\ProgramContest\pc2-9.1.6\bin
120926 164653.178|INFO|AWT-EventQueue-0|info|Contacting server at 140.116.82.173:50002 as TEAM41 @ site 0
120926 164653.178|INFO|AWT-EventQueue-0|info|sendLoginRequest start - sending from TEAM41 @ site 0
120926 164653.187|INFO|AWT-EventQueue-0|sendToLocalServer|Sending packet to server Packet[LOGIN_REQUEST] #1 TEAM41 @ site 0 -> SERVER0 @ site 0
120926 164653.188|INFO|AWT-EventQueue-0|sendToLocalServer|Sent    packet to server Packet[LOGIN_REQUEST] #1 TEAM41 @ site 0 -> SERVER0 @ site 0
120926 164653.188|INFO|Thread-4|run|send(Serializable)
120926 164653.188|INFO|AWT-EventQueue-0|info|sendLoginRequest end - packet sent.
120926 164653.607|INFO|Thread-1|receive|public void receive(SealedObject TransportPacket, ConnectionHandlerID connectionHandlerID)
120926 164653.651|INFO|Thread-5|info| receiveObject(S) start got Packet[LOGIN_SUCCESS] #588 SERVER0 @ site 1 -> TEAM41 @ site 1
120926 164653.651|INFO|Thread-5|dumpPacket|Packet LOGIN_SUCCESS (Seq #588 ) recieveObject
120926 164653.651|INFO|Thread-5|dumpPacket|  From: SERVER0 @ site 1
120926 164653.651|INFO|Thread-5|dumpPacket|    To: TEAM41 @ site 1
120926 164653.651|INFO|Thread-5|dumpPacket|   key: SITE_NUMBER is: java.lang.Integer 1
120926 164653.651|INFO|Thread-5|dumpPacket|   key: JUDGEMENT_LIST is: [Ledu.csus.ecs.pc2.core.model.Judgement; [Ledu.csus.ecs.pc2.core.model.Judgement;@390b1d
120926 164653.652|INFO|Thread-5|dumpPacket|   key: RUN_LIST is: [Ledu.csus.ecs.pc2.core.model.Run; [Ledu.csus.ecs.pc2.core.model.Run;@108bddb
120926 164653.652|INFO|Thread-5|dumpPacket|   key: PROBLEM_LIST is: [Ledu.csus.ecs.pc2.core.model.Problem; [Ledu.csus.ecs.pc2.core.model.Problem;@e8a6a2
120926 164653.652|INFO|Thread-5|dumpPacket|   key: SERVER_CLOCK_OFFSET is: java.util.GregorianCalendar java.util.GregorianCalendar[time=1348649219315,areFieldsSet=true,areAllFieldsSet=false,lenient=true,zone=sun.util.calendar.ZoneInfo[id="GMT",offset=0,dstSavings=0,useDaylight=false,transitions=0,lastRule=null],firstDayOfWeek=1,minimalDaysInFirstWeek=1,ERA=1,YEAR=2012,MONTH=8,WEEK_OF_YEAR=39,WEEK_OF_MONTH=5,DAY_OF_MONTH=26,DAY_OF_YEAR=270,DAY_OF_WEEK=4,DAY_OF_WEEK_IN_MONTH=4,AM_PM=0,HOUR=8,HOUR_OF_DAY=8,MINUTE=46,SECOND=59,MILLISECOND=315,ZONE_OFFSET=0,DST_OFFSET=0]
120926 164653.652|INFO|Thread-5|dumpPacket|   key: CLIENT_SETTINGS_LIST is: [Ledu.csus.ecs.pc2.core.model.ClientSettings; [Ledu.csus.ecs.pc2.core.model.ClientSettings;@13d832
120926 164653.652|INFO|Thread-5|dumpPacket|   key: SITE_LIST is: [Ledu.csus.ecs.pc2.core.model.Site; [Ledu.csus.ecs.pc2.core.model.Site;@d6de8f
120926 164653.652|INFO|Thread-5|dumpPacket|   key: CONTEST_TIME_LIST is: [Ledu.csus.ecs.pc2.core.model.ContestTime; [Ledu.csus.ecs.pc2.core.model.ContestTime;@ad9f8a
120926 164653.652|INFO|Thread-5|dumpPacket|   key: CLIENT_ID is: edu.csus.ecs.pc2.core.model.ClientId TEAM41 @ site 1
120926 164653.652|INFO|Thread-5|dumpPacket|   key: CONNECTION_HANDLE_ID_LIST is: [Ledu.csus.ecs.pc2.core.transport.ConnectionHandlerID; [Ledu.csus.ecs.pc2.core.transport.ConnectionHandlerID;@c54b88
120926 164653.652|INFO|Thread-5|dumpPacket|   key: BALLOON_SETTINGS_LIST is: [Ledu.csus.ecs.pc2.core.model.BalloonSettings; [Ledu.csus.ecs.pc2.core.model.BalloonSettings;@e1ece3
120926 164653.652|INFO|Thread-5|dumpPacket|   key: ACCOUNT_ARRAY is: [Ledu.csus.ecs.pc2.core.model.Account; [Ledu.csus.ecs.pc2.core.model.Account;@874a4f
120926 164653.653|INFO|Thread-5|dumpPacket|   key: CONTEST_TIME is: edu.csus.ecs.pc2.core.model.ContestTime edu.csus.ecs.pc2.core.model.ContestTime@1f9310
120926 164653.653|INFO|Thread-5|dumpPacket|   key: GROUP_LIST is: [Ledu.csus.ecs.pc2.core.model.Group; [Ledu.csus.ecs.pc2.core.model.Group;@f01f4d
120926 164653.653|INFO|Thread-5|dumpPacket|   key: PROBLEM_DATA_FILES is: [Ledu.csus.ecs.pc2.core.model.ProblemDataFiles; [Ledu.csus.ecs.pc2.core.model.ProblemDataFiles;@96fdd7
120926 164653.653|INFO|Thread-5|dumpPacket|   key: CONTEST_INFORMATION is: edu.csus.ecs.pc2.core.model.ContestInformation edu.csus.ecs.pc2.core.model.ContestInformation@f33be4
120926 164653.653|INFO|Thread-5|dumpPacket|   key: LANGUAGE_LIST is: [Ledu.csus.ecs.pc2.core.model.Language; [Ledu.csus.ecs.pc2.core.model.Language;@e10dd0
120926 164653.653|INFO|Thread-5|dumpPacket|   key: GENERAL_PROBLEM is: edu.csus.ecs.pc2.core.model.Problem General
120926 164653.653|INFO|Thread-5|dumpPacket|   key: LOGGED_IN_USERS is: [Ledu.csus.ecs.pc2.core.model.ClientId; [Ledu.csus.ecs.pc2.core.model.ClientId;@1520567
120926 164653.653|INFO|Thread-5|dumpPacket|   key: CLARIFICATION_LIST is: [Ledu.csus.ecs.pc2.core.model.Clarification; [Ledu.csus.ecs.pc2.core.model.Clarification;@1e0c055
120926 164653.653|INFO|Thread-5|info|handlePacket start Packet[LOGIN_SUCCESS] #588 SERVER0 @ site 1 -> TEAM41 @ site 1
120926 164653.653|INFO|Thread-5|dumpPacket|Packet LOGIN_SUCCESS (Seq #588 ) handlePacket
120926 164653.654|INFO|Thread-5|dumpPacket|  From: SERVER0 @ site 1
120926 164653.654|INFO|Thread-5|dumpPacket|    To: TEAM41 @ site 1
120926 164653.654|INFO|Thread-5|dumpPacket|   key: SITE_NUMBER is: java.lang.Integer 1
120926 164653.654|INFO|Thread-5|dumpPacket|   key: JUDGEMENT_LIST is: [Ledu.csus.ecs.pc2.core.model.Judgement; [Ledu.csus.ecs.pc2.core.model.Judgement;@390b1d
120926 164653.654|INFO|Thread-5|dumpPacket|   key: RUN_LIST is: [Ledu.csus.ecs.pc2.core.model.Run; [Ledu.csus.ecs.pc2.core.model.Run;@108bddb
120926 164653.654|INFO|Thread-5|dumpPacket|   key: PROBLEM_LIST is: [Ledu.csus.ecs.pc2.core.model.Problem; [Ledu.csus.ecs.pc2.core.model.Problem;@e8a6a2
120926 164653.654|INFO|Thread-5|dumpPacket|   key: SERVER_CLOCK_OFFSET is: java.util.GregorianCalendar java.util.GregorianCalendar[time=1348649219315,areFieldsSet=true,areAllFieldsSet=false,lenient=true,zone=sun.util.calendar.ZoneInfo[id="GMT",offset=0,dstSavings=0,useDaylight=false,transitions=0,lastRule=null],firstDayOfWeek=1,minimalDaysInFirstWeek=1,ERA=1,YEAR=2012,MONTH=8,WEEK_OF_YEAR=39,WEEK_OF_MONTH=5,DAY_OF_MONTH=26,DAY_OF_YEAR=270,DAY_OF_WEEK=4,DAY_OF_WEEK_IN_MONTH=4,AM_PM=0,HOUR=8,HOUR_OF_DAY=8,MINUTE=46,SECOND=59,MILLISECOND=315,ZONE_OFFSET=0,DST_OFFSET=0]
120926 164653.654|INFO|Thread-5|dumpPacket|   key: CLIENT_SETTINGS_LIST is: [Ledu.csus.ecs.pc2.core.model.ClientSettings; [Ledu.csus.ecs.pc2.core.model.ClientSettings;@13d832
120926 164653.654|INFO|Thread-5|dumpPacket|   key: SITE_LIST is: [Ledu.csus.ecs.pc2.core.model.Site; [Ledu.csus.ecs.pc2.core.model.Site;@d6de8f
120926 164653.654|INFO|Thread-5|dumpPacket|   key: CONTEST_TIME_LIST is: [Ledu.csus.ecs.pc2.core.model.ContestTime; [Ledu.csus.ecs.pc2.core.model.ContestTime;@ad9f8a
120926 164653.654|INFO|Thread-5|dumpPacket|   key: CLIENT_ID is: edu.csus.ecs.pc2.core.model.ClientId TEAM41 @ site 1
120926 164653.655|INFO|Thread-5|dumpPacket|   key: CONNECTION_HANDLE_ID_LIST is: [Ledu.csus.ecs.pc2.core.transport.ConnectionHandlerID; [Ledu.csus.ecs.pc2.core.transport.ConnectionHandlerID;@c54b88
120926 164653.655|INFO|Thread-5|dumpPacket|   key: BALLOON_SETTINGS_LIST is: [Ledu.csus.ecs.pc2.core.model.BalloonSettings; [Ledu.csus.ecs.pc2.core.model.BalloonSettings;@e1ece3
120926 164653.655|INFO|Thread-5|dumpPacket|   key: ACCOUNT_ARRAY is: [Ledu.csus.ecs.pc2.core.model.Account; [Ledu.csus.ecs.pc2.core.model.Account;@874a4f
120926 164653.655|INFO|Thread-5|dumpPacket|   key: CONTEST_TIME is: edu.csus.ecs.pc2.core.model.ContestTime edu.csus.ecs.pc2.core.model.ContestTime@1f9310
120926 164653.655|INFO|Thread-5|dumpPacket|   key: GROUP_LIST is: [Ledu.csus.ecs.pc2.core.model.Group; [Ledu.csus.ecs.pc2.core.model.Group;@f01f4d
120926 164653.655|INFO|Thread-5|dumpPacket|   key: PROBLEM_DATA_FILES is: [Ledu.csus.ecs.pc2.core.model.ProblemDataFiles; [Ledu.csus.ecs.pc2.core.model.ProblemDataFiles;@96fdd7
120926 164653.655|INFO|Thread-5|dumpPacket|   key: CONTEST_INFORMATION is: edu.csus.ecs.pc2.core.model.ContestInformation edu.csus.ecs.pc2.core.model.ContestInformation@f33be4
120926 164653.655|INFO|Thread-5|dumpPacket|   key: LANGUAGE_LIST is: [Ledu.csus.ecs.pc2.core.model.Language; [Ledu.csus.ecs.pc2.core.model.Language;@e10dd0
120926 164653.655|INFO|Thread-5|dumpPacket|   key: GENERAL_PROBLEM is: edu.csus.ecs.pc2.core.model.Problem General
120926 164653.655|INFO|Thread-5|dumpPacket|   key: LOGGED_IN_USERS is: [Ledu.csus.ecs.pc2.core.model.ClientId; [Ledu.csus.ecs.pc2.core.model.ClientId;@1520567
120926 164653.655|INFO|Thread-5|dumpPacket|   key: CLARIFICATION_LIST is: [Ledu.csus.ecs.pc2.core.model.Clarification; [Ledu.csus.ecs.pc2.core.model.Clarification;@1e0c055
120926 164653.656|INFO|Thread-5|info| handlePacket original LOGIN_SUCCESS before 
120926 164653.658|INFO|Thread-5|info|addSitesToModel Site 1
120926 164653.666|INFO|Thread-5|info|Attempting to load UI class edu.csus.ecs.pc2.ui.team.TeamView
120926 164653.688|INFO|Thread-5|info|Loaded UI class edu.csus.ecs.pc2.ui.team.TeamView
120926 164653.908|INFO|Thread-5|info| handlePacket original LOGIN_SUCCESS after -- all settings loaded 
120926 164653.908|INFO|Thread-5|info|handlePacket end Packet[LOGIN_SUCCESS] #588 SERVER0 @ site 1 -> TEAM41 @ site 1
120926 164653.908|INFO|Thread-5|info| receiveObject(S) end   got Packet[LOGIN_SUCCESS] #588 SERVER0 @ site 1 -> TEAM41 @ site 1
120926 164703.391|INFO|Thread-1|receive|public void receive(SealedObject TransportPacket, ConnectionHandlerID connectionHandlerID)
120926 164703.395|INFO|Thread-6|info| receiveObject(S) start got Packet[UPDATE_SETTING] #590 SERVER0 @ site 1 -> SERVER0 @ site 0
120926 164703.395|INFO|Thread-6|dumpPacket|Packet UPDATE_SETTING (Seq #590 ) recieveObject
120926 164703.395|INFO|Thread-6|dumpPacket|  From: SERVER0 @ site 1
120926 164703.396|INFO|Thread-6|dumpPacket|    To: SERVER0 @ site 0
120926 164703.396|INFO|Thread-6|dumpPacket|   key: CONTEST_TIME is: edu.csus.ecs.pc2.core.model.ContestTime edu.csus.ecs.pc2.core.model.ContestTime@1423a74
120926 164703.396|INFO|Thread-6|info|handlePacket start Packet[UPDATE_SETTING] #590 SERVER0 @ site 1 -> SERVER0 @ site 0
120926 164703.396|INFO|Thread-6|dumpPacket|Packet UPDATE_SETTING (Seq #590 ) handlePacket
120926 164703.397|INFO|Thread-6|dumpPacket|  From: SERVER0 @ site 1
120926 164703.397|INFO|Thread-6|dumpPacket|    To: SERVER0 @ site 0
120926 164703.397|INFO|Thread-6|dumpPacket|   key: CONTEST_TIME is: edu.csus.ecs.pc2.core.model.ContestTime edu.csus.ecs.pc2.core.model.ContestTime@1423a74
120926 164703.398|INFO|Thread-6|contestTimeChanged|debug ContestTime site 1 CHANGED 
120926 164703.398|INFO|Thread-6|info|handlePacket end Packet[UPDATE_SETTING] #590 SERVER0 @ site 1 -> SERVER0 @ site 0
120926 164703.399|INFO|Thread-6|info| receiveObject(S) end   got Packet[UPDATE_SETTING] #590 SERVER0 @ site 1 -> SERVER0 @ site 0
120926 165124.601|CONFIG|AWT-EventQueue-0|setFileHandlers|Now logging to C:\Users\owner\Desktop\ProgramContest\pc2-9.1.6\bin\logs directory.
120926 165124.602|INFO|AWT-EventQueue-0|info|
120926 165124.602|INFO|AWT-EventQueue-0|info|Version 9.1.6 20100929 (Wednesday, September 29th 2010 03:53 UTC) Java ver 1.7.0_03 build 2136 Windows 7 6.1 (x86) 
120926 165124.602|INFO|AWT-EventQueue-0|info|Login: team41 (aka team41)
120926 165124.602|INFO|AWT-EventQueue-0|login|Working directory is C:\Users\owner\Desktop\ProgramContest\pc2-9.1.6\bin
120926 165124.603|INFO|AWT-EventQueue-0|info|Contacting server at 140.116.82.173:50002 as TEAM41 @ site 0
120926 165124.603|INFO|AWT-EventQueue-0|info|sendLoginRequest start - sending from TEAM41 @ site 0
120926 165124.611|INFO|AWT-EventQueue-0|sendToLocalServer|Sending packet to server Packet[LOGIN_REQUEST] #1 TEAM41 @ site 0 -> SERVER0 @ site 0
120926 165124.612|INFO|AWT-EventQueue-0|sendToLocalServer|Sent    packet to server Packet[LOGIN_REQUEST] #1 TEAM41 @ site 0 -> SERVER0 @ site 0
120926 165124.613|INFO|AWT-EventQueue-0|info|sendLoginRequest end - packet sent.
120926 165124.613|INFO|Thread-4|run|send(Serializable)
120926 165124.922|INFO|Thread-1|receive|public void receive(SealedObject TransportPacket, ConnectionHandlerID connectionHandlerID)
120926 165124.960|INFO|Thread-5|info| receiveObject(S) start got Packet[LOGIN_SUCCESS] #687 SERVER0 @ site 1 -> TEAM41 @ site 1
120926 165124.961|INFO|Thread-5|dumpPacket|Packet LOGIN_SUCCESS (Seq #687 ) recieveObject
120926 165124.961|INFO|Thread-5|dumpPacket|  From: SERVER0 @ site 1
120926 165124.961|INFO|Thread-5|dumpPacket|    To: TEAM41 @ site 1
120926 165124.961|INFO|Thread-5|dumpPacket|   key: SITE_NUMBER is: java.lang.Integer 1
120926 165124.961|INFO|Thread-5|dumpPacket|   key: JUDGEMENT_LIST is: [Ledu.csus.ecs.pc2.core.model.Judgement; [Ledu.csus.ecs.pc2.core.model.Judgement;@1ae9aa5
120926 165124.961|INFO|Thread-5|dumpPacket|   key: RUN_LIST is: [Ledu.csus.ecs.pc2.core.model.Run; [Ledu.csus.ecs.pc2.core.model.Run;@2af8bd
120926 165124.961|INFO|Thread-5|dumpPacket|   key: PROBLEM_LIST is: [Ledu.csus.ecs.pc2.core.model.Problem; [Ledu.csus.ecs.pc2.core.model.Problem;@130478f
120926 165124.961|INFO|Thread-5|dumpPacket|   key: SERVER_CLOCK_OFFSET is: java.util.GregorianCalendar java.util.GregorianCalendar[time=1348649490612,areFieldsSet=true,areAllFieldsSet=false,lenient=true,zone=sun.util.calendar.ZoneInfo[id="GMT",offset=0,dstSavings=0,useDaylight=false,transitions=0,lastRule=null],firstDayOfWeek=1,minimalDaysInFirstWeek=1,ERA=1,YEAR=2012,MONTH=8,WEEK_OF_YEAR=39,WEEK_OF_MONTH=5,DAY_OF_MONTH=26,DAY_OF_YEAR=270,DAY_OF_WEEK=4,DAY_OF_WEEK_IN_MONTH=4,AM_PM=0,HOUR=8,HOUR_OF_DAY=8,MINUTE=51,SECOND=30,MILLISECOND=612,ZONE_OFFSET=0,DST_OFFSET=0]
120926 165124.961|INFO|Thread-5|dumpPacket|   key: CLIENT_SETTINGS_LIST is: [Ledu.csus.ecs.pc2.core.model.ClientSettings; [Ledu.csus.ecs.pc2.core.model.ClientSettings;@aa1162
120926 165124.962|INFO|Thread-5|dumpPacket|   key: SITE_LIST is: [Ledu.csus.ecs.pc2.core.model.Site; [Ledu.csus.ecs.pc2.core.model.Site;@15b6354
120926 165124.962|INFO|Thread-5|dumpPacket|   key: CONTEST_TIME_LIST is: [Ledu.csus.ecs.pc2.core.model.ContestTime; [Ledu.csus.ecs.pc2.core.model.ContestTime;@d62dd4
120926 165124.962|INFO|Thread-5|dumpPacket|   key: CLIENT_ID is: edu.csus.ecs.pc2.core.model.ClientId TEAM41 @ site 1
120926 165124.962|INFO|Thread-5|dumpPacket|   key: CONNECTION_HANDLE_ID_LIST is: [Ledu.csus.ecs.pc2.core.transport.ConnectionHandlerID; [Ledu.csus.ecs.pc2.core.transport.ConnectionHandlerID;@15abfe1
120926 165124.962|INFO|Thread-5|dumpPacket|   key: BALLOON_SETTINGS_LIST is: [Ledu.csus.ecs.pc2.core.model.BalloonSettings; [Ledu.csus.ecs.pc2.core.model.BalloonSettings;@eb6e4c
120926 165124.962|INFO|Thread-5|dumpPacket|   key: ACCOUNT_ARRAY is: [Ledu.csus.ecs.pc2.core.model.Account; [Ledu.csus.ecs.pc2.core.model.Account;@96569e
120926 165124.962|INFO|Thread-5|dumpPacket|   key: CONTEST_TIME is: edu.csus.ecs.pc2.core.model.ContestTime edu.csus.ecs.pc2.core.model.ContestTime@10a9a1
120926 165124.962|INFO|Thread-5|dumpPacket|   key: GROUP_LIST is: [Ledu.csus.ecs.pc2.core.model.Group; [Ledu.csus.ecs.pc2.core.model.Group;@1f09665
120926 165124.962|INFO|Thread-5|dumpPacket|   key: PROBLEM_DATA_FILES is: [Ledu.csus.ecs.pc2.core.model.ProblemDataFiles; [Ledu.csus.ecs.pc2.core.model.ProblemDataFiles;@21dfa1
120926 165124.962|INFO|Thread-5|dumpPacket|   key: CONTEST_INFORMATION is: edu.csus.ecs.pc2.core.model.ContestInformation edu.csus.ecs.pc2.core.model.ContestInformation@1e0dbb6
120926 165124.962|INFO|Thread-5|dumpPacket|   key: LANGUAGE_LIST is: [Ledu.csus.ecs.pc2.core.model.Language; [Ledu.csus.ecs.pc2.core.model.Language;@178cb51
120926 165124.963|INFO|Thread-5|dumpPacket|   key: GENERAL_PROBLEM is: edu.csus.ecs.pc2.core.model.Problem General
120926 165124.963|INFO|Thread-5|dumpPacket|   key: LOGGED_IN_USERS is: [Ledu.csus.ecs.pc2.core.model.ClientId; [Ledu.csus.ecs.pc2.core.model.ClientId;@16c349e
120926 165124.963|INFO|Thread-5|dumpPacket|   key: CLARIFICATION_LIST is: [Ledu.csus.ecs.pc2.core.model.Clarification; [Ledu.csus.ecs.pc2.core.model.Clarification;@f2aa38
120926 165124.963|INFO|Thread-5|info|handlePacket start Packet[LOGIN_SUCCESS] #687 SERVER0 @ site 1 -> TEAM41 @ site 1
120926 165124.963|INFO|Thread-5|dumpPacket|Packet LOGIN_SUCCESS (Seq #687 ) handlePacket
120926 165124.963|INFO|Thread-5|dumpPacket|  From: SERVER0 @ site 1
120926 165124.963|INFO|Thread-5|dumpPacket|    To: TEAM41 @ site 1
120926 165124.963|INFO|Thread-5|dumpPacket|   key: SITE_NUMBER is: java.lang.Integer 1
120926 165124.963|INFO|Thread-5|dumpPacket|   key: JUDGEMENT_LIST is: [Ledu.csus.ecs.pc2.core.model.Judgement; [Ledu.csus.ecs.pc2.core.model.Judgement;@1ae9aa5
120926 165124.963|INFO|Thread-5|dumpPacket|   key: RUN_LIST is: [Ledu.csus.ecs.pc2.core.model.Run; [Ledu.csus.ecs.pc2.core.model.Run;@2af8bd
120926 165124.963|INFO|Thread-5|dumpPacket|   key: PROBLEM_LIST is: [Ledu.csus.ecs.pc2.core.model.Problem; [Ledu.csus.ecs.pc2.core.model.Problem;@130478f
120926 165124.964|INFO|Thread-5|dumpPacket|   key: SERVER_CLOCK_OFFSET is: java.util.GregorianCalendar java.util.GregorianCalendar[time=1348649490612,areFieldsSet=true,areAllFieldsSet=false,lenient=true,zone=sun.util.calendar.ZoneInfo[id="GMT",offset=0,dstSavings=0,useDaylight=false,transitions=0,lastRule=null],firstDayOfWeek=1,minimalDaysInFirstWeek=1,ERA=1,YEAR=2012,MONTH=8,WEEK_OF_YEAR=39,WEEK_OF_MONTH=5,DAY_OF_MONTH=26,DAY_OF_YEAR=270,DAY_OF_WEEK=4,DAY_OF_WEEK_IN_MONTH=4,AM_PM=0,HOUR=8,HOUR_OF_DAY=8,MINUTE=51,SECOND=30,MILLISECOND=612,ZONE_OFFSET=0,DST_OFFSET=0]
120926 165124.964|INFO|Thread-5|dumpPacket|   key: CLIENT_SETTINGS_LIST is: [Ledu.csus.ecs.pc2.core.model.ClientSettings; [Ledu.csus.ecs.pc2.core.model.ClientSettings;@aa1162
120926 165124.964|INFO|Thread-5|dumpPacket|   key: SITE_LIST is: [Ledu.csus.ecs.pc2.core.model.Site; [Ledu.csus.ecs.pc2.core.model.Site;@15b6354
120926 165124.964|INFO|Thread-5|dumpPacket|   key: CONTEST_TIME_LIST is: [Ledu.csus.ecs.pc2.core.model.ContestTime; [Ledu.csus.ecs.pc2.core.model.ContestTime;@d62dd4
120926 165124.964|INFO|Thread-5|dumpPacket|   key: CLIENT_ID is: edu.csus.ecs.pc2.core.model.ClientId TEAM41 @ site 1
120926 165124.964|INFO|Thread-5|dumpPacket|   key: CONNECTION_HANDLE_ID_LIST is: [Ledu.csus.ecs.pc2.core.transport.ConnectionHandlerID; [Ledu.csus.ecs.pc2.core.transport.ConnectionHandlerID;@15abfe1
120926 165124.964|INFO|Thread-5|dumpPacket|   key: BALLOON_SETTINGS_LIST is: [Ledu.csus.ecs.pc2.core.model.BalloonSettings; [Ledu.csus.ecs.pc2.core.model.BalloonSettings;@eb6e4c
120926 165124.964|INFO|Thread-5|dumpPacket|   key: ACCOUNT_ARRAY is: [Ledu.csus.ecs.pc2.core.model.Account; [Ledu.csus.ecs.pc2.core.model.Account;@96569e
120926 165124.964|INFO|Thread-5|dumpPacket|   key: CONTEST_TIME is: edu.csus.ecs.pc2.core.model.ContestTime edu.csus.ecs.pc2.core.model.ContestTime@10a9a1
120926 165124.964|INFO|Thread-5|dumpPacket|   key: GROUP_LIST is: [Ledu.csus.ecs.pc2.core.model.Group; [Ledu.csus.ecs.pc2.core.model.Group;@1f09665
120926 165124.964|INFO|Thread-5|dumpPacket|   key: PROBLEM_DATA_FILES is: [Ledu.csus.ecs.pc2.core.model.ProblemDataFiles; [Ledu.csus.ecs.pc2.core.model.ProblemDataFiles;@21dfa1
120926 165124.965|INFO|Thread-5|dumpPacket|   key: CONTEST_INFORMATION is: edu.csus.ecs.pc2.core.model.ContestInformation edu.csus.ecs.pc2.core.model.ContestInformation@1e0dbb6
120926 165124.965|INFO|Thread-5|dumpPacket|   key: LANGUAGE_LIST is: [Ledu.csus.ecs.pc2.core.model.Language; [Ledu.csus.ecs.pc2.core.model.Language;@178cb51
120926 165124.965|INFO|Thread-5|dumpPacket|   key: GENERAL_PROBLEM is: edu.csus.ecs.pc2.core.model.Problem General
120926 165124.965|INFO|Thread-5|dumpPacket|   key: LOGGED_IN_USERS is: [Ledu.csus.ecs.pc2.core.model.ClientId; [Ledu.csus.ecs.pc2.core.model.ClientId;@16c349e
120926 165124.965|INFO|Thread-5|dumpPacket|   key: CLARIFICATION_LIST is: [Ledu.csus.ecs.pc2.core.model.Clarification; [Ledu.csus.ecs.pc2.core.model.Clarification;@f2aa38
120926 165124.965|INFO|Thread-5|info| handlePacket original LOGIN_SUCCESS before 
120926 165124.967|INFO|Thread-5|info|addSitesToModel Site 1
120926 165124.975|INFO|Thread-5|info|Attempting to load UI class edu.csus.ecs.pc2.ui.team.TeamView
120926 165124.981|INFO|Thread-5|info|Loaded UI class edu.csus.ecs.pc2.ui.team.TeamView
120926 165125.142|INFO|Thread-5|info| handlePacket original LOGIN_SUCCESS after -- all settings loaded 
120926 165125.142|INFO|Thread-5|info|handlePacket end Packet[LOGIN_SUCCESS] #687 SERVER0 @ site 1 -> TEAM41 @ site 1
120926 165125.142|INFO|Thread-5|info| receiveObject(S) end   got Packet[LOGIN_SUCCESS] #687 SERVER0 @ site 1 -> TEAM41 @ site 1
120926 165934.517|CONFIG|AWT-EventQueue-0|setFileHandlers|Now logging to C:\Users\owner\Desktop\ProgramContest\pc2-9.1.6\bin\logs directory.
120926 165934.517|INFO|AWT-EventQueue-0|info|
120926 165934.517|INFO|AWT-EventQueue-0|info|Version 9.1.6 20100929 (Wednesday, September 29th 2010 03:53 UTC) Java ver 1.7.0_03 build 2136 Windows 7 6.1 (x86) 
120926 165934.517|INFO|AWT-EventQueue-0|info|Login: team41 (aka team41)
120926 165934.517|INFO|AWT-EventQueue-0|login|Working directory is C:\Users\owner\Desktop\ProgramContest\pc2-9.1.6\bin
120926 165934.517|INFO|AWT-EventQueue-0|info|Contacting server at 140.116.82.173:50002 as TEAM41 @ site 0
120926 165934.517|INFO|AWT-EventQueue-0|info|sendLoginRequest start - sending from TEAM41 @ site 0
120926 165934.527|INFO|AWT-EventQueue-0|sendToLocalServer|Sending packet to server Packet[LOGIN_REQUEST] #1 TEAM41 @ site 0 -> SERVER0 @ site 0
120926 165934.527|INFO|AWT-EventQueue-0|sendToLocalServer|Sent    packet to server Packet[LOGIN_REQUEST] #1 TEAM41 @ site 0 -> SERVER0 @ site 0
120926 165934.527|INFO|AWT-EventQueue-0|info|sendLoginRequest end - packet sent.
120926 165934.527|INFO|Thread-4|run|send(Serializable)
120926 165934.937|INFO|Thread-1|receive|public void receive(SealedObject TransportPacket, ConnectionHandlerID connectionHandlerID)
120926 165934.997|INFO|Thread-5|info| receiveObject(S) start got Packet[LOGIN_SUCCESS] #28 SERVER0 @ site 1 -> TEAM41 @ site 1
120926 165934.997|INFO|Thread-5|dumpPacket|Packet LOGIN_SUCCESS (Seq #28 ) recieveObject
120926 165934.997|INFO|Thread-5|dumpPacket|  From: SERVER0 @ site 1
120926 165934.997|INFO|Thread-5|dumpPacket|    To: TEAM41 @ site 1
120926 165934.997|INFO|Thread-5|dumpPacket|   key: SITE_NUMBER is: java.lang.Integer 1
120926 165934.997|INFO|Thread-5|dumpPacket|   key: JUDGEMENT_LIST is: [Ledu.csus.ecs.pc2.core.model.Judgement; [Ledu.csus.ecs.pc2.core.model.Judgement;@f8cf1b
120926 165934.997|INFO|Thread-5|dumpPacket|   key: RUN_LIST is: [Ledu.csus.ecs.pc2.core.model.Run; [Ledu.csus.ecs.pc2.core.model.Run;@e50686
120926 165934.997|INFO|Thread-5|dumpPacket|   key: PROBLEM_LIST is: [Ledu.csus.ecs.pc2.core.model.Problem; [Ledu.csus.ecs.pc2.core.model.Problem;@f5f77
120926 165934.997|INFO|Thread-5|dumpPacket|   key: SERVER_CLOCK_OFFSET is: java.util.GregorianCalendar java.util.GregorianCalendar[time=1348649978265,areFieldsSet=true,areAllFieldsSet=false,lenient=true,zone=sun.util.calendar.ZoneInfo[id="GMT",offset=0,dstSavings=0,useDaylight=false,transitions=0,lastRule=null],firstDayOfWeek=1,minimalDaysInFirstWeek=1,ERA=1,YEAR=2012,MONTH=8,WEEK_OF_YEAR=39,WEEK_OF_MONTH=5,DAY_OF_MONTH=26,DAY_OF_YEAR=270,DAY_OF_WEEK=4,DAY_OF_WEEK_IN_MONTH=4,AM_PM=0,HOUR=8,HOUR_OF_DAY=8,MINUTE=59,SECOND=38,MILLISECOND=265,ZONE_OFFSET=0,DST_OFFSET=0]
120926 165934.997|INFO|Thread-5|dumpPacket|   key: CLIENT_SETTINGS_LIST is: [Ledu.csus.ecs.pc2.core.model.ClientSettings; [Ledu.csus.ecs.pc2.core.model.ClientSettings;@1449d75
120926 165934.997|INFO|Thread-5|dumpPacket|   key: SITE_LIST is: [Ledu.csus.ecs.pc2.core.model.Site; [Ledu.csus.ecs.pc2.core.model.Site;@1bd9f3d
120926 165934.997|INFO|Thread-5|dumpPacket|   key: CONTEST_TIME_LIST is: [Ledu.csus.ecs.pc2.core.model.ContestTime; [Ledu.csus.ecs.pc2.core.model.ContestTime;@217540
120926 165934.997|INFO|Thread-5|dumpPacket|   key: CLIENT_ID is: edu.csus.ecs.pc2.core.model.ClientId TEAM41 @ site 1
120926 165934.997|INFO|Thread-5|dumpPacket|   key: CONNECTION_HANDLE_ID_LIST is: [Ledu.csus.ecs.pc2.core.transport.ConnectionHandlerID; [Ledu.csus.ecs.pc2.core.transport.ConnectionHandlerID;@98fc6a
120926 165934.997|INFO|Thread-5|dumpPacket|   key: BALLOON_SETTINGS_LIST is: [Ledu.csus.ecs.pc2.core.model.BalloonSettings; [Ledu.csus.ecs.pc2.core.model.BalloonSettings;@1e3d101
120926 165934.997|INFO|Thread-5|dumpPacket|   key: ACCOUNT_ARRAY is: [Ledu.csus.ecs.pc2.core.model.Account; [Ledu.csus.ecs.pc2.core.model.Account;@1ae9aa5
120926 165934.997|INFO|Thread-5|dumpPacket|   key: CONTEST_TIME is: edu.csus.ecs.pc2.core.model.ContestTime edu.csus.ecs.pc2.core.model.ContestTime@2af8bd
120926 165934.997|INFO|Thread-5|dumpPacket|   key: GROUP_LIST is: [Ledu.csus.ecs.pc2.core.model.Group; [Ledu.csus.ecs.pc2.core.model.Group;@130478f
120926 165934.997|INFO|Thread-5|dumpPacket|   key: PROBLEM_DATA_FILES is: [Ledu.csus.ecs.pc2.core.model.ProblemDataFiles; [Ledu.csus.ecs.pc2.core.model.ProblemDataFiles;@aa1162
120926 165934.997|INFO|Thread-5|dumpPacket|   key: CONTEST_INFORMATION is: edu.csus.ecs.pc2.core.model.ContestInformation edu.csus.ecs.pc2.core.model.ContestInformation@15b6354
120926 165934.997|INFO|Thread-5|dumpPacket|   key: LANGUAGE_LIST is: [Ledu.csus.ecs.pc2.core.model.Language; [Ledu.csus.ecs.pc2.core.model.Language;@d62dd4
120926 165934.997|INFO|Thread-5|dumpPacket|   key: GENERAL_PROBLEM is: edu.csus.ecs.pc2.core.model.Problem General
120926 165934.997|INFO|Thread-5|dumpPacket|   key: LOGGED_IN_USERS is: [Ledu.csus.ecs.pc2.core.model.ClientId; [Ledu.csus.ecs.pc2.core.model.ClientId;@15abfe1
120926 165934.997|INFO|Thread-5|dumpPacket|   key: CLARIFICATION_LIST is: [Ledu.csus.ecs.pc2.core.model.Clarification; [Ledu.csus.ecs.pc2.core.model.Clarification;@eb6e4c
120926 165934.997|INFO|Thread-5|info|handlePacket start Packet[LOGIN_SUCCESS] #28 SERVER0 @ site 1 -> TEAM41 @ site 1
120926 165934.997|INFO|Thread-5|dumpPacket|Packet LOGIN_SUCCESS (Seq #28 ) handlePacket
120926 165934.997|INFO|Thread-5|dumpPacket|  From: SERVER0 @ site 1
120926 165934.997|INFO|Thread-5|dumpPacket|    To: TEAM41 @ site 1
120926 165934.997|INFO|Thread-5|dumpPacket|   key: SITE_NUMBER is: java.lang.Integer 1
120926 165934.997|INFO|Thread-5|dumpPacket|   key: JUDGEMENT_LIST is: [Ledu.csus.ecs.pc2.core.model.Judgement; [Ledu.csus.ecs.pc2.core.model.Judgement;@f8cf1b
120926 165934.997|INFO|Thread-5|dumpPacket|   key: RUN_LIST is: [Ledu.csus.ecs.pc2.core.model.Run; [Ledu.csus.ecs.pc2.core.model.Run;@e50686
120926 165934.997|INFO|Thread-5|dumpPacket|   key: PROBLEM_LIST is: [Ledu.csus.ecs.pc2.core.model.Problem; [Ledu.csus.ecs.pc2.core.model.Problem;@f5f77
120926 165934.997|INFO|Thread-5|dumpPacket|   key: SERVER_CLOCK_OFFSET is: java.util.GregorianCalendar java.util.GregorianCalendar[time=1348649978265,areFieldsSet=true,areAllFieldsSet=false,lenient=true,zone=sun.util.calendar.ZoneInfo[id="GMT",offset=0,dstSavings=0,useDaylight=false,transitions=0,lastRule=null],firstDayOfWeek=1,minimalDaysInFirstWeek=1,ERA=1,YEAR=2012,MONTH=8,WEEK_OF_YEAR=39,WEEK_OF_MONTH=5,DAY_OF_MONTH=26,DAY_OF_YEAR=270,DAY_OF_WEEK=4,DAY_OF_WEEK_IN_MONTH=4,AM_PM=0,HOUR=8,HOUR_OF_DAY=8,MINUTE=59,SECOND=38,MILLISECOND=265,ZONE_OFFSET=0,DST_OFFSET=0]
120926 165934.997|INFO|Thread-5|dumpPacket|   key: CLIENT_SETTINGS_LIST is: [Ledu.csus.ecs.pc2.core.model.ClientSettings; [Ledu.csus.ecs.pc2.core.model.ClientSettings;@1449d75
120926 165934.997|INFO|Thread-5|dumpPacket|   key: SITE_LIST is: [Ledu.csus.ecs.pc2.core.model.Site; [Ledu.csus.ecs.pc2.core.model.Site;@1bd9f3d
120926 165934.997|INFO|Thread-5|dumpPacket|   key: CONTEST_TIME_LIST is: [Ledu.csus.ecs.pc2.core.model.ContestTime; [Ledu.csus.ecs.pc2.core.model.ContestTime;@217540
120926 165934.997|INFO|Thread-5|dumpPacket|   key: CLIENT_ID is: edu.csus.ecs.pc2.core.model.ClientId TEAM41 @ site 1
120926 165934.997|INFO|Thread-5|dumpPacket|   key: CONNECTION_HANDLE_ID_LIST is: [Ledu.csus.ecs.pc2.core.transport.ConnectionHandlerID; [Ledu.csus.ecs.pc2.core.transport.ConnectionHandlerID;@98fc6a
120926 165934.997|INFO|Thread-5|dumpPacket|   key: BALLOON_SETTINGS_LIST is: [Ledu.csus.ecs.pc2.core.model.BalloonSettings; [Ledu.csus.ecs.pc2.core.model.BalloonSettings;@1e3d101
120926 165934.997|INFO|Thread-5|dumpPacket|   key: ACCOUNT_ARRAY is: [Ledu.csus.ecs.pc2.core.model.Account; [Ledu.csus.ecs.pc2.core.model.Account;@1ae9aa5
120926 165934.997|INFO|Thread-5|dumpPacket|   key: CONTEST_TIME is: edu.csus.ecs.pc2.core.model.ContestTime edu.csus.ecs.pc2.core.model.ContestTime@2af8bd
120926 165934.997|INFO|Thread-5|dumpPacket|   key: GROUP_LIST is: [Ledu.csus.ecs.pc2.core.model.Group; [Ledu.csus.ecs.pc2.core.model.Group;@130478f
120926 165935.007|INFO|Thread-5|dumpPacket|   key: PROBLEM_DATA_FILES is: [Ledu.csus.ecs.pc2.core.model.ProblemDataFiles; [Ledu.csus.ecs.pc2.core.model.ProblemDataFiles;@aa1162
120926 165935.007|INFO|Thread-5|dumpPacket|   key: CONTEST_INFORMATION is: edu.csus.ecs.pc2.core.model.ContestInformation edu.csus.ecs.pc2.core.model.ContestInformation@15b6354
120926 165935.007|INFO|Thread-5|dumpPacket|   key: LANGUAGE_LIST is: [Ledu.csus.ecs.pc2.core.model.Language; [Ledu.csus.ecs.pc2.core.model.Language;@d62dd4
120926 165935.007|INFO|Thread-5|dumpPacket|   key: GENERAL_PROBLEM is: edu.csus.ecs.pc2.core.model.Problem General
120926 165935.007|INFO|Thread-5|dumpPacket|   key: LOGGED_IN_USERS is: [Ledu.csus.ecs.pc2.core.model.ClientId; [Ledu.csus.ecs.pc2.core.model.ClientId;@15abfe1
120926 165935.007|INFO|Thread-5|dumpPacket|   key: CLARIFICATION_LIST is: [Ledu.csus.ecs.pc2.core.model.Clarification; [Ledu.csus.ecs.pc2.core.model.Clarification;@eb6e4c
120926 165935.007|INFO|Thread-5|info| handlePacket original LOGIN_SUCCESS before 
120926 165935.007|INFO|Thread-5|info|addSitesToModel Site 1
120926 165935.017|INFO|Thread-5|info|Attempting to load UI class edu.csus.ecs.pc2.ui.team.TeamView
120926 165935.047|INFO|Thread-5|info|Loaded UI class edu.csus.ecs.pc2.ui.team.TeamView
120926 165935.347|INFO|Thread-5|info| handlePacket original LOGIN_SUCCESS after -- all settings loaded 
120926 165935.347|INFO|Thread-5|info|handlePacket end Packet[LOGIN_SUCCESS] #28 SERVER0 @ site 1 -> TEAM41 @ site 1
120926 165935.347|INFO|Thread-5|info| receiveObject(S) end   got Packet[LOGIN_SUCCESS] #28 SERVER0 @ site 1 -> TEAM41 @ site 1
120926 171005.888|INFO|Thread-1|receive|public void receive(SealedObject TransportPacket, ConnectionHandlerID connectionHandlerID)
120926 171005.888|INFO|Thread-6|info| receiveObject(S) start got Packet[UPDATE_SETTING] #115 SERVER0 @ site 1 -> SERVER0 @ site 0
120926 171005.888|INFO|Thread-6|dumpPacket|Packet UPDATE_SETTING (Seq #115 ) recieveObject
120926 171005.888|INFO|Thread-6|dumpPacket|  From: SERVER0 @ site 1
120926 171005.888|INFO|Thread-6|dumpPacket|    To: SERVER0 @ site 0
120926 171005.888|INFO|Thread-6|dumpPacket|   key: PROBLEM is: edu.csus.ecs.pc2.core.model.Problem Problem 1
120926 171005.898|INFO|Thread-6|info|handlePacket start Packet[UPDATE_SETTING] #115 SERVER0 @ site 1 -> SERVER0 @ site 0
120926 171005.898|INFO|Thread-6|dumpPacket|Packet UPDATE_SETTING (Seq #115 ) handlePacket
120926 171005.898|INFO|Thread-6|dumpPacket|  From: SERVER0 @ site 1
120926 171005.898|INFO|Thread-6|dumpPacket|    To: SERVER0 @ site 0
120926 171005.898|INFO|Thread-6|dumpPacket|   key: PROBLEM is: edu.csus.ecs.pc2.core.model.Problem Problem 1
120926 171005.898|INFO|Thread-6|info|handlePacket end Packet[UPDATE_SETTING] #115 SERVER0 @ site 1 -> SERVER0 @ site 0
120926 171005.898|INFO|Thread-6|info| receiveObject(S) end   got Packet[UPDATE_SETTING] #115 SERVER0 @ site 1 -> SERVER0 @ site 0
120926 171037.878|INFO|Thread-1|receive|public void receive(SealedObject TransportPacket, ConnectionHandlerID connectionHandlerID)
120926 171037.878|INFO|Thread-7|info| receiveObject(S) start got Packet[UPDATE_SETTING] #122 SERVER0 @ site 1 -> SERVER0 @ site 0
120926 171037.878|INFO|Thread-7|dumpPacket|Packet UPDATE_SETTING (Seq #122 ) recieveObject
120926 171037.878|INFO|Thread-7|dumpPacket|  From: SERVER0 @ site 1
120926 171037.878|INFO|Thread-7|dumpPacket|    To: SERVER0 @ site 0
120926 171037.878|INFO|Thread-7|dumpPacket|   key: PROBLEM is: edu.csus.ecs.pc2.core.model.Problem Problem 2
120926 171037.878|INFO|Thread-7|info|handlePacket start Packet[UPDATE_SETTING] #122 SERVER0 @ site 1 -> SERVER0 @ site 0
120926 171037.878|INFO|Thread-7|dumpPacket|Packet UPDATE_SETTING (Seq #122 ) handlePacket
120926 171037.878|INFO|Thread-7|dumpPacket|  From: SERVER0 @ site 1
120926 171037.878|INFO|Thread-7|dumpPacket|    To: SERVER0 @ site 0
120926 171037.878|INFO|Thread-7|dumpPacket|   key: PROBLEM is: edu.csus.ecs.pc2.core.model.Problem Problem 2
120926 171037.878|INFO|Thread-7|info|handlePacket end Packet[UPDATE_SETTING] #122 SERVER0 @ site 1 -> SERVER0 @ site 0
120926 171037.878|INFO|Thread-7|info| receiveObject(S) end   got Packet[UPDATE_SETTING] #122 SERVER0 @ site 1 -> SERVER0 @ site 0
120926 171117.508|INFO|Thread-1|receive|public void receive(SealedObject TransportPacket, ConnectionHandlerID connectionHandlerID)
120926 171117.508|INFO|Thread-8|info| receiveObject(S) start got Packet[UPDATE_SETTING] #128 SERVER0 @ site 1 -> SERVER0 @ site 0
120926 171117.508|INFO|Thread-8|dumpPacket|Packet UPDATE_SETTING (Seq #128 ) recieveObject
120926 171117.508|INFO|Thread-8|dumpPacket|  From: SERVER0 @ site 1
120926 171117.508|INFO|Thread-8|dumpPacket|    To: SERVER0 @ site 0
120926 171117.508|INFO|Thread-8|dumpPacket|   key: PROBLEM is: edu.csus.ecs.pc2.core.model.Problem Problem 3
120926 171117.508|INFO|Thread-8|info|handlePacket start Packet[UPDATE_SETTING] #128 SERVER0 @ site 1 -> SERVER0 @ site 0
120926 171117.508|INFO|Thread-8|dumpPacket|Packet UPDATE_SETTING (Seq #128 ) handlePacket
120926 171117.508|INFO|Thread-8|dumpPacket|  From: SERVER0 @ site 1
120926 171117.508|INFO|Thread-8|dumpPacket|    To: SERVER0 @ site 0
120926 171117.508|INFO|Thread-8|dumpPacket|   key: PROBLEM is: edu.csus.ecs.pc2.core.model.Problem Problem 3
120926 171117.508|INFO|Thread-8|info|handlePacket end Packet[UPDATE_SETTING] #128 SERVER0 @ site 1 -> SERVER0 @ site 0
120926 171117.508|INFO|Thread-8|info| receiveObject(S) end   got Packet[UPDATE_SETTING] #128 SERVER0 @ site 1 -> SERVER0 @ site 0
120926 171223.608|INFO|Thread-1|receive|public void receive(SealedObject TransportPacket, ConnectionHandlerID connectionHandlerID)
120926 171223.618|INFO|Thread-9|info| receiveObject(S) start got Packet[ADD_SETTING] #132 SERVER0 @ site 1 -> SERVER0 @ site 0
120926 171223.618|INFO|Thread-9|dumpPacket|Packet ADD_SETTING (Seq #132 ) recieveObject
120926 171223.618|INFO|Thread-9|dumpPacket|  From: SERVER0 @ site 1
120926 171223.618|INFO|Thread-9|dumpPacket|    To: SERVER0 @ site 0
120926 171223.618|INFO|Thread-9|dumpPacket|   key: PROBLEM is: edu.csus.ecs.pc2.core.model.Problem Problem 4
120926 171223.618|INFO|Thread-9|info|handlePacket start Packet[ADD_SETTING] #132 SERVER0 @ site 1 -> SERVER0 @ site 0
120926 171223.618|INFO|Thread-9|dumpPacket|Packet ADD_SETTING (Seq #132 ) handlePacket
120926 171223.618|INFO|Thread-9|dumpPacket|  From: SERVER0 @ site 1
120926 171223.618|INFO|Thread-9|dumpPacket|    To: SERVER0 @ site 0
120926 171223.618|INFO|Thread-9|dumpPacket|   key: PROBLEM is: edu.csus.ecs.pc2.core.model.Problem Problem 4
120926 171223.618|INFO|Thread-9|info|handlePacket end Packet[ADD_SETTING] #132 SERVER0 @ site 1 -> SERVER0 @ site 0
120926 171223.618|INFO|Thread-9|info| receiveObject(S) end   got Packet[ADD_SETTING] #132 SERVER0 @ site 1 -> SERVER0 @ site 0
120926 171248.398|INFO|Thread-1|receive|public void receive(SealedObject TransportPacket, ConnectionHandlerID connectionHandlerID)
120926 171248.398|INFO|Thread-10|info| receiveObject(S) start got Packet[ADD_SETTING] #134 SERVER0 @ site 1 -> SERVER0 @ site 0
120926 171248.398|INFO|Thread-10|dumpPacket|Packet ADD_SETTING (Seq #134 ) recieveObject
120926 171248.398|INFO|Thread-10|dumpPacket|  From: SERVER0 @ site 1
120926 171248.398|INFO|Thread-10|dumpPacket|    To: SERVER0 @ site 0
120926 171248.398|INFO|Thread-10|dumpPacket|   key: PROBLEM is: edu.csus.ecs.pc2.core.model.Problem Problem 5
120926 171248.398|INFO|Thread-10|info|handlePacket start Packet[ADD_SETTING] #134 SERVER0 @ site 1 -> SERVER0 @ site 0
120926 171248.398|INFO|Thread-10|dumpPacket|Packet ADD_SETTING (Seq #134 ) handlePacket
120926 171248.398|INFO|Thread-10|dumpPacket|  From: SERVER0 @ site 1
120926 171248.398|INFO|Thread-10|dumpPacket|    To: SERVER0 @ site 0
120926 171248.398|INFO|Thread-10|dumpPacket|   key: PROBLEM is: edu.csus.ecs.pc2.core.model.Problem Problem 5
120926 171248.398|INFO|Thread-10|info|handlePacket end Packet[ADD_SETTING] #134 SERVER0 @ site 1 -> SERVER0 @ site 0
120926 171248.398|INFO|Thread-10|info| receiveObject(S) end   got Packet[ADD_SETTING] #134 SERVER0 @ site 1 -> SERVER0 @ site 0
120926 180048.182|INFO|Thread-1|receive|public void receive(SealedObject TransportPacket, ConnectionHandlerID connectionHandlerID)
120926 180048.182|INFO|Thread-11|info| receiveObject(S) start got Packet[CLOCK_STARTED] #838 SERVER0 @ site 1 -> SERVER0 @ site 0
120926 180048.182|INFO|Thread-11|dumpPacket|Packet CLOCK_STARTED (Seq #838 ) recieveObject
120926 180048.182|INFO|Thread-11|dumpPacket|  From: SERVER0 @ site 1
120926 180048.182|INFO|Thread-11|dumpPacket|    To: SERVER0 @ site 0
120926 180048.182|INFO|Thread-11|dumpPacket|   key: CLIENT_ID is: edu.csus.ecs.pc2.core.model.ClientId ADMINISTRATOR1 @ site 1
120926 180048.182|INFO|Thread-11|dumpPacket|   key: SITE_NUMBER is: java.lang.Integer 1
120926 180048.182|INFO|Thread-11|dumpPacket|   key: SERVER_CLOCK_OFFSET is: java.util.GregorianCalendar java.util.GregorianCalendar[time=1348653651562,areFieldsSet=true,areAllFieldsSet=false,lenient=true,zone=sun.util.calendar.ZoneInfo[id="GMT",offset=0,dstSavings=0,useDaylight=false,transitions=0,lastRule=null],firstDayOfWeek=1,minimalDaysInFirstWeek=1,ERA=1,YEAR=2012,MONTH=8,WEEK_OF_YEAR=39,WEEK_OF_MONTH=5,DAY_OF_MONTH=26,DAY_OF_YEAR=270,DAY_OF_WEEK=4,DAY_OF_WEEK_IN_MONTH=4,AM_PM=0,HOUR=10,HOUR_OF_DAY=10,MINUTE=0,SECOND=51,MILLISECOND=562,ZONE_OFFSET=0,DST_OFFSET=0]
120926 180048.182|INFO|Thread-11|info|handlePacket start Packet[CLOCK_STARTED] #838 SERVER0 @ site 1 -> SERVER0 @ site 0
120926 180048.182|INFO|Thread-11|dumpPacket|Packet CLOCK_STARTED (Seq #838 ) handlePacket
120926 180048.182|INFO|Thread-11|dumpPacket|  From: SERVER0 @ site 1
120926 180048.182|INFO|Thread-11|dumpPacket|    To: SERVER0 @ site 0
120926 180048.182|INFO|Thread-11|dumpPacket|   key: CLIENT_ID is: edu.csus.ecs.pc2.core.model.ClientId ADMINISTRATOR1 @ site 1
120926 180048.182|INFO|Thread-11|dumpPacket|   key: SITE_NUMBER is: java.lang.Integer 1
120926 180048.182|INFO|Thread-11|dumpPacket|   key: SERVER_CLOCK_OFFSET is: java.util.GregorianCalendar java.util.GregorianCalendar[time=1348653651562,areFieldsSet=true,areAllFieldsSet=false,lenient=true,zone=sun.util.calendar.ZoneInfo[id="GMT",offset=0,dstSavings=0,useDaylight=false,transitions=0,lastRule=null],firstDayOfWeek=1,minimalDaysInFirstWeek=1,ERA=1,YEAR=2012,MONTH=8,WEEK_OF_YEAR=39,WEEK_OF_MONTH=5,DAY_OF_MONTH=26,DAY_OF_YEAR=270,DAY_OF_WEEK=4,DAY_OF_WEEK_IN_MONTH=4,AM_PM=0,HOUR=10,HOUR_OF_DAY=10,MINUTE=0,SECOND=51,MILLISECOND=562,ZONE_OFFSET=0,DST_OFFSET=0]
120926 180048.192|INFO|Thread-11|contestStarted|debug ContestTime site 1 STARTED 0:00:00
120926 180048.192|INFO|Thread-11|info|Clock for site 1 started by ADMINISTRATOR1 @ site 1 elapsed 0:00:00
120926 180048.192|INFO|Thread-11|info|handlePacket end Packet[CLOCK_STARTED] #838 SERVER0 @ site 1 -> SERVER0 @ site 0
120926 180048.192|INFO|Thread-11|info| receiveObject(S) end   got Packet[CLOCK_STARTED] #838 SERVER0 @ site 1 -> SERVER0 @ site 0
120926 180755.433|INFO|AWT-EventQueue-0|testOrSubmitRun|submitRun for Problem 3 GNU C++ file: C:\Users\owner\Desktop\p3.cpp
120926 180755.433|INFO|AWT-EventQueue-0|sendToLocalServer|Sending packet to server Packet[RUN_SUBMISSION] #2 TEAM41 @ site 1 -> SERVER0 @ site 1
120926 180755.433|INFO|AWT-EventQueue-0|sendToLocalServer|Sent    packet to server Packet[RUN_SUBMISSION] #2 TEAM41 @ site 1 -> SERVER0 @ site 1
120926 180755.433|INFO|Thread-13|run|send(Serializable)
120926 180755.473|INFO|Thread-1|receive|public void receive(SealedObject TransportPacket, ConnectionHandlerID connectionHandlerID)
120926 180755.483|INFO|Thread-14|info| receiveObject(S) start got Packet[RUN_SUBMISSION_CONFIRM] #1205 SERVER0 @ site 1 -> TEAM41 @ site 1
120926 180755.483|INFO|Thread-14|dumpPacket|Packet RUN_SUBMISSION_CONFIRM (Seq #1205 ) recieveObject
120926 180755.483|INFO|Thread-14|dumpPacket|  From: SERVER0 @ site 1
120926 180755.483|INFO|Thread-14|dumpPacket|    To: TEAM41 @ site 1
120926 180755.483|INFO|Thread-14|dumpPacket|   key: RUN is: edu.csus.ecs.pc2.core.model.Run Run 61 NEW from TEAM41 @ site 1 id Run-4584471192510491818
120926 180755.483|INFO|Thread-14|info|handlePacket start Packet[RUN_SUBMISSION_CONFIRM] #1205 SERVER0 @ site 1 -> TEAM41 @ site 1
120926 180755.483|INFO|Thread-14|dumpPacket|Packet RUN_SUBMISSION_CONFIRM (Seq #1205 ) handlePacket
120926 180755.483|INFO|Thread-14|dumpPacket|  From: SERVER0 @ site 1
120926 180755.483|INFO|Thread-14|dumpPacket|    To: TEAM41 @ site 1
120926 180755.483|INFO|Thread-14|dumpPacket|   key: RUN is: edu.csus.ecs.pc2.core.model.Run Run 61 NEW from TEAM41 @ site 1 id Run-4584471192510491818
120926 180756.393|INFO|Thread-14|info|handlePacket end Packet[RUN_SUBMISSION_CONFIRM] #1205 SERVER0 @ site 1 -> TEAM41 @ site 1
120926 180756.393|INFO|Thread-14|info| receiveObject(S) end   got Packet[RUN_SUBMISSION_CONFIRM] #1205 SERVER0 @ site 1 -> TEAM41 @ site 1
120926 180819.113|INFO|Thread-1|receive|public void receive(SealedObject TransportPacket, ConnectionHandlerID connectionHandlerID)
120926 180819.123|INFO|Thread-15|info| receiveObject(S) start got Packet[RUN_JUDGEMENT] #1215 SERVER0 @ site 1 -> TEAM41 @ site 1
120926 180819.123|INFO|Thread-15|dumpPacket|Packet RUN_JUDGEMENT (Seq #1215 ) recieveObject
120926 180819.123|INFO|Thread-15|dumpPacket|  From: SERVER0 @ site 1
120926 180819.123|INFO|Thread-15|dumpPacket|    To: TEAM41 @ site 1
120926 180819.123|INFO|Thread-15|dumpPacket|   key: CLIENT_ID is: edu.csus.ecs.pc2.core.model.ClientId SERVER0 @ site 1
120926 180819.123|INFO|Thread-15|dumpPacket|   key: JUDGEMENT_RECORD is: edu.csus.ecs.pc2.core.model.JudgementRecord Yes by JUDGE6 @ site 1 judgement Yes-1327123688215950474 id JudgementRecord--1981091100948756183
120926 180819.123|INFO|Thread-15|dumpPacket|   key: RUN is: edu.csus.ecs.pc2.core.model.Run Run 61 JUDGED from TEAM41 @ site 1 id Run-4584471192510491818
120926 180819.123|INFO|Thread-15|info|handlePacket start Packet[RUN_JUDGEMENT] #1215 SERVER0 @ site 1 -> TEAM41 @ site 1
120926 180819.123|INFO|Thread-15|dumpPacket|Packet RUN_JUDGEMENT (Seq #1215 ) handlePacket
120926 180819.123|INFO|Thread-15|dumpPacket|  From: SERVER0 @ site 1
120926 180819.123|INFO|Thread-15|dumpPacket|    To: TEAM41 @ site 1
120926 180819.123|INFO|Thread-15|dumpPacket|   key: CLIENT_ID is: edu.csus.ecs.pc2.core.model.ClientId SERVER0 @ site 1
120926 180819.123|INFO|Thread-15|dumpPacket|   key: JUDGEMENT_RECORD is: edu.csus.ecs.pc2.core.model.JudgementRecord Yes by JUDGE6 @ site 1 judgement Yes-1327123688215950474 id JudgementRecord--1981091100948756183
120926 180819.123|INFO|Thread-15|dumpPacket|   key: RUN is: edu.csus.ecs.pc2.core.model.Run Run 61 JUDGED from TEAM41 @ site 1 id Run-4584471192510491818
120926 180822.043|INFO|Thread-15|info|handlePacket end Packet[RUN_JUDGEMENT] #1215 SERVER0 @ site 1 -> TEAM41 @ site 1
120926 180822.043|INFO|Thread-15|info| receiveObject(S) end   got Packet[RUN_JUDGEMENT] #1215 SERVER0 @ site 1 -> TEAM41 @ site 1
120926 183422.568|INFO|AWT-EventQueue-0|testOrSubmitRun|submitRun for Problem 2 GNU C++ file: C:\Users\owner\Desktop\p2.cpp
120926 183422.568|INFO|AWT-EventQueue-0|sendToLocalServer|Sending packet to server Packet[RUN_SUBMISSION] #3 TEAM41 @ site 1 -> SERVER0 @ site 1
120926 183422.568|INFO|AWT-EventQueue-0|sendToLocalServer|Sent    packet to server Packet[RUN_SUBMISSION] #3 TEAM41 @ site 1 -> SERVER0 @ site 1
120926 183422.568|INFO|Thread-16|run|send(Serializable)
120926 183422.618|INFO|Thread-1|receive|public void receive(SealedObject TransportPacket, ConnectionHandlerID connectionHandlerID)
120926 183422.618|INFO|Thread-17|info| receiveObject(S) start got Packet[RUN_SUBMISSION_CONFIRM] #2434 SERVER0 @ site 1 -> TEAM41 @ site 1
120926 183422.618|INFO|Thread-17|dumpPacket|Packet RUN_SUBMISSION_CONFIRM (Seq #2434 ) recieveObject
120926 183422.618|INFO|Thread-17|dumpPacket|  From: SERVER0 @ site 1
120926 183422.618|INFO|Thread-17|dumpPacket|    To: TEAM41 @ site 1
120926 183422.628|INFO|Thread-17|dumpPacket|   key: RUN is: edu.csus.ecs.pc2.core.model.Run Run 140 NEW from TEAM41 @ site 1 id Run--7160558368327006047
120926 183422.628|INFO|Thread-17|info|handlePacket start Packet[RUN_SUBMISSION_CONFIRM] #2434 SERVER0 @ site 1 -> TEAM41 @ site 1
120926 183422.628|INFO|Thread-17|dumpPacket|Packet RUN_SUBMISSION_CONFIRM (Seq #2434 ) handlePacket
120926 183422.628|INFO|Thread-17|dumpPacket|  From: SERVER0 @ site 1
120926 183422.628|INFO|Thread-17|dumpPacket|    To: TEAM41 @ site 1
120926 183422.628|INFO|Thread-17|dumpPacket|   key: RUN is: edu.csus.ecs.pc2.core.model.Run Run 140 NEW from TEAM41 @ site 1 id Run--7160558368327006047
120926 183423.560|INFO|Thread-17|info|handlePacket end Packet[RUN_SUBMISSION_CONFIRM] #2434 SERVER0 @ site 1 -> TEAM41 @ site 1
120926 183423.560|INFO|Thread-17|info| receiveObject(S) end   got Packet[RUN_SUBMISSION_CONFIRM] #2434 SERVER0 @ site 1 -> TEAM41 @ site 1
120926 183432.610|INFO|Thread-1|receive|public void receive(SealedObject TransportPacket, ConnectionHandlerID connectionHandlerID)
120926 183432.610|INFO|Thread-18|info| receiveObject(S) start got Packet[RUN_JUDGEMENT] #2439 SERVER0 @ site 1 -> TEAM41 @ site 1
120926 183432.610|INFO|Thread-18|dumpPacket|Packet RUN_JUDGEMENT (Seq #2439 ) recieveObject
120926 183432.610|INFO|Thread-18|dumpPacket|  From: SERVER0 @ site 1
120926 183432.610|INFO|Thread-18|dumpPacket|    To: TEAM41 @ site 1
120926 183432.610|INFO|Thread-18|dumpPacket|   key: CLIENT_ID is: edu.csus.ecs.pc2.core.model.ClientId SERVER0 @ site 1
120926 183432.610|INFO|Thread-18|dumpPacket|   key: JUDGEMENT_RECORD is: edu.csus.ecs.pc2.core.model.JudgementRecord Yes by JUDGE1 @ site 1 judgement Yes-1327123688215950474 id JudgementRecord--5836273058720401535
120926 183432.610|INFO|Thread-18|dumpPacket|   key: RUN is: edu.csus.ecs.pc2.core.model.Run Run 140 JUDGED from TEAM41 @ site 1 id Run--7160558368327006047
120926 183432.610|INFO|Thread-18|info|handlePacket start Packet[RUN_JUDGEMENT] #2439 SERVER0 @ site 1 -> TEAM41 @ site 1
120926 183432.610|INFO|Thread-18|dumpPacket|Packet RUN_JUDGEMENT (Seq #2439 ) handlePacket
120926 183432.610|INFO|Thread-18|dumpPacket|  From: SERVER0 @ site 1
120926 183432.610|INFO|Thread-18|dumpPacket|    To: TEAM41 @ site 1
120926 183432.610|INFO|Thread-18|dumpPacket|   key: CLIENT_ID is: edu.csus.ecs.pc2.core.model.ClientId SERVER0 @ site 1
120926 183432.610|INFO|Thread-18|dumpPacket|   key: JUDGEMENT_RECORD is: edu.csus.ecs.pc2.core.model.JudgementRecord Yes by JUDGE1 @ site 1 judgement Yes-1327123688215950474 id JudgementRecord--5836273058720401535
120926 183432.610|INFO|Thread-18|dumpPacket|   key: RUN is: edu.csus.ecs.pc2.core.model.Run Run 140 JUDGED from TEAM41 @ site 1 id Run--7160558368327006047
120926 183434.760|INFO|Thread-18|info|handlePacket end Packet[RUN_JUDGEMENT] #2439 SERVER0 @ site 1 -> TEAM41 @ site 1
120926 183434.770|INFO|Thread-18|info| receiveObject(S) end   got Packet[RUN_JUDGEMENT] #2439 SERVER0 @ site 1 -> TEAM41 @ site 1
120926 183739.668|INFO|AWT-EventQueue-0|testOrSubmitRun|submitRun for Problem 1 GNU C++ file: C:\Users\owner\Desktop\p1.cpp
120926 183739.668|INFO|AWT-EventQueue-0|sendToLocalServer|Sending packet to server Packet[RUN_SUBMISSION] #4 TEAM41 @ site 1 -> SERVER0 @ site 1
120926 183739.668|INFO|AWT-EventQueue-0|sendToLocalServer|Sent    packet to server Packet[RUN_SUBMISSION] #4 TEAM41 @ site 1 -> SERVER0 @ site 1
120926 183739.668|INFO|Thread-19|run|send(Serializable)
120926 183739.698|INFO|Thread-1|receive|public void receive(SealedObject TransportPacket, ConnectionHandlerID connectionHandlerID)
120926 183739.708|INFO|Thread-20|info| receiveObject(S) start got Packet[RUN_SUBMISSION_CONFIRM] #2580 SERVER0 @ site 1 -> TEAM41 @ site 1
120926 183739.708|INFO|Thread-20|dumpPacket|Packet RUN_SUBMISSION_CONFIRM (Seq #2580 ) recieveObject
120926 183739.708|INFO|Thread-20|dumpPacket|  From: SERVER0 @ site 1
120926 183739.708|INFO|Thread-20|dumpPacket|    To: TEAM41 @ site 1
120926 183739.708|INFO|Thread-20|dumpPacket|   key: RUN is: edu.csus.ecs.pc2.core.model.Run Run 158 NEW from TEAM41 @ site 1 id Run-4188402262593197009
120926 183739.708|INFO|Thread-20|info|handlePacket start Packet[RUN_SUBMISSION_CONFIRM] #2580 SERVER0 @ site 1 -> TEAM41 @ site 1
120926 183739.708|INFO|Thread-20|dumpPacket|Packet RUN_SUBMISSION_CONFIRM (Seq #2580 ) handlePacket
120926 183739.708|INFO|Thread-20|dumpPacket|  From: SERVER0 @ site 1
120926 183739.708|INFO|Thread-20|dumpPacket|    To: TEAM41 @ site 1
120926 183739.708|INFO|Thread-20|dumpPacket|   key: RUN is: edu.csus.ecs.pc2.core.model.Run Run 158 NEW from TEAM41 @ site 1 id Run-4188402262593197009
120926 183740.648|INFO|Thread-20|info|handlePacket end Packet[RUN_SUBMISSION_CONFIRM] #2580 SERVER0 @ site 1 -> TEAM41 @ site 1
120926 183740.648|INFO|Thread-20|info| receiveObject(S) end   got Packet[RUN_SUBMISSION_CONFIRM] #2580 SERVER0 @ site 1 -> TEAM41 @ site 1
120926 183755.588|INFO|Thread-1|receive|public void receive(SealedObject TransportPacket, ConnectionHandlerID connectionHandlerID)
120926 183755.598|INFO|Thread-21|info| receiveObject(S) start got Packet[RUN_JUDGEMENT] #2587 SERVER0 @ site 1 -> TEAM41 @ site 1
120926 183755.598|INFO|Thread-21|dumpPacket|Packet RUN_JUDGEMENT (Seq #2587 ) recieveObject
120926 183755.598|INFO|Thread-21|dumpPacket|  From: SERVER0 @ site 1
120926 183755.598|INFO|Thread-21|dumpPacket|    To: TEAM41 @ site 1
120926 183755.598|INFO|Thread-21|dumpPacket|   key: CLIENT_ID is: edu.csus.ecs.pc2.core.model.ClientId SERVER0 @ site 1
120926 183755.598|INFO|Thread-21|dumpPacket|   key: JUDGEMENT_RECORD is: edu.csus.ecs.pc2.core.model.JudgementRecord Yes by JUDGE6 @ site 1 judgement Yes-1327123688215950474 id JudgementRecord-3469306451728658830
120926 183755.598|INFO|Thread-21|dumpPacket|   key: RUN is: edu.csus.ecs.pc2.core.model.Run Run 158 JUDGED from TEAM41 @ site 1 id Run-4188402262593197009
120926 183755.598|INFO|Thread-21|info|handlePacket start Packet[RUN_JUDGEMENT] #2587 SERVER0 @ site 1 -> TEAM41 @ site 1
120926 183755.598|INFO|Thread-21|dumpPacket|Packet RUN_JUDGEMENT (Seq #2587 ) handlePacket
120926 183755.598|INFO|Thread-21|dumpPacket|  From: SERVER0 @ site 1
120926 183755.598|INFO|Thread-21|dumpPacket|    To: TEAM41 @ site 1
120926 183755.598|INFO|Thread-21|dumpPacket|   key: CLIENT_ID is: edu.csus.ecs.pc2.core.model.ClientId SERVER0 @ site 1
120926 183755.598|INFO|Thread-21|dumpPacket|   key: JUDGEMENT_RECORD is: edu.csus.ecs.pc2.core.model.JudgementRecord Yes by JUDGE6 @ site 1 judgement Yes-1327123688215950474 id JudgementRecord-3469306451728658830
120926 183755.598|INFO|Thread-21|dumpPacket|   key: RUN is: edu.csus.ecs.pc2.core.model.Run Run 158 JUDGED from TEAM41 @ site 1 id Run-4188402262593197009
120926 183757.828|INFO|Thread-21|info|handlePacket end Packet[RUN_JUDGEMENT] #2587 SERVER0 @ site 1 -> TEAM41 @ site 1
120926 183757.828|INFO|Thread-21|info| receiveObject(S) end   got Packet[RUN_JUDGEMENT] #2587 SERVER0 @ site 1 -> TEAM41 @ site 1
120926 185337.370|INFO|AWT-EventQueue-0|testOrSubmitRun|submitRun for Problem 4 GNU C++ file: C:\Users\owner\Desktop\p4.cpp
120926 185337.370|INFO|AWT-EventQueue-0|sendToLocalServer|Sending packet to server Packet[RUN_SUBMISSION] #5 TEAM41 @ site 1 -> SERVER0 @ site 1
120926 185337.370|INFO|AWT-EventQueue-0|sendToLocalServer|Sent    packet to server Packet[RUN_SUBMISSION] #5 TEAM41 @ site 1 -> SERVER0 @ site 1
120926 185337.370|INFO|Thread-22|run|send(Serializable)
120926 185337.430|INFO|Thread-1|receive|public void receive(SealedObject TransportPacket, ConnectionHandlerID connectionHandlerID)
120926 185337.430|INFO|Thread-23|info| receiveObject(S) start got Packet[RUN_SUBMISSION_CONFIRM] #3292 SERVER0 @ site 1 -> TEAM41 @ site 1
120926 185337.430|INFO|Thread-23|dumpPacket|Packet RUN_SUBMISSION_CONFIRM (Seq #3292 ) recieveObject
120926 185337.430|INFO|Thread-23|dumpPacket|  From: SERVER0 @ site 1
120926 185337.430|INFO|Thread-23|dumpPacket|    To: TEAM41 @ site 1
120926 185337.430|INFO|Thread-23|dumpPacket|   key: RUN is: edu.csus.ecs.pc2.core.model.Run Run 237 NEW from TEAM41 @ site 1 id Run-6937849098627791678
120926 185337.430|INFO|Thread-23|info|handlePacket start Packet[RUN_SUBMISSION_CONFIRM] #3292 SERVER0 @ site 1 -> TEAM41 @ site 1
120926 185337.430|INFO|Thread-23|dumpPacket|Packet RUN_SUBMISSION_CONFIRM (Seq #3292 ) handlePacket
120926 185337.430|INFO|Thread-23|dumpPacket|  From: SERVER0 @ site 1
120926 185337.430|INFO|Thread-23|dumpPacket|    To: TEAM41 @ site 1
120926 185337.430|INFO|Thread-23|dumpPacket|   key: RUN is: edu.csus.ecs.pc2.core.model.Run Run 237 NEW from TEAM41 @ site 1 id Run-6937849098627791678
120926 185338.240|INFO|Thread-23|info|handlePacket end Packet[RUN_SUBMISSION_CONFIRM] #3292 SERVER0 @ site 1 -> TEAM41 @ site 1
120926 185338.240|INFO|Thread-23|info| receiveObject(S) end   got Packet[RUN_SUBMISSION_CONFIRM] #3292 SERVER0 @ site 1 -> TEAM41 @ site 1
120926 185449.172|INFO|AWT-EventQueue-0|submitClarification|submit clarification for Problem 4 Or ?!
120926 185449.172|INFO|AWT-EventQueue-0|sendToLocalServer|Sending packet to server Packet[CLARIFICATION_SUBMISSION] #6 TEAM41 @ site 1 -> SERVER0 @ site 1
120926 185449.172|INFO|AWT-EventQueue-0|sendToLocalServer|Sent    packet to server Packet[CLARIFICATION_SUBMISSION] #6 TEAM41 @ site 1 -> SERVER0 @ site 1
120926 185449.172|INFO|Thread-24|run|send(Serializable)
120926 185449.182|INFO|Thread-1|receive|public void receive(SealedObject TransportPacket, ConnectionHandlerID connectionHandlerID)
120926 185449.182|INFO|Thread-25|info| receiveObject(S) start got Packet[CLARIFICATION_SUBMISSION_CONFIRM] #3340 SERVER0 @ site 1 -> TEAM41 @ site 1
120926 185449.182|INFO|Thread-25|dumpPacket|Packet CLARIFICATION_SUBMISSION_CONFIRM (Seq #3340 ) recieveObject
120926 185449.182|INFO|Thread-25|dumpPacket|  From: SERVER0 @ site 1
120926 185449.182|INFO|Thread-25|dumpPacket|    To: TEAM41 @ site 1
120926 185449.182|INFO|Thread-25|dumpPacket|   key: CLARIFICATION is: edu.csus.ecs.pc2.core.model.Clarification Clarification 6 NEW from TEAM41 @ site 1 at 54 id=Clarification-7985136691953014264
120926 185449.182|INFO|Thread-25|info|handlePacket start Packet[CLARIFICATION_SUBMISSION_CONFIRM] #3340 SERVER0 @ site 1 -> TEAM41 @ site 1
120926 185449.182|INFO|Thread-25|dumpPacket|Packet CLARIFICATION_SUBMISSION_CONFIRM (Seq #3340 ) handlePacket
120926 185449.192|INFO|Thread-25|dumpPacket|  From: SERVER0 @ site 1
120926 185449.192|INFO|Thread-25|dumpPacket|    To: TEAM41 @ site 1
120926 185449.192|INFO|Thread-25|dumpPacket|   key: CLARIFICATION is: edu.csus.ecs.pc2.core.model.Clarification Clarification 6 NEW from TEAM41 @ site 1 at 54 id=Clarification-7985136691953014264
120926 185449.192|INFO|Thread-25|info|handlePacket end Packet[CLARIFICATION_SUBMISSION_CONFIRM] #3340 SERVER0 @ site 1 -> TEAM41 @ site 1
120926 185449.192|INFO|Thread-25|info| receiveObject(S) end   got Packet[CLARIFICATION_SUBMISSION_CONFIRM] #3340 SERVER0 @ site 1 -> TEAM41 @ site 1
120926 185500.652|INFO|Thread-1|receive|public void receive(SealedObject TransportPacket, ConnectionHandlerID connectionHandlerID)
120926 185500.662|INFO|Thread-26|info| receiveObject(S) start got Packet[RUN_JUDGEMENT] #3357 SERVER0 @ site 1 -> TEAM41 @ site 1
120926 185500.662|INFO|Thread-26|dumpPacket|Packet RUN_JUDGEMENT (Seq #3357 ) recieveObject
120926 185500.662|INFO|Thread-26|dumpPacket|  From: SERVER0 @ site 1
120926 185500.662|INFO|Thread-26|dumpPacket|    To: TEAM41 @ site 1
120926 185500.662|INFO|Thread-26|dumpPacket|   key: CLIENT_ID is: edu.csus.ecs.pc2.core.model.ClientId SERVER0 @ site 1
120926 185500.662|INFO|Thread-26|dumpPacket|   key: JUDGEMENT_RECORD is: edu.csus.ecs.pc2.core.model.JudgementRecord No by JUDGE1 @ site 1 judgement No - Wrong Answer--4056171134251075341 id JudgementRecord-7699500515833033285
120926 185500.662|INFO|Thread-26|dumpPacket|   key: RUN is: edu.csus.ecs.pc2.core.model.Run Run 237 JUDGED from TEAM41 @ site 1 id Run-6937849098627791678
120926 185500.662|INFO|Thread-26|info|handlePacket start Packet[RUN_JUDGEMENT] #3357 SERVER0 @ site 1 -> TEAM41 @ site 1
120926 185500.662|INFO|Thread-26|dumpPacket|Packet RUN_JUDGEMENT (Seq #3357 ) handlePacket
120926 185500.662|INFO|Thread-26|dumpPacket|  From: SERVER0 @ site 1
120926 185500.662|INFO|Thread-26|dumpPacket|    To: TEAM41 @ site 1
120926 185500.662|INFO|Thread-26|dumpPacket|   key: CLIENT_ID is: edu.csus.ecs.pc2.core.model.ClientId SERVER0 @ site 1
120926 185500.662|INFO|Thread-26|dumpPacket|   key: JUDGEMENT_RECORD is: edu.csus.ecs.pc2.core.model.JudgementRecord No by JUDGE1 @ site 1 judgement No - Wrong Answer--4056171134251075341 id JudgementRecord-7699500515833033285
120926 185500.662|INFO|Thread-26|dumpPacket|   key: RUN is: edu.csus.ecs.pc2.core.model.Run Run 237 JUDGED from TEAM41 @ site 1 id Run-6937849098627791678
120926 185501.942|INFO|Thread-26|info|handlePacket end Packet[RUN_JUDGEMENT] #3357 SERVER0 @ site 1 -> TEAM41 @ site 1
120926 185501.942|INFO|Thread-26|info| receiveObject(S) end   got Packet[RUN_JUDGEMENT] #3357 SERVER0 @ site 1 -> TEAM41 @ site 1
120926 185835.764|INFO|AWT-EventQueue-0|testOrSubmitRun|submitRun for Problem 4 GNU C++ file: C:\Users\owner\Desktop\p4.cpp
120926 185835.764|INFO|AWT-EventQueue-0|sendToLocalServer|Sending packet to server Packet[RUN_SUBMISSION] #7 TEAM41 @ site 1 -> SERVER0 @ site 1
120926 185835.764|INFO|AWT-EventQueue-0|sendToLocalServer|Sent    packet to server Packet[RUN_SUBMISSION] #7 TEAM41 @ site 1 -> SERVER0 @ site 1
120926 185835.764|INFO|Thread-27|run|send(Serializable)
120926 185835.814|INFO|Thread-1|receive|public void receive(SealedObject TransportPacket, ConnectionHandlerID connectionHandlerID)
120926 185835.814|INFO|Thread-28|info| receiveObject(S) start got Packet[RUN_SUBMISSION_CONFIRM] #3517 SERVER0 @ site 1 -> TEAM41 @ site 1
120926 185835.814|INFO|Thread-28|dumpPacket|Packet RUN_SUBMISSION_CONFIRM (Seq #3517 ) recieveObject
120926 185835.814|INFO|Thread-28|dumpPacket|  From: SERVER0 @ site 1
120926 185835.814|INFO|Thread-28|dumpPacket|    To: TEAM41 @ site 1
120926 185835.814|INFO|Thread-28|dumpPacket|   key: RUN is: edu.csus.ecs.pc2.core.model.Run Run 263 NEW from TEAM41 @ site 1 id Run-4090601869845771190
120926 185835.814|INFO|Thread-28|info|handlePacket start Packet[RUN_SUBMISSION_CONFIRM] #3517 SERVER0 @ site 1 -> TEAM41 @ site 1
120926 185835.814|INFO|Thread-28|dumpPacket|Packet RUN_SUBMISSION_CONFIRM (Seq #3517 ) handlePacket
120926 185835.814|INFO|Thread-28|dumpPacket|  From: SERVER0 @ site 1
120926 185835.814|INFO|Thread-28|dumpPacket|    To: TEAM41 @ site 1
120926 185835.814|INFO|Thread-28|dumpPacket|   key: RUN is: edu.csus.ecs.pc2.core.model.Run Run 263 NEW from TEAM41 @ site 1 id Run-4090601869845771190
120926 185836.604|INFO|Thread-28|info|handlePacket end Packet[RUN_SUBMISSION_CONFIRM] #3517 SERVER0 @ site 1 -> TEAM41 @ site 1
120926 185836.604|INFO|Thread-28|info| receiveObject(S) end   got Packet[RUN_SUBMISSION_CONFIRM] #3517 SERVER0 @ site 1 -> TEAM41 @ site 1
120926 185858.995|INFO|Thread-1|receive|public void receive(SealedObject TransportPacket, ConnectionHandlerID connectionHandlerID)
120926 185859.005|INFO|Thread-29|info| receiveObject(S) start got Packet[RUN_JUDGEMENT] #3534 SERVER0 @ site 1 -> TEAM41 @ site 1
120926 185859.005|INFO|Thread-29|dumpPacket|Packet RUN_JUDGEMENT (Seq #3534 ) recieveObject
120926 185859.005|INFO|Thread-29|dumpPacket|  From: SERVER0 @ site 1
120926 185859.005|INFO|Thread-29|dumpPacket|    To: TEAM41 @ site 1
120926 185859.005|INFO|Thread-29|dumpPacket|   key: CLIENT_ID is: edu.csus.ecs.pc2.core.model.ClientId SERVER0 @ site 1
120926 185859.005|INFO|Thread-29|dumpPacket|   key: JUDGEMENT_RECORD is: edu.csus.ecs.pc2.core.model.JudgementRecord No by JUDGE6 @ site 1 judgement No - Wrong Answer--4056171134251075341 id JudgementRecord--1830933291045022385
120926 185859.005|INFO|Thread-29|dumpPacket|   key: RUN is: edu.csus.ecs.pc2.core.model.Run Run 263 JUDGED from TEAM41 @ site 1 id Run-4090601869845771190
120926 185859.005|INFO|Thread-29|info|handlePacket start Packet[RUN_JUDGEMENT] #3534 SERVER0 @ site 1 -> TEAM41 @ site 1
120926 185859.005|INFO|Thread-29|dumpPacket|Packet RUN_JUDGEMENT (Seq #3534 ) handlePacket
120926 185859.005|INFO|Thread-29|dumpPacket|  From: SERVER0 @ site 1
120926 185859.005|INFO|Thread-29|dumpPacket|    To: TEAM41 @ site 1
120926 185859.005|INFO|Thread-29|dumpPacket|   key: CLIENT_ID is: edu.csus.ecs.pc2.core.model.ClientId SERVER0 @ site 1
120926 185859.005|INFO|Thread-29|dumpPacket|   key: JUDGEMENT_RECORD is: edu.csus.ecs.pc2.core.model.JudgementRecord No by JUDGE6 @ site 1 judgement No - Wrong Answer--4056171134251075341 id JudgementRecord--1830933291045022385
120926 185859.005|INFO|Thread-29|dumpPacket|   key: RUN is: edu.csus.ecs.pc2.core.model.Run Run 263 JUDGED from TEAM41 @ site 1 id Run-4090601869845771190
120926 185900.775|INFO|Thread-29|info|handlePacket end Packet[RUN_JUDGEMENT] #3534 SERVER0 @ site 1 -> TEAM41 @ site 1
120926 185900.775|INFO|Thread-29|info| receiveObject(S) end   got Packet[RUN_JUDGEMENT] #3534 SERVER0 @ site 1 -> TEAM41 @ site 1
120926 190629.718|INFO|Thread-1|receive|public void receive(SealedObject TransportPacket, ConnectionHandlerID connectionHandlerID)
120926 190629.728|INFO|Thread-30|info| receiveObject(S) start got Packet[CLARIFICATION_ANSWER_UPDATE] #3834 SERVER0 @ site 1 -> SERVER0 @ site 0
120926 190629.728|INFO|Thread-30|dumpPacket|Packet CLARIFICATION_ANSWER_UPDATE (Seq #3834 ) recieveObject
120926 190629.728|INFO|Thread-30|dumpPacket|  From: SERVER0 @ site 1
120926 190629.728|INFO|Thread-30|dumpPacket|    To: SERVER0 @ site 0
120926 190629.728|INFO|Thread-30|dumpPacket|   key: CLARIFICATION is: edu.csus.ecs.pc2.core.model.Clarification Clarification 6 ANSWERED from TEAM41 @ site 1 at 54 id=Clarification-7985136691953014264
120926 190629.728|INFO|Thread-30|dumpPacket|   key: CLIENT_ID is: edu.csus.ecs.pc2.core.model.ClientId JUDGE5 @ site 1
120926 190629.728|INFO|Thread-30|dumpPacket|   key: CLARIFICATION_ANSWER is: java.lang.String Dbr
120926 190629.728|INFO|Thread-30|info|handlePacket start Packet[CLARIFICATION_ANSWER_UPDATE] #3834 SERVER0 @ site 1 -> SERVER0 @ site 0
120926 190629.728|INFO|Thread-30|dumpPacket|Packet CLARIFICATION_ANSWER_UPDATE (Seq #3834 ) handlePacket
120926 190629.728|INFO|Thread-30|dumpPacket|  From: SERVER0 @ site 1
120926 190629.728|INFO|Thread-30|dumpPacket|    To: SERVER0 @ site 0
120926 190629.728|INFO|Thread-30|dumpPacket|   key: CLARIFICATION is: edu.csus.ecs.pc2.core.model.Clarification Clarification 6 ANSWERED from TEAM41 @ site 1 at 54 id=Clarification-7985136691953014264
120926 190629.728|INFO|Thread-30|dumpPacket|   key: CLIENT_ID is: edu.csus.ecs.pc2.core.model.ClientId JUDGE5 @ site 1
120926 190629.728|INFO|Thread-30|dumpPacket|   key: CLARIFICATION_ANSWER is: java.lang.String Dbr
120926 190635.228|INFO|Thread-30|info|handlePacket end Packet[CLARIFICATION_ANSWER_UPDATE] #3834 SERVER0 @ site 1 -> SERVER0 @ site 0
120926 190635.228|INFO|Thread-30|info| receiveObject(S) end   got Packet[CLARIFICATION_ANSWER_UPDATE] #3834 SERVER0 @ site 1 -> SERVER0 @ site 0
120926 190907.005|INFO|AWT-EventQueue-0|testOrSubmitRun|submitRun for Problem 4 GNU C++ file: C:\Users\owner\Desktop\p4.cpp
120926 190907.005|INFO|AWT-EventQueue-0|sendToLocalServer|Sending packet to server Packet[RUN_SUBMISSION] #8 TEAM41 @ site 1 -> SERVER0 @ site 1
120926 190907.005|INFO|AWT-EventQueue-0|sendToLocalServer|Sent    packet to server Packet[RUN_SUBMISSION] #8 TEAM41 @ site 1 -> SERVER0 @ site 1
120926 190907.005|INFO|Thread-31|run|send(Serializable)
120926 190907.085|INFO|Thread-1|receive|public void receive(SealedObject TransportPacket, ConnectionHandlerID connectionHandlerID)
120926 190907.085|INFO|Thread-32|info| receiveObject(S) start got Packet[RUN_SUBMISSION_CONFIRM] #4088 SERVER0 @ site 1 -> TEAM41 @ site 1
120926 190907.085|INFO|Thread-32|dumpPacket|Packet RUN_SUBMISSION_CONFIRM (Seq #4088 ) recieveObject
120926 190907.085|INFO|Thread-32|dumpPacket|  From: SERVER0 @ site 1
120926 190907.085|INFO|Thread-32|dumpPacket|    To: TEAM41 @ site 1
120926 190907.085|INFO|Thread-32|dumpPacket|   key: RUN is: edu.csus.ecs.pc2.core.model.Run Run 303 NEW from TEAM41 @ site 1 id Run--4073224907359600958
120926 190907.085|INFO|Thread-32|info|handlePacket start Packet[RUN_SUBMISSION_CONFIRM] #4088 SERVER0 @ site 1 -> TEAM41 @ site 1
120926 190907.085|INFO|Thread-32|dumpPacket|Packet RUN_SUBMISSION_CONFIRM (Seq #4088 ) handlePacket
120926 190907.085|INFO|Thread-32|dumpPacket|  From: SERVER0 @ site 1
120926 190907.085|INFO|Thread-32|dumpPacket|    To: TEAM41 @ site 1
120926 190907.085|INFO|Thread-32|dumpPacket|   key: RUN is: edu.csus.ecs.pc2.core.model.Run Run 303 NEW from TEAM41 @ site 1 id Run--4073224907359600958
120926 190907.865|INFO|Thread-32|info|handlePacket end Packet[RUN_SUBMISSION_CONFIRM] #4088 SERVER0 @ site 1 -> TEAM41 @ site 1
120926 190907.865|INFO|Thread-32|info| receiveObject(S) end   got Packet[RUN_SUBMISSION_CONFIRM] #4088 SERVER0 @ site 1 -> TEAM41 @ site 1
120926 190923.205|INFO|Thread-1|receive|public void receive(SealedObject TransportPacket, ConnectionHandlerID connectionHandlerID)
120926 190923.215|INFO|Thread-33|info| receiveObject(S) start got Packet[RUN_JUDGEMENT] #4099 SERVER0 @ site 1 -> TEAM41 @ site 1
120926 190923.215|INFO|Thread-33|dumpPacket|Packet RUN_JUDGEMENT (Seq #4099 ) recieveObject
120926 190923.215|INFO|Thread-33|dumpPacket|  From: SERVER0 @ site 1
120926 190923.215|INFO|Thread-33|dumpPacket|    To: TEAM41 @ site 1
120926 190923.215|INFO|Thread-33|dumpPacket|   key: CLIENT_ID is: edu.csus.ecs.pc2.core.model.ClientId SERVER0 @ site 1
120926 190923.215|INFO|Thread-33|dumpPacket|   key: JUDGEMENT_RECORD is: edu.csus.ecs.pc2.core.model.JudgementRecord Yes by JUDGE5 @ site 1 judgement Yes-1327123688215950474 id JudgementRecord--8044581845404554338
120926 190923.215|INFO|Thread-33|dumpPacket|   key: RUN is: edu.csus.ecs.pc2.core.model.Run Run 303 JUDGED from TEAM41 @ site 1 id Run--4073224907359600958
120926 190923.215|INFO|Thread-33|info|handlePacket start Packet[RUN_JUDGEMENT] #4099 SERVER0 @ site 1 -> TEAM41 @ site 1
120926 190923.215|INFO|Thread-33|dumpPacket|Packet RUN_JUDGEMENT (Seq #4099 ) handlePacket
120926 190923.215|INFO|Thread-33|dumpPacket|  From: SERVER0 @ site 1
120926 190923.215|INFO|Thread-33|dumpPacket|    To: TEAM41 @ site 1
120926 190923.215|INFO|Thread-33|dumpPacket|   key: CLIENT_ID is: edu.csus.ecs.pc2.core.model.ClientId SERVER0 @ site 1
120926 190923.215|INFO|Thread-33|dumpPacket|   key: JUDGEMENT_RECORD is: edu.csus.ecs.pc2.core.model.JudgementRecord Yes by JUDGE5 @ site 1 judgement Yes-1327123688215950474 id JudgementRecord--8044581845404554338
120926 190923.215|INFO|Thread-33|dumpPacket|   key: RUN is: edu.csus.ecs.pc2.core.model.Run Run 303 JUDGED from TEAM41 @ site 1 id Run--4073224907359600958
120926 190926.455|INFO|Thread-33|info|handlePacket end Packet[RUN_JUDGEMENT] #4099 SERVER0 @ site 1 -> TEAM41 @ site 1
120926 190926.455|INFO|Thread-33|info| receiveObject(S) end   got Packet[RUN_JUDGEMENT] #4099 SERVER0 @ site 1 -> TEAM41 @ site 1
120926 192223.435|INFO|AWT-EventQueue-0|testOrSubmitRun|submitRun for Problem 5 GNU C++ file: C:\Users\owner\Desktop\pp5.cpp
120926 192223.435|INFO|AWT-EventQueue-0|sendToLocalServer|Sending packet to server Packet[RUN_SUBMISSION] #9 TEAM41 @ site 1 -> SERVER0 @ site 1
120926 192223.435|INFO|AWT-EventQueue-0|sendToLocalServer|Sent    packet to server Packet[RUN_SUBMISSION] #9 TEAM41 @ site 1 -> SERVER0 @ site 1
120926 192223.435|INFO|Thread-34|run|send(Serializable)
120926 192223.485|INFO|Thread-1|receive|public void receive(SealedObject TransportPacket, ConnectionHandlerID connectionHandlerID)
120926 192223.485|INFO|Thread-35|info| receiveObject(S) start got Packet[RUN_SUBMISSION_CONFIRM] #4612 SERVER0 @ site 1 -> TEAM41 @ site 1
120926 192223.485|INFO|Thread-35|dumpPacket|Packet RUN_SUBMISSION_CONFIRM (Seq #4612 ) recieveObject
120926 192223.485|INFO|Thread-35|dumpPacket|  From: SERVER0 @ site 1
120926 192223.485|INFO|Thread-35|dumpPacket|    To: TEAM41 @ site 1
120926 192223.485|INFO|Thread-35|dumpPacket|   key: RUN is: edu.csus.ecs.pc2.core.model.Run Run 357 NEW from TEAM41 @ site 1 id Run-8481908273400159408
120926 192223.485|INFO|Thread-35|info|handlePacket start Packet[RUN_SUBMISSION_CONFIRM] #4612 SERVER0 @ site 1 -> TEAM41 @ site 1
120926 192223.485|INFO|Thread-35|dumpPacket|Packet RUN_SUBMISSION_CONFIRM (Seq #4612 ) handlePacket
120926 192223.485|INFO|Thread-35|dumpPacket|  From: SERVER0 @ site 1
120926 192223.485|INFO|Thread-35|dumpPacket|    To: TEAM41 @ site 1
120926 192223.485|INFO|Thread-35|dumpPacket|   key: RUN is: edu.csus.ecs.pc2.core.model.Run Run 357 NEW from TEAM41 @ site 1 id Run-8481908273400159408
120926 192224.595|INFO|Thread-35|info|handlePacket end Packet[RUN_SUBMISSION_CONFIRM] #4612 SERVER0 @ site 1 -> TEAM41 @ site 1
120926 192224.595|INFO|Thread-35|info| receiveObject(S) end   got Packet[RUN_SUBMISSION_CONFIRM] #4612 SERVER0 @ site 1 -> TEAM41 @ site 1
120926 192245.435|INFO|Thread-1|receive|public void receive(SealedObject TransportPacket, ConnectionHandlerID connectionHandlerID)
120926 192245.435|INFO|Thread-36|info| receiveObject(S) start got Packet[RUN_JUDGEMENT] #4631 SERVER0 @ site 1 -> TEAM41 @ site 1
120926 192245.435|INFO|Thread-36|dumpPacket|Packet RUN_JUDGEMENT (Seq #4631 ) recieveObject
120926 192245.435|INFO|Thread-36|dumpPacket|  From: SERVER0 @ site 1
120926 192245.435|INFO|Thread-36|dumpPacket|    To: TEAM41 @ site 1
120926 192245.435|INFO|Thread-36|dumpPacket|   key: CLIENT_ID is: edu.csus.ecs.pc2.core.model.ClientId SERVER0 @ site 1
120926 192245.435|INFO|Thread-36|dumpPacket|   key: JUDGEMENT_RECORD is: edu.csus.ecs.pc2.core.model.JudgementRecord Yes by JUDGE5 @ site 1 judgement Yes-1327123688215950474 id JudgementRecord--7200863792899838328
120926 192245.435|INFO|Thread-36|dumpPacket|   key: RUN is: edu.csus.ecs.pc2.core.model.Run Run 357 JUDGED from TEAM41 @ site 1 id Run-8481908273400159408
120926 192245.435|INFO|Thread-36|info|handlePacket start Packet[RUN_JUDGEMENT] #4631 SERVER0 @ site 1 -> TEAM41 @ site 1
120926 192245.435|INFO|Thread-36|dumpPacket|Packet RUN_JUDGEMENT (Seq #4631 ) handlePacket
120926 192245.435|INFO|Thread-36|dumpPacket|  From: SERVER0 @ site 1
120926 192245.435|INFO|Thread-36|dumpPacket|    To: TEAM41 @ site 1
120926 192245.435|INFO|Thread-36|dumpPacket|   key: CLIENT_ID is: edu.csus.ecs.pc2.core.model.ClientId SERVER0 @ site 1
120926 192245.435|INFO|Thread-36|dumpPacket|   key: JUDGEMENT_RECORD is: edu.csus.ecs.pc2.core.model.JudgementRecord Yes by JUDGE5 @ site 1 judgement Yes-1327123688215950474 id JudgementRecord--7200863792899838328
120926 192245.435|INFO|Thread-36|dumpPacket|   key: RUN is: edu.csus.ecs.pc2.core.model.Run Run 357 JUDGED from TEAM41 @ site 1 id Run-8481908273400159408
120926 192248.565|INFO|Thread-36|info|handlePacket end Packet[RUN_JUDGEMENT] #4631 SERVER0 @ site 1 -> TEAM41 @ site 1
120926 192248.565|INFO|Thread-36|info| receiveObject(S) end   got Packet[RUN_JUDGEMENT] #4631 SERVER0 @ site 1 -> TEAM41 @ site 1
120926 195049.356|INFO|Thread-1|receive|public void receive(SealedObject TransportPacket, ConnectionHandlerID connectionHandlerID)
120926 195049.356|INFO|Thread-37|info| receiveObject(S) start got Packet[CLARIFICATION_ANSWER_UPDATE] #5937 SERVER0 @ site 1 -> SERVER0 @ site 0
120926 195049.356|INFO|Thread-37|dumpPacket|Packet CLARIFICATION_ANSWER_UPDATE (Seq #5937 ) recieveObject
120926 195049.356|INFO|Thread-37|dumpPacket|  From: SERVER0 @ site 1
120926 195049.356|INFO|Thread-37|dumpPacket|    To: SERVER0 @ site 0
120926 195049.356|INFO|Thread-37|dumpPacket|   key: CLARIFICATION is: edu.csus.ecs.pc2.core.model.Clarification Clarification 13 ANSWERED from JUDGE4 @ site 1 at 108 id=Clarification-2287243228907118859
120926 195049.356|INFO|Thread-37|dumpPacket|   key: CLIENT_ID is: edu.csus.ecs.pc2.core.model.ClientId JUDGE4 @ site 1
120926 195049.356|INFO|Thread-37|dumpPacket|   key: CLARIFICATION_ANSWER is: java.lang.String s~iO WW
NbW
120926 195049.356|INFO|Thread-37|info|handlePacket start Packet[CLARIFICATION_ANSWER_UPDATE] #5937 SERVER0 @ site 1 -> SERVER0 @ site 0
120926 195049.356|INFO|Thread-37|dumpPacket|Packet CLARIFICATION_ANSWER_UPDATE (Seq #5937 ) handlePacket
120926 195049.356|INFO|Thread-37|dumpPacket|  From: SERVER0 @ site 1
120926 195049.356|INFO|Thread-37|dumpPacket|    To: SERVER0 @ site 0
120926 195049.356|INFO|Thread-37|dumpPacket|   key: CLARIFICATION is: edu.csus.ecs.pc2.core.model.Clarification Clarification 13 ANSWERED from JUDGE4 @ site 1 at 108 id=Clarification-2287243228907118859
120926 195049.356|INFO|Thread-37|dumpPacket|   key: CLIENT_ID is: edu.csus.ecs.pc2.core.model.ClientId JUDGE4 @ site 1
120926 195049.356|INFO|Thread-37|dumpPacket|   key: CLARIFICATION_ANSWER is: java.lang.String s~iO WW
NbW
120926 201505.197|INFO|Thread-1|connectionDropped|connectionDropped(ConnectionHandlerID myConnectionID) 
120926 201505.197|INFO|Thread-1|info|connectionDropped: shutting down TEAM41 @ site 1
